[Simulation Monitor: 19]
[2026-03-12 16:13:11.562 +0530] [PROCESS] [cadence.virtuoso.ade.simulationMonitor] - Simulation Monitor has successfully started up. Trying to set up communication channels to other components ... {"hostname": "vlsi44.blr.amrita.edu", "processid": 333479, "logfile": "/home/train/hanupro/logs_train/logs1/Job19.log"}
[2026-03-12 16:13:11.563 +0530] [PROCESS] [cadence.virtuoso.ade.simulationMonitor] - Communication channels have been successfully set up. Start processing events ... {"hostname": "vlsi44.blr.amrita.edu", "processid": 333479, "logfile": "/home/train/hanupro/logs_train/logs1/Job19.log"}
[2026-03-12 16:13:11.563 +0530] [PROCESS] [cadence.virtuoso.ade.simulationMonitor] - Considering to start history {"hostname": "vlsi44.blr.amrita.edu", "processid": 333479, "history": "ExplorerRun.0", "logfile": "/home/train/hanupro/logs_train/logs1/Job19.log"}
[2026-03-12 16:13:11.564 +0530] [PROCESS] [cadence.virtuoso.ade.simulationMonitor] - HostInfo:
Host name (type):	vlsi44.blr.amrita.edu (x86_64)
Operating system:	Linux 4.18.0-425.3.1.el8.x86_64 #1 SMP Fri Sep 30 11:45:06 EDT 2022 {"hostname": "vlsi44.blr.amrita.edu", "processid": 333479, "history": "ExplorerRun.0", "logfile": "/home/train/hanupro/logs_train/logs1/Job19.log", "nodename": "vlsi44.blr.amrita.edu", "domainname": "(none)", "machine": "x86_64", "sysname": "Linux", "release": "4.18.0-425.3.1.el8.x86_64", "version": "#1 SMP Fri Sep 30 11:45:06 EDT 2022"}
[2026-03-12 16:13:11.564 +0530] [PROCESS] [cadence.virtuoso.ade.simulationMonitor] - UsageInfo:
pid=333479
totalPhysicalMemory=15.338573GB,Used=6.934174GB,totalVirtualMemory=46.588570GB,Used=6.934174GB
Cpu: Cores=20, Load average:0.600000,0.590000,0.580000 {"hostname": "vlsi44.blr.amrita.edu", "processid": 333479, "history": "ExplorerRun.0", "logfile": "/home/train/hanupro/logs_train/logs1/Job19.log", "pid": "333479", "totalPhysicalMemory": "15.338573", "physicalMemoryUsed": "6.934174", "totalVirtualMemory": "46.588570", "virtualMemoryUsed": "6.934174", "cpuCores": "20", "processes": "1580", "loadAverage1": "0.600000", "loadAverage5": "0.590000", "loadAverage15": "0.580000", "loadAverage1Percent": "0.030000"}
[2026-03-12 16:13:11.564 +0530] [EVENT] [cadence.virtuoso.ade.simulationMonitor] - NewPoint {"history": "ExplorerRun.0", "point": 1, "testname": "hanus_vco_tb_1", "cornername": "Nominal", "event": "NewPoint", "EventSource": "Simulation Monitor", "HistoryName": "ExplorerRun.0", "logFile": "/home/train/hanupro/logs_train/logs1/Job19.log", "logFileSize": "2180"}
[2026-03-12 16:13:11.665 +0530] [EVENT] [cadence.virtuoso.ade.simulationMonitor] - NewPoint {"history": "ExplorerRun.0", "point": 1, "testname": "hanus_vco_tb_1", "cornername": "Nominal", "event": "NewPoint", "EventSource": "spectre", "HistoryName": "ExplorerRun.0", "logFile": "/home/train/simulation/hanus/vco_tb_sk/maestro/results/maestro/ExplorerRun.0/1/hanus_vco_tb_1/psf/spectre.out", "logFileSize": "-1"}
[2026-03-12 16:13:11.678 +0530] [PROCESS] [cadence.virtuoso.ade.simulationMonitor] - Simulator launched {"hostname": "vlsi44.blr.amrita.edu", "processid": 333479, "history": "ExplorerRun.0", "testname": "hanus_vco_tb_1", "cornername": "Nominal", "point": 1, "logfile": "/home/train/hanupro/logs_train/logs1/Job19.log", "simid": "1"}
[2026-03-12 16:13:11.679 +0530] [PROCESS] [cadence.virtuoso.ade.simulationMonitor] - Expression evaluator launched {"hostname": "vlsi44.blr.amrita.edu", "processid": 333479, "history": "ExplorerRun.0", "testname": "hanus_vco_tb_1", "cornername": "Nominal", "point": 1, "logfile": "/home/train/hanupro/logs_train/logs1/Job19.log"}
[2026-03-12 16:13:11.684 +0530] [PROCESS] [cadence.virtuoso.ade.simulationMonitor] - Started Simulation {"hostname": "vlsi44.blr.amrita.edu", "processid": 333479, "history": "ExplorerRun.0", "testname": "hanus_vco_tb_1", "cornername": "Nominal", "point": 1, "logfile": "/home/train/hanupro/logs_train/logs1/Job19.log", "event": "started", "task": "simulation"}
[2026-03-12 16:13:18.244 +0530] [INFO] [cadence.virtuoso.ade.simulationMonitor] - Peak resident memory used = 154 Mbytes. {"history": "ExplorerRun.0", "point": 1, "testname": "hanus_vco_tb_1", "cornername": "Nominal"}
[2026-03-12 16:13:18.245 +0530] [INFO] [cadence.virtuoso.ade.simulationMonitor] - Peak resident memory used = 167 Mbytes. {"history": "ExplorerRun.0", "point": 1, "testname": "hanus_vco_tb_1", "cornername": "Nominal"}
[2026-03-12 16:13:18.245 +0530] [INFO] [cadence.virtuoso.ade.simulationMonitor] - Notice from spectre during hierarchy flattening.
    The value 'psf' specified for the 'checklimitdest' option will no longer be supported in future releases. Use 'spectre -h' to see other recommended values for the 'checklimitdest' option. {"history": "ExplorerRun.0", "point": 1, "testname": "hanus_vco_tb_1", "cornername": "Nominal"}
[2026-03-12 16:13:18.245 +0530] [INFO] [cadence.virtuoso.ade.simulationMonitor] - Peak resident memory used = 169 Mbytes. {"history": "ExplorerRun.0", "point": 1, "testname": "hanus_vco_tb_1", "cornername": "Nominal"}
[2026-03-12 16:13:18.245 +0530] [INFO] [cadence.virtuoso.ade.simulationMonitor] - Notice from spectre during initial setup.
    Multithreading is disabled due to the size of the design being too small. {"history": "ExplorerRun.0", "point": 1, "testname": "hanus_vco_tb_1", "cornername": "Nominal"}
[2026-03-12 16:13:18.246 +0530] [INFO] [cadence.virtuoso.ade.simulationMonitor] -               nodes 70 {"history": "ExplorerRun.0", "point": 1, "testname": "hanus_vco_tb_1", "cornername": "Nominal"}
[2026-03-12 16:13:18.246 +0530] [INFO] [cadence.virtuoso.ade.simulationMonitor] - Notice from spectre during initial setup.
    APS enabled. {"history": "ExplorerRun.0", "point": 1, "testname": "hanus_vco_tb_1", "cornername": "Nominal"}
[2026-03-12 16:13:18.246 +0530] [INFO] [cadence.virtuoso.ade.simulationMonitor] - Peak resident memory used = 170 Mbytes. {"history": "ExplorerRun.0", "point": 1, "testname": "hanus_vco_tb_1", "cornername": "Nominal"}
[2026-03-12 16:13:18.246 +0530] [INFO] [cadence.virtuoso.ade.simulationMonitor] -    -   (APS) Multi-threading. The recommended number of threads is 1, consider adding +mt=1 on command line. {"history": "ExplorerRun.0", "point": 1, "testname": "hanus_vco_tb_1", "cornername": "Nominal"}
[2026-03-12 16:13:18.246 +0530] [INFO] [cadence.virtuoso.ade.simulationMonitor] - Notice from spectre during IC analysis, during transient analysis `tran'.
    There are 2 IC nodes defined. {"history": "ExplorerRun.0", "point": 1, "testname": "hanus_vco_tb_1", "cornername": "Nominal"}
[2026-03-12 16:13:18.246 +0530] [INFO] [cadence.virtuoso.ade.simulationMonitor] - Notice from spectre during IC analysis, during transient analysis `tran'.
    Initial condition computed for node vout4- is in error by 2.26497 mV.
    Initial condition computed for node vout4+ is in error by 65.9702 mV (5.49752 %).
        Decrease `rforce' to reduce error in computed initial conditions.  However, setting rforce too small may result in convergence difficulties or in the matrix becoming singular. {"history": "ExplorerRun.0", "point": 1, "testname": "hanus_vco_tb_1", "cornername": "Nominal"}
[2026-03-12 16:13:18.246 +0530] [INFO] [cadence.virtuoso.ade.simulationMonitor] - Notice from spectre during transient analysis `tran'.
    Multithreading is disabled due to the size of the design being too small. {"history": "ExplorerRun.0", "point": 1, "testname": "hanus_vco_tb_1", "cornername": "Nominal"}
[2026-03-12 16:13:18.746 +0530] [INFO] [cadence.virtuoso.ade.simulationMonitor] - Total time required for tran analysis `tran': CPU = 164.665 ms, elapsed = 167.508 ms, util. = 98.3%. {"history": "ExplorerRun.0", "point": 1, "testname": "hanus_vco_tb_1", "cornername": "Nominal"}
[2026-03-12 16:13:18.747 +0530] [INFO] [cadence.virtuoso.ade.simulationMonitor] - Peak resident memory used = 183 Mbytes. {"history": "ExplorerRun.0", "point": 1, "testname": "hanus_vco_tb_1", "cornername": "Nominal"}
[2026-03-12 16:13:18.747 +0530] [INFO] [cadence.virtuoso.ade.simulationMonitor] - Time used: CPU = 536 ms, elapsed = 6.41 s, util. = 8.36%. {"history": "ExplorerRun.0", "point": 1, "testname": "hanus_vco_tb_1", "cornername": "Nominal"}
[2026-03-12 16:13:18.747 +0530] [INFO] [cadence.virtuoso.ade.simulationMonitor] - Time spent in licensing: elapsed = 5.76 s, percentage of total = 89.8%. {"history": "ExplorerRun.0", "point": 1, "testname": "hanus_vco_tb_1", "cornername": "Nominal"}
[2026-03-12 16:13:18.747 +0530] [INFO] [cadence.virtuoso.ade.simulationMonitor] - Peak memory used = 185 Mbytes. {"history": "ExplorerRun.0", "point": 1, "testname": "hanus_vco_tb_1", "cornername": "Nominal"}
[2026-03-12 16:13:18.747 +0530] [PROCESS] [cadence.virtuoso.ade.simulationMonitor] - Simulation started at: 4:13:11 PM, Thur Mar 12, 2026, ended at: 4:13:18 PM, Thur Mar 12, 2026, with elapsed time (wall clock): 6.41 s. {"history": "ExplorerRun.0", "point": 1, "testname": "hanus_vco_tb_1", "cornername": "Nominal"}
[2026-03-12 16:13:18.747 +0530] [PROCESS] [cadence.virtuoso.ade.simulationMonitor] - spectre completes with 0 errors, 0 warnings, and 8 notices. {"history": "ExplorerRun.0", "point": 1, "testname": "hanus_vco_tb_1", "cornername": "Nominal"}
[2026-03-12 16:13:18.747 +0530] [PROCESS] [cadence.virtuoso.ade.simulationMonitor] - Finished simulating for one point {"hostname": "vlsi44.blr.amrita.edu", "processid": 333479, "history": "ExplorerRun.0", "testname": "hanus_vco_tb_1", "cornername": "Nominal", "point": 1, "logfile": "/home/train/hanupro/logs_train/logs1/Job19.log", "simid": "1"}
[2026-03-12 16:13:18.747 +0530] [PROCESS] [cadence.virtuoso.ade.simulationMonitor] - Simulator exited {"hostname": "vlsi44.blr.amrita.edu", "processid": 333479, "history": "ExplorerRun.0", "testname": "hanus_vco_tb_1", "cornername": "Nominal", "point": 1, "logfile": "/home/train/hanupro/logs_train/logs1/Job19.log", "exitStatus": "0"}
[2026-03-12 16:13:18.747 +0530] [PROCESS] [cadence.virtuoso.ade.simulationMonitor] - Finished Simulation {"hostname": "vlsi44.blr.amrita.edu", "processid": 333479, "history": "ExplorerRun.0", "testname": "hanus_vco_tb_1", "cornername": "Nominal", "point": 1, "logfile": "/home/train/hanupro/logs_train/logs1/Job19.log", "simid": "1"}
[2026-03-12 16:13:19.752 +0530] [PROCESS] [cadence.virtuoso.ade.simulationMonitor] - Point Finished {"hostname": "vlsi44.blr.amrita.edu", "processid": 333479, "history": "ExplorerRun.0", "testname": "hanus_vco_tb_1", "cornername": "Nominal", "point": 1, "logfile": "/home/train/hanupro/logs_train/logs1/Job19.log"}
[2026-03-12 16:13:45.660 +0530] [INFO] [cadence.virtuoso.ade.simulationMonitor] - SimulationMonitor has terminated the vds process '333575', reason: 'Force to stop the expression evalutor process because of new run' {"history": "ExplorerRun.0", "point": 1, "testname": "hanus_vco_tb_1", "cornername": "Nominal"}
[2026-03-12 16:13:45.660 +0530] [PROCESS] [cadence.virtuoso.ade.simulationMonitor] - HostInfo:
Host name (type):	vlsi44.blr.amrita.edu (x86_64)
Operating system:	Linux 4.18.0-425.3.1.el8.x86_64 #1 SMP Fri Sep 30 11:45:06 EDT 2022 {"hostname": "vlsi44.blr.amrita.edu", "processid": 333479, "history": "ExplorerRun.0", "testname": "hanus_vco_tb_1", "cornername": "Nominal", "point": 1, "logfile": "/home/train/hanupro/logs_train/logs1/Job19.log", "nodename": "vlsi44.blr.amrita.edu", "domainname": "(none)", "machine": "x86_64", "sysname": "Linux", "release": "4.18.0-425.3.1.el8.x86_64", "version": "#1 SMP Fri Sep 30 11:45:06 EDT 2022"}
[2026-03-12 16:13:45.660 +0530] [PROCESS] [cadence.virtuoso.ade.simulationMonitor] - UsageInfo:
pid=333479
totalPhysicalMemory=15.338573GB,Used=6.925529GB,totalVirtualMemory=46.588570GB,Used=6.925529GB
Cpu: Cores=20, Load average:0.500000,0.570000,0.570000 {"hostname": "vlsi44.blr.amrita.edu", "processid": 333479, "history": "ExplorerRun.0", "testname": "hanus_vco_tb_1", "cornername": "Nominal", "point": 1, "logfile": "/home/train/hanupro/logs_train/logs1/Job19.log", "pid": "333479", "totalPhysicalMemory": "15.338573", "physicalMemoryUsed": "6.925529", "totalVirtualMemory": "46.588570", "virtualMemoryUsed": "6.925529", "cpuCores": "20", "processes": "1583", "loadAverage1": "0.500000", "loadAverage5": "0.570000", "loadAverage15": "0.570000", "loadAverage1Percent": "0.025000"}
[2026-03-12 16:13:45.660 +0530] [EVENT] [cadence.virtuoso.ade.simulationMonitor] - NewPoint {"history": "ExplorerRun.0", "point": 1, "testname": "hanus_vco_tb_1", "cornername": "Nominal", "event": "NewPoint", "EventSource": "Simulation Monitor", "HistoryName": "ExplorerRun.0", "logFile": "/home/train/hanupro/logs_train/logs1/Job19.log", "logFileSize": "12301"}
[2026-03-12 16:13:45.761 +0530] [EVENT] [cadence.virtuoso.ade.simulationMonitor] - NewPoint {"history": "ExplorerRun.0", "point": 1, "testname": "hanus_vco_tb_1", "cornername": "Nominal", "event": "NewPoint", "EventSource": "spectre", "HistoryName": "ExplorerRun.0", "logFile": "/home/train/simulation/hanus/vco_tb_sk/maestro/results/maestro/ExplorerRun.0/1/hanus_vco_tb_1/psf/spectre.out", "logFileSize": "-1"}
[2026-03-12 16:13:45.764 +0530] [PROCESS] [cadence.virtuoso.ade.simulationMonitor] - Simulator launched {"hostname": "vlsi44.blr.amrita.edu", "processid": 333479, "history": "ExplorerRun.0", "testname": "hanus_vco_tb_1", "cornername": "Nominal", "point": 1, "logfile": "/home/train/hanupro/logs_train/logs1/Job19.log", "simid": "2"}
[2026-03-12 16:13:45.766 +0530] [PROCESS] [cadence.virtuoso.ade.simulationMonitor] - Expression evaluator launched {"hostname": "vlsi44.blr.amrita.edu", "processid": 333479, "history": "ExplorerRun.0", "testname": "hanus_vco_tb_1", "cornername": "Nominal", "point": 1, "logfile": "/home/train/hanupro/logs_train/logs1/Job19.log"}
[2026-03-12 16:13:45.770 +0530] [PROCESS] [cadence.virtuoso.ade.simulationMonitor] - Started Simulation {"hostname": "vlsi44.blr.amrita.edu", "processid": 333479, "history": "ExplorerRun.0", "testname": "hanus_vco_tb_1", "cornername": "Nominal", "point": 1, "logfile": "/home/train/hanupro/logs_train/logs1/Job19.log", "event": "started", "task": "simulation"}
[2026-03-12 16:13:49.271 +0530] [INFO] [cadence.virtuoso.ade.simulationMonitor] - Peak resident memory used = 155 Mbytes. {"history": "ExplorerRun.0", "point": 1, "testname": "hanus_vco_tb_1", "cornername": "Nominal"}
[2026-03-12 16:13:49.271 +0530] [INFO] [cadence.virtuoso.ade.simulationMonitor] - Peak resident memory used = 167 Mbytes. {"history": "ExplorerRun.0", "point": 1, "testname": "hanus_vco_tb_1", "cornername": "Nominal"}
[2026-03-12 16:13:49.272 +0530] [INFO] [cadence.virtuoso.ade.simulationMonitor] - Notice from spectre during hierarchy flattening.
    The value 'psf' specified for the 'checklimitdest' option will no longer be supported in future releases. Use 'spectre -h' to see other recommended values for the 'checklimitdest' option. {"history": "ExplorerRun.0", "point": 1, "testname": "hanus_vco_tb_1", "cornername": "Nominal"}
[2026-03-12 16:13:49.272 +0530] [INFO] [cadence.virtuoso.ade.simulationMonitor] - Peak resident memory used = 169 Mbytes. {"history": "ExplorerRun.0", "point": 1, "testname": "hanus_vco_tb_1", "cornername": "Nominal"}
[2026-03-12 16:13:49.272 +0530] [INFO] [cadence.virtuoso.ade.simulationMonitor] - Notice from spectre during initial setup.
    Multithreading is disabled due to the size of the design being too small. {"history": "ExplorerRun.0", "point": 1, "testname": "hanus_vco_tb_1", "cornername": "Nominal"}
[2026-03-12 16:13:49.272 +0530] [INFO] [cadence.virtuoso.ade.simulationMonitor] -               nodes 70 {"history": "ExplorerRun.0", "point": 1, "testname": "hanus_vco_tb_1", "cornername": "Nominal"}
[2026-03-12 16:13:49.273 +0530] [INFO] [cadence.virtuoso.ade.simulationMonitor] - Notice from spectre during initial setup.
    APS enabled. {"history": "ExplorerRun.0", "point": 1, "testname": "hanus_vco_tb_1", "cornername": "Nominal"}
[2026-03-12 16:13:49.273 +0530] [INFO] [cadence.virtuoso.ade.simulationMonitor] - Peak resident memory used = 170 Mbytes. {"history": "ExplorerRun.0", "point": 1, "testname": "hanus_vco_tb_1", "cornername": "Nominal"}
[2026-03-12 16:13:49.273 +0530] [INFO] [cadence.virtuoso.ade.simulationMonitor] -    -   (APS) Multi-threading. The recommended number of threads is 1, consider adding +mt=1 on command line. {"history": "ExplorerRun.0", "point": 1, "testname": "hanus_vco_tb_1", "cornername": "Nominal"}
[2026-03-12 16:13:49.273 +0530] [INFO] [cadence.virtuoso.ade.simulationMonitor] - Notice from spectre.
    Multithreading is disabled due to the size of the design being too small. {"history": "ExplorerRun.0", "point": 1, "testname": "hanus_vco_tb_1", "cornername": "Nominal"}
[2026-03-12 16:13:50.323 +0530] [INFO] [cadence.virtuoso.ade.simulationMonitor] - Notice from spectre during DC analysis, during periodic steady state analysis `pss'.
    Bad pivoting is found during DC analysis. Option dc_pivot_check=yes is recommended for possible improvement of convergence. {"history": "ExplorerRun.0", "point": 1, "testname": "hanus_vco_tb_1", "cornername": "Nominal"}
[2026-03-12 16:13:50.323 +0530] [WARN] [cadence.virtuoso.ade.simulationMonitor] -     WARNING: Linear IC: Fail to find out initial frequency. {"history": "ExplorerRun.0", "point": 1, "testname": "hanus_vco_tb_1", "cornername": "Nominal"}
[2026-03-12 16:13:50.323 +0530] [INFO] [cadence.virtuoso.ade.simulationMonitor] - Notice from spectre during IC analysis, during periodic steady state analysis `pss'.
    There are 2 IC nodes defined. {"history": "ExplorerRun.0", "point": 1, "testname": "hanus_vco_tb_1", "cornername": "Nominal"}
[2026-03-12 16:13:50.323 +0530] [INFO] [cadence.virtuoso.ade.simulationMonitor] - Notice from spectre during IC analysis, during periodic steady state analysis `pss'.
    Bad pivoting is found during DC analysis. Option dc_pivot_check=yes is recommended for possible improvement of convergence.
    Initial condition computed for node vout4- is in error by 2.26497 mV.
    Initial condition computed for node vout4+ is in error by 65.9702 mV (5.49752 %).
        Decrease `rforce' to reduce error in computed initial conditions.  However, setting rforce too small may result in convergence dif... {"history": "ExplorerRun.0", "point": 1, "testname": "hanus_vco_tb_1", "cornername": "Nominal"}
[2026-03-12 16:13:50.323 +0530] [INFO] [cadence.virtuoso.ade.simulationMonitor] - Notice from spectre at time = 129.55 ps during periodic steady state analysis `pss'.
    Found trapezoidal ringing on node V0:p. {"history": "ExplorerRun.0", "point": 1, "testname": "hanus_vco_tb_1", "cornername": "Nominal"}
[2026-03-12 16:13:50.323 +0530] [INFO] [cadence.virtuoso.ade.simulationMonitor] - Notice from spectre at time = 134.623 ps during periodic steady state analysis `pss'.
    Found trapezoidal ringing on node V0:p. {"history": "ExplorerRun.0", "point": 1, "testname": "hanus_vco_tb_1", "cornername": "Nominal"}
[2026-03-12 16:13:50.323 +0530] [INFO] [cadence.virtuoso.ade.simulationMonitor] - Notice from spectre at time = 159.062 ps during periodic steady state analysis `pss'.
    Found trapezoidal ringing on node V0:p. {"history": "ExplorerRun.0", "point": 1, "testname": "hanus_vco_tb_1", "cornername": "Nominal"}
[2026-03-12 16:13:50.323 +0530] [INFO] [cadence.virtuoso.ade.simulationMonitor] - Notice from spectre at time = 164.103 ps during periodic steady state analysis `pss'.
    Found trapezoidal ringing on node V0:p. {"history": "ExplorerRun.0", "point": 1, "testname": "hanus_vco_tb_1", "cornername": "Nominal"}
[2026-03-12 16:13:50.324 +0530] [INFO] [cadence.virtuoso.ade.simulationMonitor] - Notice from spectre at time = 187.667 ps during periodic steady state analysis `pss'.
    Found trapezoidal ringing on node V0:p.
        Further occurrences of this notice will be suppressed. {"history": "ExplorerRun.0", "point": 1, "testname": "hanus_vco_tb_1", "cornername": "Nominal"}
[2026-03-12 16:13:50.824 +0530] [INFO] [cadence.virtuoso.ade.simulationMonitor] - Total time required for tstab analysis `pss': CPU = 1.04405 s, elapsed = 1.04522 s. {"history": "ExplorerRun.0", "point": 1, "testname": "hanus_vco_tb_1", "cornername": "Nominal"}
[2026-03-12 16:13:50.824 +0530] [INFO] [cadence.virtuoso.ade.simulationMonitor] - Peak resident memory used = 178 Mbytes. {"history": "ExplorerRun.0", "point": 1, "testname": "hanus_vco_tb_1", "cornername": "Nominal"}
[2026-03-12 16:13:51.324 +0530] [INFO] [cadence.virtuoso.ade.simulationMonitor] - Notice from spectre at time = 21.8064 ns during periodic steady state analysis `pss'.
    Newton iteration fails to converge at time = 21.8064 ns step = 2.36243e-21 s.
        Disaster recovery algorithm is enabled to search for a converged solution. {"history": "ExplorerRun.0", "point": 1, "testname": "hanus_vco_tb_1", "cornername": "Nominal"}
[2026-03-12 16:13:51.825 +0530] [INFO] [cadence.virtuoso.ade.simulationMonitor] - Notice from spectre during periodic steady state analysis `pss'.
    Trapezoidal ringing is detected during pss analysis.
        Please use method=trap for better results and performance. {"history": "ExplorerRun.0", "point": 1, "testname": "hanus_vco_tb_1", "cornername": "Nominal"}
[2026-03-12 16:13:51.825 +0530] [INFO] [cadence.virtuoso.ade.simulationMonitor] - Total time required for pss analysis `pss': CPU = 1.62544 s, elapsed = 2.48085 s, util. = 65.5%. {"history": "ExplorerRun.0", "point": 1, "testname": "hanus_vco_tb_1", "cornername": "Nominal"}
[2026-03-12 16:13:51.825 +0530] [INFO] [cadence.virtuoso.ade.simulationMonitor] - Peak resident memory used = 183 Mbytes. {"history": "ExplorerRun.0", "point": 1, "testname": "hanus_vco_tb_1", "cornername": "Nominal"}
[2026-03-12 16:13:51.826 +0530] [INFO] [cadence.virtuoso.ade.simulationMonitor] - Notice from spectre.
    2655 notices suppressed. {"history": "ExplorerRun.0", "point": 1, "testname": "hanus_vco_tb_1", "cornername": "Nominal"}
[2026-03-12 16:13:51.826 +0530] [INFO] [cadence.virtuoso.ade.simulationMonitor] - Notice from spectre during PNoise analysis `pnoise'.
    Multithreading is disabled due to the size of the design being too small.
    Use full spectrum for normal noise analysis.
    MaxSideband for colored noise sources (e.g. 1/f-noise) is not set, automatically  set it to 3. {"history": "ExplorerRun.0", "point": 1, "testname": "hanus_vco_tb_1", "cornername": "Nominal"}
[2026-03-12 16:13:51.826 +0530] [WARN] [cadence.virtuoso.ade.simulationMonitor] -     WARNING (SPCRTRF-15037): Infinite flicker noise is ignored. {"history": "ExplorerRun.0", "point": 1, "testname": "hanus_vco_tb_1", "cornername": "Nominal"}
[2026-03-12 16:13:51.826 +0530] [WARN] [cadence.virtuoso.ade.simulationMonitor] -     WARNING (SPCRTRF-15037): Infinite flicker noise is ignored. {"history": "ExplorerRun.0", "point": 1, "testname": "hanus_vco_tb_1", "cornername": "Nominal"}
[2026-03-12 16:13:51.826 +0530] [WARN] [cadence.virtuoso.ade.simulationMonitor] -     WARNING (SPCRTRF-15037): Infinite flicker noise is ignored. {"history": "ExplorerRun.0", "point": 1, "testname": "hanus_vco_tb_1", "cornername": "Nominal"}
[2026-03-12 16:13:51.826 +0530] [WARN] [cadence.virtuoso.ade.simulationMonitor] -     WARNING (SPCRTRF-15037): Infinite flicker noise is ignored. {"history": "ExplorerRun.0", "point": 1, "testname": "hanus_vco_tb_1", "cornername": "Nominal"}
[2026-03-12 16:13:51.826 +0530] [WARN] [cadence.virtuoso.ade.simulationMonitor] -     WARNING (SPCRTRF-15037): Infinite flicker noise is ignored.
        Further occurrences of this warning will be suppressed. {"history": "ExplorerRun.0", "point": 1, "testname": "hanus_vco_tb_1", "cornername": "Nominal"}
[2026-03-12 16:13:52.827 +0530] [INFO] [cadence.virtuoso.ade.simulationMonitor] - Total time required for pnoise analysis `pnoise': CPU = 2.46905 s, elapsed = 1.11852 s, util. = 221%. {"history": "ExplorerRun.0", "point": 1, "testname": "hanus_vco_tb_1", "cornername": "Nominal"}
[2026-03-12 16:13:52.827 +0530] [INFO] [cadence.virtuoso.ade.simulationMonitor] - Peak resident memory used = 194 Mbytes. {"history": "ExplorerRun.0", "point": 1, "testname": "hanus_vco_tb_1", "cornername": "Nominal"}
[2026-03-12 16:13:52.827 +0530] [INFO] [cadence.virtuoso.ade.simulationMonitor] - Notice from spectre.
    20 warnings suppressed. {"history": "ExplorerRun.0", "point": 1, "testname": "hanus_vco_tb_1", "cornername": "Nominal"}
[2026-03-12 16:13:52.828 +0530] [INFO] [cadence.virtuoso.ade.simulationMonitor] - Time used: CPU = 4.45 s, elapsed = 6.73 s, util. = 66.1%. {"history": "ExplorerRun.0", "point": 1, "testname": "hanus_vco_tb_1", "cornername": "Nominal"}
[2026-03-12 16:13:52.828 +0530] [INFO] [cadence.virtuoso.ade.simulationMonitor] - Time spent in licensing: elapsed = 3.53 s, percentage of total = 52.4%. {"history": "ExplorerRun.0", "point": 1, "testname": "hanus_vco_tb_1", "cornername": "Nominal"}
[2026-03-12 16:13:52.828 +0530] [INFO] [cadence.virtuoso.ade.simulationMonitor] - Peak memory used = 196 Mbytes. {"history": "ExplorerRun.0", "point": 1, "testname": "hanus_vco_tb_1", "cornername": "Nominal"}
[2026-03-12 16:13:52.828 +0530] [PROCESS] [cadence.virtuoso.ade.simulationMonitor] - Simulation started at: 4:13:45 PM, Thur Mar 12, 2026, ended at: 4:13:52 PM, Thur Mar 12, 2026, with elapsed time (wall clock): 6.73 s. {"history": "ExplorerRun.0", "point": 1, "testname": "hanus_vco_tb_1", "cornername": "Nominal"}
[2026-03-12 16:13:52.828 +0530] [PROCESS] [cadence.virtuoso.ade.simulationMonitor] - spectre completes with 0 errors, 6 warnings, and 22 notices. {"history": "ExplorerRun.0", "point": 1, "testname": "hanus_vco_tb_1", "cornername": "Nominal"}
[2026-03-12 16:13:52.828 +0530] [PROCESS] [cadence.virtuoso.ade.simulationMonitor] - Finished simulating for one point {"hostname": "vlsi44.blr.amrita.edu", "processid": 333479, "history": "ExplorerRun.0", "testname": "hanus_vco_tb_1", "cornername": "Nominal", "point": 1, "logfile": "/home/train/hanupro/logs_train/logs1/Job19.log", "simid": "2"}
[2026-03-12 16:13:52.828 +0530] [PROCESS] [cadence.virtuoso.ade.simulationMonitor] - Simulator exited {"hostname": "vlsi44.blr.amrita.edu", "processid": 333479, "history": "ExplorerRun.0", "testname": "hanus_vco_tb_1", "cornername": "Nominal", "point": 1, "logfile": "/home/train/hanupro/logs_train/logs1/Job19.log", "exitStatus": "0"}
[2026-03-12 16:13:52.828 +0530] [PROCESS] [cadence.virtuoso.ade.simulationMonitor] - Finished Simulation {"hostname": "vlsi44.blr.amrita.edu", "processid": 333479, "history": "ExplorerRun.0", "testname": "hanus_vco_tb_1", "cornername": "Nominal", "point": 1, "logfile": "/home/train/hanupro/logs_train/logs1/Job19.log", "simid": "2"}
[2026-03-12 16:13:53.832 +0530] [PROCESS] [cadence.virtuoso.ade.simulationMonitor] - Point Finished {"hostname": "vlsi44.blr.amrita.edu", "processid": 333479, "history": "ExplorerRun.0", "testname": "hanus_vco_tb_1", "cornername": "Nominal", "point": 1, "logfile": "/home/train/hanupro/logs_train/logs1/Job19.log"}
[2026-03-12 16:18:07.338 +0530] [PROCESS] [cadence.virtuoso.ade.simulationMonitor] - get signal Terminated<15> from user:train, which pid:333477:/home/install/IC618/tools/bin/64bit/cdsServIpc {"hostname": "vlsi44.blr.amrita.edu", "processid": 333479, "history": "ExplorerRun.0", "testname": "hanus_vco_tb_1", "cornername": "Nominal", "point": 1, "logfile": "/home/train/hanupro/logs_train/logs1/Job19.log", "signal": "15", "signalName": "Terminated", "which": "/home/install/IC618/tools/bin/64bit/cdsServIpc", "pid": "333477", "user": "train", "uid": "1001"}
[2026-03-12 16:18:07.338 +0530] [INFO] [cadence.virtuoso.ade.simulationMonitor] - SimulationMonitor has terminated the spectre process '337230', reason: 'simulationMonitor is handling signal 15' {"history": "ExplorerRun.0", "point": 1, "testname": "hanus_vco_tb_1", "cornername": "Nominal"}
[2026-03-12 16:18:07.839 +0530] [PROCESS] [cadence.virtuoso.ade.simulationMonitor] - Current memory used: 54.8125 MBytes, peak memory used: 56.2188 MBytes {"hostname": "vlsi44.blr.amrita.edu", "processid": 333479, "history": "ExplorerRun.0", "testname": "hanus_vco_tb_1", "cornername": "Nominal", "point": 1, "logfile": "/home/train/hanupro/logs_train/logs1/Job19.log"}
[2026-03-12 16:18:07.839 +0530] [PROCESS] [cadence.virtuoso.ade.simulationMonitor] - Simulation Monitor process exit. {"hostname": "vlsi44.blr.amrita.edu", "processid": 333479, "history": "ExplorerRun.0", "testname": "hanus_vco_tb_1", "cornername": "Nominal", "point": 1, "logfile": "/home/train/hanupro/logs_train/logs1/Job19.log"}
