[Simulation Monitor: 13]
[2026-05-12 11:43:17.669 +0530] [PROCESS] [cadence.virtuoso.ade.simulationMonitor] - Simulation Monitor has successfully started up. Trying to set up communication channels to other components ... {"hostname": "vlsi44.blr.amrita.edu", "processid": 3220071, "logfile": "/home/train/hanupro/logs_train/logs1/Job13.log"}
[2026-05-12 11:43:17.670 +0530] [PROCESS] [cadence.virtuoso.ade.simulationMonitor] - Communication channels have been successfully set up. Start processing events ... {"hostname": "vlsi44.blr.amrita.edu", "processid": 3220071, "logfile": "/home/train/hanupro/logs_train/logs1/Job13.log"}
[2026-05-12 11:43:17.671 +0530] [PROCESS] [cadence.virtuoso.ade.simulationMonitor] - Considering to start history {"hostname": "vlsi44.blr.amrita.edu", "processid": 3220071, "history": "ExplorerRun.0", "logfile": "/home/train/hanupro/logs_train/logs1/Job13.log"}
[2026-05-12 11:43:17.672 +0530] [PROCESS] [cadence.virtuoso.ade.simulationMonitor] - HostInfo:
Host name (type):	vlsi44.blr.amrita.edu (x86_64)
Operating system:	Linux 4.18.0-425.3.1.el8.x86_64 #1 SMP Fri Sep 30 11:45:06 EDT 2022 {"hostname": "vlsi44.blr.amrita.edu", "processid": 3220071, "history": "ExplorerRun.0", "logfile": "/home/train/hanupro/logs_train/logs1/Job13.log", "nodename": "vlsi44.blr.amrita.edu", "domainname": "(none)", "machine": "x86_64", "sysname": "Linux", "release": "4.18.0-425.3.1.el8.x86_64", "version": "#1 SMP Fri Sep 30 11:45:06 EDT 2022"}
[2026-05-12 11:43:17.672 +0530] [PROCESS] [cadence.virtuoso.ade.simulationMonitor] - UsageInfo:
pid=3220071
totalPhysicalMemory=15.338570GB,Used=10.373322GB,totalVirtualMemory=46.588566GB,Used=10.373322GB
Cpu: Cores=20, Load average:0.420000,0.670000,1.140000 {"hostname": "vlsi44.blr.amrita.edu", "processid": 3220071, "history": "ExplorerRun.0", "logfile": "/home/train/hanupro/logs_train/logs1/Job13.log", "pid": "3220071", "totalPhysicalMemory": "15.338570", "physicalMemoryUsed": "10.373322", "totalVirtualMemory": "46.588566", "virtualMemoryUsed": "10.373322", "cpuCores": "20", "processes": "1536", "loadAverage1": "0.420000", "loadAverage5": "0.670000", "loadAverage15": "1.140000", "loadAverage1Percent": "0.021000"}
[2026-05-12 11:43:17.672 +0530] [EVENT] [cadence.virtuoso.ade.simulationMonitor] - NewPoint {"history": "ExplorerRun.0", "point": 1, "testname": "hanus_diffpluscapvcoimprovements_1", "cornername": "Nominal", "event": "NewPoint", "EventSource": "Simulation Monitor", "HistoryName": "ExplorerRun.0", "logFile": "/home/train/hanupro/logs_train/logs1/Job13.log", "logFileSize": "2191"}
[2026-05-12 11:43:17.772 +0530] [EVENT] [cadence.virtuoso.ade.simulationMonitor] - NewPoint {"history": "ExplorerRun.0", "point": 1, "testname": "hanus_diffpluscapvcoimprovements_1", "cornername": "Nominal", "event": "NewPoint", "EventSource": "spectre", "HistoryName": "ExplorerRun.0", "logFile": "/home/train/simulation/hanus/diffpluscapvcoimprovements/maestro/results/maestro/ExplorerRun.0/1/hanus_diffpluscapvcoimprovements_1/psf/spectre.out", "logFileSize": "-1"}
[2026-05-12 11:43:17.775 +0530] [PROCESS] [cadence.virtuoso.ade.simulationMonitor] - Simulator launched {"hostname": "vlsi44.blr.amrita.edu", "processid": 3220071, "history": "ExplorerRun.0", "testname": "hanus_diffpluscapvcoimprovements_1", "cornername": "Nominal", "point": 1, "logfile": "/home/train/hanupro/logs_train/logs1/Job13.log", "simid": "1"}
[2026-05-12 11:43:17.777 +0530] [PROCESS] [cadence.virtuoso.ade.simulationMonitor] - Expression evaluator launched {"hostname": "vlsi44.blr.amrita.edu", "processid": 3220071, "history": "ExplorerRun.0", "testname": "hanus_diffpluscapvcoimprovements_1", "cornername": "Nominal", "point": 1, "logfile": "/home/train/hanupro/logs_train/logs1/Job13.log"}
[2026-05-12 11:43:17.781 +0530] [PROCESS] [cadence.virtuoso.ade.simulationMonitor] - Started Simulation {"hostname": "vlsi44.blr.amrita.edu", "processid": 3220071, "history": "ExplorerRun.0", "testname": "hanus_diffpluscapvcoimprovements_1", "cornername": "Nominal", "point": 1, "logfile": "/home/train/hanupro/logs_train/logs1/Job13.log", "event": "started", "task": "simulation"}
[2026-05-12 11:43:21.282 +0530] [INFO] [cadence.virtuoso.ade.simulationMonitor] - Peak resident memory used = 155 Mbytes. {"history": "ExplorerRun.0", "point": 1, "testname": "hanus_diffpluscapvcoimprovements_1", "cornername": "Nominal"}
[2026-05-12 11:43:21.282 +0530] [INFO] [cadence.virtuoso.ade.simulationMonitor] - Peak resident memory used = 168 Mbytes. {"history": "ExplorerRun.0", "point": 1, "testname": "hanus_diffpluscapvcoimprovements_1", "cornername": "Nominal"}
[2026-05-12 11:43:21.282 +0530] [INFO] [cadence.virtuoso.ade.simulationMonitor] - Notice from spectre during hierarchy flattening.
    The value 'psf' specified for the 'checklimitdest' option will no longer be supported in future releases. Use 'spectre -h' to see other recommended values for the 'checklimitdest' option. {"history": "ExplorerRun.0", "point": 1, "testname": "hanus_diffpluscapvcoimprovements_1", "cornername": "Nominal"}
[2026-05-12 11:43:21.282 +0530] [INFO] [cadence.virtuoso.ade.simulationMonitor] - Peak resident memory used = 171 Mbytes. {"history": "ExplorerRun.0", "point": 1, "testname": "hanus_diffpluscapvcoimprovements_1", "cornername": "Nominal"}
[2026-05-12 11:43:21.283 +0530] [INFO] [cadence.virtuoso.ade.simulationMonitor] - Notice from spectre during topology check.
    No connections to node `0'.
    No DC path from node `I14.PM7.n1' to ground, Gmin installed to provide path.
    No DC path from node `I14.PM0.n1' to ground, Gmin installed to provide path. {"history": "ExplorerRun.0", "point": 1, "testname": "hanus_diffpluscapvcoimprovements_1", "cornername": "Nominal"}
[2026-05-12 11:43:21.283 +0530] [INFO] [cadence.virtuoso.ade.simulationMonitor] - Notice from spectre during initial setup.
    Multithreading is disabled due to the size of the design being too small. {"history": "ExplorerRun.0", "point": 1, "testname": "hanus_diffpluscapvcoimprovements_1", "cornername": "Nominal"}
[2026-05-12 11:43:21.283 +0530] [INFO] [cadence.virtuoso.ade.simulationMonitor] -               nodes 139 {"history": "ExplorerRun.0", "point": 1, "testname": "hanus_diffpluscapvcoimprovements_1", "cornername": "Nominal"}
[2026-05-12 11:43:21.283 +0530] [INFO] [cadence.virtuoso.ade.simulationMonitor] - Notice from spectre during initial setup.
    APS enabled. {"history": "ExplorerRun.0", "point": 1, "testname": "hanus_diffpluscapvcoimprovements_1", "cornername": "Nominal"}
[2026-05-12 11:43:21.283 +0530] [INFO] [cadence.virtuoso.ade.simulationMonitor] - Peak resident memory used = 173 Mbytes. {"history": "ExplorerRun.0", "point": 1, "testname": "hanus_diffpluscapvcoimprovements_1", "cornername": "Nominal"}
[2026-05-12 11:43:21.283 +0530] [INFO] [cadence.virtuoso.ade.simulationMonitor] -    -   (APS) Multi-threading. The recommended number of threads is 1, consider adding +mt=1 on command line. {"history": "ExplorerRun.0", "point": 1, "testname": "hanus_diffpluscapvcoimprovements_1", "cornername": "Nominal"}
[2026-05-12 11:43:21.283 +0530] [WARN] [cadence.virtuoso.ade.simulationMonitor] -     WARNING (SPECTRE-470): No ground node was found in the netlist. To continue with this simulation, Spectre will add a gmin. If you want to use a specific ground node, define that as the first entry in the Spectre global statement and rerun the simulation. {"history": "ExplorerRun.0", "point": 1, "testname": "hanus_diffpluscapvcoimprovements_1", "cornername": "Nominal"}
[2026-05-12 11:43:21.283 +0530] [INFO] [cadence.virtuoso.ade.simulationMonitor] - Notice from spectre during IC analysis, during transient analysis `tran'.
    There are 3 IC nodes defined. {"history": "ExplorerRun.0", "point": 1, "testname": "hanus_diffpluscapvcoimprovements_1", "cornername": "Nominal"}
[2026-05-12 11:43:21.283 +0530] [INFO] [cadence.virtuoso.ade.simulationMonitor] - Notice from spectre during IC analysis, during transient analysis `tran'.
    GminDC = 1 pS is large enough to noticeably affect the DC solution.
        dV(I1.net3) = 703.26 uV
        Use the `gmin_check' option to eliminate or expand this report.
    Bad pivoting is found during DC analysis. Option dc_pivot_check=yes is recommended for possible improvement of convergence.
    Initial condition computed for node net70 is in error by 89.6252 uV.
    Initial condition computed for node net12 is in error by... {"history": "ExplorerRun.0", "point": 1, "testname": "hanus_diffpluscapvcoimprovements_1", "cornername": "Nominal"}
[2026-05-12 11:43:21.283 +0530] [INFO] [cadence.virtuoso.ade.simulationMonitor] - Notice from spectre during transient analysis `tran'.
    Multithreading is disabled due to the size of the design being too small. {"history": "ExplorerRun.0", "point": 1, "testname": "hanus_diffpluscapvcoimprovements_1", "cornername": "Nominal"}
[2026-05-12 11:43:21.284 +0530] [WARN] [cadence.virtuoso.ade.simulationMonitor] -     WARNING (SPECTRE-16780): LTE tolerance was temporarily relaxed to step over a discontinuity in the signal: I12.PM1.n1. Check the design or use '+diagnose' to get more information. {"history": "ExplorerRun.0", "point": 1, "testname": "hanus_diffpluscapvcoimprovements_1", "cornername": "Nominal"}
[2026-05-12 11:43:21.284 +0530] [WARN] [cadence.virtuoso.ade.simulationMonitor] -     WARNING (SPECTRE-16881): Detected possible convergence difficulties which might be related to Verilog-A models. Use the command-line option '-ahdllint=warn' to check the Verilog-A modeling issues. {"history": "ExplorerRun.0", "point": 1, "testname": "hanus_diffpluscapvcoimprovements_1", "cornername": "Nominal"}
[2026-05-12 11:43:21.284 +0530] [INFO] [cadence.virtuoso.ade.simulationMonitor] - Notice from spectre at time = 189.487 fs during transient analysis `tran'.
    Newton iteration fails to converge at time = 189.487 fs step = 2e-21 s.
        Disaster recovery algorithm is enabled to search for a converged solution. {"history": "ExplorerRun.0", "point": 1, "testname": "hanus_diffpluscapvcoimprovements_1", "cornername": "Nominal"}
[2026-05-12 11:43:21.284 +0530] [INFO] [cadence.virtuoso.ade.simulationMonitor] - Notice from spectre at time = 322.128 fs during transient analysis `tran'.
    Newton iteration fails to converge at time = 322.128 fs step = 2e-21 s.
        Disaster recovery algorithm is enabled to search for a converged solution. {"history": "ExplorerRun.0", "point": 1, "testname": "hanus_diffpluscapvcoimprovements_1", "cornername": "Nominal"}
[2026-05-12 11:43:21.284 +0530] [INFO] [cadence.virtuoso.ade.simulationMonitor] - Notice from spectre at time = 349.004 fs during transient analysis `tran'.
    Newton iteration fails to converge at time = 349.004 fs step = 2e-21 s.
        Disaster recovery algorithm is enabled to search for a converged solution. {"history": "ExplorerRun.0", "point": 1, "testname": "hanus_diffpluscapvcoimprovements_1", "cornername": "Nominal"}
[2026-05-12 11:43:21.284 +0530] [INFO] [cadence.virtuoso.ade.simulationMonitor] - Notice from spectre at time = 403.114 fs during transient analysis `tran'.
    Newton iteration fails to converge at time = 403.114 fs step = 2e-21 s.
        Disaster recovery algorithm is enabled to search for a converged solution. {"history": "ExplorerRun.0", "point": 1, "testname": "hanus_diffpluscapvcoimprovements_1", "cornername": "Nominal"}
[2026-05-12 11:43:21.284 +0530] [INFO] [cadence.virtuoso.ade.simulationMonitor] - Notice from spectre at time = 416.128 fs during transient analysis `tran'.
    Newton iteration fails to converge at time = 416.128 fs step = 2e-21 s.
        Disaster recovery algorithm is enabled to search for a converged solution.
        Further occurrences of this notice will be suppressed. {"history": "ExplorerRun.0", "point": 1, "testname": "hanus_diffpluscapvcoimprovements_1", "cornername": "Nominal"}
[2026-05-12 11:43:23.844 +0530] [WARN] [cadence.virtuoso.ade.simulationMonitor] -     WARNING (SPECTRE-16780): LTE tolerance was temporarily relaxed to step over a discontinuity in the signal: I0.PM3.n1. Check the design or use '+diagnose' to get more information. {"history": "ExplorerRun.0", "point": 1, "testname": "hanus_diffpluscapvcoimprovements_1", "cornername": "Nominal"}
[2026-05-12 11:43:23.845 +0530] [WARN] [cadence.virtuoso.ade.simulationMonitor] -     WARNING (SPECTRE-16881): Detected possible convergence difficulties which might be related to Verilog-A models. Use the command-line option '-ahdllint=warn' to check the Verilog-A modeling issues. {"history": "ExplorerRun.0", "point": 1, "testname": "hanus_diffpluscapvcoimprovements_1", "cornername": "Nominal"}
[2026-05-12 11:43:24.345 +0530] [WARN] [cadence.virtuoso.ade.simulationMonitor] -     WARNING (SPECTRE-16191): Minimum time step used.  Solution might be in error. {"history": "ExplorerRun.0", "point": 1, "testname": "hanus_diffpluscapvcoimprovements_1", "cornername": "Nominal"}
[2026-05-12 11:43:26.346 +0530] [WARN] [cadence.virtuoso.ade.simulationMonitor] -     WARNING (SPECTRE-16191): Minimum time step used.  Solution might be in error. {"history": "ExplorerRun.0", "point": 1, "testname": "hanus_diffpluscapvcoimprovements_1", "cornername": "Nominal"}
[2026-05-12 11:43:26.346 +0530] [WARN] [cadence.virtuoso.ade.simulationMonitor] -     WARNING (SPECTRE-16780): LTE tolerance was temporarily relaxed to step over a discontinuity in the signal: I15.NM2.n1. Check the design or use '+diagnose' to get more information. {"history": "ExplorerRun.0", "point": 1, "testname": "hanus_diffpluscapvcoimprovements_1", "cornername": "Nominal"}
[2026-05-12 11:43:26.346 +0530] [WARN] [cadence.virtuoso.ade.simulationMonitor] -     WARNING (SPECTRE-16881): Detected possible convergence difficulties which might be related to Verilog-A models. Use the command-line option '-ahdllint=warn' to check the Verilog-A modeling issues. {"history": "ExplorerRun.0", "point": 1, "testname": "hanus_diffpluscapvcoimprovements_1", "cornername": "Nominal"}
[2026-05-12 11:43:26.847 +0530] [WARN] [cadence.virtuoso.ade.simulationMonitor] -     WARNING (SPECTRE-16191): Minimum time step used.  Solution might be in error. {"history": "ExplorerRun.0", "point": 1, "testname": "hanus_diffpluscapvcoimprovements_1", "cornername": "Nominal"}
[2026-05-12 11:43:27.388 +0530] [ERROR] [cadence.virtuoso.ade.simulationMonitor] -     ERROR (SPECTRE-16927): Cannot run the simulation because transient analysis has reached the maximum allowed number of timesteps with timestep size of 'minstep', in a period of 5% of stop time. Use the 'max_minstep_nonconv' option to adjust the maximum allowed number of convergence failures with 'minstep', and rerun the simulation. {"history": "ExplorerRun.0", "point": 1, "testname": "hanus_diffpluscapvcoimprovements_1", "cornername": "Nominal"}
[2026-05-12 11:43:27.388 +0530] [ERROR] [cadence.virtuoso.ade.simulationMonitor] - Analysis `tran' was terminated prematurely due to an error. {"history": "ExplorerRun.0", "point": 1, "testname": "hanus_diffpluscapvcoimprovements_1", "cornername": "Nominal"}
[2026-05-12 11:43:27.388 +0530] [INFO] [cadence.virtuoso.ade.simulationMonitor] - Notice from spectre.
    195 notices suppressed. {"history": "ExplorerRun.0", "point": 1, "testname": "hanus_diffpluscapvcoimprovements_1", "cornername": "Nominal"}
[2026-05-12 11:43:27.889 +0530] [INFO] [cadence.virtuoso.ade.simulationMonitor] - Time used: CPU = 6.69 s, elapsed = 9.32 s, util. = 71.8%. {"history": "ExplorerRun.0", "point": 1, "testname": "hanus_diffpluscapvcoimprovements_1", "cornername": "Nominal"}
[2026-05-12 11:43:27.889 +0530] [INFO] [cadence.virtuoso.ade.simulationMonitor] - Time spent in licensing: elapsed = 2.8 s, percentage of total = 30%. {"history": "ExplorerRun.0", "point": 1, "testname": "hanus_diffpluscapvcoimprovements_1", "cornername": "Nominal"}
[2026-05-12 11:43:27.889 +0530] [INFO] [cadence.virtuoso.ade.simulationMonitor] - Peak memory used = 181 Mbytes. {"history": "ExplorerRun.0", "point": 1, "testname": "hanus_diffpluscapvcoimprovements_1", "cornername": "Nominal"}
[2026-05-12 11:43:27.889 +0530] [PROCESS] [cadence.virtuoso.ade.simulationMonitor] - Simulation started at: 11:43:17 AM, Tue May 12, 2026, ended at: 11:43:27 AM, Tue May 12, 2026, with elapsed time (wall clock): 9.32 s. {"history": "ExplorerRun.0", "point": 1, "testname": "hanus_diffpluscapvcoimprovements_1", "cornername": "Nominal"}
[2026-05-12 11:43:27.889 +0530] [PROCESS] [cadence.virtuoso.ade.simulationMonitor] - spectre completes with 1 error, 10 warnings, and 19 notices. {"history": "ExplorerRun.0", "point": 1, "testname": "hanus_diffpluscapvcoimprovements_1", "cornername": "Nominal"}
[2026-05-12 11:43:27.890 +0530] [PROCESS] [cadence.virtuoso.ade.simulationMonitor] - Finished simulating for one point {"hostname": "vlsi44.blr.amrita.edu", "processid": 3220071, "history": "ExplorerRun.0", "testname": "hanus_diffpluscapvcoimprovements_1", "cornername": "Nominal", "point": 1, "logfile": "/home/train/hanupro/logs_train/logs1/Job13.log", "simid": "1"}
[2026-05-12 11:43:27.890 +0530] [ERROR] [cadence.virtuoso.ade.simulationMonitor] - While simulating run ExplorerRun.0, point 1, test hanus_diffpluscapvcoimprovements_1, received error:
Simulation Error:
 The simulator process returned a non-zero exit code, indicating failure.
The simulator could have crashed or intentionally returned to indicate an error.
Check the simulator log file for more information.  Common causes:
1. Simulator may have crashed during exit even after reporting success in log file.
2. Abrupt automatic simulator termination (e.g., SIGKILL) because the simulator proce... {"history": "ExplorerRun.0", "point": 1, "testname": "hanus_diffpluscapvcoimprovements_1", "cornername": "Nominal"}
[2026-05-12 11:43:27.890 +0530] [PROCESS] [cadence.virtuoso.ade.simulationMonitor] - Finished Simulation {"hostname": "vlsi44.blr.amrita.edu", "processid": 3220071, "history": "ExplorerRun.0", "testname": "hanus_diffpluscapvcoimprovements_1", "cornername": "Nominal", "point": 1, "logfile": "/home/train/hanupro/logs_train/logs1/Job13.log", "simid": "1"}
[2026-05-12 11:43:28.895 +0530] [PROCESS] [cadence.virtuoso.ade.simulationMonitor] - Point Finished {"hostname": "vlsi44.blr.amrita.edu", "processid": 3220071, "history": "ExplorerRun.0", "testname": "hanus_diffpluscapvcoimprovements_1", "cornername": "Nominal", "point": 1, "logfile": "/home/train/hanupro/logs_train/logs1/Job13.log"}
[2026-05-12 11:43:45.683 +0530] [PROCESS] [cadence.virtuoso.ade.simulationMonitor] - get signal Terminated<15> from user:train, which pid:3220069:/home/install/IC618/tools/bin/64bit/cdsServIpc {"hostname": "vlsi44.blr.amrita.edu", "processid": 3220071, "history": "ExplorerRun.0", "testname": "hanus_diffpluscapvcoimprovements_1", "cornername": "Nominal", "point": 1, "logfile": "/home/train/hanupro/logs_train/logs1/Job13.log", "signal": "15", "signalName": "Terminated", "which": "/home/install/IC618/tools/bin/64bit/cdsServIpc", "pid": "3220069", "user": "train", "uid": "1001"}
[2026-05-12 11:43:45.683 +0530] [INFO] [cadence.virtuoso.ade.simulationMonitor] - SimulationMonitor has terminated the spectre process '3220178', reason: 'simulationMonitor is handling signal 15' {"history": "ExplorerRun.0", "point": 1, "testname": "hanus_diffpluscapvcoimprovements_1", "cornername": "Nominal"}
[2026-05-12 11:43:46.183 +0530] [PROCESS] [cadence.virtuoso.ade.simulationMonitor] - Current memory used: 55.0859 MBytes, peak memory used: 55.0859 MBytes {"hostname": "vlsi44.blr.amrita.edu", "processid": 3220071, "history": "ExplorerRun.0", "testname": "hanus_diffpluscapvcoimprovements_1", "cornername": "Nominal", "point": 1, "logfile": "/home/train/hanupro/logs_train/logs1/Job13.log"}
[2026-05-12 11:43:46.184 +0530] [PROCESS] [cadence.virtuoso.ade.simulationMonitor] - Simulation Monitor process exit. {"hostname": "vlsi44.blr.amrita.edu", "processid": 3220071, "history": "ExplorerRun.0", "testname": "hanus_diffpluscapvcoimprovements_1", "cornername": "Nominal", "point": 1, "logfile": "/home/train/hanupro/logs_train/logs1/Job13.log"}
