[Simulation Monitor: 10]
[2026-03-17 11:52:32.607 +0530] [PROCESS] [cadence.virtuoso.ade.simulationMonitor] - Simulation Monitor has successfully started up. Trying to set up communication channels to other components ... {"hostname": "vlsi44.blr.amrita.edu", "processid": 454855, "logfile": "/home/train/hanupro/logs_train/logs1/Job10.log"}
[2026-03-17 11:52:32.609 +0530] [PROCESS] [cadence.virtuoso.ade.simulationMonitor] - Communication channels have been successfully set up. Start processing events ... {"hostname": "vlsi44.blr.amrita.edu", "processid": 454855, "logfile": "/home/train/hanupro/logs_train/logs1/Job10.log"}
[2026-03-17 11:52:32.609 +0530] [PROCESS] [cadence.virtuoso.ade.simulationMonitor] - Considering to start history {"hostname": "vlsi44.blr.amrita.edu", "processid": 454855, "history": "ExplorerRun.0", "logfile": "/home/train/hanupro/logs_train/logs1/Job10.log"}
[2026-03-17 11:52:32.610 +0530] [PROCESS] [cadence.virtuoso.ade.simulationMonitor] - HostInfo:
Host name (type):	vlsi44.blr.amrita.edu (x86_64)
Operating system:	Linux 4.18.0-425.3.1.el8.x86_64 #1 SMP Fri Sep 30 11:45:06 EDT 2022 {"hostname": "vlsi44.blr.amrita.edu", "processid": 454855, "history": "ExplorerRun.0", "logfile": "/home/train/hanupro/logs_train/logs1/Job10.log", "nodename": "vlsi44.blr.amrita.edu", "domainname": "(none)", "machine": "x86_64", "sysname": "Linux", "release": "4.18.0-425.3.1.el8.x86_64", "version": "#1 SMP Fri Sep 30 11:45:06 EDT 2022"}
[2026-03-17 11:52:32.610 +0530] [PROCESS] [cadence.virtuoso.ade.simulationMonitor] - UsageInfo:
pid=454855
totalPhysicalMemory=15.338570GB,Used=7.813347GB,totalVirtualMemory=46.588566GB,Used=7.813347GB
Cpu: Cores=20, Load average:0.140000,0.170000,0.320000 {"hostname": "vlsi44.blr.amrita.edu", "processid": 454855, "history": "ExplorerRun.0", "logfile": "/home/train/hanupro/logs_train/logs1/Job10.log", "pid": "454855", "totalPhysicalMemory": "15.338570", "physicalMemoryUsed": "7.813347", "totalVirtualMemory": "46.588566", "virtualMemoryUsed": "7.813347", "cpuCores": "20", "processes": "1582", "loadAverage1": "0.140000", "loadAverage5": "0.170000", "loadAverage15": "0.320000", "loadAverage1Percent": "0.007000"}
[2026-03-17 11:52:32.610 +0530] [EVENT] [cadence.virtuoso.ade.simulationMonitor] - NewPoint {"history": "ExplorerRun.0", "point": 1, "testname": "hanus_vco_tb_1", "cornername": "Nominal", "event": "NewPoint", "EventSource": "Simulation Monitor", "HistoryName": "ExplorerRun.0", "logFile": "/home/train/hanupro/logs_train/logs1/Job10.log", "logFileSize": "2180"}
[2026-03-17 11:52:32.710 +0530] [EVENT] [cadence.virtuoso.ade.simulationMonitor] - NewPoint {"history": "ExplorerRun.0", "point": 1, "testname": "hanus_vco_tb_1", "cornername": "Nominal", "event": "NewPoint", "EventSource": "spectre", "HistoryName": "ExplorerRun.0", "logFile": "/home/train/simulation/hanus/vco_tb/maestro/results/maestro/ExplorerRun.0/1/hanus_vco_tb_1/psf/spectre.out", "logFileSize": "-1"}
[2026-03-17 11:52:32.724 +0530] [PROCESS] [cadence.virtuoso.ade.simulationMonitor] - Simulator launched {"hostname": "vlsi44.blr.amrita.edu", "processid": 454855, "history": "ExplorerRun.0", "testname": "hanus_vco_tb_1", "cornername": "Nominal", "point": 1, "logfile": "/home/train/hanupro/logs_train/logs1/Job10.log", "simid": "1"}
[2026-03-17 11:52:32.725 +0530] [PROCESS] [cadence.virtuoso.ade.simulationMonitor] - Expression evaluator launched {"hostname": "vlsi44.blr.amrita.edu", "processid": 454855, "history": "ExplorerRun.0", "testname": "hanus_vco_tb_1", "cornername": "Nominal", "point": 1, "logfile": "/home/train/hanupro/logs_train/logs1/Job10.log"}
[2026-03-17 11:52:32.729 +0530] [PROCESS] [cadence.virtuoso.ade.simulationMonitor] - Started Simulation {"hostname": "vlsi44.blr.amrita.edu", "processid": 454855, "history": "ExplorerRun.0", "testname": "hanus_vco_tb_1", "cornername": "Nominal", "point": 1, "logfile": "/home/train/hanupro/logs_train/logs1/Job10.log", "event": "started", "task": "simulation"}
[2026-03-17 11:52:34.730 +0530] [INFO] [cadence.virtuoso.ade.simulationMonitor] - Peak resident memory used = 152 Mbytes. {"history": "ExplorerRun.0", "point": 1, "testname": "hanus_vco_tb_1", "cornername": "Nominal"}
[2026-03-17 11:52:34.730 +0530] [INFO] [cadence.virtuoso.ade.simulationMonitor] - Peak resident memory used = 164 Mbytes. {"history": "ExplorerRun.0", "point": 1, "testname": "hanus_vco_tb_1", "cornername": "Nominal"}
[2026-03-17 11:52:34.730 +0530] [INFO] [cadence.virtuoso.ade.simulationMonitor] - Notice from spectre during hierarchy flattening.
    The value 'psf' specified for the 'checklimitdest' option will no longer be supported in future releases. Use 'spectre -h' to see other recommended values for the 'checklimitdest' option. {"history": "ExplorerRun.0", "point": 1, "testname": "hanus_vco_tb_1", "cornername": "Nominal"}
[2026-03-17 11:52:34.730 +0530] [INFO] [cadence.virtuoso.ade.simulationMonitor] - Peak resident memory used = 166 Mbytes. {"history": "ExplorerRun.0", "point": 1, "testname": "hanus_vco_tb_1", "cornername": "Nominal"}
[2026-03-17 11:52:35.230 +0530] [INFO] [cadence.virtuoso.ade.simulationMonitor] - Notice from spectre during initial setup.
    Multithreading is disabled due to the size of the design being too small. {"history": "ExplorerRun.0", "point": 1, "testname": "hanus_vco_tb_1", "cornername": "Nominal"}
[2026-03-17 11:52:35.230 +0530] [INFO] [cadence.virtuoso.ade.simulationMonitor] -               nodes 71 {"history": "ExplorerRun.0", "point": 1, "testname": "hanus_vco_tb_1", "cornername": "Nominal"}
[2026-03-17 11:52:35.231 +0530] [INFO] [cadence.virtuoso.ade.simulationMonitor] - Notice from spectre during initial setup.
    APS enabled. {"history": "ExplorerRun.0", "point": 1, "testname": "hanus_vco_tb_1", "cornername": "Nominal"}
[2026-03-17 11:52:35.231 +0530] [INFO] [cadence.virtuoso.ade.simulationMonitor] - Peak resident memory used = 167 Mbytes. {"history": "ExplorerRun.0", "point": 1, "testname": "hanus_vco_tb_1", "cornername": "Nominal"}
[2026-03-17 11:52:35.231 +0530] [INFO] [cadence.virtuoso.ade.simulationMonitor] -    -   (APS) Multi-threading. The recommended number of threads is 1, consider adding +mt=1 on command line. {"history": "ExplorerRun.0", "point": 1, "testname": "hanus_vco_tb_1", "cornername": "Nominal"}
[2026-03-17 11:52:35.231 +0530] [INFO] [cadence.virtuoso.ade.simulationMonitor] - Notice from spectre during IC analysis, during transient analysis `tran'.
    There are 2 IC nodes defined. {"history": "ExplorerRun.0", "point": 1, "testname": "hanus_vco_tb_1", "cornername": "Nominal"}
[2026-03-17 11:52:35.231 +0530] [INFO] [cadence.virtuoso.ade.simulationMonitor] - Notice from spectre during IC analysis, during transient analysis `tran'.
    Initial condition computed for node vout4+ is in error by 2.58995 mV (215.83 m%).
    Initial condition computed for node vout4- is in error by 2.26659 mV.
        Decrease `rforce' to reduce error in computed initial conditions.  However, setting rforce too small may result in convergence difficulties or in the matrix becoming singular. {"history": "ExplorerRun.0", "point": 1, "testname": "hanus_vco_tb_1", "cornername": "Nominal"}
[2026-03-17 11:52:35.231 +0530] [INFO] [cadence.virtuoso.ade.simulationMonitor] - Notice from spectre during transient analysis `tran'.
    Multithreading is disabled due to the size of the design being too small. {"history": "ExplorerRun.0", "point": 1, "testname": "hanus_vco_tb_1", "cornername": "Nominal"}
[2026-03-17 11:53:13.106 +0530] [INFO] [cadence.virtuoso.ade.simulationMonitor] - Total time required for tran analysis `tran': CPU = 38.1968 s, elapsed = 38.2419 s, util. = 99.9%. {"history": "ExplorerRun.0", "point": 1, "testname": "hanus_vco_tb_1", "cornername": "Nominal"}
[2026-03-17 11:53:13.107 +0530] [INFO] [cadence.virtuoso.ade.simulationMonitor] - Peak resident memory used = 505 Mbytes. {"history": "ExplorerRun.0", "point": 1, "testname": "hanus_vco_tb_1", "cornername": "Nominal"}
[2026-03-17 11:53:13.107 +0530] [INFO] [cadence.virtuoso.ade.simulationMonitor] - Time used: CPU = 38.6 s, elapsed = 40 s, util. = 96.4%. {"history": "ExplorerRun.0", "point": 1, "testname": "hanus_vco_tb_1", "cornername": "Nominal"}
[2026-03-17 11:53:13.107 +0530] [INFO] [cadence.virtuoso.ade.simulationMonitor] - Time spent in licensing: elapsed = 1.24 s. {"history": "ExplorerRun.0", "point": 1, "testname": "hanus_vco_tb_1", "cornername": "Nominal"}
[2026-03-17 11:53:13.107 +0530] [INFO] [cadence.virtuoso.ade.simulationMonitor] - Peak memory used = 506 Mbytes. {"history": "ExplorerRun.0", "point": 1, "testname": "hanus_vco_tb_1", "cornername": "Nominal"}
[2026-03-17 11:53:13.107 +0530] [PROCESS] [cadence.virtuoso.ade.simulationMonitor] - Simulation started at: 11:52:32 AM, Tue Mar 17, 2026, ended at: 11:53:12 AM, Tue Mar 17, 2026, with elapsed time (wall clock): 40 s. {"history": "ExplorerRun.0", "point": 1, "testname": "hanus_vco_tb_1", "cornername": "Nominal"}
[2026-03-17 11:53:13.107 +0530] [PROCESS] [cadence.virtuoso.ade.simulationMonitor] - spectre completes with 0 errors, 0 warnings, and 8 notices. {"history": "ExplorerRun.0", "point": 1, "testname": "hanus_vco_tb_1", "cornername": "Nominal"}
[2026-03-17 11:53:13.607 +0530] [PROCESS] [cadence.virtuoso.ade.simulationMonitor] - Finished simulating for one point {"hostname": "vlsi44.blr.amrita.edu", "processid": 454855, "history": "ExplorerRun.0", "testname": "hanus_vco_tb_1", "cornername": "Nominal", "point": 1, "logfile": "/home/train/hanupro/logs_train/logs1/Job10.log", "simid": "1"}
[2026-03-17 11:53:13.608 +0530] [PROCESS] [cadence.virtuoso.ade.simulationMonitor] - Simulator exited {"hostname": "vlsi44.blr.amrita.edu", "processid": 454855, "history": "ExplorerRun.0", "testname": "hanus_vco_tb_1", "cornername": "Nominal", "point": 1, "logfile": "/home/train/hanupro/logs_train/logs1/Job10.log", "exitStatus": "0"}
[2026-03-17 11:53:13.608 +0530] [PROCESS] [cadence.virtuoso.ade.simulationMonitor] - Finished Simulation {"hostname": "vlsi44.blr.amrita.edu", "processid": 454855, "history": "ExplorerRun.0", "testname": "hanus_vco_tb_1", "cornername": "Nominal", "point": 1, "logfile": "/home/train/hanupro/logs_train/logs1/Job10.log", "simid": "1"}
[2026-03-17 11:53:14.612 +0530] [PROCESS] [cadence.virtuoso.ade.simulationMonitor] - Point Finished {"hostname": "vlsi44.blr.amrita.edu", "processid": 454855, "history": "ExplorerRun.0", "testname": "hanus_vco_tb_1", "cornername": "Nominal", "point": 1, "logfile": "/home/train/hanupro/logs_train/logs1/Job10.log"}
[2026-03-17 11:58:14.991 +0530] [PROCESS] [cadence.virtuoso.ade.simulationMonitor] - Current memory used: 56.2070 MBytes, peak memory used: 56.2070 MBytes {"hostname": "vlsi44.blr.amrita.edu", "processid": 454855, "history": "ExplorerRun.0", "testname": "hanus_vco_tb_1", "cornername": "Nominal", "point": 1, "logfile": "/home/train/hanupro/logs_train/logs1/Job10.log"}
[2026-03-17 11:58:14.991 +0530] [PROCESS] [cadence.virtuoso.ade.simulationMonitor] - Simulation Monitor process exit. {"hostname": "vlsi44.blr.amrita.edu", "processid": 454855, "history": "ExplorerRun.0", "testname": "hanus_vco_tb_1", "cornername": "Nominal", "point": 1, "logfile": "/home/train/hanupro/logs_train/logs1/Job10.log"}
