[Simulation Monitor: 16]
[2026-05-19 13:54:50.603 +0530] [PROCESS] [cadence.virtuoso.ade.simulationMonitor] - Simulation Monitor has successfully started up. Trying to set up communication channels to other components ... {"hostname": "vlsi44.blr.amrita.edu", "processid": 978904, "logfile": "/home/train/hanupro/logs_train/logs1/Job16.log"}
[2026-05-19 13:54:50.605 +0530] [PROCESS] [cadence.virtuoso.ade.simulationMonitor] - Communication channels have been successfully set up. Start processing events ... {"hostname": "vlsi44.blr.amrita.edu", "processid": 978904, "logfile": "/home/train/hanupro/logs_train/logs1/Job16.log"}
[2026-05-19 13:54:50.605 +0530] [PROCESS] [cadence.virtuoso.ade.simulationMonitor] - Considering to start history {"hostname": "vlsi44.blr.amrita.edu", "processid": 978904, "history": "ExplorerRun.0", "logfile": "/home/train/hanupro/logs_train/logs1/Job16.log"}
[2026-05-19 13:54:50.605 +0530] [PROCESS] [cadence.virtuoso.ade.simulationMonitor] - HostInfo:
Host name (type):	vlsi44.blr.amrita.edu (x86_64)
Operating system:	Linux 4.18.0-425.3.1.el8.x86_64 #1 SMP Fri Sep 30 11:45:06 EDT 2022 {"hostname": "vlsi44.blr.amrita.edu", "processid": 978904, "history": "ExplorerRun.0", "logfile": "/home/train/hanupro/logs_train/logs1/Job16.log", "nodename": "vlsi44.blr.amrita.edu", "domainname": "(none)", "machine": "x86_64", "sysname": "Linux", "release": "4.18.0-425.3.1.el8.x86_64", "version": "#1 SMP Fri Sep 30 11:45:06 EDT 2022"}
[2026-05-19 13:54:50.606 +0530] [PROCESS] [cadence.virtuoso.ade.simulationMonitor] - UsageInfo:
pid=978904
totalPhysicalMemory=15.338570GB,Used=4.567749GB,totalVirtualMemory=46.588566GB,Used=5.183472GB
Cpu: Cores=20, Load average:0.430000,0.200000,0.140000 {"hostname": "vlsi44.blr.amrita.edu", "processid": 978904, "history": "ExplorerRun.0", "logfile": "/home/train/hanupro/logs_train/logs1/Job16.log", "pid": "978904", "totalPhysicalMemory": "15.338570", "physicalMemoryUsed": "4.567749", "totalVirtualMemory": "46.588566", "virtualMemoryUsed": "5.183472", "cpuCores": "20", "processes": "1230", "loadAverage1": "0.430000", "loadAverage5": "0.200000", "loadAverage15": "0.140000", "loadAverage1Percent": "0.021500"}
[2026-05-19 13:54:50.606 +0530] [EVENT] [cadence.virtuoso.ade.simulationMonitor] - NewPoint {"history": "ExplorerRun.0", "point": 1, "testname": "hanus_pll_loop_1", "cornername": "Nominal", "event": "NewPoint", "EventSource": "Simulation Monitor", "HistoryName": "ExplorerRun.0", "logFile": "/home/train/hanupro/logs_train/logs1/Job16.log", "logFileSize": "2180"}
[2026-05-19 13:54:50.707 +0530] [EVENT] [cadence.virtuoso.ade.simulationMonitor] - NewPoint {"history": "ExplorerRun.0", "point": 1, "testname": "hanus_pll_loop_1", "cornername": "Nominal", "event": "NewPoint", "EventSource": "spectre", "HistoryName": "ExplorerRun.0", "logFile": "/home/train/simulation/hanus/pll_loop/maestro/results/maestro/ExplorerRun.0/1/hanus_pll_loop_1/psf/spectre.out", "logFileSize": "316206"}
[2026-05-19 13:54:50.710 +0530] [PROCESS] [cadence.virtuoso.ade.simulationMonitor] - Simulator launched {"hostname": "vlsi44.blr.amrita.edu", "processid": 978904, "history": "ExplorerRun.0", "testname": "hanus_pll_loop_1", "cornername": "Nominal", "point": 1, "logfile": "/home/train/hanupro/logs_train/logs1/Job16.log", "simid": "1"}
[2026-05-19 13:54:50.711 +0530] [PROCESS] [cadence.virtuoso.ade.simulationMonitor] - Expression evaluator launched {"hostname": "vlsi44.blr.amrita.edu", "processid": 978904, "history": "ExplorerRun.0", "testname": "hanus_pll_loop_1", "cornername": "Nominal", "point": 1, "logfile": "/home/train/hanupro/logs_train/logs1/Job16.log"}
[2026-05-19 13:54:50.715 +0530] [PROCESS] [cadence.virtuoso.ade.simulationMonitor] - Started Simulation {"hostname": "vlsi44.blr.amrita.edu", "processid": 978904, "history": "ExplorerRun.0", "testname": "hanus_pll_loop_1", "cornername": "Nominal", "point": 1, "logfile": "/home/train/hanupro/logs_train/logs1/Job16.log", "event": "started", "task": "simulation"}
[2026-05-19 13:54:52.716 +0530] [INFO] [cadence.virtuoso.ade.simulationMonitor] - Peak resident memory used = 155 Mbytes. {"history": "ExplorerRun.0", "point": 1, "testname": "hanus_pll_loop_1", "cornername": "Nominal"}
[2026-05-19 13:54:53.216 +0530] [INFO] [cadence.virtuoso.ade.simulationMonitor] - Peak resident memory used = 211 Mbytes. {"history": "ExplorerRun.0", "point": 1, "testname": "hanus_pll_loop_1", "cornername": "Nominal"}
[2026-05-19 13:54:53.216 +0530] [INFO] [cadence.virtuoso.ade.simulationMonitor] - Notice from spectre during hierarchy flattening.
    The value 'psf' specified for the 'checklimitdest' option will no longer be supported in future releases. Use 'spectre -h' to see other recommended values for the 'checklimitdest' option. {"history": "ExplorerRun.0", "point": 1, "testname": "hanus_pll_loop_1", "cornername": "Nominal"}
[2026-05-19 13:54:53.216 +0530] [INFO] [cadence.virtuoso.ade.simulationMonitor] - Peak resident memory used = 234 Mbytes. {"history": "ExplorerRun.0", "point": 1, "testname": "hanus_pll_loop_1", "cornername": "Nominal"}
[2026-05-19 13:54:53.216 +0530] [WARN] [cadence.virtuoso.ade.simulationMonitor] -     WARNING (SPECTRE-7): No DC path from node `I1.I4.I5.net1' to ground. {"history": "ExplorerRun.0", "point": 1, "testname": "hanus_pll_loop_1", "cornername": "Nominal"}
[2026-05-19 13:54:53.216 +0530] [WARN] [cadence.virtuoso.ade.simulationMonitor] -     WARNING (SPECTRE-7): No DC path from node `I1.I5.I5.net1' to ground. {"history": "ExplorerRun.0", "point": 1, "testname": "hanus_pll_loop_1", "cornername": "Nominal"}
[2026-05-19 13:54:53.217 +0530] [WARN] [cadence.virtuoso.ade.simulationMonitor] -     WARNING (SPECTRE-7): No DC path from node `I1.I3.I5.net1' to ground. {"history": "ExplorerRun.0", "point": 1, "testname": "hanus_pll_loop_1", "cornername": "Nominal"}
[2026-05-19 13:54:53.217 +0530] [WARN] [cadence.virtuoso.ade.simulationMonitor] -     WARNING (SPECTRE-7): No DC path from node `I1.I1.I5.net1' to ground. {"history": "ExplorerRun.0", "point": 1, "testname": "hanus_pll_loop_1", "cornername": "Nominal"}
[2026-05-19 13:54:53.217 +0530] [WARN] [cadence.virtuoso.ade.simulationMonitor] -     WARNING (SPECTRE-7): No DC path from node `I1.I0.I5.net1' to ground.
        Further occurrences of this warning will be suppressed. {"history": "ExplorerRun.0", "point": 1, "testname": "hanus_pll_loop_1", "cornername": "Nominal"}
[2026-05-19 13:54:53.217 +0530] [INFO] [cadence.virtuoso.ade.simulationMonitor] -               nodes 5245 {"history": "ExplorerRun.0", "point": 1, "testname": "hanus_pll_loop_1", "cornername": "Nominal"}
[2026-05-19 13:54:53.217 +0530] [INFO] [cadence.virtuoso.ade.simulationMonitor] - Notice from spectre during initial setup.
    APS enabled.
    13 warnings suppressed. {"history": "ExplorerRun.0", "point": 1, "testname": "hanus_pll_loop_1", "cornername": "Nominal"}
[2026-05-19 13:54:54.217 +0530] [INFO] [cadence.virtuoso.ade.simulationMonitor] - Notice from spectre.
    Multithreading enabled: 8 threads in the system with 20 available processors. {"history": "ExplorerRun.0", "point": 1, "testname": "hanus_pll_loop_1", "cornername": "Nominal"}
[2026-05-19 13:54:54.218 +0530] [INFO] [cadence.virtuoso.ade.simulationMonitor] - Peak resident memory used = 252 Mbytes. {"history": "ExplorerRun.0", "point": 1, "testname": "hanus_pll_loop_1", "cornername": "Nominal"}
[2026-05-19 13:54:54.218 +0530] [INFO] [cadence.virtuoso.ade.simulationMonitor] -    -   (APS) Multi-threading. The recommended number of threads is 8, consider adding +mt=8 on command line. {"history": "ExplorerRun.0", "point": 1, "testname": "hanus_pll_loop_1", "cornername": "Nominal"}
[2026-05-19 13:55:00.796 +0530] [INFO] [cadence.virtuoso.ade.simulationMonitor] - Notice from spectre during IC analysis, during periodic steady state analysis `pss'.
    There are 3 IC nodes defined. {"history": "ExplorerRun.0", "point": 1, "testname": "hanus_pll_loop_1", "cornername": "Nominal"}
[2026-05-19 13:55:55.898 +0530] [PROCESS] [cadence.virtuoso.ade.simulationMonitor] - Simulation cancelled {"hostname": "vlsi44.blr.amrita.edu", "processid": 978904, "history": "ExplorerRun.0", "testname": "hanus_pll_loop_1", "cornername": "Nominal", "point": 1, "logfile": "/home/train/hanupro/logs_train/logs1/Job16.log"}
[2026-05-19 13:55:55.898 +0530] [INFO] [cadence.virtuoso.ade.simulationMonitor] - SimulationMonitor has terminated the spectre process '978993', reason: 'the simulation point gets cancelled by GUI' {"history": "ExplorerRun.0", "point": 1, "testname": "hanus_pll_loop_1", "cornername": "Nominal"}
[2026-05-19 13:55:55.974 +0530] [PROCESS] [cadence.virtuoso.ade.simulationMonitor] - Finished simulating for one point {"hostname": "vlsi44.blr.amrita.edu", "processid": 978904, "history": "ExplorerRun.0", "testname": "hanus_pll_loop_1", "cornername": "Nominal", "point": 1, "logfile": "/home/train/hanupro/logs_train/logs1/Job16.log", "simid": "1"}
[2026-05-19 13:55:55.974 +0530] [PROCESS] [cadence.virtuoso.ade.simulationMonitor] - Simulator exited {"hostname": "vlsi44.blr.amrita.edu", "processid": 978904, "history": "ExplorerRun.0", "testname": "hanus_pll_loop_1", "cornername": "Nominal", "point": 1, "logfile": "/home/train/hanupro/logs_train/logs1/Job16.log", "exitStatus": "0"}
[2026-05-19 13:55:55.974 +0530] [PROCESS] [cadence.virtuoso.ade.simulationMonitor] - Finished Simulation {"hostname": "vlsi44.blr.amrita.edu", "processid": 978904, "history": "ExplorerRun.0", "testname": "hanus_pll_loop_1", "cornername": "Nominal", "point": 1, "logfile": "/home/train/hanupro/logs_train/logs1/Job16.log", "simid": "1"}
[2026-05-19 13:55:55.979 +0530] [PROCESS] [cadence.virtuoso.ade.simulationMonitor] - Point Finished {"hostname": "vlsi44.blr.amrita.edu", "processid": 978904, "history": "ExplorerRun.0", "testname": "hanus_pll_loop_1", "cornername": "Nominal", "point": 1, "logfile": "/home/train/hanupro/logs_train/logs1/Job16.log"}
[2026-05-19 13:56:16.112 +0530] [INFO] [cadence.virtuoso.ade.simulationMonitor] - SimulationMonitor has terminated the vds process '978994', reason: 'Force to stop the expression evalutor process because of new run' {"history": "ExplorerRun.0", "point": 1, "testname": "hanus_pll_loop_1", "cornername": "Nominal"}
[2026-05-19 13:56:16.112 +0530] [PROCESS] [cadence.virtuoso.ade.simulationMonitor] - HostInfo:
Host name (type):	vlsi44.blr.amrita.edu (x86_64)
Operating system:	Linux 4.18.0-425.3.1.el8.x86_64 #1 SMP Fri Sep 30 11:45:06 EDT 2022 {"hostname": "vlsi44.blr.amrita.edu", "processid": 978904, "history": "ExplorerRun.0", "testname": "hanus_pll_loop_1", "cornername": "Nominal", "point": 1, "logfile": "/home/train/hanupro/logs_train/logs1/Job16.log", "nodename": "vlsi44.blr.amrita.edu", "domainname": "(none)", "machine": "x86_64", "sysname": "Linux", "release": "4.18.0-425.3.1.el8.x86_64", "version": "#1 SMP Fri Sep 30 11:45:06 EDT 2022"}
[2026-05-19 13:56:16.113 +0530] [PROCESS] [cadence.virtuoso.ade.simulationMonitor] - UsageInfo:
pid=978904
totalPhysicalMemory=15.338570GB,Used=4.571907GB,totalVirtualMemory=46.588566GB,Used=5.187630GB
Cpu: Cores=20, Load average:2.660000,1.090000,0.460000 {"hostname": "vlsi44.blr.amrita.edu", "processid": 978904, "history": "ExplorerRun.0", "testname": "hanus_pll_loop_1", "cornername": "Nominal", "point": 1, "logfile": "/home/train/hanupro/logs_train/logs1/Job16.log", "pid": "978904", "totalPhysicalMemory": "15.338570", "physicalMemoryUsed": "4.571907", "totalVirtualMemory": "46.588566", "virtualMemoryUsed": "5.187630", "cpuCores": "20", "processes": "1245", "loadAverage1": "2.660000", "loadAverage5": "1.090000", "loadAverage15": "0.460000", "loadAverage1Percent": "0.133000"}
[2026-05-19 13:56:16.113 +0530] [EVENT] [cadence.virtuoso.ade.simulationMonitor] - NewPoint {"history": "ExplorerRun.0", "point": 1, "testname": "hanus_pll_loop_1", "cornername": "Nominal", "event": "NewPoint", "EventSource": "Simulation Monitor", "HistoryName": "ExplorerRun.0", "logFile": "/home/train/hanupro/logs_train/logs1/Job16.log", "logFileSize": "11667"}
[2026-05-19 13:56:16.213 +0530] [EVENT] [cadence.virtuoso.ade.simulationMonitor] - NewPoint {"history": "ExplorerRun.0", "point": 1, "testname": "hanus_pll_loop_1", "cornername": "Nominal", "event": "NewPoint", "EventSource": "spectre", "HistoryName": "ExplorerRun.0", "logFile": "/home/train/simulation/hanus/pll_loop/maestro/results/maestro/ExplorerRun.0/1/hanus_pll_loop_1/psf/spectre.out", "logFileSize": "-1"}
[2026-05-19 13:56:16.217 +0530] [PROCESS] [cadence.virtuoso.ade.simulationMonitor] - Simulator launched {"hostname": "vlsi44.blr.amrita.edu", "processid": 978904, "history": "ExplorerRun.0", "testname": "hanus_pll_loop_1", "cornername": "Nominal", "point": 1, "logfile": "/home/train/hanupro/logs_train/logs1/Job16.log", "simid": "2"}
[2026-05-19 13:56:16.219 +0530] [PROCESS] [cadence.virtuoso.ade.simulationMonitor] - Expression evaluator launched {"hostname": "vlsi44.blr.amrita.edu", "processid": 978904, "history": "ExplorerRun.0", "testname": "hanus_pll_loop_1", "cornername": "Nominal", "point": 1, "logfile": "/home/train/hanupro/logs_train/logs1/Job16.log"}
[2026-05-19 13:56:16.223 +0530] [PROCESS] [cadence.virtuoso.ade.simulationMonitor] - Started Simulation {"hostname": "vlsi44.blr.amrita.edu", "processid": 978904, "history": "ExplorerRun.0", "testname": "hanus_pll_loop_1", "cornername": "Nominal", "point": 1, "logfile": "/home/train/hanupro/logs_train/logs1/Job16.log", "event": "started", "task": "simulation"}
[2026-05-19 13:56:18.224 +0530] [INFO] [cadence.virtuoso.ade.simulationMonitor] - Peak resident memory used = 150 Mbytes. {"history": "ExplorerRun.0", "point": 1, "testname": "hanus_pll_loop_1", "cornername": "Nominal"}
[2026-05-19 13:56:18.724 +0530] [INFO] [cadence.virtuoso.ade.simulationMonitor] - Peak resident memory used = 204 Mbytes. {"history": "ExplorerRun.0", "point": 1, "testname": "hanus_pll_loop_1", "cornername": "Nominal"}
[2026-05-19 13:56:18.724 +0530] [INFO] [cadence.virtuoso.ade.simulationMonitor] - Notice from spectre during hierarchy flattening.
    The value 'psf' specified for the 'checklimitdest' option will no longer be supported in future releases. Use 'spectre -h' to see other recommended values for the 'checklimitdest' option. {"history": "ExplorerRun.0", "point": 1, "testname": "hanus_pll_loop_1", "cornername": "Nominal"}
[2026-05-19 13:56:18.724 +0530] [INFO] [cadence.virtuoso.ade.simulationMonitor] - Peak resident memory used = 227 Mbytes. {"history": "ExplorerRun.0", "point": 1, "testname": "hanus_pll_loop_1", "cornername": "Nominal"}
[2026-05-19 13:56:18.724 +0530] [WARN] [cadence.virtuoso.ade.simulationMonitor] -     WARNING (SPECTRE-7): No DC path from node `I1.I4.I5.net1' to ground. {"history": "ExplorerRun.0", "point": 1, "testname": "hanus_pll_loop_1", "cornername": "Nominal"}
[2026-05-19 13:56:18.724 +0530] [WARN] [cadence.virtuoso.ade.simulationMonitor] -     WARNING (SPECTRE-7): No DC path from node `I1.I5.I5.net1' to ground. {"history": "ExplorerRun.0", "point": 1, "testname": "hanus_pll_loop_1", "cornername": "Nominal"}
[2026-05-19 13:56:18.724 +0530] [WARN] [cadence.virtuoso.ade.simulationMonitor] -     WARNING (SPECTRE-7): No DC path from node `I1.I3.I5.net1' to ground. {"history": "ExplorerRun.0", "point": 1, "testname": "hanus_pll_loop_1", "cornername": "Nominal"}
[2026-05-19 13:56:18.724 +0530] [WARN] [cadence.virtuoso.ade.simulationMonitor] -     WARNING (SPECTRE-7): No DC path from node `I1.I1.I5.net1' to ground. {"history": "ExplorerRun.0", "point": 1, "testname": "hanus_pll_loop_1", "cornername": "Nominal"}
[2026-05-19 13:56:18.724 +0530] [WARN] [cadence.virtuoso.ade.simulationMonitor] -     WARNING (SPECTRE-7): No DC path from node `I1.I0.I5.net1' to ground.
        Further occurrences of this warning will be suppressed. {"history": "ExplorerRun.0", "point": 1, "testname": "hanus_pll_loop_1", "cornername": "Nominal"}
[2026-05-19 13:56:18.725 +0530] [INFO] [cadence.virtuoso.ade.simulationMonitor] -               nodes 5245 {"history": "ExplorerRun.0", "point": 1, "testname": "hanus_pll_loop_1", "cornername": "Nominal"}
[2026-05-19 13:56:18.725 +0530] [INFO] [cadence.virtuoso.ade.simulationMonitor] - Notice from spectre during initial setup.
    APS enabled.
    13 warnings suppressed. {"history": "ExplorerRun.0", "point": 1, "testname": "hanus_pll_loop_1", "cornername": "Nominal"}
[2026-05-19 13:56:25.265 +0530] [INFO] [cadence.virtuoso.ade.simulationMonitor] - Notice from spectre.
    Multithreading enabled: 8 threads in the system with 20 available processors. {"history": "ExplorerRun.0", "point": 1, "testname": "hanus_pll_loop_1", "cornername": "Nominal"}
[2026-05-19 13:56:25.265 +0530] [INFO] [cadence.virtuoso.ade.simulationMonitor] - Peak resident memory used = 245 Mbytes. {"history": "ExplorerRun.0", "point": 1, "testname": "hanus_pll_loop_1", "cornername": "Nominal"}
[2026-05-19 13:56:25.265 +0530] [INFO] [cadence.virtuoso.ade.simulationMonitor] -    -   (APS) Multi-threading. The recommended number of threads is 8, consider adding +mt=8 on command line. {"history": "ExplorerRun.0", "point": 1, "testname": "hanus_pll_loop_1", "cornername": "Nominal"}
[2026-05-19 13:56:25.805 +0530] [INFO] [cadence.virtuoso.ade.simulationMonitor] - Notice from spectre during IC analysis, during periodic steady state analysis `pss'.
    There are 3 IC nodes defined. {"history": "ExplorerRun.0", "point": 1, "testname": "hanus_pll_loop_1", "cornername": "Nominal"}
[2026-05-19 14:02:46.032 +0530] [PROCESS] [cadence.virtuoso.ade.simulationMonitor] - Simulation cancelled {"hostname": "vlsi44.blr.amrita.edu", "processid": 978904, "history": "ExplorerRun.0", "testname": "hanus_pll_loop_1", "cornername": "Nominal", "point": 1, "logfile": "/home/train/hanupro/logs_train/logs1/Job16.log"}
[2026-05-19 14:02:46.033 +0530] [INFO] [cadence.virtuoso.ade.simulationMonitor] - SimulationMonitor has terminated the spectre process '981725', reason: 'the simulation point gets cancelled by GUI' {"history": "ExplorerRun.0", "point": 1, "testname": "hanus_pll_loop_1", "cornername": "Nominal"}
[2026-05-19 14:02:46.058 +0530] [PROCESS] [cadence.virtuoso.ade.simulationMonitor] - Finished simulating for one point {"hostname": "vlsi44.blr.amrita.edu", "processid": 978904, "history": "ExplorerRun.0", "testname": "hanus_pll_loop_1", "cornername": "Nominal", "point": 1, "logfile": "/home/train/hanupro/logs_train/logs1/Job16.log", "simid": "2"}
[2026-05-19 14:02:46.058 +0530] [PROCESS] [cadence.virtuoso.ade.simulationMonitor] - Simulator exited {"hostname": "vlsi44.blr.amrita.edu", "processid": 978904, "history": "ExplorerRun.0", "testname": "hanus_pll_loop_1", "cornername": "Nominal", "point": 1, "logfile": "/home/train/hanupro/logs_train/logs1/Job16.log", "exitStatus": "0"}
[2026-05-19 14:02:46.058 +0530] [PROCESS] [cadence.virtuoso.ade.simulationMonitor] - Finished Simulation {"hostname": "vlsi44.blr.amrita.edu", "processid": 978904, "history": "ExplorerRun.0", "testname": "hanus_pll_loop_1", "cornername": "Nominal", "point": 1, "logfile": "/home/train/hanupro/logs_train/logs1/Job16.log", "simid": "2"}
[2026-05-19 14:02:46.063 +0530] [PROCESS] [cadence.virtuoso.ade.simulationMonitor] - Expression evaluator launched {"hostname": "vlsi44.blr.amrita.edu", "processid": 978904, "history": "ExplorerRun.0", "testname": "hanus_pll_loop_1", "cornername": "Nominal", "point": 1, "logfile": "/home/train/hanupro/logs_train/logs1/Job16.log"}
[2026-05-19 14:02:46.071 +0530] [PROCESS] [cadence.virtuoso.ade.simulationMonitor] - Point Finished {"hostname": "vlsi44.blr.amrita.edu", "processid": 978904, "history": "ExplorerRun.0", "testname": "hanus_pll_loop_1", "cornername": "Nominal", "point": 1, "logfile": "/home/train/hanupro/logs_train/logs1/Job16.log"}
[2026-05-19 14:04:42.192 +0530] [INFO] [cadence.virtuoso.ade.simulationMonitor] - SimulationMonitor has terminated the vds process '991163', reason: 'Force to stop the expression evalutor process because of new run' {"history": "ExplorerRun.0", "point": 1, "testname": "hanus_pll_loop_1", "cornername": "Nominal"}
[2026-05-19 14:04:42.193 +0530] [PROCESS] [cadence.virtuoso.ade.simulationMonitor] - HostInfo:
Host name (type):	vlsi44.blr.amrita.edu (x86_64)
Operating system:	Linux 4.18.0-425.3.1.el8.x86_64 #1 SMP Fri Sep 30 11:45:06 EDT 2022 {"hostname": "vlsi44.blr.amrita.edu", "processid": 978904, "history": "ExplorerRun.0", "testname": "hanus_pll_loop_1", "cornername": "Nominal", "point": 1, "logfile": "/home/train/hanupro/logs_train/logs1/Job16.log", "nodename": "vlsi44.blr.amrita.edu", "domainname": "(none)", "machine": "x86_64", "sysname": "Linux", "release": "4.18.0-425.3.1.el8.x86_64", "version": "#1 SMP Fri Sep 30 11:45:06 EDT 2022"}
[2026-05-19 14:04:42.193 +0530] [PROCESS] [cadence.virtuoso.ade.simulationMonitor] - UsageInfo:
pid=978904
totalPhysicalMemory=15.338570GB,Used=4.571995GB,totalVirtualMemory=46.588566GB,Used=5.187717GB
Cpu: Cores=20, Load average:1.040000,3.410000,2.170000 {"hostname": "vlsi44.blr.amrita.edu", "processid": 978904, "history": "ExplorerRun.0", "testname": "hanus_pll_loop_1", "cornername": "Nominal", "point": 1, "logfile": "/home/train/hanupro/logs_train/logs1/Job16.log", "pid": "978904", "totalPhysicalMemory": "15.338570", "physicalMemoryUsed": "4.571995", "totalVirtualMemory": "46.588566", "virtualMemoryUsed": "5.187717", "cpuCores": "20", "processes": "1256", "loadAverage1": "1.040000", "loadAverage5": "3.410000", "loadAverage15": "2.170000", "loadAverage1Percent": "0.052000"}
[2026-05-19 14:04:42.193 +0530] [EVENT] [cadence.virtuoso.ade.simulationMonitor] - NewPoint {"history": "ExplorerRun.0", "point": 1, "testname": "hanus_pll_loop_1", "cornername": "Nominal", "event": "NewPoint", "EventSource": "Simulation Monitor", "HistoryName": "ExplorerRun.0", "logFile": "/home/train/hanupro/logs_train/logs1/Job16.log", "logFileSize": "21483"}
[2026-05-19 14:04:42.294 +0530] [EVENT] [cadence.virtuoso.ade.simulationMonitor] - NewPoint {"history": "ExplorerRun.0", "point": 1, "testname": "hanus_pll_loop_1", "cornername": "Nominal", "event": "NewPoint", "EventSource": "spectre", "HistoryName": "ExplorerRun.0", "logFile": "/home/train/simulation/hanus/pll_loop/maestro/results/maestro/ExplorerRun.0/1/hanus_pll_loop_1/psf/spectre.out", "logFileSize": "-1"}
[2026-05-19 14:04:42.297 +0530] [PROCESS] [cadence.virtuoso.ade.simulationMonitor] - Simulator launched {"hostname": "vlsi44.blr.amrita.edu", "processid": 978904, "history": "ExplorerRun.0", "testname": "hanus_pll_loop_1", "cornername": "Nominal", "point": 1, "logfile": "/home/train/hanupro/logs_train/logs1/Job16.log", "simid": "3"}
[2026-05-19 14:04:42.300 +0530] [PROCESS] [cadence.virtuoso.ade.simulationMonitor] - Expression evaluator launched {"hostname": "vlsi44.blr.amrita.edu", "processid": 978904, "history": "ExplorerRun.0", "testname": "hanus_pll_loop_1", "cornername": "Nominal", "point": 1, "logfile": "/home/train/hanupro/logs_train/logs1/Job16.log"}
[2026-05-19 14:04:42.304 +0530] [PROCESS] [cadence.virtuoso.ade.simulationMonitor] - Started Simulation {"hostname": "vlsi44.blr.amrita.edu", "processid": 978904, "history": "ExplorerRun.0", "testname": "hanus_pll_loop_1", "cornername": "Nominal", "point": 1, "logfile": "/home/train/hanupro/logs_train/logs1/Job16.log", "event": "started", "task": "simulation"}
[2026-05-19 14:04:48.345 +0530] [INFO] [cadence.virtuoso.ade.simulationMonitor] - Peak resident memory used = 155 Mbytes. {"history": "ExplorerRun.0", "point": 1, "testname": "hanus_pll_loop_1", "cornername": "Nominal"}
[2026-05-19 14:04:48.346 +0530] [INFO] [cadence.virtuoso.ade.simulationMonitor] - Peak resident memory used = 209 Mbytes. {"history": "ExplorerRun.0", "point": 1, "testname": "hanus_pll_loop_1", "cornername": "Nominal"}
[2026-05-19 14:04:48.346 +0530] [INFO] [cadence.virtuoso.ade.simulationMonitor] - Notice from spectre during hierarchy flattening.
    The value 'psf' specified for the 'checklimitdest' option will no longer be supported in future releases. Use 'spectre -h' to see other recommended values for the 'checklimitdest' option. {"history": "ExplorerRun.0", "point": 1, "testname": "hanus_pll_loop_1", "cornername": "Nominal"}
[2026-05-19 14:04:48.346 +0530] [INFO] [cadence.virtuoso.ade.simulationMonitor] - Peak resident memory used = 232 Mbytes. {"history": "ExplorerRun.0", "point": 1, "testname": "hanus_pll_loop_1", "cornername": "Nominal"}
[2026-05-19 14:04:48.346 +0530] [WARN] [cadence.virtuoso.ade.simulationMonitor] -     WARNING (SPECTRE-7): No DC path from node `I1.I4.I5.net1' to ground. {"history": "ExplorerRun.0", "point": 1, "testname": "hanus_pll_loop_1", "cornername": "Nominal"}
[2026-05-19 14:04:48.346 +0530] [WARN] [cadence.virtuoso.ade.simulationMonitor] -     WARNING (SPECTRE-7): No DC path from node `I1.I5.I5.net1' to ground. {"history": "ExplorerRun.0", "point": 1, "testname": "hanus_pll_loop_1", "cornername": "Nominal"}
[2026-05-19 14:04:48.346 +0530] [WARN] [cadence.virtuoso.ade.simulationMonitor] -     WARNING (SPECTRE-7): No DC path from node `I1.I3.I5.net1' to ground. {"history": "ExplorerRun.0", "point": 1, "testname": "hanus_pll_loop_1", "cornername": "Nominal"}
[2026-05-19 14:04:48.346 +0530] [WARN] [cadence.virtuoso.ade.simulationMonitor] -     WARNING (SPECTRE-7): No DC path from node `I1.I1.I5.net1' to ground. {"history": "ExplorerRun.0", "point": 1, "testname": "hanus_pll_loop_1", "cornername": "Nominal"}
[2026-05-19 14:04:48.346 +0530] [WARN] [cadence.virtuoso.ade.simulationMonitor] -     WARNING (SPECTRE-7): No DC path from node `I1.I0.I5.net1' to ground.
        Further occurrences of this warning will be suppressed. {"history": "ExplorerRun.0", "point": 1, "testname": "hanus_pll_loop_1", "cornername": "Nominal"}
[2026-05-19 14:04:48.847 +0530] [INFO] [cadence.virtuoso.ade.simulationMonitor] -               nodes 5245 {"history": "ExplorerRun.0", "point": 1, "testname": "hanus_pll_loop_1", "cornername": "Nominal"}
[2026-05-19 14:04:48.847 +0530] [INFO] [cadence.virtuoso.ade.simulationMonitor] - Notice from spectre during initial setup.
    APS enabled.
    13 warnings suppressed. {"history": "ExplorerRun.0", "point": 1, "testname": "hanus_pll_loop_1", "cornername": "Nominal"}
[2026-05-19 14:04:55.386 +0530] [INFO] [cadence.virtuoso.ade.simulationMonitor] - Notice from spectre.
    Multithreading enabled: 8 threads in the system with 20 available processors. {"history": "ExplorerRun.0", "point": 1, "testname": "hanus_pll_loop_1", "cornername": "Nominal"}
[2026-05-19 14:04:55.386 +0530] [INFO] [cadence.virtuoso.ade.simulationMonitor] - Peak resident memory used = 250 Mbytes. {"history": "ExplorerRun.0", "point": 1, "testname": "hanus_pll_loop_1", "cornername": "Nominal"}
[2026-05-19 14:04:55.387 +0530] [INFO] [cadence.virtuoso.ade.simulationMonitor] -    -   (APS) Multi-threading. The recommended number of threads is 8, consider adding +mt=8 on command line. {"history": "ExplorerRun.0", "point": 1, "testname": "hanus_pll_loop_1", "cornername": "Nominal"}
[2026-05-19 14:04:56.387 +0530] [INFO] [cadence.virtuoso.ade.simulationMonitor] - Notice from spectre during IC analysis, during periodic steady state analysis `pss'.
    There are 3 IC nodes defined. {"history": "ExplorerRun.0", "point": 1, "testname": "hanus_pll_loop_1", "cornername": "Nominal"}
[2026-05-19 14:10:36.392 +0530] [PROCESS] [cadence.virtuoso.ade.simulationMonitor] - Simulation cancelled {"hostname": "vlsi44.blr.amrita.edu", "processid": 978904, "history": "ExplorerRun.0", "testname": "hanus_pll_loop_1", "cornername": "Nominal", "point": 1, "logfile": "/home/train/hanupro/logs_train/logs1/Job16.log"}
[2026-05-19 14:10:36.393 +0530] [INFO] [cadence.virtuoso.ade.simulationMonitor] - SimulationMonitor has terminated the spectre process '994060', reason: 'the simulation point gets cancelled by GUI' {"history": "ExplorerRun.0", "point": 1, "testname": "hanus_pll_loop_1", "cornername": "Nominal"}
[2026-05-19 14:10:36.492 +0530] [PROCESS] [cadence.virtuoso.ade.simulationMonitor] - Finished simulating for one point {"hostname": "vlsi44.blr.amrita.edu", "processid": 978904, "history": "ExplorerRun.0", "testname": "hanus_pll_loop_1", "cornername": "Nominal", "point": 1, "logfile": "/home/train/hanupro/logs_train/logs1/Job16.log", "simid": "3"}
[2026-05-19 14:10:36.493 +0530] [PROCESS] [cadence.virtuoso.ade.simulationMonitor] - Simulator exited {"hostname": "vlsi44.blr.amrita.edu", "processid": 978904, "history": "ExplorerRun.0", "testname": "hanus_pll_loop_1", "cornername": "Nominal", "point": 1, "logfile": "/home/train/hanupro/logs_train/logs1/Job16.log", "exitStatus": "0"}
[2026-05-19 14:10:36.493 +0530] [PROCESS] [cadence.virtuoso.ade.simulationMonitor] - Finished Simulation {"hostname": "vlsi44.blr.amrita.edu", "processid": 978904, "history": "ExplorerRun.0", "testname": "hanus_pll_loop_1", "cornername": "Nominal", "point": 1, "logfile": "/home/train/hanupro/logs_train/logs1/Job16.log", "simid": "3"}
[2026-05-19 14:10:36.497 +0530] [PROCESS] [cadence.virtuoso.ade.simulationMonitor] - Expression evaluator launched {"hostname": "vlsi44.blr.amrita.edu", "processid": 978904, "history": "ExplorerRun.0", "testname": "hanus_pll_loop_1", "cornername": "Nominal", "point": 1, "logfile": "/home/train/hanupro/logs_train/logs1/Job16.log"}
[2026-05-19 14:10:36.503 +0530] [PROCESS] [cadence.virtuoso.ade.simulationMonitor] - Point Finished {"hostname": "vlsi44.blr.amrita.edu", "processid": 978904, "history": "ExplorerRun.0", "testname": "hanus_pll_loop_1", "cornername": "Nominal", "point": 1, "logfile": "/home/train/hanupro/logs_train/logs1/Job16.log"}
[2026-05-19 14:12:15.958 +0530] [INFO] [cadence.virtuoso.ade.simulationMonitor] - SimulationMonitor has terminated the vds process '1003268', reason: 'Force to stop the expression evalutor process because of new run' {"history": "ExplorerRun.0", "point": 1, "testname": "hanus_pll_loop_1", "cornername": "Nominal"}
[2026-05-19 14:12:15.959 +0530] [PROCESS] [cadence.virtuoso.ade.simulationMonitor] - HostInfo:
Host name (type):	vlsi44.blr.amrita.edu (x86_64)
Operating system:	Linux 4.18.0-425.3.1.el8.x86_64 #1 SMP Fri Sep 30 11:45:06 EDT 2022 {"hostname": "vlsi44.blr.amrita.edu", "processid": 978904, "history": "ExplorerRun.0", "testname": "hanus_pll_loop_1", "cornername": "Nominal", "point": 1, "logfile": "/home/train/hanupro/logs_train/logs1/Job16.log", "nodename": "vlsi44.blr.amrita.edu", "domainname": "(none)", "machine": "x86_64", "sysname": "Linux", "release": "4.18.0-425.3.1.el8.x86_64", "version": "#1 SMP Fri Sep 30 11:45:06 EDT 2022"}
[2026-05-19 14:12:15.959 +0530] [PROCESS] [cadence.virtuoso.ade.simulationMonitor] - UsageInfo:
pid=978904
totalPhysicalMemory=15.338570GB,Used=4.585381GB,totalVirtualMemory=46.588566GB,Used=5.200859GB
Cpu: Cores=20, Load average:1.310000,3.930000,3.150000 {"hostname": "vlsi44.blr.amrita.edu", "processid": 978904, "history": "ExplorerRun.0", "testname": "hanus_pll_loop_1", "cornername": "Nominal", "point": 1, "logfile": "/home/train/hanupro/logs_train/logs1/Job16.log", "pid": "978904", "totalPhysicalMemory": "15.338570", "physicalMemoryUsed": "4.585381", "totalVirtualMemory": "46.588566", "virtualMemoryUsed": "5.200859", "cpuCores": "20", "processes": "1260", "loadAverage1": "1.310000", "loadAverage5": "3.930000", "loadAverage15": "3.150000", "loadAverage1Percent": "0.065500"}
[2026-05-19 14:12:15.959 +0530] [EVENT] [cadence.virtuoso.ade.simulationMonitor] - NewPoint {"history": "ExplorerRun.0", "point": 1, "testname": "hanus_pll_loop_1", "cornername": "Nominal", "event": "NewPoint", "EventSource": "Simulation Monitor", "HistoryName": "ExplorerRun.0", "logFile": "/home/train/hanupro/logs_train/logs1/Job16.log", "logFileSize": "31300"}
[2026-05-19 14:12:16.060 +0530] [EVENT] [cadence.virtuoso.ade.simulationMonitor] - NewPoint {"history": "ExplorerRun.0", "point": 1, "testname": "hanus_pll_loop_1", "cornername": "Nominal", "event": "NewPoint", "EventSource": "spectre", "HistoryName": "ExplorerRun.0", "logFile": "/home/train/simulation/hanus/pll_loop/maestro/results/maestro/ExplorerRun.0/1/hanus_pll_loop_1/psf/spectre.out", "logFileSize": "-1"}
[2026-05-19 14:12:16.062 +0530] [PROCESS] [cadence.virtuoso.ade.simulationMonitor] - Simulator launched {"hostname": "vlsi44.blr.amrita.edu", "processid": 978904, "history": "ExplorerRun.0", "testname": "hanus_pll_loop_1", "cornername": "Nominal", "point": 1, "logfile": "/home/train/hanupro/logs_train/logs1/Job16.log", "simid": "4"}
[2026-05-19 14:12:16.064 +0530] [PROCESS] [cadence.virtuoso.ade.simulationMonitor] - Expression evaluator launched {"hostname": "vlsi44.blr.amrita.edu", "processid": 978904, "history": "ExplorerRun.0", "testname": "hanus_pll_loop_1", "cornername": "Nominal", "point": 1, "logfile": "/home/train/hanupro/logs_train/logs1/Job16.log"}
[2026-05-19 14:12:16.068 +0530] [PROCESS] [cadence.virtuoso.ade.simulationMonitor] - Started Simulation {"hostname": "vlsi44.blr.amrita.edu", "processid": 978904, "history": "ExplorerRun.0", "testname": "hanus_pll_loop_1", "cornername": "Nominal", "point": 1, "logfile": "/home/train/hanupro/logs_train/logs1/Job16.log", "event": "started", "task": "simulation"}
[2026-05-19 14:12:18.569 +0530] [INFO] [cadence.virtuoso.ade.simulationMonitor] - Peak resident memory used = 152 Mbytes. {"history": "ExplorerRun.0", "point": 1, "testname": "hanus_pll_loop_1", "cornername": "Nominal"}
[2026-05-19 14:12:18.569 +0530] [INFO] [cadence.virtuoso.ade.simulationMonitor] - Peak resident memory used = 206 Mbytes. {"history": "ExplorerRun.0", "point": 1, "testname": "hanus_pll_loop_1", "cornername": "Nominal"}
[2026-05-19 14:12:18.569 +0530] [INFO] [cadence.virtuoso.ade.simulationMonitor] - Notice from spectre during hierarchy flattening.
    The value 'psf' specified for the 'checklimitdest' option will no longer be supported in future releases. Use 'spectre -h' to see other recommended values for the 'checklimitdest' option. {"history": "ExplorerRun.0", "point": 1, "testname": "hanus_pll_loop_1", "cornername": "Nominal"}
[2026-05-19 14:12:18.569 +0530] [INFO] [cadence.virtuoso.ade.simulationMonitor] - Peak resident memory used = 229 Mbytes. {"history": "ExplorerRun.0", "point": 1, "testname": "hanus_pll_loop_1", "cornername": "Nominal"}
[2026-05-19 14:12:18.569 +0530] [WARN] [cadence.virtuoso.ade.simulationMonitor] -     WARNING (SPECTRE-7): No DC path from node `I1.I4.I5.net1' to ground. {"history": "ExplorerRun.0", "point": 1, "testname": "hanus_pll_loop_1", "cornername": "Nominal"}
[2026-05-19 14:12:18.569 +0530] [WARN] [cadence.virtuoso.ade.simulationMonitor] -     WARNING (SPECTRE-7): No DC path from node `I1.I5.I5.net1' to ground. {"history": "ExplorerRun.0", "point": 1, "testname": "hanus_pll_loop_1", "cornername": "Nominal"}
[2026-05-19 14:12:18.570 +0530] [WARN] [cadence.virtuoso.ade.simulationMonitor] -     WARNING (SPECTRE-7): No DC path from node `I1.I3.I5.net1' to ground. {"history": "ExplorerRun.0", "point": 1, "testname": "hanus_pll_loop_1", "cornername": "Nominal"}
[2026-05-19 14:12:18.570 +0530] [WARN] [cadence.virtuoso.ade.simulationMonitor] -     WARNING (SPECTRE-7): No DC path from node `I1.I1.I5.net1' to ground. {"history": "ExplorerRun.0", "point": 1, "testname": "hanus_pll_loop_1", "cornername": "Nominal"}
[2026-05-19 14:12:18.570 +0530] [WARN] [cadence.virtuoso.ade.simulationMonitor] -     WARNING (SPECTRE-7): No DC path from node `I1.I0.I5.net1' to ground.
        Further occurrences of this warning will be suppressed. {"history": "ExplorerRun.0", "point": 1, "testname": "hanus_pll_loop_1", "cornername": "Nominal"}
[2026-05-19 14:12:19.070 +0530] [INFO] [cadence.virtuoso.ade.simulationMonitor] -               nodes 5245 {"history": "ExplorerRun.0", "point": 1, "testname": "hanus_pll_loop_1", "cornername": "Nominal"}
[2026-05-19 14:12:19.070 +0530] [INFO] [cadence.virtuoso.ade.simulationMonitor] - Notice from spectre during initial setup.
    APS enabled.
    13 warnings suppressed. {"history": "ExplorerRun.0", "point": 1, "testname": "hanus_pll_loop_1", "cornername": "Nominal"}
[2026-05-19 14:12:19.571 +0530] [INFO] [cadence.virtuoso.ade.simulationMonitor] - Notice from spectre.
    Multithreading enabled: 8 threads in the system with 20 available processors. {"history": "ExplorerRun.0", "point": 1, "testname": "hanus_pll_loop_1", "cornername": "Nominal"}
[2026-05-19 14:12:19.571 +0530] [INFO] [cadence.virtuoso.ade.simulationMonitor] - Peak resident memory used = 247 Mbytes. {"history": "ExplorerRun.0", "point": 1, "testname": "hanus_pll_loop_1", "cornername": "Nominal"}
[2026-05-19 14:12:19.571 +0530] [INFO] [cadence.virtuoso.ade.simulationMonitor] -    -   (APS) Multi-threading. The recommended number of threads is 8, consider adding +mt=8 on command line. {"history": "ExplorerRun.0", "point": 1, "testname": "hanus_pll_loop_1", "cornername": "Nominal"}
[2026-05-19 14:12:20.632 +0530] [INFO] [cadence.virtuoso.ade.simulationMonitor] - Notice from spectre during IC analysis, during periodic steady state analysis `pss'.
    There are 5 IC nodes defined. {"history": "ExplorerRun.0", "point": 1, "testname": "hanus_pll_loop_1", "cornername": "Nominal"}
[2026-05-19 14:12:20.632 +0530] [WARN] [cadence.virtuoso.ade.simulationMonitor] -     WARNING (SPECTRE-17109): Initial condition of 1.2 V between nodes net4 and 0 converted into initial guess (nodeset) because there is a direct connection to ground by vsource. {"history": "ExplorerRun.0", "point": 1, "testname": "hanus_pll_loop_1", "cornername": "Nominal"}
[2026-05-19 14:12:25.133 +0530] [INFO] [cadence.virtuoso.ade.simulationMonitor] - Notice from spectre during IC analysis, during periodic steady state analysis `pss'.
    Bad pivoting is found during DC analysis. Option dc_pivot_check=yes is recommended for possible improvement of convergence.
    Initial condition computed for node vout4- is in error by 4.12139 uV.
    Initial condition computed for node vout2+ is in error by 4.12099 uV.
        Decrease `rforce' to reduce error in computed initial conditions.  However, setting rforce too small may result in convergence difficulties or... {"history": "ExplorerRun.0", "point": 1, "testname": "hanus_pll_loop_1", "cornername": "Nominal"}
