[Simulation Monitor: 23]
[2026-05-10 11:34:06.358 +0530] [PROCESS] [cadence.virtuoso.ade.simulationMonitor] - Simulation Monitor has successfully started up. Trying to set up communication channels to other components ... {"hostname": "vlsi44.blr.amrita.edu", "processid": 1710759, "logfile": "/home/train/hanupro/logs_train/logs1/Job23.log"}
[2026-05-10 11:34:06.359 +0530] [PROCESS] [cadence.virtuoso.ade.simulationMonitor] - Communication channels have been successfully set up. Start processing events ... {"hostname": "vlsi44.blr.amrita.edu", "processid": 1710759, "logfile": "/home/train/hanupro/logs_train/logs1/Job23.log"}
[2026-05-10 11:34:06.359 +0530] [PROCESS] [cadence.virtuoso.ade.simulationMonitor] - Considering to start history {"hostname": "vlsi44.blr.amrita.edu", "processid": 1710759, "history": "ExplorerRun.0", "logfile": "/home/train/hanupro/logs_train/logs1/Job23.log"}
[2026-05-10 11:34:06.360 +0530] [PROCESS] [cadence.virtuoso.ade.simulationMonitor] - HostInfo:
Host name (type):	vlsi44.blr.amrita.edu (x86_64)
Operating system:	Linux 4.18.0-425.3.1.el8.x86_64 #1 SMP Fri Sep 30 11:45:06 EDT 2022 {"hostname": "vlsi44.blr.amrita.edu", "processid": 1710759, "history": "ExplorerRun.0", "logfile": "/home/train/hanupro/logs_train/logs1/Job23.log", "nodename": "vlsi44.blr.amrita.edu", "domainname": "(none)", "machine": "x86_64", "sysname": "Linux", "release": "4.18.0-425.3.1.el8.x86_64", "version": "#1 SMP Fri Sep 30 11:45:06 EDT 2022"}
[2026-05-10 11:34:06.361 +0530] [PROCESS] [cadence.virtuoso.ade.simulationMonitor] - UsageInfo:
pid=1710759
totalPhysicalMemory=15.338570GB,Used=6.373730GB,totalVirtualMemory=46.588566GB,Used=6.373730GB
Cpu: Cores=20, Load average:0.090000,0.260000,0.330000 {"hostname": "vlsi44.blr.amrita.edu", "processid": 1710759, "history": "ExplorerRun.0", "logfile": "/home/train/hanupro/logs_train/logs1/Job23.log", "pid": "1710759", "totalPhysicalMemory": "15.338570", "physicalMemoryUsed": "6.373730", "totalVirtualMemory": "46.588566", "virtualMemoryUsed": "6.373730", "cpuCores": "20", "processes": "1093", "loadAverage1": "0.090000", "loadAverage5": "0.260000", "loadAverage15": "0.330000", "loadAverage1Percent": "0.004500"}
[2026-05-10 11:34:06.361 +0530] [EVENT] [cadence.virtuoso.ade.simulationMonitor] - NewPoint {"history": "ExplorerRun.0", "point": 1, "testname": "hanus_new_vco_1", "cornername": "Nominal", "event": "NewPoint", "EventSource": "Simulation Monitor", "HistoryName": "ExplorerRun.0", "logFile": "/home/train/hanupro/logs_train/logs1/Job23.log", "logFileSize": "2187"}
[2026-05-10 11:34:06.462 +0530] [EVENT] [cadence.virtuoso.ade.simulationMonitor] - NewPoint {"history": "ExplorerRun.0", "point": 1, "testname": "hanus_new_vco_1", "cornername": "Nominal", "event": "NewPoint", "EventSource": "spectre", "HistoryName": "ExplorerRun.0", "logFile": "/home/train/simulation/hanus/new_vco/maestro/results/maestro/ExplorerRun.0/1/hanus_new_vco_1/psf/spectre.out", "logFileSize": "-1"}
[2026-05-10 11:34:06.465 +0530] [PROCESS] [cadence.virtuoso.ade.simulationMonitor] - Simulator launched {"hostname": "vlsi44.blr.amrita.edu", "processid": 1710759, "history": "ExplorerRun.0", "testname": "hanus_new_vco_1", "cornername": "Nominal", "point": 1, "logfile": "/home/train/hanupro/logs_train/logs1/Job23.log", "simid": "1"}
[2026-05-10 11:34:06.466 +0530] [PROCESS] [cadence.virtuoso.ade.simulationMonitor] - Expression evaluator launched {"hostname": "vlsi44.blr.amrita.edu", "processid": 1710759, "history": "ExplorerRun.0", "testname": "hanus_new_vco_1", "cornername": "Nominal", "point": 1, "logfile": "/home/train/hanupro/logs_train/logs1/Job23.log"}
[2026-05-10 11:34:06.470 +0530] [PROCESS] [cadence.virtuoso.ade.simulationMonitor] - Started Simulation {"hostname": "vlsi44.blr.amrita.edu", "processid": 1710759, "history": "ExplorerRun.0", "testname": "hanus_new_vco_1", "cornername": "Nominal", "point": 1, "logfile": "/home/train/hanupro/logs_train/logs1/Job23.log", "event": "started", "task": "simulation"}
[2026-05-10 11:34:09.471 +0530] [INFO] [cadence.virtuoso.ade.simulationMonitor] - Peak resident memory used = 155 Mbytes. {"history": "ExplorerRun.0", "point": 1, "testname": "hanus_new_vco_1", "cornername": "Nominal"}
[2026-05-10 11:34:09.472 +0530] [INFO] [cadence.virtuoso.ade.simulationMonitor] - Peak resident memory used = 168 Mbytes. {"history": "ExplorerRun.0", "point": 1, "testname": "hanus_new_vco_1", "cornername": "Nominal"}
[2026-05-10 11:34:09.472 +0530] [INFO] [cadence.virtuoso.ade.simulationMonitor] - Notice from spectre during hierarchy flattening.
    The value 'psf' specified for the 'checklimitdest' option will no longer be supported in future releases. Use 'spectre -h' to see other recommended values for the 'checklimitdest' option. {"history": "ExplorerRun.0", "point": 1, "testname": "hanus_new_vco_1", "cornername": "Nominal"}
[2026-05-10 11:34:09.472 +0530] [INFO] [cadence.virtuoso.ade.simulationMonitor] - Peak resident memory used = 169 Mbytes. {"history": "ExplorerRun.0", "point": 1, "testname": "hanus_new_vco_1", "cornername": "Nominal"}
[2026-05-10 11:34:09.973 +0530] [WARN] [cadence.virtuoso.ade.simulationMonitor] -     WARNING (CMI-2426): I5.NM1: `Pdiblc2' = -1.54576e-09 is negative. {"history": "ExplorerRun.0", "point": 1, "testname": "hanus_new_vco_1", "cornername": "Nominal"}
[2026-05-10 11:34:09.973 +0530] [INFO] [cadence.virtuoso.ade.simulationMonitor] - Notice from spectre during initial setup.
    Multithreading is disabled due to the size of the design being too small. {"history": "ExplorerRun.0", "point": 1, "testname": "hanus_new_vco_1", "cornername": "Nominal"}
[2026-05-10 11:34:09.973 +0530] [INFO] [cadence.virtuoso.ade.simulationMonitor] -               nodes 62 {"history": "ExplorerRun.0", "point": 1, "testname": "hanus_new_vco_1", "cornername": "Nominal"}
[2026-05-10 11:34:09.973 +0530] [INFO] [cadence.virtuoso.ade.simulationMonitor] - Notice from spectre during initial setup.
    APS enabled. {"history": "ExplorerRun.0", "point": 1, "testname": "hanus_new_vco_1", "cornername": "Nominal"}
[2026-05-10 11:34:09.973 +0530] [WARN] [cadence.virtuoso.ade.simulationMonitor] -     WARNING (CMI-2426): I5.NM1: `Pdiblc2' = -1.54576e-09 is negative. {"history": "ExplorerRun.0", "point": 1, "testname": "hanus_new_vco_1", "cornername": "Nominal"}
[2026-05-10 11:34:09.973 +0530] [INFO] [cadence.virtuoso.ade.simulationMonitor] - Peak resident memory used = 172 Mbytes. {"history": "ExplorerRun.0", "point": 1, "testname": "hanus_new_vco_1", "cornername": "Nominal"}
[2026-05-10 11:34:09.974 +0530] [INFO] [cadence.virtuoso.ade.simulationMonitor] -    -   (APS) Multi-threading. The recommended number of threads is 1, consider adding +mt=1 on command line. {"history": "ExplorerRun.0", "point": 1, "testname": "hanus_new_vco_1", "cornername": "Nominal"}
[2026-05-10 11:34:09.974 +0530] [INFO] [cadence.virtuoso.ade.simulationMonitor] - Notice from spectre during IC analysis, during transient analysis `tran'.
    There are 2 IC nodes defined. {"history": "ExplorerRun.0", "point": 1, "testname": "hanus_new_vco_1", "cornername": "Nominal"}
[2026-05-10 11:34:09.974 +0530] [INFO] [cadence.virtuoso.ade.simulationMonitor] - Notice from spectre during IC analysis, during transient analysis `tran'.
    Initial condition computed for node net6 is in error by 84.818 uV.
    Initial condition computed for node net2 is in error by 84.818 uV.
        Decrease `rforce' to reduce error in computed initial conditions.  However, setting rforce too small may result in convergence difficulties or in the matrix becoming singular. {"history": "ExplorerRun.0", "point": 1, "testname": "hanus_new_vco_1", "cornername": "Nominal"}
[2026-05-10 11:34:09.974 +0530] [INFO] [cadence.virtuoso.ade.simulationMonitor] - Notice from spectre during transient analysis `tran'.
    Multithreading is disabled due to the size of the design being too small. {"history": "ExplorerRun.0", "point": 1, "testname": "hanus_new_vco_1", "cornername": "Nominal"}
[2026-05-10 11:34:16.554 +0530] [INFO] [cadence.virtuoso.ade.simulationMonitor] - Total time required for tran analysis `tran': CPU = 6.97551 s, elapsed = 6.98823 s, util. = 99.8%. {"history": "ExplorerRun.0", "point": 1, "testname": "hanus_new_vco_1", "cornername": "Nominal"}
[2026-05-10 11:34:16.554 +0530] [INFO] [cadence.virtuoso.ade.simulationMonitor] - Peak resident memory used = 321 Mbytes. {"history": "ExplorerRun.0", "point": 1, "testname": "hanus_new_vco_1", "cornername": "Nominal"}
[2026-05-10 11:34:16.554 +0530] [INFO] [cadence.virtuoso.ade.simulationMonitor] - Time used: CPU = 7.45 s, elapsed = 9.75 s, util. = 76.4%. {"history": "ExplorerRun.0", "point": 1, "testname": "hanus_new_vco_1", "cornername": "Nominal"}
[2026-05-10 11:34:16.554 +0530] [INFO] [cadence.virtuoso.ade.simulationMonitor] - Time spent in licensing: elapsed = 2.13 s, percentage of total = 21.8%. {"history": "ExplorerRun.0", "point": 1, "testname": "hanus_new_vco_1", "cornername": "Nominal"}
[2026-05-10 11:34:16.554 +0530] [INFO] [cadence.virtuoso.ade.simulationMonitor] - Peak memory used = 323 Mbytes. {"history": "ExplorerRun.0", "point": 1, "testname": "hanus_new_vco_1", "cornername": "Nominal"}
[2026-05-10 11:34:16.554 +0530] [PROCESS] [cadence.virtuoso.ade.simulationMonitor] - Simulation started at: 11:34:06 AM, Sun May 10, 2026, ended at: 11:34:16 AM, Sun May 10, 2026, with elapsed time (wall clock): 9.75 s. {"history": "ExplorerRun.0", "point": 1, "testname": "hanus_new_vco_1", "cornername": "Nominal"}
[2026-05-10 11:34:16.554 +0530] [PROCESS] [cadence.virtuoso.ade.simulationMonitor] - spectre completes with 0 errors, 2 warnings, and 8 notices. {"history": "ExplorerRun.0", "point": 1, "testname": "hanus_new_vco_1", "cornername": "Nominal"}
[2026-05-10 11:34:17.055 +0530] [PROCESS] [cadence.virtuoso.ade.simulationMonitor] - Finished simulating for one point {"hostname": "vlsi44.blr.amrita.edu", "processid": 1710759, "history": "ExplorerRun.0", "testname": "hanus_new_vco_1", "cornername": "Nominal", "point": 1, "logfile": "/home/train/hanupro/logs_train/logs1/Job23.log", "simid": "1"}
[2026-05-10 11:34:17.055 +0530] [PROCESS] [cadence.virtuoso.ade.simulationMonitor] - Simulator exited {"hostname": "vlsi44.blr.amrita.edu", "processid": 1710759, "history": "ExplorerRun.0", "testname": "hanus_new_vco_1", "cornername": "Nominal", "point": 1, "logfile": "/home/train/hanupro/logs_train/logs1/Job23.log", "exitStatus": "0"}
[2026-05-10 11:34:17.056 +0530] [PROCESS] [cadence.virtuoso.ade.simulationMonitor] - Finished Simulation {"hostname": "vlsi44.blr.amrita.edu", "processid": 1710759, "history": "ExplorerRun.0", "testname": "hanus_new_vco_1", "cornername": "Nominal", "point": 1, "logfile": "/home/train/hanupro/logs_train/logs1/Job23.log", "simid": "1"}
[2026-05-10 11:34:18.060 +0530] [PROCESS] [cadence.virtuoso.ade.simulationMonitor] - Point Finished {"hostname": "vlsi44.blr.amrita.edu", "processid": 1710759, "history": "ExplorerRun.0", "testname": "hanus_new_vco_1", "cornername": "Nominal", "point": 1, "logfile": "/home/train/hanupro/logs_train/logs1/Job23.log"}
[2026-05-10 11:35:51.596 +0530] [INFO] [cadence.virtuoso.ade.simulationMonitor] - SimulationMonitor has terminated the vds process '1710842', reason: 'Force to stop the expression evalutor process because of new run' {"history": "ExplorerRun.0", "point": 1, "testname": "hanus_new_vco_1", "cornername": "Nominal"}
[2026-05-10 11:35:51.596 +0530] [PROCESS] [cadence.virtuoso.ade.simulationMonitor] - HostInfo:
Host name (type):	vlsi44.blr.amrita.edu (x86_64)
Operating system:	Linux 4.18.0-425.3.1.el8.x86_64 #1 SMP Fri Sep 30 11:45:06 EDT 2022 {"hostname": "vlsi44.blr.amrita.edu", "processid": 1710759, "history": "ExplorerRun.0", "testname": "hanus_new_vco_1", "cornername": "Nominal", "point": 1, "logfile": "/home/train/hanupro/logs_train/logs1/Job23.log", "nodename": "vlsi44.blr.amrita.edu", "domainname": "(none)", "machine": "x86_64", "sysname": "Linux", "release": "4.18.0-425.3.1.el8.x86_64", "version": "#1 SMP Fri Sep 30 11:45:06 EDT 2022"}
[2026-05-10 11:35:51.596 +0530] [PROCESS] [cadence.virtuoso.ade.simulationMonitor] - UsageInfo:
pid=1710759
totalPhysicalMemory=15.338570GB,Used=6.507702GB,totalVirtualMemory=46.588566GB,Used=6.507702GB
Cpu: Cores=20, Load average:0.170000,0.250000,0.320000 {"hostname": "vlsi44.blr.amrita.edu", "processid": 1710759, "history": "ExplorerRun.0", "testname": "hanus_new_vco_1", "cornername": "Nominal", "point": 1, "logfile": "/home/train/hanupro/logs_train/logs1/Job23.log", "pid": "1710759", "totalPhysicalMemory": "15.338570", "physicalMemoryUsed": "6.507702", "totalVirtualMemory": "46.588566", "virtualMemoryUsed": "6.507702", "cpuCores": "20", "processes": "1094", "loadAverage1": "0.170000", "loadAverage5": "0.250000", "loadAverage15": "0.320000", "loadAverage1Percent": "0.008500"}
[2026-05-10 11:35:51.596 +0530] [EVENT] [cadence.virtuoso.ade.simulationMonitor] - NewPoint {"history": "ExplorerRun.0", "point": 1, "testname": "hanus_new_vco_1", "cornername": "Nominal", "event": "NewPoint", "EventSource": "Simulation Monitor", "HistoryName": "ExplorerRun.0", "logFile": "/home/train/hanupro/logs_train/logs1/Job23.log", "logFileSize": "12828"}
[2026-05-10 11:35:51.697 +0530] [EVENT] [cadence.virtuoso.ade.simulationMonitor] - NewPoint {"history": "ExplorerRun.0", "point": 1, "testname": "hanus_new_vco_1", "cornername": "Nominal", "event": "NewPoint", "EventSource": "spectre", "HistoryName": "ExplorerRun.0", "logFile": "/home/train/simulation/hanus/new_vco/maestro/results/maestro/ExplorerRun.0/1/hanus_new_vco_1/psf/spectre.out", "logFileSize": "-1"}
[2026-05-10 11:35:51.700 +0530] [PROCESS] [cadence.virtuoso.ade.simulationMonitor] - Simulator launched {"hostname": "vlsi44.blr.amrita.edu", "processid": 1710759, "history": "ExplorerRun.0", "testname": "hanus_new_vco_1", "cornername": "Nominal", "point": 1, "logfile": "/home/train/hanupro/logs_train/logs1/Job23.log", "simid": "2"}
[2026-05-10 11:35:51.702 +0530] [PROCESS] [cadence.virtuoso.ade.simulationMonitor] - Expression evaluator launched {"hostname": "vlsi44.blr.amrita.edu", "processid": 1710759, "history": "ExplorerRun.0", "testname": "hanus_new_vco_1", "cornername": "Nominal", "point": 1, "logfile": "/home/train/hanupro/logs_train/logs1/Job23.log"}
[2026-05-10 11:35:51.706 +0530] [PROCESS] [cadence.virtuoso.ade.simulationMonitor] - Started Simulation {"hostname": "vlsi44.blr.amrita.edu", "processid": 1710759, "history": "ExplorerRun.0", "testname": "hanus_new_vco_1", "cornername": "Nominal", "point": 1, "logfile": "/home/train/hanupro/logs_train/logs1/Job23.log", "event": "started", "task": "simulation"}
[2026-05-10 11:35:53.706 +0530] [INFO] [cadence.virtuoso.ade.simulationMonitor] - Peak resident memory used = 154 Mbytes. {"history": "ExplorerRun.0", "point": 1, "testname": "hanus_new_vco_1", "cornername": "Nominal"}
[2026-05-10 11:35:53.706 +0530] [INFO] [cadence.virtuoso.ade.simulationMonitor] - Peak resident memory used = 167 Mbytes. {"history": "ExplorerRun.0", "point": 1, "testname": "hanus_new_vco_1", "cornername": "Nominal"}
[2026-05-10 11:35:53.707 +0530] [INFO] [cadence.virtuoso.ade.simulationMonitor] - Notice from spectre during hierarchy flattening.
    The value 'psf' specified for the 'checklimitdest' option will no longer be supported in future releases. Use 'spectre -h' to see other recommended values for the 'checklimitdest' option. {"history": "ExplorerRun.0", "point": 1, "testname": "hanus_new_vco_1", "cornername": "Nominal"}
[2026-05-10 11:35:53.707 +0530] [INFO] [cadence.virtuoso.ade.simulationMonitor] - Peak resident memory used = 169 Mbytes. {"history": "ExplorerRun.0", "point": 1, "testname": "hanus_new_vco_1", "cornername": "Nominal"}
[2026-05-10 11:35:54.207 +0530] [WARN] [cadence.virtuoso.ade.simulationMonitor] -     WARNING (CMI-2426): I0.NM1: `Pdiblc2' = -1.54576e-09 is negative. {"history": "ExplorerRun.0", "point": 1, "testname": "hanus_new_vco_1", "cornername": "Nominal"}
[2026-05-10 11:35:54.207 +0530] [WARN] [cadence.virtuoso.ade.simulationMonitor] -     WARNING (CMI-2426): I1.NM1: `Pdiblc2' = -1.54576e-09 is negative. {"history": "ExplorerRun.0", "point": 1, "testname": "hanus_new_vco_1", "cornername": "Nominal"}
[2026-05-10 11:35:54.207 +0530] [WARN] [cadence.virtuoso.ade.simulationMonitor] -     WARNING (CMI-2426): I2.NM1: `Pdiblc2' = -1.54576e-09 is negative. {"history": "ExplorerRun.0", "point": 1, "testname": "hanus_new_vco_1", "cornername": "Nominal"}
[2026-05-10 11:35:54.207 +0530] [WARN] [cadence.virtuoso.ade.simulationMonitor] -     WARNING (CMI-2426): I3.NM1: `Pdiblc2' = -1.54576e-09 is negative. {"history": "ExplorerRun.0", "point": 1, "testname": "hanus_new_vco_1", "cornername": "Nominal"}
[2026-05-10 11:35:54.207 +0530] [WARN] [cadence.virtuoso.ade.simulationMonitor] -     WARNING (CMI-2426): I4.NM1: `Pdiblc2' = -1.54576e-09 is negative.
        Further occurrences of this warning will be suppressed. {"history": "ExplorerRun.0", "point": 1, "testname": "hanus_new_vco_1", "cornername": "Nominal"}
[2026-05-10 11:35:54.208 +0530] [INFO] [cadence.virtuoso.ade.simulationMonitor] - Notice from spectre during initial setup.
    Multithreading is disabled due to the size of the design being too small. {"history": "ExplorerRun.0", "point": 1, "testname": "hanus_new_vco_1", "cornername": "Nominal"}
[2026-05-10 11:35:54.208 +0530] [INFO] [cadence.virtuoso.ade.simulationMonitor] -               nodes 62 {"history": "ExplorerRun.0", "point": 1, "testname": "hanus_new_vco_1", "cornername": "Nominal"}
[2026-05-10 11:35:54.208 +0530] [INFO] [cadence.virtuoso.ade.simulationMonitor] - Notice from spectre during initial setup.
    APS enabled.
    7 warnings suppressed. {"history": "ExplorerRun.0", "point": 1, "testname": "hanus_new_vco_1", "cornername": "Nominal"}
[2026-05-10 11:35:54.208 +0530] [INFO] [cadence.virtuoso.ade.simulationMonitor] - Peak resident memory used = 170 Mbytes. {"history": "ExplorerRun.0", "point": 1, "testname": "hanus_new_vco_1", "cornername": "Nominal"}
[2026-05-10 11:35:54.208 +0530] [INFO] [cadence.virtuoso.ade.simulationMonitor] -    -   (APS) Multi-threading. The recommended number of threads is 1, consider adding +mt=1 on command line. {"history": "ExplorerRun.0", "point": 1, "testname": "hanus_new_vco_1", "cornername": "Nominal"}
[2026-05-10 11:35:54.208 +0530] [INFO] [cadence.virtuoso.ade.simulationMonitor] - Notice from spectre.
    Multithreading is disabled due to the size of the design being too small. {"history": "ExplorerRun.0", "point": 1, "testname": "hanus_new_vco_1", "cornername": "Nominal"}
[2026-05-10 11:35:54.208 +0530] [INFO] [cadence.virtuoso.ade.simulationMonitor] - Notice from spectre during IC analysis, during periodic steady state analysis `pss'.
    There are 2 IC nodes defined. {"history": "ExplorerRun.0", "point": 1, "testname": "hanus_new_vco_1", "cornername": "Nominal"}
[2026-05-10 11:35:54.208 +0530] [INFO] [cadence.virtuoso.ade.simulationMonitor] - Notice from spectre during IC analysis, during periodic steady state analysis `pss'.
    Initial condition computed for node net6 is in error by 84.818 uV.
    Initial condition computed for node net2 is in error by 84.818 uV.
        Decrease `rforce' to reduce error in computed initial conditions.  However, setting rforce too small may result in convergence difficulties or in the matrix becoming singular. {"history": "ExplorerRun.0", "point": 1, "testname": "hanus_new_vco_1", "cornername": "Nominal"}
[2026-05-10 11:35:54.708 +0530] [INFO] [cadence.virtuoso.ade.simulationMonitor] - Total time required for tstab analysis `pss': CPU = 334.928 ms, elapsed = 335.311 ms. {"history": "ExplorerRun.0", "point": 1, "testname": "hanus_new_vco_1", "cornername": "Nominal"}
[2026-05-10 11:35:54.708 +0530] [INFO] [cadence.virtuoso.ade.simulationMonitor] - Peak resident memory used = 175 Mbytes. {"history": "ExplorerRun.0", "point": 1, "testname": "hanus_new_vco_1", "cornername": "Nominal"}
[2026-05-10 11:35:55.208 +0530] [INFO] [cadence.virtuoso.ade.simulationMonitor] - Total time required for pss analysis `pss': CPU = 527.708 ms, elapsed = 1.08854 s, util. = 48.5%. {"history": "ExplorerRun.0", "point": 1, "testname": "hanus_new_vco_1", "cornername": "Nominal"}
[2026-05-10 11:35:55.209 +0530] [INFO] [cadence.virtuoso.ade.simulationMonitor] - Peak resident memory used = 179 Mbytes. {"history": "ExplorerRun.0", "point": 1, "testname": "hanus_new_vco_1", "cornername": "Nominal"}
[2026-05-10 11:35:55.209 +0530] [INFO] [cadence.virtuoso.ade.simulationMonitor] - Notice from spectre during PNoise analysis `pnoise'.
    Multithreading is disabled due to the size of the design being too small.
    Use full spectrum for normal noise analysis.
    MaxSideband for colored noise sources (e.g. 1/f-noise) is not set, automatically  set it to 3. {"history": "ExplorerRun.0", "point": 1, "testname": "hanus_new_vco_1", "cornername": "Nominal"}
[2026-05-10 11:35:55.709 +0530] [INFO] [cadence.virtuoso.ade.simulationMonitor] - Total time required for pnoise analysis `pnoise': CPU = 1.95207 s, elapsed = 847.241 ms, util. = 230%. {"history": "ExplorerRun.0", "point": 1, "testname": "hanus_new_vco_1", "cornername": "Nominal"}
[2026-05-10 11:35:55.709 +0530] [INFO] [cadence.virtuoso.ade.simulationMonitor] - Peak resident memory used = 189 Mbytes. {"history": "ExplorerRun.0", "point": 1, "testname": "hanus_new_vco_1", "cornername": "Nominal"}
[2026-05-10 11:35:56.210 +0530] [INFO] [cadence.virtuoso.ade.simulationMonitor] - Time used: CPU = 2.86 s, elapsed = 3.75 s, util. = 76.4%. {"history": "ExplorerRun.0", "point": 1, "testname": "hanus_new_vco_1", "cornername": "Nominal"}
[2026-05-10 11:35:56.210 +0530] [INFO] [cadence.virtuoso.ade.simulationMonitor] - Time spent in licensing: elapsed = 1.86 s, percentage of total = 49.7%. {"history": "ExplorerRun.0", "point": 1, "testname": "hanus_new_vco_1", "cornername": "Nominal"}
[2026-05-10 11:35:56.210 +0530] [INFO] [cadence.virtuoso.ade.simulationMonitor] - Peak memory used = 191 Mbytes. {"history": "ExplorerRun.0", "point": 1, "testname": "hanus_new_vco_1", "cornername": "Nominal"}
[2026-05-10 11:35:56.210 +0530] [PROCESS] [cadence.virtuoso.ade.simulationMonitor] - Simulation started at: 11:35:51 AM, Sun May 10, 2026, ended at: 11:35:55 AM, Sun May 10, 2026, with elapsed time (wall clock): 3.75 s. {"history": "ExplorerRun.0", "point": 1, "testname": "hanus_new_vco_1", "cornername": "Nominal"}
[2026-05-10 11:35:56.210 +0530] [PROCESS] [cadence.virtuoso.ade.simulationMonitor] - spectre completes with 0 errors, 5 warnings, and 12 notices. {"history": "ExplorerRun.0", "point": 1, "testname": "hanus_new_vco_1", "cornername": "Nominal"}
[2026-05-10 11:35:56.210 +0530] [PROCESS] [cadence.virtuoso.ade.simulationMonitor] - Finished simulating for one point {"hostname": "vlsi44.blr.amrita.edu", "processid": 1710759, "history": "ExplorerRun.0", "testname": "hanus_new_vco_1", "cornername": "Nominal", "point": 1, "logfile": "/home/train/hanupro/logs_train/logs1/Job23.log", "simid": "2"}
[2026-05-10 11:35:56.211 +0530] [PROCESS] [cadence.virtuoso.ade.simulationMonitor] - Simulator exited {"hostname": "vlsi44.blr.amrita.edu", "processid": 1710759, "history": "ExplorerRun.0", "testname": "hanus_new_vco_1", "cornername": "Nominal", "point": 1, "logfile": "/home/train/hanupro/logs_train/logs1/Job23.log", "exitStatus": "0"}
[2026-05-10 11:35:56.211 +0530] [PROCESS] [cadence.virtuoso.ade.simulationMonitor] - Finished Simulation {"hostname": "vlsi44.blr.amrita.edu", "processid": 1710759, "history": "ExplorerRun.0", "testname": "hanus_new_vco_1", "cornername": "Nominal", "point": 1, "logfile": "/home/train/hanupro/logs_train/logs1/Job23.log", "simid": "2"}
[2026-05-10 11:35:57.215 +0530] [PROCESS] [cadence.virtuoso.ade.simulationMonitor] - Point Finished {"hostname": "vlsi44.blr.amrita.edu", "processid": 1710759, "history": "ExplorerRun.0", "testname": "hanus_new_vco_1", "cornername": "Nominal", "point": 1, "logfile": "/home/train/hanupro/logs_train/logs1/Job23.log"}
[2026-05-10 11:37:18.129 +0530] [PROCESS] [cadence.virtuoso.ade.simulationMonitor] - get signal Terminated<15> from user:train, which pid:1710757:/home/install/IC618/tools/bin/64bit/cdsServIpc {"hostname": "vlsi44.blr.amrita.edu", "processid": 1710759, "history": "ExplorerRun.0", "testname": "hanus_new_vco_1", "cornername": "Nominal", "point": 1, "logfile": "/home/train/hanupro/logs_train/logs1/Job23.log", "signal": "15", "signalName": "Terminated", "which": "/home/install/IC618/tools/bin/64bit/cdsServIpc", "pid": "1710757", "user": "train", "uid": "1001"}
[2026-05-10 11:37:18.130 +0530] [INFO] [cadence.virtuoso.ade.simulationMonitor] - SimulationMonitor has terminated the spectre process '1716694', reason: 'simulationMonitor is handling signal 15' {"history": "ExplorerRun.0", "point": 1, "testname": "hanus_new_vco_1", "cornername": "Nominal"}
[2026-05-10 11:37:18.630 +0530] [PROCESS] [cadence.virtuoso.ade.simulationMonitor] - Current memory used: 54.6523 MBytes, peak memory used: 54.6523 MBytes {"hostname": "vlsi44.blr.amrita.edu", "processid": 1710759, "history": "ExplorerRun.0", "testname": "hanus_new_vco_1", "cornername": "Nominal", "point": 1, "logfile": "/home/train/hanupro/logs_train/logs1/Job23.log"}
[2026-05-10 11:37:18.630 +0530] [PROCESS] [cadence.virtuoso.ade.simulationMonitor] - Simulation Monitor process exit. {"hostname": "vlsi44.blr.amrita.edu", "processid": 1710759, "history": "ExplorerRun.0", "testname": "hanus_new_vco_1", "cornername": "Nominal", "point": 1, "logfile": "/home/train/hanupro/logs_train/logs1/Job23.log"}
