[Simulation Monitor: 29]
[2026-05-10 12:24:22.561 +0530] [PROCESS] [cadence.virtuoso.ade.simulationMonitor] - Simulation Monitor has successfully started up. Trying to set up communication channels to other components ... {"hostname": "vlsi44.blr.amrita.edu", "processid": 1892079, "logfile": "/home/train/hanupro/logs_train/logs1/Job29.log"}
[2026-05-10 12:24:22.562 +0530] [PROCESS] [cadence.virtuoso.ade.simulationMonitor] - Communication channels have been successfully set up. Start processing events ... {"hostname": "vlsi44.blr.amrita.edu", "processid": 1892079, "logfile": "/home/train/hanupro/logs_train/logs1/Job29.log"}
[2026-05-10 12:24:22.562 +0530] [PROCESS] [cadence.virtuoso.ade.simulationMonitor] - Considering to start history {"hostname": "vlsi44.blr.amrita.edu", "processid": 1892079, "history": "ExplorerRun.0", "logfile": "/home/train/hanupro/logs_train/logs1/Job29.log"}
[2026-05-10 12:24:22.563 +0530] [PROCESS] [cadence.virtuoso.ade.simulationMonitor] - HostInfo:
Host name (type):	vlsi44.blr.amrita.edu (x86_64)
Operating system:	Linux 4.18.0-425.3.1.el8.x86_64 #1 SMP Fri Sep 30 11:45:06 EDT 2022 {"hostname": "vlsi44.blr.amrita.edu", "processid": 1892079, "history": "ExplorerRun.0", "logfile": "/home/train/hanupro/logs_train/logs1/Job29.log", "nodename": "vlsi44.blr.amrita.edu", "domainname": "(none)", "machine": "x86_64", "sysname": "Linux", "release": "4.18.0-425.3.1.el8.x86_64", "version": "#1 SMP Fri Sep 30 11:45:06 EDT 2022"}
[2026-05-10 12:24:22.563 +0530] [PROCESS] [cadence.virtuoso.ade.simulationMonitor] - UsageInfo:
pid=1892079
totalPhysicalMemory=15.338570GB,Used=6.432476GB,totalVirtualMemory=46.588566GB,Used=6.432476GB
Cpu: Cores=20, Load average:0.180000,0.100000,0.160000 {"hostname": "vlsi44.blr.amrita.edu", "processid": 1892079, "history": "ExplorerRun.0", "logfile": "/home/train/hanupro/logs_train/logs1/Job29.log", "pid": "1892079", "totalPhysicalMemory": "15.338570", "physicalMemoryUsed": "6.432476", "totalVirtualMemory": "46.588566", "virtualMemoryUsed": "6.432476", "cpuCores": "20", "processes": "1114", "loadAverage1": "0.180000", "loadAverage5": "0.100000", "loadAverage15": "0.160000", "loadAverage1Percent": "0.009000"}
[2026-05-10 12:24:22.563 +0530] [EVENT] [cadence.virtuoso.ade.simulationMonitor] - NewPoint {"history": "ExplorerRun.0", "point": 1, "testname": "hanus_new_vco_2_tb_1", "cornername": "Nominal", "event": "NewPoint", "EventSource": "Simulation Monitor", "HistoryName": "ExplorerRun.0", "logFile": "/home/train/hanupro/logs_train/logs1/Job29.log", "logFileSize": "2187"}
[2026-05-10 12:24:22.664 +0530] [EVENT] [cadence.virtuoso.ade.simulationMonitor] - NewPoint {"history": "ExplorerRun.0", "point": 1, "testname": "hanus_new_vco_2_tb_1", "cornername": "Nominal", "event": "NewPoint", "EventSource": "spectre", "HistoryName": "ExplorerRun.0", "logFile": "/home/train/simulation/hanus/new_vco_2_tb/maestro/results/maestro/ExplorerRun.0/1/hanus_new_vco_2_tb_1/psf/spectre.out", "logFileSize": "-1"}
[2026-05-10 12:24:22.667 +0530] [PROCESS] [cadence.virtuoso.ade.simulationMonitor] - Simulator launched {"hostname": "vlsi44.blr.amrita.edu", "processid": 1892079, "history": "ExplorerRun.0", "testname": "hanus_new_vco_2_tb_1", "cornername": "Nominal", "point": 1, "logfile": "/home/train/hanupro/logs_train/logs1/Job29.log", "simid": "1"}
[2026-05-10 12:24:22.668 +0530] [PROCESS] [cadence.virtuoso.ade.simulationMonitor] - Expression evaluator launched {"hostname": "vlsi44.blr.amrita.edu", "processid": 1892079, "history": "ExplorerRun.0", "testname": "hanus_new_vco_2_tb_1", "cornername": "Nominal", "point": 1, "logfile": "/home/train/hanupro/logs_train/logs1/Job29.log"}
[2026-05-10 12:24:22.672 +0530] [PROCESS] [cadence.virtuoso.ade.simulationMonitor] - Started Simulation {"hostname": "vlsi44.blr.amrita.edu", "processid": 1892079, "history": "ExplorerRun.0", "testname": "hanus_new_vco_2_tb_1", "cornername": "Nominal", "point": 1, "logfile": "/home/train/hanupro/logs_train/logs1/Job29.log", "event": "started", "task": "simulation"}
[2026-05-10 12:24:26.674 +0530] [INFO] [cadence.virtuoso.ade.simulationMonitor] - Peak resident memory used = 151 Mbytes. {"history": "ExplorerRun.0", "point": 1, "testname": "hanus_new_vco_2_tb_1", "cornername": "Nominal"}
[2026-05-10 12:24:26.674 +0530] [INFO] [cadence.virtuoso.ade.simulationMonitor] - Peak resident memory used = 164 Mbytes. {"history": "ExplorerRun.0", "point": 1, "testname": "hanus_new_vco_2_tb_1", "cornername": "Nominal"}
[2026-05-10 12:24:26.674 +0530] [INFO] [cadence.virtuoso.ade.simulationMonitor] - Notice from spectre during hierarchy flattening.
    The value 'psf' specified for the 'checklimitdest' option will no longer be supported in future releases. Use 'spectre -h' to see other recommended values for the 'checklimitdest' option. {"history": "ExplorerRun.0", "point": 1, "testname": "hanus_new_vco_2_tb_1", "cornername": "Nominal"}
[2026-05-10 12:24:27.218 +0530] [INFO] [cadence.virtuoso.ade.simulationMonitor] - Peak resident memory used = 166 Mbytes. {"history": "ExplorerRun.0", "point": 1, "testname": "hanus_new_vco_2_tb_1", "cornername": "Nominal"}
[2026-05-10 12:24:27.218 +0530] [WARN] [cadence.virtuoso.ade.simulationMonitor] -     WARNING (CMI-2426): I0.I0.NM1: `Pdiblc2' = -1.54576e-09 is negative. {"history": "ExplorerRun.0", "point": 1, "testname": "hanus_new_vco_2_tb_1", "cornername": "Nominal"}
[2026-05-10 12:24:27.218 +0530] [WARN] [cadence.virtuoso.ade.simulationMonitor] -     WARNING (CMI-2426): I0.I1.NM1: `Pdiblc2' = -1.54576e-09 is negative. {"history": "ExplorerRun.0", "point": 1, "testname": "hanus_new_vco_2_tb_1", "cornername": "Nominal"}
[2026-05-10 12:24:27.218 +0530] [WARN] [cadence.virtuoso.ade.simulationMonitor] -     WARNING (CMI-2426): I0.I2.NM1: `Pdiblc2' = -1.54576e-09 is negative. {"history": "ExplorerRun.0", "point": 1, "testname": "hanus_new_vco_2_tb_1", "cornername": "Nominal"}
[2026-05-10 12:24:27.218 +0530] [WARN] [cadence.virtuoso.ade.simulationMonitor] -     WARNING (CMI-2426): I0.I3.NM1: `Pdiblc2' = -1.54576e-09 is negative. {"history": "ExplorerRun.0", "point": 1, "testname": "hanus_new_vco_2_tb_1", "cornername": "Nominal"}
[2026-05-10 12:24:27.218 +0530] [WARN] [cadence.virtuoso.ade.simulationMonitor] -     WARNING (CMI-2426): I0.I4.NM1: `Pdiblc2' = -1.54576e-09 is negative.
        Further occurrences of this warning will be suppressed. {"history": "ExplorerRun.0", "point": 1, "testname": "hanus_new_vco_2_tb_1", "cornername": "Nominal"}
[2026-05-10 12:24:27.219 +0530] [INFO] [cadence.virtuoso.ade.simulationMonitor] - Notice from spectre during initial setup.
    Multithreading is disabled due to the size of the design being too small. {"history": "ExplorerRun.0", "point": 1, "testname": "hanus_new_vco_2_tb_1", "cornername": "Nominal"}
[2026-05-10 12:24:27.219 +0530] [INFO] [cadence.virtuoso.ade.simulationMonitor] -               nodes 122 {"history": "ExplorerRun.0", "point": 1, "testname": "hanus_new_vco_2_tb_1", "cornername": "Nominal"}
[2026-05-10 12:24:27.219 +0530] [INFO] [cadence.virtuoso.ade.simulationMonitor] - Notice from spectre during initial setup.
    APS enabled.
    19 warnings suppressed. {"history": "ExplorerRun.0", "point": 1, "testname": "hanus_new_vco_2_tb_1", "cornername": "Nominal"}
[2026-05-10 12:24:27.219 +0530] [INFO] [cadence.virtuoso.ade.simulationMonitor] - Peak resident memory used = 169 Mbytes. {"history": "ExplorerRun.0", "point": 1, "testname": "hanus_new_vco_2_tb_1", "cornername": "Nominal"}
[2026-05-10 12:24:27.219 +0530] [INFO] [cadence.virtuoso.ade.simulationMonitor] -    -   (APS) Multi-threading. The recommended number of threads is 1, consider adding +mt=1 on command line. {"history": "ExplorerRun.0", "point": 1, "testname": "hanus_new_vco_2_tb_1", "cornername": "Nominal"}
[2026-05-10 12:24:27.219 +0530] [INFO] [cadence.virtuoso.ade.simulationMonitor] - Notice from spectre.
    Multithreading is disabled due to the size of the design being too small. {"history": "ExplorerRun.0", "point": 1, "testname": "hanus_new_vco_2_tb_1", "cornername": "Nominal"}
[2026-05-10 12:24:27.719 +0530] [INFO] [cadence.virtuoso.ade.simulationMonitor] - Notice from spectre during IC analysis, during periodic steady state analysis `pss'.
    There are 4 IC nodes defined. {"history": "ExplorerRun.0", "point": 1, "testname": "hanus_new_vco_2_tb_1", "cornername": "Nominal"}
[2026-05-10 12:24:27.719 +0530] [INFO] [cadence.virtuoso.ade.simulationMonitor] - Notice from spectre during IC analysis, during periodic steady state analysis `pss'.
    Bad pivoting is found during DC analysis. Option dc_pivot_check=yes is recommended for possible improvement of convergence.
    Initial condition computed for node vco0 is in error by 84.818 uV.
    Initial condition computed for node vco90 is in error by 84.818 uV.
    Initial condition computed for node vco180 is in error by 84.818 uV.
    Initial condition computed for node vco270 is in error by 84.818 uV.
        D... {"history": "ExplorerRun.0", "point": 1, "testname": "hanus_new_vco_2_tb_1", "cornername": "Nominal"}
[2026-05-10 12:24:32.759 +0530] [INFO] [cadence.virtuoso.ade.simulationMonitor] - Total time required for tstab analysis `pss': CPU = 5.21999 s, elapsed = 5.23101 s. {"history": "ExplorerRun.0", "point": 1, "testname": "hanus_new_vco_2_tb_1", "cornername": "Nominal"}
[2026-05-10 12:24:32.759 +0530] [INFO] [cadence.virtuoso.ade.simulationMonitor] - Peak resident memory used = 173 Mbytes. {"history": "ExplorerRun.0", "point": 1, "testname": "hanus_new_vco_2_tb_1", "cornername": "Nominal"}
[2026-05-10 12:24:32.759 +0530] [WARN] [cadence.virtuoso.ade.simulationMonitor] -     WARNING (CMI-2682): I0.I8.NM0: The bulk-drain junction forward bias voltage (2.08107 V) exceeds `VjdmFwd' = 950.054 mV.  The results may be inaccurate because Spectre has linearized the junction current model. Check and verify your design if the higher junction forward bias voltage is not expected {"history": "ExplorerRun.0", "point": 1, "testname": "hanus_new_vco_2_tb_1", "cornername": "Nominal"}
[2026-05-10 12:24:32.759 +0530] [WARN] [cadence.virtuoso.ade.simulationMonitor] -     WARNING (CMI-2682): I0.I1.PM0: The bulk-drain junction forward bias voltage (2.38358 V) exceeds `VjdmFwd' = 911.096 mV.  The results may be inaccurate because Spectre has linearized the junction current model. Check and verify your design if the higher junction forward bias voltage is not expected {"history": "ExplorerRun.0", "point": 1, "testname": "hanus_new_vco_2_tb_1", "cornername": "Nominal"}
[2026-05-10 12:24:32.759 +0530] [WARN] [cadence.virtuoso.ade.simulationMonitor] -     WARNING (CMI-2682): I0.I8.PM0: The bulk-source junction forward bias voltage (1.11969 V) exceeds `VjsmFwd' = 909.749 mV.  The results may be inaccurate because Spectre has linearized the junction current model. Check and verify your design if the higher junction forward bias voltage is not expected {"history": "ExplorerRun.0", "point": 1, "testname": "hanus_new_vco_2_tb_1", "cornername": "Nominal"}
[2026-05-10 12:24:32.759 +0530] [WARN] [cadence.virtuoso.ade.simulationMonitor] -     WARNING (CMI-2682): I0.I10.PM0: The bulk-drain junction forward bias voltage (960.702 mV) exceeds `VjdmFwd' = 911.096 mV.  The results may be inaccurate because Spectre has linearized the junction current model. Check and verify your design if the higher junction forward bias voltage is not expected {"history": "ExplorerRun.0", "point": 1, "testname": "hanus_new_vco_2_tb_1", "cornername": "Nominal"}
[2026-05-10 12:24:32.759 +0530] [WARN] [cadence.virtuoso.ade.simulationMonitor] -     WARNING (CMI-2682): I0.I8.PM1: The bulk-drain junction forward bias voltage (1.14621 V) exceeds `VjdmFwd' = 902.24 mV.  The results may be inaccurate because Spectre has linearized the junction current model. Check and verify your design if the higher junction forward bias voltage is not expected
        Further occurrences of this warning will be suppressed. {"history": "ExplorerRun.0", "point": 1, "testname": "hanus_new_vco_2_tb_1", "cornername": "Nominal"}
[2026-05-10 12:24:32.760 +0530] [INFO] [cadence.virtuoso.ade.simulationMonitor] - Notice from spectre at time = 181.724 ns during periodic steady state analysis `pss'.
    I0.I8.PM0: The bulk-source junction returns to normal bias condition {"history": "ExplorerRun.0", "point": 1, "testname": "hanus_new_vco_2_tb_1", "cornername": "Nominal"}
[2026-05-10 12:24:32.760 +0530] [INFO] [cadence.virtuoso.ade.simulationMonitor] - Notice from spectre at time = 181.724 ns during periodic steady state analysis `pss'.
    I0.I8.PM1: The bulk-drain junction returns to normal bias condition {"history": "ExplorerRun.0", "point": 1, "testname": "hanus_new_vco_2_tb_1", "cornername": "Nominal"}
[2026-05-10 12:24:32.760 +0530] [INFO] [cadence.virtuoso.ade.simulationMonitor] - Notice from spectre at time = 181.724 ns during periodic steady state analysis `pss'.
    I0.I10.PM0: The bulk-drain junction returns to normal bias condition {"history": "ExplorerRun.0", "point": 1, "testname": "hanus_new_vco_2_tb_1", "cornername": "Nominal"}
[2026-05-10 12:24:32.760 +0530] [INFO] [cadence.virtuoso.ade.simulationMonitor] - Notice from spectre at time = 181.724 ns during periodic steady state analysis `pss'.
    I0.I1.PM0: The bulk-drain junction returns to normal bias condition {"history": "ExplorerRun.0", "point": 1, "testname": "hanus_new_vco_2_tb_1", "cornername": "Nominal"}
[2026-05-10 12:24:32.760 +0530] [INFO] [cadence.virtuoso.ade.simulationMonitor] - Notice from spectre at time = 181.724 ns during periodic steady state analysis `pss'.
    I0.I8.NM0: The bulk-drain junction returns to normal bias condition
        Further occurrences of this notice will be suppressed. {"history": "ExplorerRun.0", "point": 1, "testname": "hanus_new_vco_2_tb_1", "cornername": "Nominal"}
[2026-05-10 12:24:33.760 +0530] [WARN] [cadence.virtuoso.ade.simulationMonitor] -     WARNING (CMI-2682): I0.I9.NM0: The bulk-drain junction forward bias voltage (1.39326 V) exceeds `VjdmFwd' = 950.054 mV.  The results may be inaccurate because Spectre has linearized the junction current model. Check and verify your design if the higher junction forward bias voltage is not expected {"history": "ExplorerRun.0", "point": 1, "testname": "hanus_new_vco_2_tb_1", "cornername": "Nominal"}
[2026-05-10 12:24:33.760 +0530] [WARN] [cadence.virtuoso.ade.simulationMonitor] -     WARNING (CMI-2682): I0.I2.PM0: The bulk-drain junction forward bias voltage (1.83403 V) exceeds `VjdmFwd' = 911.096 mV.  The results may be inaccurate because Spectre has linearized the junction current model. Check and verify your design if the higher junction forward bias voltage is not expected {"history": "ExplorerRun.0", "point": 1, "testname": "hanus_new_vco_2_tb_1", "cornername": "Nominal"}
[2026-05-10 12:24:33.761 +0530] [INFO] [cadence.virtuoso.ade.simulationMonitor] - Notice from spectre at time = 186.432 ns during periodic steady state analysis `pss'.
    Found trapezoidal ringing on node I0.I7.PM0.n1. {"history": "ExplorerRun.0", "point": 1, "testname": "hanus_new_vco_2_tb_1", "cornername": "Nominal"}
[2026-05-10 12:24:33.761 +0530] [INFO] [cadence.virtuoso.ade.simulationMonitor] - Notice from spectre at time = 186.432 ns during periodic steady state analysis `pss'.
    Found trapezoidal ringing on node I0.I7.PM0.n1. {"history": "ExplorerRun.0", "point": 1, "testname": "hanus_new_vco_2_tb_1", "cornername": "Nominal"}
[2026-05-10 12:24:33.761 +0530] [INFO] [cadence.virtuoso.ade.simulationMonitor] - Notice from spectre at time = 186.432 ns during periodic steady state analysis `pss'.
    Found trapezoidal ringing on node I0.I7.PM0.n1. {"history": "ExplorerRun.0", "point": 1, "testname": "hanus_new_vco_2_tb_1", "cornername": "Nominal"}
[2026-05-10 12:24:33.761 +0530] [INFO] [cadence.virtuoso.ade.simulationMonitor] - Notice from spectre at time = 186.432 ns during periodic steady state analysis `pss'.
    Found trapezoidal ringing on node I0.I7.PM0.n1. {"history": "ExplorerRun.0", "point": 1, "testname": "hanus_new_vco_2_tb_1", "cornername": "Nominal"}
[2026-05-10 12:24:34.262 +0530] [WARN] [cadence.virtuoso.ade.simulationMonitor] -     WARNING (CMI-2682): I0.I9.NM0: The bulk-drain junction forward bias voltage (1.29101 V) exceeds `VjdmFwd' = 950.054 mV.  The results may be inaccurate because Spectre has linearized the junction current model. Check and verify your design if the higher junction forward bias voltage is not expected {"history": "ExplorerRun.0", "point": 1, "testname": "hanus_new_vco_2_tb_1", "cornername": "Nominal"}
[2026-05-10 12:24:34.262 +0530] [WARN] [cadence.virtuoso.ade.simulationMonitor] -     WARNING (CMI-2682): I0.I2.PM0: The bulk-drain junction forward bias voltage (1.83296 V) exceeds `VjdmFwd' = 911.096 mV.  The results may be inaccurate because Spectre has linearized the junction current model. Check and verify your design if the higher junction forward bias voltage is not expected {"history": "ExplorerRun.0", "point": 1, "testname": "hanus_new_vco_2_tb_1", "cornername": "Nominal"}
[2026-05-10 12:24:34.262 +0530] [INFO] [cadence.virtuoso.ade.simulationMonitor] - Notice from spectre at time = 186.446 ns during periodic steady state analysis `pss'.
    Found trapezoidal ringing on node I0.I0.NM0.n1.
        Further occurrences of this notice will be suppressed. {"history": "ExplorerRun.0", "point": 1, "testname": "hanus_new_vco_2_tb_1", "cornername": "Nominal"}
[2026-05-10 12:24:34.263 +0530] [WARN] [cadence.virtuoso.ade.simulationMonitor] -     WARNING (CMI-2682): I0.I9.NM0: The bulk-drain junction forward bias voltage (1.32428 V) exceeds `VjdmFwd' = 950.054 mV.  The results may be inaccurate because Spectre has linearized the junction current model. Check and verify your design if the higher junction forward bias voltage is not expected {"history": "ExplorerRun.0", "point": 1, "testname": "hanus_new_vco_2_tb_1", "cornername": "Nominal"}
[2026-05-10 12:24:34.263 +0530] [WARN] [cadence.virtuoso.ade.simulationMonitor] -     WARNING (CMI-2682): I0.I2.PM0: The bulk-drain junction forward bias voltage (1.83289 V) exceeds `VjdmFwd' = 911.096 mV.  The results may be inaccurate because Spectre has linearized the junction current model. Check and verify your design if the higher junction forward bias voltage is not expected {"history": "ExplorerRun.0", "point": 1, "testname": "hanus_new_vco_2_tb_1", "cornername": "Nominal"}
[2026-05-10 12:24:34.763 +0530] [WARN] [cadence.virtuoso.ade.simulationMonitor] -     WARNING (CMI-2682): I0.I9.NM0: The bulk-drain junction forward bias voltage (1.36586 V) exceeds `VjdmFwd' = 950.054 mV.  The results may be inaccurate because Spectre has linearized the junction current model. Check and verify your design if the higher junction forward bias voltage is not expected {"history": "ExplorerRun.0", "point": 1, "testname": "hanus_new_vco_2_tb_1", "cornername": "Nominal"}
[2026-05-10 12:24:34.763 +0530] [WARN] [cadence.virtuoso.ade.simulationMonitor] -     WARNING (CMI-2682): I0.I2.PM0: The bulk-drain junction forward bias voltage (1.83314 V) exceeds `VjdmFwd' = 911.096 mV.  The results may be inaccurate because Spectre has linearized the junction current model. Check and verify your design if the higher junction forward bias voltage is not expected {"history": "ExplorerRun.0", "point": 1, "testname": "hanus_new_vco_2_tb_1", "cornername": "Nominal"}
[2026-05-10 12:24:34.764 +0530] [WARN] [cadence.virtuoso.ade.simulationMonitor] -     WARNING (CMI-2682): I0.I0.NM0: The bulk-drain junction forward bias voltage (976.204 mV) exceeds `VjdmFwd' = 950.054 mV.  The results may be inaccurate because Spectre has linearized the junction current model. Check and verify your design if the higher junction forward bias voltage is not expected {"history": "ExplorerRun.0", "point": 1, "testname": "hanus_new_vco_2_tb_1", "cornername": "Nominal"}
[2026-05-10 12:24:34.764 +0530] [WARN] [cadence.virtuoso.ade.simulationMonitor] -     WARNING (CMI-2682): I0.I9.NM0: The bulk-drain junction forward bias voltage (1.37671 V) exceeds `VjdmFwd' = 950.054 mV.  The results may be inaccurate because Spectre has linearized the junction current model. Check and verify your design if the higher junction forward bias voltage is not expected {"history": "ExplorerRun.0", "point": 1, "testname": "hanus_new_vco_2_tb_1", "cornername": "Nominal"}
[2026-05-10 12:24:34.764 +0530] [WARN] [cadence.virtuoso.ade.simulationMonitor] -     WARNING (CMI-2682): I0.I2.PM0: The bulk-drain junction forward bias voltage (1.83188 V) exceeds `VjdmFwd' = 911.096 mV.  The results may be inaccurate because Spectre has linearized the junction current model. Check and verify your design if the higher junction forward bias voltage is not expected {"history": "ExplorerRun.0", "point": 1, "testname": "hanus_new_vco_2_tb_1", "cornername": "Nominal"}
[2026-05-10 12:24:34.764 +0530] [WARN] [cadence.virtuoso.ade.simulationMonitor] -     WARNING (CMI-2682): I0.I10.PM0: The bulk-drain junction forward bias voltage (956.495 mV) exceeds `VjdmFwd' = 911.096 mV.  The results may be inaccurate because Spectre has linearized the junction current model. Check and verify your design if the higher junction forward bias voltage is not expected {"history": "ExplorerRun.0", "point": 1, "testname": "hanus_new_vco_2_tb_1", "cornername": "Nominal"}
[2026-05-10 12:24:34.764 +0530] [WARN] [cadence.virtuoso.ade.simulationMonitor] -     WARNING (CMI-2682): I0.I11.NM0: The bulk-drain junction forward bias voltage (951.873 mV) exceeds `VjdmFwd' = 950.054 mV.  The results may be inaccurate because Spectre has linearized the junction current model. Check and verify your design if the higher junction forward bias voltage is not expected
        Further occurrences of this warning will be suppressed. {"history": "ExplorerRun.0", "point": 1, "testname": "hanus_new_vco_2_tb_1", "cornername": "Nominal"}
[2026-05-10 12:24:35.264 +0530] [WARN] [cadence.virtuoso.ade.simulationMonitor] -     WARNING (CMI-2682): I0.I9.NM0: The bulk-drain junction forward bias voltage (1.37434 V) exceeds `VjdmFwd' = 950.054 mV.  The results may be inaccurate because Spectre has linearized the junction current model. Check and verify your design if the higher junction forward bias voltage is not expected {"history": "ExplorerRun.0", "point": 1, "testname": "hanus_new_vco_2_tb_1", "cornername": "Nominal"}
[2026-05-10 12:24:35.265 +0530] [WARN] [cadence.virtuoso.ade.simulationMonitor] -     WARNING (CMI-2682): I0.I2.PM0: The bulk-drain junction forward bias voltage (1.46311 V) exceeds `VjdmFwd' = 911.096 mV.  The results may be inaccurate because Spectre has linearized the junction current model. Check and verify your design if the higher junction forward bias voltage is not expected {"history": "ExplorerRun.0", "point": 1, "testname": "hanus_new_vco_2_tb_1", "cornername": "Nominal"}
[2026-05-10 12:24:35.765 +0530] [WARN] [cadence.virtuoso.ade.simulationMonitor] -     WARNING (CMI-2682): I0.I1.NM0: The bulk-drain junction forward bias voltage (989.711 mV) exceeds `VjdmFwd' = 950.054 mV.  The results may be inaccurate because Spectre has linearized the junction current model. Check and verify your design if the higher junction forward bias voltage is not expected {"history": "ExplorerRun.0", "point": 1, "testname": "hanus_new_vco_2_tb_1", "cornername": "Nominal"}
[2026-05-10 12:24:35.765 +0530] [WARN] [cadence.virtuoso.ade.simulationMonitor] -     WARNING (CMI-2682): I0.I9.NM0: The bulk-drain junction forward bias voltage (1.43997 V) exceeds `VjdmFwd' = 950.054 mV.  The results may be inaccurate because Spectre has linearized the junction current model. Check and verify your design if the higher junction forward bias voltage is not expected {"history": "ExplorerRun.0", "point": 1, "testname": "hanus_new_vco_2_tb_1", "cornername": "Nominal"}
[2026-05-10 12:24:35.765 +0530] [WARN] [cadence.virtuoso.ade.simulationMonitor] -     WARNING (CMI-2682): I0.I2.PM0: The bulk-drain junction forward bias voltage (1.46361 V) exceeds `VjdmFwd' = 911.096 mV.  The results may be inaccurate because Spectre has linearized the junction current model. Check and verify your design if the higher junction forward bias voltage is not expected {"history": "ExplorerRun.0", "point": 1, "testname": "hanus_new_vco_2_tb_1", "cornername": "Nominal"}
[2026-05-10 12:24:35.765 +0530] [WARN] [cadence.virtuoso.ade.simulationMonitor] -     WARNING (CMI-2682): I0.I1.NM0: The bulk-drain junction forward bias voltage (982.404 mV) exceeds `VjdmFwd' = 950.054 mV.  The results may be inaccurate because Spectre has linearized the junction current model. Check and verify your design if the higher junction forward bias voltage is not expected {"history": "ExplorerRun.0", "point": 1, "testname": "hanus_new_vco_2_tb_1", "cornername": "Nominal"}
[2026-05-10 12:24:35.766 +0530] [WARN] [cadence.virtuoso.ade.simulationMonitor] -     WARNING (CMI-2682): I0.I4.NM0: The bulk-drain junction forward bias voltage (960.137 mV) exceeds `VjdmFwd' = 950.054 mV.  The results may be inaccurate because Spectre has linearized the junction current model. Check and verify your design if the higher junction forward bias voltage is not expected {"history": "ExplorerRun.0", "point": 1, "testname": "hanus_new_vco_2_tb_1", "cornername": "Nominal"}
[2026-05-10 12:24:35.766 +0530] [WARN] [cadence.virtuoso.ade.simulationMonitor] -     WARNING (CMI-2682): I0.I9.NM0: The bulk-drain junction forward bias voltage (1.44045 V) exceeds `VjdmFwd' = 950.054 mV.  The results may be inaccurate because Spectre has linearized the junction current model. Check and verify your design if the higher junction forward bias voltage is not expected {"history": "ExplorerRun.0", "point": 1, "testname": "hanus_new_vco_2_tb_1", "cornername": "Nominal"}
[2026-05-10 12:24:35.766 +0530] [WARN] [cadence.virtuoso.ade.simulationMonitor] -     WARNING (CMI-2682): I0.I11.NM0: The bulk-drain junction forward bias voltage (1.12977 V) exceeds `VjdmFwd' = 950.054 mV.  The results may be inaccurate because Spectre has linearized the junction current model. Check and verify your design if the higher junction forward bias voltage is not expected {"history": "ExplorerRun.0", "point": 1, "testname": "hanus_new_vco_2_tb_1", "cornername": "Nominal"}
[2026-05-10 12:24:35.766 +0530] [WARN] [cadence.virtuoso.ade.simulationMonitor] -     WARNING (CMI-2682): I0.I2.PM0: The bulk-drain junction forward bias voltage (1.74601 V) exceeds `VjdmFwd' = 911.096 mV.  The results may be inaccurate because Spectre has linearized the junction current model. Check and verify your design if the higher junction forward bias voltage is not expected
        Further occurrences of this warning will be suppressed. {"history": "ExplorerRun.0", "point": 1, "testname": "hanus_new_vco_2_tb_1", "cornername": "Nominal"}
[2026-05-10 12:24:36.266 +0530] [INFO] [cadence.virtuoso.ade.simulationMonitor] - Notice from spectre during periodic steady state analysis `pss'.
    1 warning suppressed. {"history": "ExplorerRun.0", "point": 1, "testname": "hanus_new_vco_2_tb_1", "cornername": "Nominal"}
[2026-05-10 12:24:36.266 +0530] [WARN] [cadence.virtuoso.ade.simulationMonitor] -     WARNING (CMI-2682): I0.I9.NM0: The bulk-drain junction forward bias voltage (1.31695 V) exceeds `VjdmFwd' = 950.054 mV.  The results may be inaccurate because Spectre has linearized the junction current model. Check and verify your design if the higher junction forward bias voltage is not expected {"history": "ExplorerRun.0", "point": 1, "testname": "hanus_new_vco_2_tb_1", "cornername": "Nominal"}
[2026-05-10 12:24:36.266 +0530] [WARN] [cadence.virtuoso.ade.simulationMonitor] -     WARNING (CMI-2682): I0.I11.NM0: The bulk-drain junction forward bias voltage (1.03548 V) exceeds `VjdmFwd' = 950.054 mV.  The results may be inaccurate because Spectre has linearized the junction current model. Check and verify your design if the higher junction forward bias voltage is not expected {"history": "ExplorerRun.0", "point": 1, "testname": "hanus_new_vco_2_tb_1", "cornername": "Nominal"}
[2026-05-10 12:24:36.266 +0530] [WARN] [cadence.virtuoso.ade.simulationMonitor] -     WARNING (CMI-2682): I0.I2.PM0: The bulk-drain junction forward bias voltage (1.74617 V) exceeds `VjdmFwd' = 911.096 mV.  The results may be inaccurate because Spectre has linearized the junction current model. Check and verify your design if the higher junction forward bias voltage is not expected {"history": "ExplorerRun.0", "point": 1, "testname": "hanus_new_vco_2_tb_1", "cornername": "Nominal"}
[2026-05-10 12:24:36.266 +0530] [WARN] [cadence.virtuoso.ade.simulationMonitor] -     WARNING (CMI-2682): I0.I3.PM0: The bulk-drain junction forward bias voltage (1.09059 V) exceeds `VjdmFwd' = 911.096 mV.  The results may be inaccurate because Spectre has linearized the junction current model. Check and verify your design if the higher junction forward bias voltage is not expected {"history": "ExplorerRun.0", "point": 1, "testname": "hanus_new_vco_2_tb_1", "cornername": "Nominal"}
[2026-05-10 12:24:36.267 +0530] [WARN] [cadence.virtuoso.ade.simulationMonitor] -     WARNING (CMI-2682): I0.I7.PM0: The bulk-drain junction forward bias voltage (1.0119 V) exceeds `VjdmFwd' = 911.096 mV.  The results may be inaccurate because Spectre has linearized the junction current model. Check and verify your design if the higher junction forward bias voltage is not expected
        Further occurrences of this warning will be suppressed. {"history": "ExplorerRun.0", "point": 1, "testname": "hanus_new_vco_2_tb_1", "cornername": "Nominal"}
[2026-05-10 12:24:36.767 +0530] [WARN] [cadence.virtuoso.ade.simulationMonitor] -     WARNING (CMI-2682): I0.I9.NM0: The bulk-drain junction forward bias voltage (1.28324 V) exceeds `VjdmFwd' = 950.054 mV.  The results may be inaccurate because Spectre has linearized the junction current model. Check and verify your design if the higher junction forward bias voltage is not expected {"history": "ExplorerRun.0", "point": 1, "testname": "hanus_new_vco_2_tb_1", "cornername": "Nominal"}
[2026-05-10 12:24:36.767 +0530] [WARN] [cadence.virtuoso.ade.simulationMonitor] -     WARNING (CMI-2682): I0.I11.NM0: The bulk-drain junction forward bias voltage (1.03674 V) exceeds `VjdmFwd' = 950.054 mV.  The results may be inaccurate because Spectre has linearized the junction current model. Check and verify your design if the higher junction forward bias voltage is not expected {"history": "ExplorerRun.0", "point": 1, "testname": "hanus_new_vco_2_tb_1", "cornername": "Nominal"}
[2026-05-10 12:24:36.767 +0530] [WARN] [cadence.virtuoso.ade.simulationMonitor] -     WARNING (CMI-2682): I0.I2.PM0: The bulk-drain junction forward bias voltage (1.74663 V) exceeds `VjdmFwd' = 911.096 mV.  The results may be inaccurate because Spectre has linearized the junction current model. Check and verify your design if the higher junction forward bias voltage is not expected {"history": "ExplorerRun.0", "point": 1, "testname": "hanus_new_vco_2_tb_1", "cornername": "Nominal"}
[2026-05-10 12:24:36.767 +0530] [WARN] [cadence.virtuoso.ade.simulationMonitor] -     WARNING (CMI-2682): I0.I3.PM0: The bulk-drain junction forward bias voltage (976.934 mV) exceeds `VjdmFwd' = 911.096 mV.  The results may be inaccurate because Spectre has linearized the junction current model. Check and verify your design if the higher junction forward bias voltage is not expected {"history": "ExplorerRun.0", "point": 1, "testname": "hanus_new_vco_2_tb_1", "cornername": "Nominal"}
[2026-05-10 12:24:36.768 +0530] [WARN] [cadence.virtuoso.ade.simulationMonitor] -     WARNING (CMI-2682): I0.I7.PM0: The bulk-drain junction forward bias voltage (945.019 mV) exceeds `VjdmFwd' = 911.096 mV.  The results may be inaccurate because Spectre has linearized the junction current model. Check and verify your design if the higher junction forward bias voltage is not expected
        Further occurrences of this warning will be suppressed. {"history": "ExplorerRun.0", "point": 1, "testname": "hanus_new_vco_2_tb_1", "cornername": "Nominal"}
[2026-05-10 12:24:36.768 +0530] [INFO] [cadence.virtuoso.ade.simulationMonitor] - Notice from spectre during periodic steady state analysis `pss'.
    1 warning suppressed. {"history": "ExplorerRun.0", "point": 1, "testname": "hanus_new_vco_2_tb_1", "cornername": "Nominal"}
[2026-05-10 12:24:36.768 +0530] [WARN] [cadence.virtuoso.ade.simulationMonitor] -     WARNING (CMI-2682): I0.I9.NM0: The bulk-drain junction forward bias voltage (1.24589 V) exceeds `VjdmFwd' = 950.054 mV.  The results may be inaccurate because Spectre has linearized the junction current model. Check and verify your design if the higher junction forward bias voltage is not expected {"history": "ExplorerRun.0", "point": 1, "testname": "hanus_new_vco_2_tb_1", "cornername": "Nominal"}
[2026-05-10 12:24:36.768 +0530] [WARN] [cadence.virtuoso.ade.simulationMonitor] -     WARNING (CMI-2682): I0.I11.NM0: The bulk-drain junction forward bias voltage (1.07818 V) exceeds `VjdmFwd' = 950.054 mV.  The results may be inaccurate because Spectre has linearized the junction current model. Check and verify your design if the higher junction forward bias voltage is not expected {"history": "ExplorerRun.0", "point": 1, "testname": "hanus_new_vco_2_tb_1", "cornername": "Nominal"}
[2026-05-10 12:24:36.768 +0530] [WARN] [cadence.virtuoso.ade.simulationMonitor] -     WARNING (CMI-2682): I0.I2.PM0: The bulk-drain junction forward bias voltage (1.74696 V) exceeds `VjdmFwd' = 911.096 mV.  The results may be inaccurate because Spectre has linearized the junction current model. Check and verify your design if the higher junction forward bias voltage is not expected {"history": "ExplorerRun.0", "point": 1, "testname": "hanus_new_vco_2_tb_1", "cornername": "Nominal"}
[2026-05-10 12:24:37.308 +0530] [WARN] [cadence.virtuoso.ade.simulationMonitor] -     WARNING (CMI-2682): I0.I10.PM0: The bulk-drain junction forward bias voltage (1.03861 V) exceeds `VjdmFwd' = 911.096 mV.  The results may be inaccurate because Spectre has linearized the junction current model. Check and verify your design if the higher junction forward bias voltage is not expected {"history": "ExplorerRun.0", "point": 1, "testname": "hanus_new_vco_2_tb_1", "cornername": "Nominal"}
[2026-05-10 12:24:37.308 +0530] [WARN] [cadence.virtuoso.ade.simulationMonitor] -     WARNING (CMI-2682): I0.I0.NM0: The bulk-drain junction forward bias voltage (958.628 mV) exceeds `VjdmFwd' = 950.054 mV.  The results may be inaccurate because Spectre has linearized the junction current model. Check and verify your design if the higher junction forward bias voltage is not expected {"history": "ExplorerRun.0", "point": 1, "testname": "hanus_new_vco_2_tb_1", "cornername": "Nominal"}
[2026-05-10 12:24:37.308 +0530] [WARN] [cadence.virtuoso.ade.simulationMonitor] -     WARNING (CMI-2682): I0.I9.NM0: The bulk-drain junction forward bias voltage (1.18283 V) exceeds `VjdmFwd' = 950.054 mV.  The results may be inaccurate because Spectre has linearized the junction current model. Check and verify your design if the higher junction forward bias voltage is not expected {"history": "ExplorerRun.0", "point": 1, "testname": "hanus_new_vco_2_tb_1", "cornername": "Nominal"}
[2026-05-10 12:24:37.308 +0530] [WARN] [cadence.virtuoso.ade.simulationMonitor] -     WARNING (CMI-2682): I0.I11.NM0: The bulk-drain junction forward bias voltage (1.03333 V) exceeds `VjdmFwd' = 950.054 mV.  The results may be inaccurate because Spectre has linearized the junction current model. Check and verify your design if the higher junction forward bias voltage is not expected {"history": "ExplorerRun.0", "point": 1, "testname": "hanus_new_vco_2_tb_1", "cornername": "Nominal"}
[2026-05-10 12:24:37.308 +0530] [WARN] [cadence.virtuoso.ade.simulationMonitor] -     WARNING (CMI-2682): I0.I2.PM0: The bulk-drain junction forward bias voltage (1.74475 V) exceeds `VjdmFwd' = 911.096 mV.  The results may be inaccurate because Spectre has linearized the junction current model. Check and verify your design if the higher junction forward bias voltage is not expected {"history": "ExplorerRun.0", "point": 1, "testname": "hanus_new_vco_2_tb_1", "cornername": "Nominal"}
[2026-05-10 12:24:37.308 +0530] [WARN] [cadence.virtuoso.ade.simulationMonitor] -     WARNING (CMI-2682): I0.I5.PM0: The bulk-drain junction forward bias voltage (1.07602 V) exceeds `VjdmFwd' = 911.096 mV.  The results may be inaccurate because Spectre has linearized the junction current model. Check and verify your design if the higher junction forward bias voltage is not expected
        Further occurrences of this warning will be suppressed. {"history": "ExplorerRun.0", "point": 1, "testname": "hanus_new_vco_2_tb_1", "cornername": "Nominal"}
[2026-05-10 12:24:37.808 +0530] [INFO] [cadence.virtuoso.ade.simulationMonitor] - Notice from spectre during periodic steady state analysis `pss'.
    1 warning suppressed. {"history": "ExplorerRun.0", "point": 1, "testname": "hanus_new_vco_2_tb_1", "cornername": "Nominal"}
[2026-05-10 12:24:37.809 +0530] [WARN] [cadence.virtuoso.ade.simulationMonitor] -     WARNING (CMI-2682): I0.I0.NM0: The bulk-drain junction forward bias voltage (1.68457 V) exceeds `VjdmFwd' = 950.054 mV.  The results may be inaccurate because Spectre has linearized the junction current model. Check and verify your design if the higher junction forward bias voltage is not expected {"history": "ExplorerRun.0", "point": 1, "testname": "hanus_new_vco_2_tb_1", "cornername": "Nominal"}
[2026-05-10 12:24:37.809 +0530] [WARN] [cadence.virtuoso.ade.simulationMonitor] -     WARNING (CMI-2682): I0.I10.PM0: The bulk-drain junction forward bias voltage (2.05162 V) exceeds `VjdmFwd' = 911.096 mV.  The results may be inaccurate because Spectre has linearized the junction current model. Check and verify your design if the higher junction forward bias voltage is not expected {"history": "ExplorerRun.0", "point": 1, "testname": "hanus_new_vco_2_tb_1", "cornername": "Nominal"}
[2026-05-10 12:24:38.309 +0530] [WARN] [cadence.virtuoso.ade.simulationMonitor] -     WARNING (CMI-2682): I0.I8.NM0: The bulk-drain junction forward bias voltage (2.21202 V) exceeds `VjdmFwd' = 950.054 mV.  The results may be inaccurate because Spectre has linearized the junction current model. Check and verify your design if the higher junction forward bias voltage is not expected {"history": "ExplorerRun.0", "point": 1, "testname": "hanus_new_vco_2_tb_1", "cornername": "Nominal"}
[2026-05-10 12:24:38.309 +0530] [WARN] [cadence.virtuoso.ade.simulationMonitor] -     WARNING (CMI-2682): I0.I1.PM0: The bulk-drain junction forward bias voltage (3.12847 V) exceeds `VjdmFwd' = 911.096 mV.  The results may be inaccurate because Spectre has linearized the junction current model. Check and verify your design if the higher junction forward bias voltage is not expected {"history": "ExplorerRun.0", "point": 1, "testname": "hanus_new_vco_2_tb_1", "cornername": "Nominal"}
[2026-05-10 12:24:38.810 +0530] [ERROR] [cadence.virtuoso.ade.simulationMonitor] -     ERROR (SPCRTRF-15056): Even after adjusting the tstab value, PSS still failed to converge. {"history": "ExplorerRun.0", "point": 1, "testname": "hanus_new_vco_2_tb_1", "cornername": "Nominal"}
[2026-05-10 12:24:38.810 +0530] [ERROR] [cadence.virtuoso.ade.simulationMonitor] - Analysis `pss' was terminated prematurely due to an error. {"history": "ExplorerRun.0", "point": 1, "testname": "hanus_new_vco_2_tb_1", "cornername": "Nominal"}
[2026-05-10 12:24:38.810 +0530] [INFO] [cadence.virtuoso.ade.simulationMonitor] - Notice from spectre.
    72 notices suppressed. {"history": "ExplorerRun.0", "point": 1, "testname": "hanus_new_vco_2_tb_1", "cornername": "Nominal"}
[2026-05-10 12:24:38.810 +0530] [ERROR] [cadence.virtuoso.ade.simulationMonitor] -     ERROR (SPCRTRF-15024): The pnoise analysis was skipped because a PSS analysis must be run first. {"history": "ExplorerRun.0", "point": 1, "testname": "hanus_new_vco_2_tb_1", "cornername": "Nominal"}
[2026-05-10 12:24:38.810 +0530] [ERROR] [cadence.virtuoso.ade.simulationMonitor] - Analysis `pnoise' was terminated prematurely due to an error. {"history": "ExplorerRun.0", "point": 1, "testname": "hanus_new_vco_2_tb_1", "cornername": "Nominal"}
[2026-05-10 12:24:38.810 +0530] [INFO] [cadence.virtuoso.ade.simulationMonitor] - Time used: CPU = 11.6 s, elapsed = 14.5 s, util. = 80%. {"history": "ExplorerRun.0", "point": 1, "testname": "hanus_new_vco_2_tb_1", "cornername": "Nominal"}
[2026-05-10 12:24:38.810 +0530] [INFO] [cadence.virtuoso.ade.simulationMonitor] - Time spent in licensing: elapsed = 2.09 s, percentage of total = 14.4%. {"history": "ExplorerRun.0", "point": 1, "testname": "hanus_new_vco_2_tb_1", "cornername": "Nominal"}
[2026-05-10 12:24:38.810 +0530] [INFO] [cadence.virtuoso.ade.simulationMonitor] - Peak memory used = 184 Mbytes. {"history": "ExplorerRun.0", "point": 1, "testname": "hanus_new_vco_2_tb_1", "cornername": "Nominal"}
[2026-05-10 12:24:38.810 +0530] [PROCESS] [cadence.virtuoso.ade.simulationMonitor] - Simulation started at: 12:24:24 PM, Sun May 10, 2026, ended at: 12:24:38 PM, Sun May 10, 2026, with elapsed time (wall clock): 14.5 s. {"history": "ExplorerRun.0", "point": 1, "testname": "hanus_new_vco_2_tb_1", "cornername": "Nominal"}
[2026-05-10 12:24:38.810 +0530] [PROCESS] [cadence.virtuoso.ade.simulationMonitor] - spectre completes with 2 errors, 56 warnings, and 26 notices. {"history": "ExplorerRun.0", "point": 1, "testname": "hanus_new_vco_2_tb_1", "cornername": "Nominal"}
[2026-05-10 12:24:39.311 +0530] [PROCESS] [cadence.virtuoso.ade.simulationMonitor] - Finished simulating for one point {"hostname": "vlsi44.blr.amrita.edu", "processid": 1892079, "history": "ExplorerRun.0", "testname": "hanus_new_vco_2_tb_1", "cornername": "Nominal", "point": 1, "logfile": "/home/train/hanupro/logs_train/logs1/Job29.log", "simid": "1"}
[2026-05-10 12:24:39.311 +0530] [ERROR] [cadence.virtuoso.ade.simulationMonitor] - While simulating run ExplorerRun.0, point 1, test hanus_new_vco_2_tb_1, received error:
Simulation Error:
 The simulator process returned a non-zero exit code, indicating failure.
The simulator could have crashed or intentionally returned to indicate an error.
Check the simulator log file for more information.  Common causes:
1. Simulator may have crashed during exit even after reporting success in log file.
2. Abrupt automatic simulator termination (e.g., SIGKILL) because the simulator process has
   exce... {"history": "ExplorerRun.0", "point": 1, "testname": "hanus_new_vco_2_tb_1", "cornername": "Nominal"}
[2026-05-10 12:24:39.311 +0530] [PROCESS] [cadence.virtuoso.ade.simulationMonitor] - Finished Simulation {"hostname": "vlsi44.blr.amrita.edu", "processid": 1892079, "history": "ExplorerRun.0", "testname": "hanus_new_vco_2_tb_1", "cornername": "Nominal", "point": 1, "logfile": "/home/train/hanupro/logs_train/logs1/Job29.log", "simid": "1"}
[2026-05-10 12:24:40.316 +0530] [PROCESS] [cadence.virtuoso.ade.simulationMonitor] - Point Finished {"hostname": "vlsi44.blr.amrita.edu", "processid": 1892079, "history": "ExplorerRun.0", "testname": "hanus_new_vco_2_tb_1", "cornername": "Nominal", "point": 1, "logfile": "/home/train/hanupro/logs_train/logs1/Job29.log"}
[2026-05-10 12:29:40.544 +0530] [PROCESS] [cadence.virtuoso.ade.simulationMonitor] - Current memory used: 53.8633 MBytes, peak memory used: 53.8633 MBytes {"hostname": "vlsi44.blr.amrita.edu", "processid": 1892079, "history": "ExplorerRun.0", "testname": "hanus_new_vco_2_tb_1", "cornername": "Nominal", "point": 1, "logfile": "/home/train/hanupro/logs_train/logs1/Job29.log"}
[2026-05-10 12:29:40.544 +0530] [PROCESS] [cadence.virtuoso.ade.simulationMonitor] - Simulation Monitor process exit. {"hostname": "vlsi44.blr.amrita.edu", "processid": 1892079, "history": "ExplorerRun.0", "testname": "hanus_new_vco_2_tb_1", "cornername": "Nominal", "point": 1, "logfile": "/home/train/hanupro/logs_train/logs1/Job29.log"}
