[Simulation Monitor: 26]
[2026-05-10 11:38:20.534 +0530] [PROCESS] [cadence.virtuoso.ade.simulationMonitor] - Simulation Monitor has successfully started up. Trying to set up communication channels to other components ... {"hostname": "vlsi44.blr.amrita.edu", "processid": 1725315, "logfile": "/home/train/hanupro/logs_train/logs1/Job26.log"}
[2026-05-10 11:38:20.536 +0530] [PROCESS] [cadence.virtuoso.ade.simulationMonitor] - Communication channels have been successfully set up. Start processing events ... {"hostname": "vlsi44.blr.amrita.edu", "processid": 1725315, "logfile": "/home/train/hanupro/logs_train/logs1/Job26.log"}
[2026-05-10 11:38:20.536 +0530] [PROCESS] [cadence.virtuoso.ade.simulationMonitor] - Considering to start history {"hostname": "vlsi44.blr.amrita.edu", "processid": 1725315, "history": "ExplorerRun.0", "logfile": "/home/train/hanupro/logs_train/logs1/Job26.log"}
[2026-05-10 11:38:20.537 +0530] [PROCESS] [cadence.virtuoso.ade.simulationMonitor] - HostInfo:
Host name (type):	vlsi44.blr.amrita.edu (x86_64)
Operating system:	Linux 4.18.0-425.3.1.el8.x86_64 #1 SMP Fri Sep 30 11:45:06 EDT 2022 {"hostname": "vlsi44.blr.amrita.edu", "processid": 1725315, "history": "ExplorerRun.0", "logfile": "/home/train/hanupro/logs_train/logs1/Job26.log", "nodename": "vlsi44.blr.amrita.edu", "domainname": "(none)", "machine": "x86_64", "sysname": "Linux", "release": "4.18.0-425.3.1.el8.x86_64", "version": "#1 SMP Fri Sep 30 11:45:06 EDT 2022"}
[2026-05-10 11:38:20.537 +0530] [PROCESS] [cadence.virtuoso.ade.simulationMonitor] - UsageInfo:
pid=1725315
totalPhysicalMemory=15.338570GB,Used=6.477852GB,totalVirtualMemory=46.588566GB,Used=6.477852GB
Cpu: Cores=20, Load average:0.470000,0.300000,0.320000 {"hostname": "vlsi44.blr.amrita.edu", "processid": 1725315, "history": "ExplorerRun.0", "logfile": "/home/train/hanupro/logs_train/logs1/Job26.log", "pid": "1725315", "totalPhysicalMemory": "15.338570", "physicalMemoryUsed": "6.477852", "totalVirtualMemory": "46.588566", "virtualMemoryUsed": "6.477852", "cpuCores": "20", "processes": "1105", "loadAverage1": "0.470000", "loadAverage5": "0.300000", "loadAverage15": "0.320000", "loadAverage1Percent": "0.023500"}
[2026-05-10 11:38:20.537 +0530] [EVENT] [cadence.virtuoso.ade.simulationMonitor] - NewPoint {"history": "ExplorerRun.0", "point": 1, "testname": "hanus_new_vco_2_tb_1", "cornername": "Nominal", "event": "NewPoint", "EventSource": "Simulation Monitor", "HistoryName": "ExplorerRun.0", "logFile": "/home/train/hanupro/logs_train/logs1/Job26.log", "logFileSize": "2187"}
[2026-05-10 11:38:20.637 +0530] [EVENT] [cadence.virtuoso.ade.simulationMonitor] - NewPoint {"history": "ExplorerRun.0", "point": 1, "testname": "hanus_new_vco_2_tb_1", "cornername": "Nominal", "event": "NewPoint", "EventSource": "spectre", "HistoryName": "ExplorerRun.0", "logFile": "/home/train/simulation/hanus/new_vco_2_tb/maestro/results/maestro/ExplorerRun.0/1/hanus_new_vco_2_tb_1/psf/spectre.out", "logFileSize": "-1"}
[2026-05-10 11:38:20.640 +0530] [PROCESS] [cadence.virtuoso.ade.simulationMonitor] - Simulator launched {"hostname": "vlsi44.blr.amrita.edu", "processid": 1725315, "history": "ExplorerRun.0", "testname": "hanus_new_vco_2_tb_1", "cornername": "Nominal", "point": 1, "logfile": "/home/train/hanupro/logs_train/logs1/Job26.log", "simid": "1"}
[2026-05-10 11:38:20.642 +0530] [PROCESS] [cadence.virtuoso.ade.simulationMonitor] - Expression evaluator launched {"hostname": "vlsi44.blr.amrita.edu", "processid": 1725315, "history": "ExplorerRun.0", "testname": "hanus_new_vco_2_tb_1", "cornername": "Nominal", "point": 1, "logfile": "/home/train/hanupro/logs_train/logs1/Job26.log"}
[2026-05-10 11:38:20.646 +0530] [PROCESS] [cadence.virtuoso.ade.simulationMonitor] - Started Simulation {"hostname": "vlsi44.blr.amrita.edu", "processid": 1725315, "history": "ExplorerRun.0", "testname": "hanus_new_vco_2_tb_1", "cornername": "Nominal", "point": 1, "logfile": "/home/train/hanupro/logs_train/logs1/Job26.log", "event": "started", "task": "simulation"}
[2026-05-10 11:38:22.646 +0530] [INFO] [cadence.virtuoso.ade.simulationMonitor] - Peak resident memory used = 155 Mbytes. {"history": "ExplorerRun.0", "point": 1, "testname": "hanus_new_vco_2_tb_1", "cornername": "Nominal"}
[2026-05-10 11:38:22.647 +0530] [INFO] [cadence.virtuoso.ade.simulationMonitor] - Peak resident memory used = 167 Mbytes. {"history": "ExplorerRun.0", "point": 1, "testname": "hanus_new_vco_2_tb_1", "cornername": "Nominal"}
[2026-05-10 11:38:22.647 +0530] [INFO] [cadence.virtuoso.ade.simulationMonitor] - Notice from spectre during hierarchy flattening.
    The value 'psf' specified for the 'checklimitdest' option will no longer be supported in future releases. Use 'spectre -h' to see other recommended values for the 'checklimitdest' option. {"history": "ExplorerRun.0", "point": 1, "testname": "hanus_new_vco_2_tb_1", "cornername": "Nominal"}
[2026-05-10 11:38:22.647 +0530] [INFO] [cadence.virtuoso.ade.simulationMonitor] - Peak resident memory used = 169 Mbytes. {"history": "ExplorerRun.0", "point": 1, "testname": "hanus_new_vco_2_tb_1", "cornername": "Nominal"}
[2026-05-10 11:38:22.647 +0530] [WARN] [cadence.virtuoso.ade.simulationMonitor] -     WARNING (CMI-2426): I0.I11.NM1: `Pdiblc2' = -1.54576e-09 is negative. {"history": "ExplorerRun.0", "point": 1, "testname": "hanus_new_vco_2_tb_1", "cornername": "Nominal"}
[2026-05-10 11:38:22.647 +0530] [INFO] [cadence.virtuoso.ade.simulationMonitor] - Notice from spectre during initial setup.
    Multithreading is disabled due to the size of the design being too small. {"history": "ExplorerRun.0", "point": 1, "testname": "hanus_new_vco_2_tb_1", "cornername": "Nominal"}
[2026-05-10 11:38:22.648 +0530] [INFO] [cadence.virtuoso.ade.simulationMonitor] -               nodes 122 {"history": "ExplorerRun.0", "point": 1, "testname": "hanus_new_vco_2_tb_1", "cornername": "Nominal"}
[2026-05-10 11:38:22.648 +0530] [INFO] [cadence.virtuoso.ade.simulationMonitor] - Notice from spectre during initial setup.
    APS enabled. {"history": "ExplorerRun.0", "point": 1, "testname": "hanus_new_vco_2_tb_1", "cornername": "Nominal"}
[2026-05-10 11:38:22.648 +0530] [WARN] [cadence.virtuoso.ade.simulationMonitor] -     WARNING (CMI-2426): I0.I11.NM1: `Pdiblc2' = -1.54576e-09 is negative. {"history": "ExplorerRun.0", "point": 1, "testname": "hanus_new_vco_2_tb_1", "cornername": "Nominal"}
[2026-05-10 11:38:22.648 +0530] [INFO] [cadence.virtuoso.ade.simulationMonitor] - Peak resident memory used = 170 Mbytes. {"history": "ExplorerRun.0", "point": 1, "testname": "hanus_new_vco_2_tb_1", "cornername": "Nominal"}
[2026-05-10 11:38:22.648 +0530] [INFO] [cadence.virtuoso.ade.simulationMonitor] -    -   (APS) Multi-threading. The recommended number of threads is 1, consider adding +mt=1 on command line. {"history": "ExplorerRun.0", "point": 1, "testname": "hanus_new_vco_2_tb_1", "cornername": "Nominal"}
[2026-05-10 11:38:22.648 +0530] [INFO] [cadence.virtuoso.ade.simulationMonitor] - Notice from spectre during IC analysis, during transient analysis `tran'.
    There are 4 IC nodes defined. {"history": "ExplorerRun.0", "point": 1, "testname": "hanus_new_vco_2_tb_1", "cornername": "Nominal"}
[2026-05-10 11:38:22.648 +0530] [INFO] [cadence.virtuoso.ade.simulationMonitor] - Notice from spectre during IC analysis, during transient analysis `tran'.
    Bad pivoting is found during DC analysis. Option dc_pivot_check=yes is recommended for possible improvement of convergence.
    Initial condition computed for node vco0 is in error by 84.818 uV.
    Initial condition computed for node vco90 is in error by 84.818 uV.
    Initial condition computed for node vco180 is in error by 84.818 uV.
    Initial condition computed for node vco270 is in error by 84.818 uV.
        Decrease `rf... {"history": "ExplorerRun.0", "point": 1, "testname": "hanus_new_vco_2_tb_1", "cornername": "Nominal"}
[2026-05-10 11:38:22.648 +0530] [INFO] [cadence.virtuoso.ade.simulationMonitor] - Notice from spectre during transient analysis `tran'.
    Multithreading is disabled due to the size of the design being too small. {"history": "ExplorerRun.0", "point": 1, "testname": "hanus_new_vco_2_tb_1", "cornername": "Nominal"}
[2026-05-10 11:38:29.692 +0530] [INFO] [cadence.virtuoso.ade.simulationMonitor] - Total time required for tran analysis `tran': CPU = 6.72869 s, elapsed = 6.74158 s, util. = 99.8%. {"history": "ExplorerRun.0", "point": 1, "testname": "hanus_new_vco_2_tb_1", "cornername": "Nominal"}
[2026-05-10 11:38:29.693 +0530] [INFO] [cadence.virtuoso.ade.simulationMonitor] - Peak resident memory used = 319 Mbytes. {"history": "ExplorerRun.0", "point": 1, "testname": "hanus_new_vco_2_tb_1", "cornername": "Nominal"}
[2026-05-10 11:38:29.693 +0530] [INFO] [cadence.virtuoso.ade.simulationMonitor] - Time used: CPU = 7.27 s, elapsed = 8.49 s, util. = 85.7%. {"history": "ExplorerRun.0", "point": 1, "testname": "hanus_new_vco_2_tb_1", "cornername": "Nominal"}
[2026-05-10 11:38:29.693 +0530] [INFO] [cadence.virtuoso.ade.simulationMonitor] - Time spent in licensing: elapsed = 1.06 s, percentage of total = 12.5%. {"history": "ExplorerRun.0", "point": 1, "testname": "hanus_new_vco_2_tb_1", "cornername": "Nominal"}
[2026-05-10 11:38:29.693 +0530] [INFO] [cadence.virtuoso.ade.simulationMonitor] - Peak memory used = 321 Mbytes. {"history": "ExplorerRun.0", "point": 1, "testname": "hanus_new_vco_2_tb_1", "cornername": "Nominal"}
[2026-05-10 11:38:29.693 +0530] [PROCESS] [cadence.virtuoso.ade.simulationMonitor] - Simulation started at: 11:38:20 AM, Sun May 10, 2026, ended at: 11:38:29 AM, Sun May 10, 2026, with elapsed time (wall clock): 8.49 s. {"history": "ExplorerRun.0", "point": 1, "testname": "hanus_new_vco_2_tb_1", "cornername": "Nominal"}
[2026-05-10 11:38:29.693 +0530] [PROCESS] [cadence.virtuoso.ade.simulationMonitor] - spectre completes with 0 errors, 2 warnings, and 11 notices. {"history": "ExplorerRun.0", "point": 1, "testname": "hanus_new_vco_2_tb_1", "cornername": "Nominal"}
[2026-05-10 11:38:29.693 +0530] [PROCESS] [cadence.virtuoso.ade.simulationMonitor] - Finished simulating for one point {"hostname": "vlsi44.blr.amrita.edu", "processid": 1725315, "history": "ExplorerRun.0", "testname": "hanus_new_vco_2_tb_1", "cornername": "Nominal", "point": 1, "logfile": "/home/train/hanupro/logs_train/logs1/Job26.log", "simid": "1"}
[2026-05-10 11:38:29.693 +0530] [PROCESS] [cadence.virtuoso.ade.simulationMonitor] - Simulator exited {"hostname": "vlsi44.blr.amrita.edu", "processid": 1725315, "history": "ExplorerRun.0", "testname": "hanus_new_vco_2_tb_1", "cornername": "Nominal", "point": 1, "logfile": "/home/train/hanupro/logs_train/logs1/Job26.log", "exitStatus": "0"}
[2026-05-10 11:38:29.693 +0530] [PROCESS] [cadence.virtuoso.ade.simulationMonitor] - Finished Simulation {"hostname": "vlsi44.blr.amrita.edu", "processid": 1725315, "history": "ExplorerRun.0", "testname": "hanus_new_vco_2_tb_1", "cornername": "Nominal", "point": 1, "logfile": "/home/train/hanupro/logs_train/logs1/Job26.log", "simid": "1"}
[2026-05-10 11:38:30.698 +0530] [PROCESS] [cadence.virtuoso.ade.simulationMonitor] - Point Finished {"hostname": "vlsi44.blr.amrita.edu", "processid": 1725315, "history": "ExplorerRun.0", "testname": "hanus_new_vco_2_tb_1", "cornername": "Nominal", "point": 1, "logfile": "/home/train/hanupro/logs_train/logs1/Job26.log"}
[2026-05-10 11:39:58.294 +0530] [INFO] [cadence.virtuoso.ade.simulationMonitor] - SimulationMonitor has terminated the vds process '1725398', reason: 'Force to stop the expression evalutor process because of new run' {"history": "ExplorerRun.0", "point": 1, "testname": "hanus_new_vco_2_tb_1", "cornername": "Nominal"}
[2026-05-10 11:39:58.294 +0530] [PROCESS] [cadence.virtuoso.ade.simulationMonitor] - HostInfo:
Host name (type):	vlsi44.blr.amrita.edu (x86_64)
Operating system:	Linux 4.18.0-425.3.1.el8.x86_64 #1 SMP Fri Sep 30 11:45:06 EDT 2022 {"hostname": "vlsi44.blr.amrita.edu", "processid": 1725315, "history": "ExplorerRun.0", "testname": "hanus_new_vco_2_tb_1", "cornername": "Nominal", "point": 1, "logfile": "/home/train/hanupro/logs_train/logs1/Job26.log", "nodename": "vlsi44.blr.amrita.edu", "domainname": "(none)", "machine": "x86_64", "sysname": "Linux", "release": "4.18.0-425.3.1.el8.x86_64", "version": "#1 SMP Fri Sep 30 11:45:06 EDT 2022"}
[2026-05-10 11:39:58.294 +0530] [PROCESS] [cadence.virtuoso.ade.simulationMonitor] - UsageInfo:
pid=1725315
totalPhysicalMemory=15.338570GB,Used=6.551277GB,totalVirtualMemory=46.588566GB,Used=6.551277GB
Cpu: Cores=20, Load average:0.410000,0.320000,0.320000 {"hostname": "vlsi44.blr.amrita.edu", "processid": 1725315, "history": "ExplorerRun.0", "testname": "hanus_new_vco_2_tb_1", "cornername": "Nominal", "point": 1, "logfile": "/home/train/hanupro/logs_train/logs1/Job26.log", "pid": "1725315", "totalPhysicalMemory": "15.338570", "physicalMemoryUsed": "6.551277", "totalVirtualMemory": "46.588566", "virtualMemoryUsed": "6.551277", "cpuCores": "20", "processes": "1113", "loadAverage1": "0.410000", "loadAverage5": "0.320000", "loadAverage15": "0.320000", "loadAverage1Percent": "0.020500"}
[2026-05-10 11:39:58.294 +0530] [EVENT] [cadence.virtuoso.ade.simulationMonitor] - NewPoint {"history": "ExplorerRun.0", "point": 1, "testname": "hanus_new_vco_2_tb_1", "cornername": "Nominal", "event": "NewPoint", "EventSource": "Simulation Monitor", "HistoryName": "ExplorerRun.0", "logFile": "/home/train/hanupro/logs_train/logs1/Job26.log", "logFileSize": "13128"}
[2026-05-10 11:39:58.395 +0530] [EVENT] [cadence.virtuoso.ade.simulationMonitor] - NewPoint {"history": "ExplorerRun.0", "point": 1, "testname": "hanus_new_vco_2_tb_1", "cornername": "Nominal", "event": "NewPoint", "EventSource": "spectre", "HistoryName": "ExplorerRun.0", "logFile": "/home/train/simulation/hanus/new_vco_2_tb/maestro/results/maestro/ExplorerRun.0/1/hanus_new_vco_2_tb_1/psf/spectre.out", "logFileSize": "-1"}
[2026-05-10 11:39:58.398 +0530] [PROCESS] [cadence.virtuoso.ade.simulationMonitor] - Simulator launched {"hostname": "vlsi44.blr.amrita.edu", "processid": 1725315, "history": "ExplorerRun.0", "testname": "hanus_new_vco_2_tb_1", "cornername": "Nominal", "point": 1, "logfile": "/home/train/hanupro/logs_train/logs1/Job26.log", "simid": "2"}
[2026-05-10 11:39:58.400 +0530] [PROCESS] [cadence.virtuoso.ade.simulationMonitor] - Expression evaluator launched {"hostname": "vlsi44.blr.amrita.edu", "processid": 1725315, "history": "ExplorerRun.0", "testname": "hanus_new_vco_2_tb_1", "cornername": "Nominal", "point": 1, "logfile": "/home/train/hanupro/logs_train/logs1/Job26.log"}
[2026-05-10 11:39:58.404 +0530] [PROCESS] [cadence.virtuoso.ade.simulationMonitor] - Started Simulation {"hostname": "vlsi44.blr.amrita.edu", "processid": 1725315, "history": "ExplorerRun.0", "testname": "hanus_new_vco_2_tb_1", "cornername": "Nominal", "point": 1, "logfile": "/home/train/hanupro/logs_train/logs1/Job26.log", "event": "started", "task": "simulation"}
[2026-05-10 11:40:00.905 +0530] [INFO] [cadence.virtuoso.ade.simulationMonitor] - Peak resident memory used = 150 Mbytes. {"history": "ExplorerRun.0", "point": 1, "testname": "hanus_new_vco_2_tb_1", "cornername": "Nominal"}
[2026-05-10 11:40:00.905 +0530] [INFO] [cadence.virtuoso.ade.simulationMonitor] - Peak resident memory used = 164 Mbytes. {"history": "ExplorerRun.0", "point": 1, "testname": "hanus_new_vco_2_tb_1", "cornername": "Nominal"}
[2026-05-10 11:40:00.905 +0530] [INFO] [cadence.virtuoso.ade.simulationMonitor] - Notice from spectre during hierarchy flattening.
    The value 'psf' specified for the 'checklimitdest' option will no longer be supported in future releases. Use 'spectre -h' to see other recommended values for the 'checklimitdest' option. {"history": "ExplorerRun.0", "point": 1, "testname": "hanus_new_vco_2_tb_1", "cornername": "Nominal"}
[2026-05-10 11:40:00.905 +0530] [INFO] [cadence.virtuoso.ade.simulationMonitor] - Peak resident memory used = 166 Mbytes. {"history": "ExplorerRun.0", "point": 1, "testname": "hanus_new_vco_2_tb_1", "cornername": "Nominal"}
[2026-05-10 11:40:00.905 +0530] [WARN] [cadence.virtuoso.ade.simulationMonitor] -     WARNING (CMI-2426): I0.I0.NM1: `Pdiblc2' = -1.54576e-09 is negative. {"history": "ExplorerRun.0", "point": 1, "testname": "hanus_new_vco_2_tb_1", "cornername": "Nominal"}
[2026-05-10 11:40:00.905 +0530] [WARN] [cadence.virtuoso.ade.simulationMonitor] -     WARNING (CMI-2426): I0.I1.NM1: `Pdiblc2' = -1.54576e-09 is negative. {"history": "ExplorerRun.0", "point": 1, "testname": "hanus_new_vco_2_tb_1", "cornername": "Nominal"}
[2026-05-10 11:40:00.905 +0530] [WARN] [cadence.virtuoso.ade.simulationMonitor] -     WARNING (CMI-2426): I0.I2.NM1: `Pdiblc2' = -1.54576e-09 is negative. {"history": "ExplorerRun.0", "point": 1, "testname": "hanus_new_vco_2_tb_1", "cornername": "Nominal"}
[2026-05-10 11:40:00.905 +0530] [WARN] [cadence.virtuoso.ade.simulationMonitor] -     WARNING (CMI-2426): I0.I3.NM1: `Pdiblc2' = -1.54576e-09 is negative. {"history": "ExplorerRun.0", "point": 1, "testname": "hanus_new_vco_2_tb_1", "cornername": "Nominal"}
[2026-05-10 11:40:00.905 +0530] [WARN] [cadence.virtuoso.ade.simulationMonitor] -     WARNING (CMI-2426): I0.I4.NM1: `Pdiblc2' = -1.54576e-09 is negative.
        Further occurrences of this warning will be suppressed. {"history": "ExplorerRun.0", "point": 1, "testname": "hanus_new_vco_2_tb_1", "cornername": "Nominal"}
[2026-05-10 11:40:00.905 +0530] [INFO] [cadence.virtuoso.ade.simulationMonitor] - Notice from spectre during initial setup.
    Multithreading is disabled due to the size of the design being too small. {"history": "ExplorerRun.0", "point": 1, "testname": "hanus_new_vco_2_tb_1", "cornername": "Nominal"}
[2026-05-10 11:40:00.906 +0530] [INFO] [cadence.virtuoso.ade.simulationMonitor] -               nodes 122 {"history": "ExplorerRun.0", "point": 1, "testname": "hanus_new_vco_2_tb_1", "cornername": "Nominal"}
[2026-05-10 11:40:00.906 +0530] [INFO] [cadence.virtuoso.ade.simulationMonitor] - Notice from spectre during initial setup.
    APS enabled. {"history": "ExplorerRun.0", "point": 1, "testname": "hanus_new_vco_2_tb_1", "cornername": "Nominal"}
[2026-05-10 11:40:00.906 +0530] [INFO] [cadence.virtuoso.ade.simulationMonitor] - Peak resident memory used = 169 Mbytes. {"history": "ExplorerRun.0", "point": 1, "testname": "hanus_new_vco_2_tb_1", "cornername": "Nominal"}
[2026-05-10 11:40:00.906 +0530] [INFO] [cadence.virtuoso.ade.simulationMonitor] -    -   (APS) Multi-threading. The recommended number of threads is 1, consider adding +mt=1 on command line. {"history": "ExplorerRun.0", "point": 1, "testname": "hanus_new_vco_2_tb_1", "cornername": "Nominal"}
[2026-05-10 11:40:00.906 +0530] [INFO] [cadence.virtuoso.ade.simulationMonitor] - Notice from spectre.
    Multithreading is disabled due to the size of the design being too small. {"history": "ExplorerRun.0", "point": 1, "testname": "hanus_new_vco_2_tb_1", "cornername": "Nominal"}
[2026-05-10 11:40:01.406 +0530] [INFO] [cadence.virtuoso.ade.simulationMonitor] - Notice from spectre during IC analysis, during periodic steady state analysis `pss'.
    There are 4 IC nodes defined. {"history": "ExplorerRun.0", "point": 1, "testname": "hanus_new_vco_2_tb_1", "cornername": "Nominal"}
[2026-05-10 11:40:01.406 +0530] [INFO] [cadence.virtuoso.ade.simulationMonitor] - Notice from spectre during IC analysis, during periodic steady state analysis `pss'.
    Bad pivoting is found during DC analysis. Option dc_pivot_check=yes is recommended for possible improvement of convergence.
    Initial condition computed for node vco0 is in error by 84.818 uV.
    Initial condition computed for node vco90 is in error by 84.818 uV.
    Initial condition computed for node vco180 is in error by 84.818 uV.
    Initial condition computed for node vco270 is in error by 84.818 uV.
        D... {"history": "ExplorerRun.0", "point": 1, "testname": "hanus_new_vco_2_tb_1", "cornername": "Nominal"}
[2026-05-10 11:40:02.950 +0530] [INFO] [cadence.virtuoso.ade.simulationMonitor] - Notice from spectre at time = 51.5697 ns during periodic steady state analysis `pss'.
    Found trapezoidal ringing on node I0.I2.PM0.n1. {"history": "ExplorerRun.0", "point": 1, "testname": "hanus_new_vco_2_tb_1", "cornername": "Nominal"}
[2026-05-10 11:40:02.950 +0530] [INFO] [cadence.virtuoso.ade.simulationMonitor] - Notice from spectre at time = 51.5724 ns during periodic steady state analysis `pss'.
    Found trapezoidal ringing on node I0.I2.PM0.n1. {"history": "ExplorerRun.0", "point": 1, "testname": "hanus_new_vco_2_tb_1", "cornername": "Nominal"}
[2026-05-10 11:40:02.950 +0530] [INFO] [cadence.virtuoso.ade.simulationMonitor] - Total time required for tstab analysis `pss': CPU = 1.55143 s, elapsed = 1.55402 s. {"history": "ExplorerRun.0", "point": 1, "testname": "hanus_new_vco_2_tb_1", "cornername": "Nominal"}
[2026-05-10 11:40:02.951 +0530] [INFO] [cadence.virtuoso.ade.simulationMonitor] - Peak resident memory used = 173 Mbytes. {"history": "ExplorerRun.0", "point": 1, "testname": "hanus_new_vco_2_tb_1", "cornername": "Nominal"}
[2026-05-10 11:40:03.451 +0530] [INFO] [cadence.virtuoso.ade.simulationMonitor] - Notice from spectre at time = 52.0524 ns during periodic steady state analysis `pss'.
    Found trapezoidal ringing on node I0.I7.PM0.n1. {"history": "ExplorerRun.0", "point": 1, "testname": "hanus_new_vco_2_tb_1", "cornername": "Nominal"}
[2026-05-10 11:40:04.451 +0530] [INFO] [cadence.virtuoso.ade.simulationMonitor] - Notice from spectre at time = 51.911 ns during periodic steady state analysis `pss'.
    Found trapezoidal ringing on node I0.I2.NM0.n1. {"history": "ExplorerRun.0", "point": 1, "testname": "hanus_new_vco_2_tb_1", "cornername": "Nominal"}
[2026-05-10 11:40:04.451 +0530] [INFO] [cadence.virtuoso.ade.simulationMonitor] - Notice from spectre at time = 51.9119 ns during periodic steady state analysis `pss'.
    Found trapezoidal ringing on node I0.I2.NM0.n1.
        Further occurrences of this notice will be suppressed. {"history": "ExplorerRun.0", "point": 1, "testname": "hanus_new_vco_2_tb_1", "cornername": "Nominal"}
[2026-05-10 11:40:04.451 +0530] [WARN] [cadence.virtuoso.ade.simulationMonitor] -     WARNING (CMI-2682): I0.I0.NM0: The bulk-drain junction forward bias voltage (2.39929 V) exceeds `VjdmFwd' = 950.054 mV.  The results may be inaccurate because Spectre has linearized the junction current model. Check and verify your design if the higher junction forward bias voltage is not expected {"history": "ExplorerRun.0", "point": 1, "testname": "hanus_new_vco_2_tb_1", "cornername": "Nominal"}
[2026-05-10 11:40:04.451 +0530] [WARN] [cadence.virtuoso.ade.simulationMonitor] -     WARNING (CMI-2682): I0.I0.PM0: The bulk-source junction forward bias voltage (946.301 mV) exceeds `VjsmFwd' = 909.749 mV.  The results may be inaccurate because Spectre has linearized the junction current model. Check and verify your design if the higher junction forward bias voltage is not expected {"history": "ExplorerRun.0", "point": 1, "testname": "hanus_new_vco_2_tb_1", "cornername": "Nominal"}
[2026-05-10 11:40:04.451 +0530] [WARN] [cadence.virtuoso.ade.simulationMonitor] -     WARNING (CMI-2682): I0.I10.PM0: The bulk-drain junction forward bias voltage (2.18082 V) exceeds `VjdmFwd' = 911.096 mV.  The results may be inaccurate because Spectre has linearized the junction current model. Check and verify your design if the higher junction forward bias voltage is not expected {"history": "ExplorerRun.0", "point": 1, "testname": "hanus_new_vco_2_tb_1", "cornername": "Nominal"}
[2026-05-10 11:40:04.451 +0530] [WARN] [cadence.virtuoso.ade.simulationMonitor] -     WARNING (CMI-2682): I0.I0.PM1: The bulk-drain junction forward bias voltage (952.244 mV) exceeds `VjdmFwd' = 902.24 mV.  The results may be inaccurate because Spectre has linearized the junction current model. Check and verify your design if the higher junction forward bias voltage is not expected {"history": "ExplorerRun.0", "point": 1, "testname": "hanus_new_vco_2_tb_1", "cornername": "Nominal"}
[2026-05-10 11:40:04.452 +0530] [INFO] [cadence.virtuoso.ade.simulationMonitor] - Notice from spectre at time = 51.7241 ns during periodic steady state analysis `pss'.
    I0.I0.PM0: The bulk-source junction returns to normal bias condition {"history": "ExplorerRun.0", "point": 1, "testname": "hanus_new_vco_2_tb_1", "cornername": "Nominal"}
[2026-05-10 11:40:04.452 +0530] [INFO] [cadence.virtuoso.ade.simulationMonitor] - Notice from spectre at time = 51.7241 ns during periodic steady state analysis `pss'.
    I0.I0.PM1: The bulk-drain junction returns to normal bias condition {"history": "ExplorerRun.0", "point": 1, "testname": "hanus_new_vco_2_tb_1", "cornername": "Nominal"}
[2026-05-10 11:40:04.452 +0530] [INFO] [cadence.virtuoso.ade.simulationMonitor] - Notice from spectre at time = 51.7242 ns during periodic steady state analysis `pss'.
    I0.I10.PM0: The bulk-drain junction returns to normal bias condition {"history": "ExplorerRun.0", "point": 1, "testname": "hanus_new_vco_2_tb_1", "cornername": "Nominal"}
[2026-05-10 11:40:04.452 +0530] [INFO] [cadence.virtuoso.ade.simulationMonitor] - Notice from spectre at time = 51.7242 ns during periodic steady state analysis `pss'.
    I0.I0.NM0: The bulk-drain junction returns to normal bias condition {"history": "ExplorerRun.0", "point": 1, "testname": "hanus_new_vco_2_tb_1", "cornername": "Nominal"}
[2026-05-10 11:40:05.952 +0530] [WARN] [cadence.virtuoso.ade.simulationMonitor] -     WARNING (CMI-2682): I0.I1.NM0: The bulk-source junction forward bias voltage (1.33145 V) exceeds `VjsmFwd' = 945.18 mV.  The results may be inaccurate because Spectre has linearized the junction current model. Check and verify your design if the higher junction forward bias voltage is not expected {"history": "ExplorerRun.0", "point": 1, "testname": "hanus_new_vco_2_tb_1", "cornername": "Nominal"}
[2026-05-10 11:40:05.952 +0530] [WARN] [cadence.virtuoso.ade.simulationMonitor] -     WARNING (CMI-2682): I0.I1.NM0: The bulk-drain junction forward bias voltage (1.80892 V) exceeds `VjdmFwd' = 950.054 mV.  The results may be inaccurate because Spectre has linearized the junction current model. Check and verify your design if the higher junction forward bias voltage is not expected {"history": "ExplorerRun.0", "point": 1, "testname": "hanus_new_vco_2_tb_1", "cornername": "Nominal"}
[2026-05-10 11:40:05.952 +0530] [WARN] [cadence.virtuoso.ade.simulationMonitor] -     WARNING (CMI-2682): I0.I9.NM0: The bulk-drain junction forward bias voltage (1.65259 V) exceeds `VjdmFwd' = 950.054 mV.  The results may be inaccurate because Spectre has linearized the junction current model. Check and verify your design if the higher junction forward bias voltage is not expected {"history": "ExplorerRun.0", "point": 1, "testname": "hanus_new_vco_2_tb_1", "cornername": "Nominal"}
[2026-05-10 11:40:05.952 +0530] [WARN] [cadence.virtuoso.ade.simulationMonitor] -     WARNING (CMI-2682): I0.I1.NM1: The bulk-drain junction forward bias voltage (1.59398 V) exceeds `VjdmFwd' = 937.046 mV.  The results may be inaccurate because Spectre has linearized the junction current model. Check and verify your design if the higher junction forward bias voltage is not expected {"history": "ExplorerRun.0", "point": 1, "testname": "hanus_new_vco_2_tb_1", "cornername": "Nominal"}
[2026-05-10 11:40:05.952 +0530] [WARN] [cadence.virtuoso.ade.simulationMonitor] -     WARNING (CMI-2682): I0.I2.PM0: The bulk-drain junction forward bias voltage (2.49467 V) exceeds `VjdmFwd' = 911.096 mV.  The results may be inaccurate because Spectre has linearized the junction current model. Check and verify your design if the higher junction forward bias voltage is not expected
        Further occurrences of this warning will be suppressed. {"history": "ExplorerRun.0", "point": 1, "testname": "hanus_new_vco_2_tb_1", "cornername": "Nominal"}
[2026-05-10 11:40:05.952 +0530] [INFO] [cadence.virtuoso.ade.simulationMonitor] - Notice from spectre at time = 57.6591 ns during periodic steady state analysis `pss'.
    I0.I1.NM0: The bulk-source junction returns to normal bias condition
        Further occurrences of this notice will be suppressed. {"history": "ExplorerRun.0", "point": 1, "testname": "hanus_new_vco_2_tb_1", "cornername": "Nominal"}
[2026-05-10 11:40:06.453 +0530] [INFO] [cadence.virtuoso.ade.simulationMonitor] - Notice from spectre during periodic steady state analysis `pss'.
    3 warnings suppressed. {"history": "ExplorerRun.0", "point": 1, "testname": "hanus_new_vco_2_tb_1", "cornername": "Nominal"}
[2026-05-10 11:40:06.453 +0530] [WARN] [cadence.virtuoso.ade.simulationMonitor] -     WARNING (CMI-2682): I0.I0.NM0: The bulk-drain junction forward bias voltage (1.81129 V) exceeds `VjdmFwd' = 950.054 mV.  The results may be inaccurate because Spectre has linearized the junction current model. Check and verify your design if the higher junction forward bias voltage is not expected {"history": "ExplorerRun.0", "point": 1, "testname": "hanus_new_vco_2_tb_1", "cornername": "Nominal"}
[2026-05-10 11:40:06.453 +0530] [WARN] [cadence.virtuoso.ade.simulationMonitor] -     WARNING (CMI-2682): I0.I9.NM0: The bulk-source junction forward bias voltage (1.25297 V) exceeds `VjsmFwd' = 945.18 mV.  The results may be inaccurate because Spectre has linearized the junction current model. Check and verify your design if the higher junction forward bias voltage is not expected {"history": "ExplorerRun.0", "point": 1, "testname": "hanus_new_vco_2_tb_1", "cornername": "Nominal"}
[2026-05-10 11:40:06.453 +0530] [WARN] [cadence.virtuoso.ade.simulationMonitor] -     WARNING (CMI-2682): I0.I9.NM0: The bulk-drain junction forward bias voltage (1.74148 V) exceeds `VjdmFwd' = 950.054 mV.  The results may be inaccurate because Spectre has linearized the junction current model. Check and verify your design if the higher junction forward bias voltage is not expected {"history": "ExplorerRun.0", "point": 1, "testname": "hanus_new_vco_2_tb_1", "cornername": "Nominal"}
[2026-05-10 11:40:06.454 +0530] [WARN] [cadence.virtuoso.ade.simulationMonitor] -     WARNING (CMI-2682): I0.I9.NM1: The bulk-drain junction forward bias voltage (1.46413 V) exceeds `VjdmFwd' = 937.046 mV.  The results may be inaccurate because Spectre has linearized the junction current model. Check and verify your design if the higher junction forward bias voltage is not expected {"history": "ExplorerRun.0", "point": 1, "testname": "hanus_new_vco_2_tb_1", "cornername": "Nominal"}
[2026-05-10 11:40:06.454 +0530] [WARN] [cadence.virtuoso.ade.simulationMonitor] -     WARNING (CMI-2682): I0.I2.PM0: The bulk-source junction forward bias voltage (1.5567 V) exceeds `VjsmFwd' = 909.749 mV.  The results may be inaccurate because Spectre has linearized the junction current model. Check and verify your design if the higher junction forward bias voltage is not expected
        Further occurrences of this warning will be suppressed. {"history": "ExplorerRun.0", "point": 1, "testname": "hanus_new_vco_2_tb_1", "cornername": "Nominal"}
[2026-05-10 11:40:06.954 +0530] [INFO] [cadence.virtuoso.ade.simulationMonitor] - Notice from spectre during periodic steady state analysis `pss'.
    3 warnings suppressed. {"history": "ExplorerRun.0", "point": 1, "testname": "hanus_new_vco_2_tb_1", "cornername": "Nominal"}
[2026-05-10 11:40:06.954 +0530] [WARN] [cadence.virtuoso.ade.simulationMonitor] -     WARNING (CMI-2682): I0.I0.NM0: The bulk-drain junction forward bias voltage (1.79154 V) exceeds `VjdmFwd' = 950.054 mV.  The results may be inaccurate because Spectre has linearized the junction current model. Check and verify your design if the higher junction forward bias voltage is not expected {"history": "ExplorerRun.0", "point": 1, "testname": "hanus_new_vco_2_tb_1", "cornername": "Nominal"}
[2026-05-10 11:40:06.954 +0530] [WARN] [cadence.virtuoso.ade.simulationMonitor] -     WARNING (CMI-2682): I0.I9.NM0: The bulk-source junction forward bias voltage (1.18642 V) exceeds `VjsmFwd' = 945.18 mV.  The results may be inaccurate because Spectre has linearized the junction current model. Check and verify your design if the higher junction forward bias voltage is not expected {"history": "ExplorerRun.0", "point": 1, "testname": "hanus_new_vco_2_tb_1", "cornername": "Nominal"}
[2026-05-10 11:40:06.954 +0530] [WARN] [cadence.virtuoso.ade.simulationMonitor] -     WARNING (CMI-2682): I0.I9.NM0: The bulk-drain junction forward bias voltage (1.555 V) exceeds `VjdmFwd' = 950.054 mV.  The results may be inaccurate because Spectre has linearized the junction current model. Check and verify your design if the higher junction forward bias voltage is not expected {"history": "ExplorerRun.0", "point": 1, "testname": "hanus_new_vco_2_tb_1", "cornername": "Nominal"}
[2026-05-10 11:40:06.954 +0530] [WARN] [cadence.virtuoso.ade.simulationMonitor] -     WARNING (CMI-2682): I0.I9.NM1: The bulk-drain junction forward bias voltage (1.35465 V) exceeds `VjdmFwd' = 937.046 mV.  The results may be inaccurate because Spectre has linearized the junction current model. Check and verify your design if the higher junction forward bias voltage is not expected {"history": "ExplorerRun.0", "point": 1, "testname": "hanus_new_vco_2_tb_1", "cornername": "Nominal"}
[2026-05-10 11:40:06.955 +0530] [WARN] [cadence.virtuoso.ade.simulationMonitor] -     WARNING (CMI-2682): I0.I2.PM0: The bulk-source junction forward bias voltage (1.42784 V) exceeds `VjsmFwd' = 909.749 mV.  The results may be inaccurate because Spectre has linearized the junction current model. Check and verify your design if the higher junction forward bias voltage is not expected
        Further occurrences of this warning will be suppressed. {"history": "ExplorerRun.0", "point": 1, "testname": "hanus_new_vco_2_tb_1", "cornername": "Nominal"}
[2026-05-10 11:40:07.455 +0530] [INFO] [cadence.virtuoso.ade.simulationMonitor] - Notice from spectre during periodic steady state analysis `pss'.
    3 warnings suppressed. {"history": "ExplorerRun.0", "point": 1, "testname": "hanus_new_vco_2_tb_1", "cornername": "Nominal"}
[2026-05-10 11:40:07.455 +0530] [ERROR] [cadence.virtuoso.ade.simulationMonitor] -     ERROR (SPCRTRF-15056): Even after adjusting the tstab value, PSS still failed to converge. {"history": "ExplorerRun.0", "point": 1, "testname": "hanus_new_vco_2_tb_1", "cornername": "Nominal"}
[2026-05-10 11:40:07.455 +0530] [ERROR] [cadence.virtuoso.ade.simulationMonitor] - Analysis `pss' was terminated prematurely due to an error. {"history": "ExplorerRun.0", "point": 1, "testname": "hanus_new_vco_2_tb_1", "cornername": "Nominal"}
[2026-05-10 11:40:07.455 +0530] [INFO] [cadence.virtuoso.ade.simulationMonitor] - Notice from spectre.
    66 notices suppressed. {"history": "ExplorerRun.0", "point": 1, "testname": "hanus_new_vco_2_tb_1", "cornername": "Nominal"}
[2026-05-10 11:40:07.455 +0530] [ERROR] [cadence.virtuoso.ade.simulationMonitor] -     ERROR (SPCRTRF-15024): The pnoise analysis was skipped because a PSS analysis must be run first. {"history": "ExplorerRun.0", "point": 1, "testname": "hanus_new_vco_2_tb_1", "cornername": "Nominal"}
[2026-05-10 11:40:07.456 +0530] [ERROR] [cadence.virtuoso.ade.simulationMonitor] - Analysis `pnoise' was terminated prematurely due to an error. {"history": "ExplorerRun.0", "point": 1, "testname": "hanus_new_vco_2_tb_1", "cornername": "Nominal"}
[2026-05-10 11:40:07.456 +0530] [INFO] [cadence.virtuoso.ade.simulationMonitor] - Time used: CPU = 6.15 s, elapsed = 8.55 s, util. = 71.9%. {"history": "ExplorerRun.0", "point": 1, "testname": "hanus_new_vco_2_tb_1", "cornername": "Nominal"}
[2026-05-10 11:40:07.456 +0530] [INFO] [cadence.virtuoso.ade.simulationMonitor] - Time spent in licensing: elapsed = 2.28 s, percentage of total = 26.7%. {"history": "ExplorerRun.0", "point": 1, "testname": "hanus_new_vco_2_tb_1", "cornername": "Nominal"}
[2026-05-10 11:40:07.456 +0530] [INFO] [cadence.virtuoso.ade.simulationMonitor] - Peak memory used = 184 Mbytes. {"history": "ExplorerRun.0", "point": 1, "testname": "hanus_new_vco_2_tb_1", "cornername": "Nominal"}
[2026-05-10 11:40:07.456 +0530] [PROCESS] [cadence.virtuoso.ade.simulationMonitor] - Simulation started at: 11:39:58 AM, Sun May 10, 2026, ended at: 11:40:07 AM, Sun May 10, 2026, with elapsed time (wall clock): 8.55 s. {"history": "ExplorerRun.0", "point": 1, "testname": "hanus_new_vco_2_tb_1", "cornername": "Nominal"}
[2026-05-10 11:40:07.456 +0530] [PROCESS] [cadence.virtuoso.ade.simulationMonitor] - spectre completes with 2 errors, 24 warnings, and 26 notices. {"history": "ExplorerRun.0", "point": 1, "testname": "hanus_new_vco_2_tb_1", "cornername": "Nominal"}
[2026-05-10 11:40:07.456 +0530] [PROCESS] [cadence.virtuoso.ade.simulationMonitor] - Finished simulating for one point {"hostname": "vlsi44.blr.amrita.edu", "processid": 1725315, "history": "ExplorerRun.0", "testname": "hanus_new_vco_2_tb_1", "cornername": "Nominal", "point": 1, "logfile": "/home/train/hanupro/logs_train/logs1/Job26.log", "simid": "2"}
[2026-05-10 11:40:07.456 +0530] [ERROR] [cadence.virtuoso.ade.simulationMonitor] - While simulating run ExplorerRun.0, point 1, test hanus_new_vco_2_tb_1, received error:
Simulation Error:
 The simulator process returned a non-zero exit code, indicating failure.
The simulator could have crashed or intentionally returned to indicate an error.
Check the simulator log file for more information.  Common causes:
1. Simulator may have crashed during exit even after reporting success in log file.
2. Abrupt automatic simulator termination (e.g., SIGKILL) because the simulator process has
   exce... {"history": "ExplorerRun.0", "point": 1, "testname": "hanus_new_vco_2_tb_1", "cornername": "Nominal"}
[2026-05-10 11:40:07.456 +0530] [PROCESS] [cadence.virtuoso.ade.simulationMonitor] - Finished Simulation {"hostname": "vlsi44.blr.amrita.edu", "processid": 1725315, "history": "ExplorerRun.0", "testname": "hanus_new_vco_2_tb_1", "cornername": "Nominal", "point": 1, "logfile": "/home/train/hanupro/logs_train/logs1/Job26.log", "simid": "2"}
[2026-05-10 11:40:08.461 +0530] [PROCESS] [cadence.virtuoso.ade.simulationMonitor] - Point Finished {"hostname": "vlsi44.blr.amrita.edu", "processid": 1725315, "history": "ExplorerRun.0", "testname": "hanus_new_vco_2_tb_1", "cornername": "Nominal", "point": 1, "logfile": "/home/train/hanupro/logs_train/logs1/Job26.log"}
[2026-05-10 11:45:08.725 +0530] [PROCESS] [cadence.virtuoso.ade.simulationMonitor] - Current memory used: 54.3242 MBytes, peak memory used: 54.3242 MBytes {"hostname": "vlsi44.blr.amrita.edu", "processid": 1725315, "history": "ExplorerRun.0", "testname": "hanus_new_vco_2_tb_1", "cornername": "Nominal", "point": 1, "logfile": "/home/train/hanupro/logs_train/logs1/Job26.log"}
[2026-05-10 11:45:08.726 +0530] [PROCESS] [cadence.virtuoso.ade.simulationMonitor] - Simulation Monitor process exit. {"hostname": "vlsi44.blr.amrita.edu", "processid": 1725315, "history": "ExplorerRun.0", "testname": "hanus_new_vco_2_tb_1", "cornername": "Nominal", "point": 1, "logfile": "/home/train/hanupro/logs_train/logs1/Job26.log"}
