[Simulation Monitor: 21]
[2026-05-12 12:07:49.769 +0530] [PROCESS] [cadence.virtuoso.ade.simulationMonitor] - Simulation Monitor has successfully started up. Trying to set up communication channels to other components ... {"hostname": "vlsi44.blr.amrita.edu", "processid": 3506181, "logfile": "/home/train/hanupro/logs_train/logs1/Job21.log"}
[2026-05-12 12:07:49.771 +0530] [PROCESS] [cadence.virtuoso.ade.simulationMonitor] - Communication channels have been successfully set up. Start processing events ... {"hostname": "vlsi44.blr.amrita.edu", "processid": 3506181, "logfile": "/home/train/hanupro/logs_train/logs1/Job21.log"}
[2026-05-12 12:07:49.771 +0530] [PROCESS] [cadence.virtuoso.ade.simulationMonitor] - Considering to start history {"hostname": "vlsi44.blr.amrita.edu", "processid": 3506181, "history": "ExplorerRun.0", "logfile": "/home/train/hanupro/logs_train/logs1/Job21.log"}
[2026-05-12 12:07:49.772 +0530] [PROCESS] [cadence.virtuoso.ade.simulationMonitor] - HostInfo:
Host name (type):	vlsi44.blr.amrita.edu (x86_64)
Operating system:	Linux 4.18.0-425.3.1.el8.x86_64 #1 SMP Fri Sep 30 11:45:06 EDT 2022 {"hostname": "vlsi44.blr.amrita.edu", "processid": 3506181, "history": "ExplorerRun.0", "logfile": "/home/train/hanupro/logs_train/logs1/Job21.log", "nodename": "vlsi44.blr.amrita.edu", "domainname": "(none)", "machine": "x86_64", "sysname": "Linux", "release": "4.18.0-425.3.1.el8.x86_64", "version": "#1 SMP Fri Sep 30 11:45:06 EDT 2022"}
[2026-05-12 12:07:49.772 +0530] [PROCESS] [cadence.virtuoso.ade.simulationMonitor] - UsageInfo:
pid=3506181
totalPhysicalMemory=15.338570GB,Used=10.813206GB,totalVirtualMemory=46.588566GB,Used=10.813206GB
Cpu: Cores=20, Load average:0.560000,0.670000,1.130000 {"hostname": "vlsi44.blr.amrita.edu", "processid": 3506181, "history": "ExplorerRun.0", "logfile": "/home/train/hanupro/logs_train/logs1/Job21.log", "pid": "3506181", "totalPhysicalMemory": "15.338570", "physicalMemoryUsed": "10.813206", "totalVirtualMemory": "46.588566", "virtualMemoryUsed": "10.813206", "cpuCores": "20", "processes": "1572", "loadAverage1": "0.560000", "loadAverage5": "0.670000", "loadAverage15": "1.130000", "loadAverage1Percent": "0.028000"}
[2026-05-12 12:07:49.772 +0530] [EVENT] [cadence.virtuoso.ade.simulationMonitor] - NewPoint {"history": "ExplorerRun.0", "point": 1, "testname": "hanus_vco_tb_1", "cornername": "Nominal", "event": "NewPoint", "EventSource": "Simulation Monitor", "HistoryName": "ExplorerRun.0", "logFile": "/home/train/hanupro/logs_train/logs1/Job21.log", "logFileSize": "2191"}
[2026-05-12 12:07:49.872 +0530] [EVENT] [cadence.virtuoso.ade.simulationMonitor] - NewPoint {"history": "ExplorerRun.0", "point": 1, "testname": "hanus_vco_tb_1", "cornername": "Nominal", "event": "NewPoint", "EventSource": "spectre", "HistoryName": "ExplorerRun.0", "logFile": "/home/train/simulation/hanus/vco_tb/maestro/results/maestro/ExplorerRun.0/1/hanus_vco_tb_1/psf/spectre.out", "logFileSize": "-1"}
[2026-05-12 12:07:49.888 +0530] [PROCESS] [cadence.virtuoso.ade.simulationMonitor] - Simulator launched {"hostname": "vlsi44.blr.amrita.edu", "processid": 3506181, "history": "ExplorerRun.0", "testname": "hanus_vco_tb_1", "cornername": "Nominal", "point": 1, "logfile": "/home/train/hanupro/logs_train/logs1/Job21.log", "simid": "1"}
[2026-05-12 12:07:49.889 +0530] [PROCESS] [cadence.virtuoso.ade.simulationMonitor] - Expression evaluator launched {"hostname": "vlsi44.blr.amrita.edu", "processid": 3506181, "history": "ExplorerRun.0", "testname": "hanus_vco_tb_1", "cornername": "Nominal", "point": 1, "logfile": "/home/train/hanupro/logs_train/logs1/Job21.log"}
[2026-05-12 12:07:49.894 +0530] [PROCESS] [cadence.virtuoso.ade.simulationMonitor] - Started Simulation {"hostname": "vlsi44.blr.amrita.edu", "processid": 3506181, "history": "ExplorerRun.0", "testname": "hanus_vco_tb_1", "cornername": "Nominal", "point": 1, "logfile": "/home/train/hanupro/logs_train/logs1/Job21.log", "event": "started", "task": "simulation"}
[2026-05-12 12:07:52.394 +0530] [INFO] [cadence.virtuoso.ade.simulationMonitor] - Peak resident memory used = 155 Mbytes. {"history": "ExplorerRun.0", "point": 1, "testname": "hanus_vco_tb_1", "cornername": "Nominal"}
[2026-05-12 12:07:52.395 +0530] [INFO] [cadence.virtuoso.ade.simulationMonitor] - Peak resident memory used = 169 Mbytes. {"history": "ExplorerRun.0", "point": 1, "testname": "hanus_vco_tb_1", "cornername": "Nominal"}
[2026-05-12 12:07:52.395 +0530] [INFO] [cadence.virtuoso.ade.simulationMonitor] - Notice from spectre during hierarchy flattening.
    The value 'psf' specified for the 'checklimitdest' option will no longer be supported in future releases. Use 'spectre -h' to see other recommended values for the 'checklimitdest' option. {"history": "ExplorerRun.0", "point": 1, "testname": "hanus_vco_tb_1", "cornername": "Nominal"}
[2026-05-12 12:07:52.395 +0530] [INFO] [cadence.virtuoso.ade.simulationMonitor] - Peak resident memory used = 171 Mbytes. {"history": "ExplorerRun.0", "point": 1, "testname": "hanus_vco_tb_1", "cornername": "Nominal"}
[2026-05-12 12:07:52.395 +0530] [INFO] [cadence.virtuoso.ade.simulationMonitor] - Notice from spectre during initial setup.
    Multithreading is disabled due to the size of the design being too small. {"history": "ExplorerRun.0", "point": 1, "testname": "hanus_vco_tb_1", "cornername": "Nominal"}
[2026-05-12 12:07:52.396 +0530] [INFO] [cadence.virtuoso.ade.simulationMonitor] -               nodes 138 {"history": "ExplorerRun.0", "point": 1, "testname": "hanus_vco_tb_1", "cornername": "Nominal"}
[2026-05-12 12:07:52.396 +0530] [INFO] [cadence.virtuoso.ade.simulationMonitor] - Notice from spectre during initial setup.
    APS enabled. {"history": "ExplorerRun.0", "point": 1, "testname": "hanus_vco_tb_1", "cornername": "Nominal"}
[2026-05-12 12:07:52.396 +0530] [INFO] [cadence.virtuoso.ade.simulationMonitor] - Peak resident memory used = 174 Mbytes. {"history": "ExplorerRun.0", "point": 1, "testname": "hanus_vco_tb_1", "cornername": "Nominal"}
[2026-05-12 12:07:52.397 +0530] [INFO] [cadence.virtuoso.ade.simulationMonitor] -    -   (APS) Multi-threading. The recommended number of threads is 1, consider adding +mt=1 on command line. {"history": "ExplorerRun.0", "point": 1, "testname": "hanus_vco_tb_1", "cornername": "Nominal"}
[2026-05-12 12:07:52.397 +0530] [INFO] [cadence.virtuoso.ade.simulationMonitor] - Notice from spectre during IC analysis, during transient analysis `tran'.
    There are 2 IC nodes defined. {"history": "ExplorerRun.0", "point": 1, "testname": "hanus_vco_tb_1", "cornername": "Nominal"}
[2026-05-12 12:07:52.397 +0530] [INFO] [cadence.virtuoso.ade.simulationMonitor] - Notice from spectre during IC analysis, during transient analysis `tran'.
    Initial condition computed for node vout4+ is in error by 2.74777 mV (228.98 m%).
    Initial condition computed for node vout4- is in error by 1.44212 mV.
        Decrease `rforce' to reduce error in computed initial conditions.  However, setting rforce too small may result in convergence difficulties or in the matrix becoming singular. {"history": "ExplorerRun.0", "point": 1, "testname": "hanus_vco_tb_1", "cornername": "Nominal"}
[2026-05-12 12:07:52.397 +0530] [INFO] [cadence.virtuoso.ade.simulationMonitor] - Notice from spectre during transient analysis `tran'.
    Multithreading is disabled due to the size of the design being too small. {"history": "ExplorerRun.0", "point": 1, "testname": "hanus_vco_tb_1", "cornername": "Nominal"}
[2026-05-12 12:07:54.398 +0530] [PROCESS] [cadence.virtuoso.ade.simulationMonitor] - Simulation cancelled {"hostname": "vlsi44.blr.amrita.edu", "processid": 3506181, "history": "ExplorerRun.0", "testname": "hanus_vco_tb_1", "cornername": "Nominal", "point": 1, "logfile": "/home/train/hanupro/logs_train/logs1/Job21.log"}
[2026-05-12 12:07:54.398 +0530] [INFO] [cadence.virtuoso.ade.simulationMonitor] - SimulationMonitor has terminated the spectre process '3506430', reason: 'the simulation point gets cancelled by GUI' {"history": "ExplorerRun.0", "point": 1, "testname": "hanus_vco_tb_1", "cornername": "Nominal"}
[2026-05-12 12:07:54.508 +0530] [PROCESS] [cadence.virtuoso.ade.simulationMonitor] - Finished simulating for one point {"hostname": "vlsi44.blr.amrita.edu", "processid": 3506181, "history": "ExplorerRun.0", "testname": "hanus_vco_tb_1", "cornername": "Nominal", "point": 1, "logfile": "/home/train/hanupro/logs_train/logs1/Job21.log", "simid": "1"}
[2026-05-12 12:07:54.508 +0530] [PROCESS] [cadence.virtuoso.ade.simulationMonitor] - Simulator exited {"hostname": "vlsi44.blr.amrita.edu", "processid": 3506181, "history": "ExplorerRun.0", "testname": "hanus_vco_tb_1", "cornername": "Nominal", "point": 1, "logfile": "/home/train/hanupro/logs_train/logs1/Job21.log", "exitStatus": "0"}
[2026-05-12 12:07:54.508 +0530] [PROCESS] [cadence.virtuoso.ade.simulationMonitor] - Finished Simulation {"hostname": "vlsi44.blr.amrita.edu", "processid": 3506181, "history": "ExplorerRun.0", "testname": "hanus_vco_tb_1", "cornername": "Nominal", "point": 1, "logfile": "/home/train/hanupro/logs_train/logs1/Job21.log", "simid": "1"}
[2026-05-12 12:07:54.512 +0530] [PROCESS] [cadence.virtuoso.ade.simulationMonitor] - Point Finished {"hostname": "vlsi44.blr.amrita.edu", "processid": 3506181, "history": "ExplorerRun.0", "testname": "hanus_vco_tb_1", "cornername": "Nominal", "point": 1, "logfile": "/home/train/hanupro/logs_train/logs1/Job21.log"}
[2026-05-12 12:12:54.906 +0530] [PROCESS] [cadence.virtuoso.ade.simulationMonitor] - Current memory used: 54.3555 MBytes, peak memory used: 54.3555 MBytes {"hostname": "vlsi44.blr.amrita.edu", "processid": 3506181, "history": "ExplorerRun.0", "testname": "hanus_vco_tb_1", "cornername": "Nominal", "point": 1, "logfile": "/home/train/hanupro/logs_train/logs1/Job21.log"}
[2026-05-12 12:12:54.906 +0530] [PROCESS] [cadence.virtuoso.ade.simulationMonitor] - Simulation Monitor process exit. {"hostname": "vlsi44.blr.amrita.edu", "processid": 3506181, "history": "ExplorerRun.0", "testname": "hanus_vco_tb_1", "cornername": "Nominal", "point": 1, "logfile": "/home/train/hanupro/logs_train/logs1/Job21.log"}
