[Simulation Monitor: 3]
[2026-05-18 13:38:31.584 +0530] [PROCESS] [cadence.virtuoso.ade.simulationMonitor] - Simulation Monitor has successfully started up. Trying to set up communication channels to other components ... {"hostname": "vlsi44.blr.amrita.edu", "processid": 30055, "logfile": "/home/train/hanupro/logs_train/logs1/Job3.log"}
[2026-05-18 13:38:31.585 +0530] [PROCESS] [cadence.virtuoso.ade.simulationMonitor] - Communication channels have been successfully set up. Start processing events ... {"hostname": "vlsi44.blr.amrita.edu", "processid": 30055, "logfile": "/home/train/hanupro/logs_train/logs1/Job3.log"}
[2026-05-18 13:38:31.585 +0530] [PROCESS] [cadence.virtuoso.ade.simulationMonitor] - Considering to start history {"hostname": "vlsi44.blr.amrita.edu", "processid": 30055, "history": "ExplorerRun.0", "logfile": "/home/train/hanupro/logs_train/logs1/Job3.log"}
[2026-05-18 13:38:31.587 +0530] [PROCESS] [cadence.virtuoso.ade.simulationMonitor] - HostInfo:
Host name (type):	vlsi44.blr.amrita.edu (x86_64)
Operating system:	Linux 4.18.0-425.3.1.el8.x86_64 #1 SMP Fri Sep 30 11:45:06 EDT 2022 {"hostname": "vlsi44.blr.amrita.edu", "processid": 30055, "history": "ExplorerRun.0", "logfile": "/home/train/hanupro/logs_train/logs1/Job3.log", "nodename": "vlsi44.blr.amrita.edu", "domainname": "(none)", "machine": "x86_64", "sysname": "Linux", "release": "4.18.0-425.3.1.el8.x86_64", "version": "#1 SMP Fri Sep 30 11:45:06 EDT 2022"}
[2026-05-18 13:38:31.587 +0530] [PROCESS] [cadence.virtuoso.ade.simulationMonitor] - UsageInfo:
pid=30055
totalPhysicalMemory=15.338570GB,Used=6.393002GB,totalVirtualMemory=46.588566GB,Used=6.393002GB
Cpu: Cores=20, Load average:0.070000,0.090000,0.780000 {"hostname": "vlsi44.blr.amrita.edu", "processid": 30055, "history": "ExplorerRun.0", "logfile": "/home/train/hanupro/logs_train/logs1/Job3.log", "pid": "30055", "totalPhysicalMemory": "15.338570", "physicalMemoryUsed": "6.393002", "totalVirtualMemory": "46.588566", "virtualMemoryUsed": "6.393002", "cpuCores": "20", "processes": "1442", "loadAverage1": "0.070000", "loadAverage5": "0.090000", "loadAverage15": "0.780000", "loadAverage1Percent": "0.003500"}
[2026-05-18 13:38:31.587 +0530] [EVENT] [cadence.virtuoso.ade.simulationMonitor] - NewPoint {"history": "ExplorerRun.0", "point": 1, "testname": "hanus_pll_loop_1", "cornername": "Nominal", "event": "NewPoint", "EventSource": "Simulation Monitor", "HistoryName": "ExplorerRun.0", "logFile": "/home/train/hanupro/logs_train/logs1/Job3.log", "logFileSize": "2167"}
[2026-05-18 13:38:31.688 +0530] [EVENT] [cadence.virtuoso.ade.simulationMonitor] - NewPoint {"history": "ExplorerRun.0", "point": 1, "testname": "hanus_pll_loop_1", "cornername": "Nominal", "event": "NewPoint", "EventSource": "spectre", "HistoryName": "ExplorerRun.0", "logFile": "/home/train/simulation/hanus/pll_loop/maestro/results/maestro/ExplorerRun.0/1/hanus_pll_loop_1/psf/spectre.out", "logFileSize": "-1"}
[2026-05-18 13:38:31.691 +0530] [PROCESS] [cadence.virtuoso.ade.simulationMonitor] - Simulator launched {"hostname": "vlsi44.blr.amrita.edu", "processid": 30055, "history": "ExplorerRun.0", "testname": "hanus_pll_loop_1", "cornername": "Nominal", "point": 1, "logfile": "/home/train/hanupro/logs_train/logs1/Job3.log", "simid": "1"}
[2026-05-18 13:38:31.692 +0530] [PROCESS] [cadence.virtuoso.ade.simulationMonitor] - Expression evaluator launched {"hostname": "vlsi44.blr.amrita.edu", "processid": 30055, "history": "ExplorerRun.0", "testname": "hanus_pll_loop_1", "cornername": "Nominal", "point": 1, "logfile": "/home/train/hanupro/logs_train/logs1/Job3.log"}
[2026-05-18 13:38:31.696 +0530] [PROCESS] [cadence.virtuoso.ade.simulationMonitor] - Started Simulation {"hostname": "vlsi44.blr.amrita.edu", "processid": 30055, "history": "ExplorerRun.0", "testname": "hanus_pll_loop_1", "cornername": "Nominal", "point": 1, "logfile": "/home/train/hanupro/logs_train/logs1/Job3.log", "event": "started", "task": "simulation"}
[2026-05-18 13:38:34.197 +0530] [INFO] [cadence.virtuoso.ade.simulationMonitor] - Peak resident memory used = 153 Mbytes. {"history": "ExplorerRun.0", "point": 1, "testname": "hanus_pll_loop_1", "cornername": "Nominal"}
[2026-05-18 13:38:34.197 +0530] [INFO] [cadence.virtuoso.ade.simulationMonitor] - Peak resident memory used = 209 Mbytes. {"history": "ExplorerRun.0", "point": 1, "testname": "hanus_pll_loop_1", "cornername": "Nominal"}
[2026-05-18 13:38:34.198 +0530] [INFO] [cadence.virtuoso.ade.simulationMonitor] - Notice from spectre during hierarchy flattening.
    The value 'psf' specified for the 'checklimitdest' option will no longer be supported in future releases. Use 'spectre -h' to see other recommended values for the 'checklimitdest' option. {"history": "ExplorerRun.0", "point": 1, "testname": "hanus_pll_loop_1", "cornername": "Nominal"}
[2026-05-18 13:38:34.698 +0530] [INFO] [cadence.virtuoso.ade.simulationMonitor] - Peak resident memory used = 232 Mbytes. {"history": "ExplorerRun.0", "point": 1, "testname": "hanus_pll_loop_1", "cornername": "Nominal"}
[2026-05-18 13:38:34.698 +0530] [WARN] [cadence.virtuoso.ade.simulationMonitor] -     WARNING (SPECTRE-7): No DC path from node `I1.I4.I5.net1' to ground. {"history": "ExplorerRun.0", "point": 1, "testname": "hanus_pll_loop_1", "cornername": "Nominal"}
[2026-05-18 13:38:34.699 +0530] [WARN] [cadence.virtuoso.ade.simulationMonitor] -     WARNING (SPECTRE-7): No DC path from node `I1.I5.I5.net1' to ground. {"history": "ExplorerRun.0", "point": 1, "testname": "hanus_pll_loop_1", "cornername": "Nominal"}
[2026-05-18 13:38:34.699 +0530] [WARN] [cadence.virtuoso.ade.simulationMonitor] -     WARNING (SPECTRE-7): No DC path from node `I1.I3.I5.net1' to ground. {"history": "ExplorerRun.0", "point": 1, "testname": "hanus_pll_loop_1", "cornername": "Nominal"}
[2026-05-18 13:38:34.699 +0530] [WARN] [cadence.virtuoso.ade.simulationMonitor] -     WARNING (SPECTRE-7): No DC path from node `I1.I1.I5.net1' to ground. {"history": "ExplorerRun.0", "point": 1, "testname": "hanus_pll_loop_1", "cornername": "Nominal"}
[2026-05-18 13:38:34.699 +0530] [WARN] [cadence.virtuoso.ade.simulationMonitor] -     WARNING (SPECTRE-7): No DC path from node `I1.I0.I5.net1' to ground.
        Further occurrences of this warning will be suppressed. {"history": "ExplorerRun.0", "point": 1, "testname": "hanus_pll_loop_1", "cornername": "Nominal"}
[2026-05-18 13:38:34.699 +0530] [INFO] [cadence.virtuoso.ade.simulationMonitor] -               nodes 5245 {"history": "ExplorerRun.0", "point": 1, "testname": "hanus_pll_loop_1", "cornername": "Nominal"}
[2026-05-18 13:38:34.699 +0530] [INFO] [cadence.virtuoso.ade.simulationMonitor] - Notice from spectre during initial setup.
    APS enabled.
    13 warnings suppressed. {"history": "ExplorerRun.0", "point": 1, "testname": "hanus_pll_loop_1", "cornername": "Nominal"}
[2026-05-18 13:38:36.240 +0530] [INFO] [cadence.virtuoso.ade.simulationMonitor] - Notice from spectre.
    Multithreading enabled: 8 threads in the system with 20 available processors. {"history": "ExplorerRun.0", "point": 1, "testname": "hanus_pll_loop_1", "cornername": "Nominal"}
[2026-05-18 13:38:36.240 +0530] [INFO] [cadence.virtuoso.ade.simulationMonitor] - Peak resident memory used = 250 Mbytes. {"history": "ExplorerRun.0", "point": 1, "testname": "hanus_pll_loop_1", "cornername": "Nominal"}
[2026-05-18 13:38:36.240 +0530] [INFO] [cadence.virtuoso.ade.simulationMonitor] -    -   (APS) Multi-threading. The recommended number of threads is 8, consider adding +mt=8 on command line. {"history": "ExplorerRun.0", "point": 1, "testname": "hanus_pll_loop_1", "cornername": "Nominal"}
[2026-05-18 14:12:13.797 +0530] [ERROR] [cadence.virtuoso.ade.simulationMonitor] -     ERROR (SPECTRE-16385): There were 13 attempts to find the DC solution. In some of those attempts, a signal exceeded the blowup limit of its quantity. The last signal that failed is I(V0:p) = -1.80144 GA, for which the quantity is `I' and the blowup limit is (1 GA). It is possible that the circuit has no DC solution. If you really want signals this large, set the `blowup' parameter of this quantity to a larger value. {"history": "ExplorerRun.0", "point": 1, "testname": "hanus_pll_loop_1", "cornername": "Nominal"}
[2026-05-18 14:12:13.798 +0530] [ERROR] [cadence.virtuoso.ade.simulationMonitor] -     ERROR (SPECTRE-16080): Cannot print DC solution because DC did not converge. Resolve the convergence issue and rerun the simulation.
          {"history": "ExplorerRun.0", "point": 1, "testname": "hanus_pll_loop_1", "cornername": "Nominal"}
[2026-05-18 14:12:13.798 +0530] [WARN] [cadence.virtuoso.ade.simulationMonitor] -     WARNING (SPECTRE-16881): Detected possible convergence difficulties which might be related to Verilog-A models. Use the command-line option '-ahdllint=warn' to check the Verilog-A modeling issues. {"history": "ExplorerRun.0", "point": 1, "testname": "hanus_pll_loop_1", "cornername": "Nominal"}
[2026-05-18 14:12:13.798 +0530] [ERROR] [cadence.virtuoso.ade.simulationMonitor] - Analysis `pss' was terminated prematurely due to an error. {"history": "ExplorerRun.0", "point": 1, "testname": "hanus_pll_loop_1", "cornername": "Nominal"}
[2026-05-18 14:12:13.798 +0530] [INFO] [cadence.virtuoso.ade.simulationMonitor] - Time used: CPU = 11.5 ks (3h 11m 15s), elapsed = 2.02 ks (33m  41.8s), util. = 568%. {"history": "ExplorerRun.0", "point": 1, "testname": "hanus_pll_loop_1", "cornername": "Nominal"}
[2026-05-18 14:12:13.798 +0530] [INFO] [cadence.virtuoso.ade.simulationMonitor] - Time spent in licensing: elapsed = 4.29 s. {"history": "ExplorerRun.0", "point": 1, "testname": "hanus_pll_loop_1", "cornername": "Nominal"}
[2026-05-18 14:12:13.798 +0530] [INFO] [cadence.virtuoso.ade.simulationMonitor] - Peak memory used = 267 Mbytes. {"history": "ExplorerRun.0", "point": 1, "testname": "hanus_pll_loop_1", "cornername": "Nominal"}
[2026-05-18 14:12:13.798 +0530] [PROCESS] [cadence.virtuoso.ade.simulationMonitor] - Simulation started at: 1:38:31 PM, Mon May 18, 2026, ended at: 2:12:13 PM, Mon May 18, 2026, with elapsed time (wall clock): 2.02 ks (33m  41.8s). {"history": "ExplorerRun.0", "point": 1, "testname": "hanus_pll_loop_1", "cornername": "Nominal"}
[2026-05-18 14:12:13.798 +0530] [PROCESS] [cadence.virtuoso.ade.simulationMonitor] - spectre completes with 2 errors, 6 warnings, and 5 notices. {"history": "ExplorerRun.0", "point": 1, "testname": "hanus_pll_loop_1", "cornername": "Nominal"}
[2026-05-18 14:12:14.299 +0530] [PROCESS] [cadence.virtuoso.ade.simulationMonitor] - Finished simulating for one point {"hostname": "vlsi44.blr.amrita.edu", "processid": 30055, "history": "ExplorerRun.0", "testname": "hanus_pll_loop_1", "cornername": "Nominal", "point": 1, "logfile": "/home/train/hanupro/logs_train/logs1/Job3.log", "simid": "1"}
[2026-05-18 14:12:14.300 +0530] [ERROR] [cadence.virtuoso.ade.simulationMonitor] - While simulating run ExplorerRun.0, point 1, test hanus_pll_loop_1, received error:
Simulation Error:
 The simulator process returned a non-zero exit code, indicating failure.
The simulator could have crashed or intentionally returned to indicate an error.
Check the simulator log file for more information.  Common causes:
1. Simulator may have crashed during exit even after reporting success in log file.
2. Abrupt automatic simulator termination (e.g., SIGKILL) because the simulator process has
   exceeded... {"history": "ExplorerRun.0", "point": 1, "testname": "hanus_pll_loop_1", "cornername": "Nominal"}
[2026-05-18 14:12:14.300 +0530] [PROCESS] [cadence.virtuoso.ade.simulationMonitor] - Finished Simulation {"hostname": "vlsi44.blr.amrita.edu", "processid": 30055, "history": "ExplorerRun.0", "testname": "hanus_pll_loop_1", "cornername": "Nominal", "point": 1, "logfile": "/home/train/hanupro/logs_train/logs1/Job3.log", "simid": "1"}
[2026-05-18 14:12:14.303 +0530] [PROCESS] [cadence.virtuoso.ade.simulationMonitor] - Expression evaluator launched {"hostname": "vlsi44.blr.amrita.edu", "processid": 30055, "history": "ExplorerRun.0", "testname": "hanus_pll_loop_1", "cornername": "Nominal", "point": 1, "logfile": "/home/train/hanupro/logs_train/logs1/Job3.log"}
[2026-05-18 14:12:17.309 +0530] [PROCESS] [cadence.virtuoso.ade.simulationMonitor] - Point Finished {"hostname": "vlsi44.blr.amrita.edu", "processid": 30055, "history": "ExplorerRun.0", "testname": "hanus_pll_loop_1", "cornername": "Nominal", "point": 1, "logfile": "/home/train/hanupro/logs_train/logs1/Job3.log"}
[2026-05-18 14:17:18.144 +0530] [PROCESS] [cadence.virtuoso.ade.simulationMonitor] - Current memory used: 53.9062 MBytes, peak memory used: 53.9062 MBytes {"hostname": "vlsi44.blr.amrita.edu", "processid": 30055, "history": "ExplorerRun.0", "testname": "hanus_pll_loop_1", "cornername": "Nominal", "point": 1, "logfile": "/home/train/hanupro/logs_train/logs1/Job3.log"}
[2026-05-18 14:17:18.144 +0530] [PROCESS] [cadence.virtuoso.ade.simulationMonitor] - Simulation Monitor process exit. {"hostname": "vlsi44.blr.amrita.edu", "processid": 30055, "history": "ExplorerRun.0", "testname": "hanus_pll_loop_1", "cornername": "Nominal", "point": 1, "logfile": "/home/train/hanupro/logs_train/logs1/Job3.log"}
