[Simulation Monitor: 6]
[2026-05-19 17:43:49.489 +0530] [PROCESS] [cadence.virtuoso.ade.simulationMonitor] - Simulation Monitor has successfully started up. Trying to set up communication channels to other components ... {"hostname": "vlsi44.blr.amrita.edu", "processid": 17628, "logfile": "/home/train/hanupro/logs_train/logs1/Job6.log"}
[2026-05-19 17:43:49.491 +0530] [PROCESS] [cadence.virtuoso.ade.simulationMonitor] - Communication channels have been successfully set up. Start processing events ... {"hostname": "vlsi44.blr.amrita.edu", "processid": 17628, "logfile": "/home/train/hanupro/logs_train/logs1/Job6.log"}
[2026-05-19 17:43:49.491 +0530] [PROCESS] [cadence.virtuoso.ade.simulationMonitor] - Considering to start history {"hostname": "vlsi44.blr.amrita.edu", "processid": 17628, "history": "ExplorerRun.0", "logfile": "/home/train/hanupro/logs_train/logs1/Job6.log"}
[2026-05-19 17:43:49.492 +0530] [PROCESS] [cadence.virtuoso.ade.simulationMonitor] - HostInfo:
Host name (type):	vlsi44.blr.amrita.edu (x86_64)
Operating system:	Linux 4.18.0-425.3.1.el8.x86_64 #1 SMP Fri Sep 30 11:45:06 EDT 2022 {"hostname": "vlsi44.blr.amrita.edu", "processid": 17628, "history": "ExplorerRun.0", "logfile": "/home/train/hanupro/logs_train/logs1/Job6.log", "nodename": "vlsi44.blr.amrita.edu", "domainname": "(none)", "machine": "x86_64", "sysname": "Linux", "release": "4.18.0-425.3.1.el8.x86_64", "version": "#1 SMP Fri Sep 30 11:45:06 EDT 2022"}
[2026-05-19 17:43:49.492 +0530] [PROCESS] [cadence.virtuoso.ade.simulationMonitor] - UsageInfo:
pid=17628
totalPhysicalMemory=15.338570GB,Used=4.251232GB,totalVirtualMemory=46.588566GB,Used=4.251232GB
Cpu: Cores=20, Load average:0.180000,0.390000,0.310000 {"hostname": "vlsi44.blr.amrita.edu", "processid": 17628, "history": "ExplorerRun.0", "logfile": "/home/train/hanupro/logs_train/logs1/Job6.log", "pid": "17628", "totalPhysicalMemory": "15.338570", "physicalMemoryUsed": "4.251232", "totalVirtualMemory": "46.588566", "virtualMemoryUsed": "4.251232", "cpuCores": "20", "processes": "941", "loadAverage1": "0.180000", "loadAverage5": "0.390000", "loadAverage15": "0.310000", "loadAverage1Percent": "0.009000"}
[2026-05-19 17:43:49.492 +0530] [EVENT] [cadence.virtuoso.ade.simulationMonitor] - NewPoint {"history": "ExplorerRun.0", "point": 1, "testname": "hanus_pll_loop_1", "cornername": "Nominal", "event": "NewPoint", "EventSource": "Simulation Monitor", "HistoryName": "ExplorerRun.0", "logFile": "/home/train/hanupro/logs_train/logs1/Job6.log", "logFileSize": "2166"}
[2026-05-19 17:43:49.593 +0530] [EVENT] [cadence.virtuoso.ade.simulationMonitor] - NewPoint {"history": "ExplorerRun.0", "point": 1, "testname": "hanus_pll_loop_1", "cornername": "Nominal", "event": "NewPoint", "EventSource": "spectre", "HistoryName": "ExplorerRun.0", "logFile": "/home/train/simulation/hanus/pll_loop/maestro/results/maestro/.tmpADEDir_train/simulation/hanus/pll_loop/maestro/results/maestro/ExplorerRun.0/1/hanus_pll_loop_1/psf/spectre.out", "logFileSize": "-1"}
[2026-05-19 17:43:49.595 +0530] [PROCESS] [cadence.virtuoso.ade.simulationMonitor] - Simulator launched {"hostname": "vlsi44.blr.amrita.edu", "processid": 17628, "history": "ExplorerRun.0", "testname": "hanus_pll_loop_1", "cornername": "Nominal", "point": 1, "logfile": "/home/train/hanupro/logs_train/logs1/Job6.log", "simid": "1"}
[2026-05-19 17:43:49.596 +0530] [PROCESS] [cadence.virtuoso.ade.simulationMonitor] - Expression evaluator launched {"hostname": "vlsi44.blr.amrita.edu", "processid": 17628, "history": "ExplorerRun.0", "testname": "hanus_pll_loop_1", "cornername": "Nominal", "point": 1, "logfile": "/home/train/hanupro/logs_train/logs1/Job6.log"}
[2026-05-19 17:43:49.601 +0530] [PROCESS] [cadence.virtuoso.ade.simulationMonitor] - Started Simulation {"hostname": "vlsi44.blr.amrita.edu", "processid": 17628, "history": "ExplorerRun.0", "testname": "hanus_pll_loop_1", "cornername": "Nominal", "point": 1, "logfile": "/home/train/hanupro/logs_train/logs1/Job6.log", "event": "started", "task": "simulation"}
[2026-05-19 17:43:52.101 +0530] [INFO] [cadence.virtuoso.ade.simulationMonitor] - Peak resident memory used = 151 Mbytes. {"history": "ExplorerRun.0", "point": 1, "testname": "hanus_pll_loop_1", "cornername": "Nominal"}
[2026-05-19 17:43:52.102 +0530] [INFO] [cadence.virtuoso.ade.simulationMonitor] - Peak resident memory used = 205 Mbytes. {"history": "ExplorerRun.0", "point": 1, "testname": "hanus_pll_loop_1", "cornername": "Nominal"}
[2026-05-19 17:43:52.102 +0530] [INFO] [cadence.virtuoso.ade.simulationMonitor] - Notice from spectre during hierarchy flattening.
    The value 'psf' specified for the 'checklimitdest' option will no longer be supported in future releases. Use 'spectre -h' to see other recommended values for the 'checklimitdest' option. {"history": "ExplorerRun.0", "point": 1, "testname": "hanus_pll_loop_1", "cornername": "Nominal"}
[2026-05-19 17:43:52.602 +0530] [INFO] [cadence.virtuoso.ade.simulationMonitor] - Peak resident memory used = 228 Mbytes. {"history": "ExplorerRun.0", "point": 1, "testname": "hanus_pll_loop_1", "cornername": "Nominal"}
[2026-05-19 17:43:52.603 +0530] [INFO] [cadence.virtuoso.ade.simulationMonitor] -               nodes 5227 {"history": "ExplorerRun.0", "point": 1, "testname": "hanus_pll_loop_1", "cornername": "Nominal"}
[2026-05-19 17:43:52.603 +0530] [INFO] [cadence.virtuoso.ade.simulationMonitor] - Notice from spectre during initial setup.
    APS enabled. {"history": "ExplorerRun.0", "point": 1, "testname": "hanus_pll_loop_1", "cornername": "Nominal"}
[2026-05-19 17:43:53.103 +0530] [INFO] [cadence.virtuoso.ade.simulationMonitor] - Notice from spectre.
    Multithreading enabled: 8 threads in the system with 20 available processors. {"history": "ExplorerRun.0", "point": 1, "testname": "hanus_pll_loop_1", "cornername": "Nominal"}
[2026-05-19 17:43:53.103 +0530] [INFO] [cadence.virtuoso.ade.simulationMonitor] - Peak resident memory used = 246 Mbytes. {"history": "ExplorerRun.0", "point": 1, "testname": "hanus_pll_loop_1", "cornername": "Nominal"}
[2026-05-19 17:43:53.103 +0530] [INFO] [cadence.virtuoso.ade.simulationMonitor] -    -   (APS) Multi-threading. The recommended number of threads is 8, consider adding +mt=8 on command line. {"history": "ExplorerRun.0", "point": 1, "testname": "hanus_pll_loop_1", "cornername": "Nominal"}
[2026-05-19 17:43:54.141 +0530] [INFO] [cadence.virtuoso.ade.simulationMonitor] - Notice from spectre during IC analysis, during periodic steady state analysis `pss'.
    There are 5 IC nodes defined. {"history": "ExplorerRun.0", "point": 1, "testname": "hanus_pll_loop_1", "cornername": "Nominal"}
[2026-05-19 17:43:54.141 +0530] [WARN] [cadence.virtuoso.ade.simulationMonitor] -     WARNING (SPECTRE-17109): Initial condition of 1.2 V between nodes net4 and 0 converted into initial guess (nodeset) because there is a direct connection to ground by vsource. {"history": "ExplorerRun.0", "point": 1, "testname": "hanus_pll_loop_1", "cornername": "Nominal"}
[2026-05-19 17:44:13.772 +0530] [INFO] [cadence.virtuoso.ade.simulationMonitor] - Notice from spectre during IC analysis, during periodic steady state analysis `pss'.
    Bad pivoting is found during DC analysis. Option dc_pivot_check=yes is recommended for possible improvement of convergence.
    Initial condition computed for node vout4- is in error by 4.12139 uV.
    Initial condition computed for node vout2+ is in error by 4.12099 uV.
        Decrease `rforce' to reduce error in computed initial conditions.  However, setting rforce too small may result in convergence difficulties or... {"history": "ExplorerRun.0", "point": 1, "testname": "hanus_pll_loop_1", "cornername": "Nominal"}
[2026-05-19 19:28:43.787 +0530] [INFO] [cadence.virtuoso.ade.simulationMonitor] - Total time required for tstab analysis `pss': CPU = 39.6002 ks (11h 0m 0s), elapsed = 6.27011 ks (1h 44m 30s). {"history": "ExplorerRun.0", "point": 1, "testname": "hanus_pll_loop_1", "cornername": "Nominal"}
[2026-05-19 19:28:43.787 +0530] [INFO] [cadence.virtuoso.ade.simulationMonitor] - Peak resident memory used = 276 Mbytes. {"history": "ExplorerRun.0", "point": 1, "testname": "hanus_pll_loop_1", "cornername": "Nominal"}
[2026-05-19 19:31:36.118 +0530] [ERROR] [cadence.virtuoso.ade.simulationMonitor] - Fatal error found by spectre at time = 2.53472 us during periodic steady state analysis `pss'.
    FATAL (CMI-2002): Insufficient memory available. Try using the 64-bit executable or another machine with better memory configuration. Alternatively, use the 'ulimit' or 'unlimit' command to adjust the memory limitations. For more information on optimizing memory usage when using SpectreRF, see spectre -h rfmemory or the "Tips for Reducing Memory Usage with SpectreRF (rfmemory)" section in the "Spectre Circuit... {"history": "ExplorerRun.0", "point": 1, "testname": "hanus_pll_loop_1", "cornername": "Nominal"}
[2026-05-19 19:31:36.257 +0530] [ERROR] [cadence.virtuoso.ade.simulationMonitor] -     FATAL (CMI-2002): Insufficient memory available. Try using the 64-bit executable or another machine with better memory configuration. Alternatively, use the 'ulimit' or 'unlimit' command to adjust the memory limitations. For more information on optimizing memory usage when using SpectreRF, see spectre -h rfmemory or the "Tips for Reducing Memory Usage with SpectreRF (rfmemory)" section in the "Spectre Circuit Simulator Reference" manual.  {"history": "ExplorerRun.0", "point": 1, "testname": "hanus_pll_loop_1", "cornername": "Nominal"}
[2026-05-19 19:31:36.758 +0530] [INFO] [cadence.virtuoso.ade.simulationMonitor] - Time used: CPU = 40.5 ks (11h 15m 44s), elapsed = 6.47 ks (1h 47m 46s), util. = 627%. {"history": "ExplorerRun.0", "point": 1, "testname": "hanus_pll_loop_1", "cornername": "Nominal"}
[2026-05-19 19:31:36.758 +0530] [INFO] [cadence.virtuoso.ade.simulationMonitor] - Time spent in licensing: elapsed = 3 s. {"history": "ExplorerRun.0", "point": 1, "testname": "hanus_pll_loop_1", "cornername": "Nominal"}
[2026-05-19 19:31:36.767 +0530] [INFO] [cadence.virtuoso.ade.simulationMonitor] - Peak memory used = 13.2 Gbytes. {"history": "ExplorerRun.0", "point": 1, "testname": "hanus_pll_loop_1", "cornername": "Nominal"}
[2026-05-19 19:31:36.767 +0530] [PROCESS] [cadence.virtuoso.ade.simulationMonitor] - Simulation started at: 5:43:49 PM, Tue May 19, 2026, ended at: 7:31:35 PM, Tue May 19, 2026, with elapsed time (wall clock): 6.47 ks (1h 47m 46s). {"history": "ExplorerRun.0", "point": 1, "testname": "hanus_pll_loop_1", "cornername": "Nominal"}
[2026-05-19 19:31:36.767 +0530] [PROCESS] [cadence.virtuoso.ade.simulationMonitor] - spectre completes with 1 error, 1 warning, and 8 notices. {"history": "ExplorerRun.0", "point": 1, "testname": "hanus_pll_loop_1", "cornername": "Nominal"}
[2026-05-19 19:31:36.767 +0530] [FATAL] [cadence.virtuoso.ade.simulationMonitor] - spectre terminated prematurely due to fatal error. {"history": "ExplorerRun.0", "point": 1, "testname": "hanus_pll_loop_1", "cornername": "Nominal"}
[2026-05-19 19:31:38.272 +0530] [PROCESS] [cadence.virtuoso.ade.simulationMonitor] - Finished simulating for one point {"hostname": "vlsi44.blr.amrita.edu", "processid": 17628, "history": "ExplorerRun.0", "testname": "hanus_pll_loop_1", "cornername": "Nominal", "point": 1, "logfile": "/home/train/hanupro/logs_train/logs1/Job6.log", "simid": "1"}
[2026-05-19 19:31:38.288 +0530] [ERROR] [cadence.virtuoso.ade.simulationMonitor] - While simulating run ExplorerRun.0, point 1, test hanus_pll_loop_1, received error:
Simulation Error:
 The simulator process returned a non-zero exit code, indicating failure.
The simulator could have crashed or intentionally returned to indicate an error.
Check the simulator log file for more information.  Common causes:
1. Simulator may have crashed during exit even after reporting success in log file.
2. Abrupt automatic simulator termination (e.g., SIGKILL) because the simulator process has
   exceeded... {"history": "ExplorerRun.0", "point": 1, "testname": "hanus_pll_loop_1", "cornername": "Nominal"}
[2026-05-19 19:31:38.288 +0530] [PROCESS] [cadence.virtuoso.ade.simulationMonitor] - Finished Simulation {"hostname": "vlsi44.blr.amrita.edu", "processid": 17628, "history": "ExplorerRun.0", "testname": "hanus_pll_loop_1", "cornername": "Nominal", "point": 1, "logfile": "/home/train/hanupro/logs_train/logs1/Job6.log", "simid": "1"}
[2026-05-19 19:31:38.306 +0530] [PROCESS] [cadence.virtuoso.ade.simulationMonitor] - Expression evaluator launched {"hostname": "vlsi44.blr.amrita.edu", "processid": 17628, "history": "ExplorerRun.0", "testname": "hanus_pll_loop_1", "cornername": "Nominal", "point": 1, "logfile": "/home/train/hanupro/logs_train/logs1/Job6.log"}
[2026-05-19 19:31:46.322 +0530] [PROCESS] [cadence.virtuoso.ade.simulationMonitor] - Point Finished {"hostname": "vlsi44.blr.amrita.edu", "processid": 17628, "history": "ExplorerRun.0", "testname": "hanus_pll_loop_1", "cornername": "Nominal", "point": 1, "logfile": "/home/train/hanupro/logs_train/logs1/Job6.log"}
[2026-05-19 19:36:47.068 +0530] [PROCESS] [cadence.virtuoso.ade.simulationMonitor] - Current memory used: 15.2148 MBytes, peak memory used: 55.8672 MBytes {"hostname": "vlsi44.blr.amrita.edu", "processid": 17628, "history": "ExplorerRun.0", "testname": "hanus_pll_loop_1", "cornername": "Nominal", "point": 1, "logfile": "/home/train/hanupro/logs_train/logs1/Job6.log"}
[2026-05-19 19:36:47.069 +0530] [PROCESS] [cadence.virtuoso.ade.simulationMonitor] - Simulation Monitor process exit. {"hostname": "vlsi44.blr.amrita.edu", "processid": 17628, "history": "ExplorerRun.0", "testname": "hanus_pll_loop_1", "cornername": "Nominal", "point": 1, "logfile": "/home/train/hanupro/logs_train/logs1/Job6.log"}
