[Simulation Monitor: 8]
[2026-05-07 19:54:15.613 +0530] [PROCESS] [cadence.virtuoso.ade.simulationMonitor] - Simulation Monitor has successfully started up. Trying to set up communication channels to other components ... {"hostname": "vlsi44.blr.amrita.edu", "processid": 123621, "logfile": "/home/train/hanupro/logs_train/logs1/Job8.log"}
[2026-05-07 19:54:15.615 +0530] [PROCESS] [cadence.virtuoso.ade.simulationMonitor] - Communication channels have been successfully set up. Start processing events ... {"hostname": "vlsi44.blr.amrita.edu", "processid": 123621, "logfile": "/home/train/hanupro/logs_train/logs1/Job8.log"}
[2026-05-07 19:54:15.615 +0530] [PROCESS] [cadence.virtuoso.ade.simulationMonitor] - Considering to start history {"hostname": "vlsi44.blr.amrita.edu", "processid": 123621, "history": "ExplorerRun.0", "logfile": "/home/train/hanupro/logs_train/logs1/Job8.log"}
[2026-05-07 19:54:15.615 +0530] [PROCESS] [cadence.virtuoso.ade.simulationMonitor] - HostInfo:
Host name (type):	vlsi44.blr.amrita.edu (x86_64)
Operating system:	Linux 4.18.0-425.3.1.el8.x86_64 #1 SMP Fri Sep 30 11:45:06 EDT 2022 {"hostname": "vlsi44.blr.amrita.edu", "processid": 123621, "history": "ExplorerRun.0", "logfile": "/home/train/hanupro/logs_train/logs1/Job8.log", "nodename": "vlsi44.blr.amrita.edu", "domainname": "(none)", "machine": "x86_64", "sysname": "Linux", "release": "4.18.0-425.3.1.el8.x86_64", "version": "#1 SMP Fri Sep 30 11:45:06 EDT 2022"}
[2026-05-07 19:54:15.616 +0530] [PROCESS] [cadence.virtuoso.ade.simulationMonitor] - UsageInfo:
pid=123621
totalPhysicalMemory=15.338573GB,Used=5.336697GB,totalVirtualMemory=46.588570GB,Used=5.336697GB
Cpu: Cores=20, Load average:0.220000,0.220000,0.180000 {"hostname": "vlsi44.blr.amrita.edu", "processid": 123621, "history": "ExplorerRun.0", "logfile": "/home/train/hanupro/logs_train/logs1/Job8.log", "pid": "123621", "totalPhysicalMemory": "15.338573", "physicalMemoryUsed": "5.336697", "totalVirtualMemory": "46.588570", "virtualMemoryUsed": "5.336697", "cpuCores": "20", "processes": "977", "loadAverage1": "0.220000", "loadAverage5": "0.220000", "loadAverage15": "0.180000", "loadAverage1Percent": "0.011000"}
[2026-05-07 19:54:15.616 +0530] [EVENT] [cadence.virtuoso.ade.simulationMonitor] - NewPoint {"history": "ExplorerRun.0", "point": 1, "testname": "hanus_new_vco_1", "cornername": "Nominal", "event": "NewPoint", "EventSource": "Simulation Monitor", "HistoryName": "ExplorerRun.0", "logFile": "/home/train/hanupro/logs_train/logs1/Job8.log", "logFileSize": "2173"}
[2026-05-07 19:54:15.716 +0530] [EVENT] [cadence.virtuoso.ade.simulationMonitor] - NewPoint {"history": "ExplorerRun.0", "point": 1, "testname": "hanus_new_vco_1", "cornername": "Nominal", "event": "NewPoint", "EventSource": "spectre", "HistoryName": "ExplorerRun.0", "logFile": "/home/train/simulation/hanus/new_vco/maestro/results/maestro/ExplorerRun.0/1/hanus_new_vco_1/psf/spectre.out", "logFileSize": "-1"}
[2026-05-07 19:54:15.719 +0530] [PROCESS] [cadence.virtuoso.ade.simulationMonitor] - Simulator launched {"hostname": "vlsi44.blr.amrita.edu", "processid": 123621, "history": "ExplorerRun.0", "testname": "hanus_new_vco_1", "cornername": "Nominal", "point": 1, "logfile": "/home/train/hanupro/logs_train/logs1/Job8.log", "simid": "1"}
[2026-05-07 19:54:15.720 +0530] [PROCESS] [cadence.virtuoso.ade.simulationMonitor] - Expression evaluator launched {"hostname": "vlsi44.blr.amrita.edu", "processid": 123621, "history": "ExplorerRun.0", "testname": "hanus_new_vco_1", "cornername": "Nominal", "point": 1, "logfile": "/home/train/hanupro/logs_train/logs1/Job8.log"}
[2026-05-07 19:54:15.724 +0530] [PROCESS] [cadence.virtuoso.ade.simulationMonitor] - Started Simulation {"hostname": "vlsi44.blr.amrita.edu", "processid": 123621, "history": "ExplorerRun.0", "testname": "hanus_new_vco_1", "cornername": "Nominal", "point": 1, "logfile": "/home/train/hanupro/logs_train/logs1/Job8.log", "event": "started", "task": "simulation"}
[2026-05-07 19:54:17.725 +0530] [INFO] [cadence.virtuoso.ade.simulationMonitor] - Peak resident memory used = 150 Mbytes. {"history": "ExplorerRun.0", "point": 1, "testname": "hanus_new_vco_1", "cornername": "Nominal"}
[2026-05-07 19:54:17.725 +0530] [INFO] [cadence.virtuoso.ade.simulationMonitor] - Peak resident memory used = 164 Mbytes. {"history": "ExplorerRun.0", "point": 1, "testname": "hanus_new_vco_1", "cornername": "Nominal"}
[2026-05-07 19:54:17.725 +0530] [INFO] [cadence.virtuoso.ade.simulationMonitor] - Notice from spectre during hierarchy flattening.
    The value 'psf' specified for the 'checklimitdest' option will no longer be supported in future releases. Use 'spectre -h' to see other recommended values for the 'checklimitdest' option. {"history": "ExplorerRun.0", "point": 1, "testname": "hanus_new_vco_1", "cornername": "Nominal"}
[2026-05-07 19:54:17.725 +0530] [INFO] [cadence.virtuoso.ade.simulationMonitor] - Peak resident memory used = 166 Mbytes. {"history": "ExplorerRun.0", "point": 1, "testname": "hanus_new_vco_1", "cornername": "Nominal"}
[2026-05-07 19:54:18.225 +0530] [INFO] [cadence.virtuoso.ade.simulationMonitor] - Notice from spectre during initial setup.
    Multithreading is disabled due to the size of the design being too small. {"history": "ExplorerRun.0", "point": 1, "testname": "hanus_new_vco_1", "cornername": "Nominal"}
[2026-05-07 19:54:18.226 +0530] [INFO] [cadence.virtuoso.ade.simulationMonitor] -               nodes 62 {"history": "ExplorerRun.0", "point": 1, "testname": "hanus_new_vco_1", "cornername": "Nominal"}
[2026-05-07 19:54:18.226 +0530] [INFO] [cadence.virtuoso.ade.simulationMonitor] - Notice from spectre during initial setup.
    APS enabled. {"history": "ExplorerRun.0", "point": 1, "testname": "hanus_new_vco_1", "cornername": "Nominal"}
[2026-05-07 19:54:18.226 +0530] [INFO] [cadence.virtuoso.ade.simulationMonitor] - Peak resident memory used = 168 Mbytes. {"history": "ExplorerRun.0", "point": 1, "testname": "hanus_new_vco_1", "cornername": "Nominal"}
[2026-05-07 19:54:18.226 +0530] [INFO] [cadence.virtuoso.ade.simulationMonitor] -    -   (APS) Multi-threading. The recommended number of threads is 1, consider adding +mt=1 on command line. {"history": "ExplorerRun.0", "point": 1, "testname": "hanus_new_vco_1", "cornername": "Nominal"}
[2026-05-07 19:54:18.226 +0530] [INFO] [cadence.virtuoso.ade.simulationMonitor] - Notice from spectre during IC analysis, during transient analysis `tran'.
    There are 2 IC nodes defined. {"history": "ExplorerRun.0", "point": 1, "testname": "hanus_new_vco_1", "cornername": "Nominal"}
[2026-05-07 19:54:18.226 +0530] [INFO] [cadence.virtuoso.ade.simulationMonitor] - Notice from spectre during IC analysis, during transient analysis `tran'.
    Initial condition computed for node net6 is in error by 81.49 uV.
    Initial condition computed for node net2 is in error by 81.49 uV.
        Decrease `rforce' to reduce error in computed initial conditions.  However, setting rforce too small may result in convergence difficulties or in the matrix becoming singular. {"history": "ExplorerRun.0", "point": 1, "testname": "hanus_new_vco_1", "cornername": "Nominal"}
[2026-05-07 19:54:18.226 +0530] [INFO] [cadence.virtuoso.ade.simulationMonitor] - Notice from spectre during transient analysis `tran'.
    Multithreading is disabled due to the size of the design being too small. {"history": "ExplorerRun.0", "point": 1, "testname": "hanus_new_vco_1", "cornername": "Nominal"}
[2026-05-07 19:54:23.263 +0530] [INFO] [cadence.virtuoso.ade.simulationMonitor] - Total time required for tran analysis `tran': CPU = 5.39639 s, elapsed = 5.40677 s, util. = 99.8%. {"history": "ExplorerRun.0", "point": 1, "testname": "hanus_new_vco_1", "cornername": "Nominal"}
[2026-05-07 19:54:23.264 +0530] [INFO] [cadence.virtuoso.ade.simulationMonitor] - Peak resident memory used = 300 Mbytes. {"history": "ExplorerRun.0", "point": 1, "testname": "hanus_new_vco_1", "cornername": "Nominal"}
[2026-05-07 19:54:23.264 +0530] [INFO] [cadence.virtuoso.ade.simulationMonitor] - Time used: CPU = 5.84 s, elapsed = 7.24 s, util. = 80.8%. {"history": "ExplorerRun.0", "point": 1, "testname": "hanus_new_vco_1", "cornername": "Nominal"}
[2026-05-07 19:54:23.264 +0530] [INFO] [cadence.virtuoso.ade.simulationMonitor] - Time spent in licensing: elapsed = 1.19 s, percentage of total = 16.4%. {"history": "ExplorerRun.0", "point": 1, "testname": "hanus_new_vco_1", "cornername": "Nominal"}
[2026-05-07 19:54:23.264 +0530] [INFO] [cadence.virtuoso.ade.simulationMonitor] - Peak memory used = 302 Mbytes. {"history": "ExplorerRun.0", "point": 1, "testname": "hanus_new_vco_1", "cornername": "Nominal"}
[2026-05-07 19:54:23.264 +0530] [PROCESS] [cadence.virtuoso.ade.simulationMonitor] - Simulation started at: 7:54:15 PM, Thur May 7, 2026, ended at: 7:54:23 PM, Thur May 7, 2026, with elapsed time (wall clock): 7.24 s. {"history": "ExplorerRun.0", "point": 1, "testname": "hanus_new_vco_1", "cornername": "Nominal"}
[2026-05-07 19:54:23.264 +0530] [PROCESS] [cadence.virtuoso.ade.simulationMonitor] - spectre completes with 0 errors, 0 warnings, and 8 notices. {"history": "ExplorerRun.0", "point": 1, "testname": "hanus_new_vco_1", "cornername": "Nominal"}
[2026-05-07 19:54:23.764 +0530] [PROCESS] [cadence.virtuoso.ade.simulationMonitor] - Finished simulating for one point {"hostname": "vlsi44.blr.amrita.edu", "processid": 123621, "history": "ExplorerRun.0", "testname": "hanus_new_vco_1", "cornername": "Nominal", "point": 1, "logfile": "/home/train/hanupro/logs_train/logs1/Job8.log", "simid": "1"}
[2026-05-07 19:54:23.764 +0530] [PROCESS] [cadence.virtuoso.ade.simulationMonitor] - Simulator exited {"hostname": "vlsi44.blr.amrita.edu", "processid": 123621, "history": "ExplorerRun.0", "testname": "hanus_new_vco_1", "cornername": "Nominal", "point": 1, "logfile": "/home/train/hanupro/logs_train/logs1/Job8.log", "exitStatus": "0"}
[2026-05-07 19:54:23.764 +0530] [PROCESS] [cadence.virtuoso.ade.simulationMonitor] - Finished Simulation {"hostname": "vlsi44.blr.amrita.edu", "processid": 123621, "history": "ExplorerRun.0", "testname": "hanus_new_vco_1", "cornername": "Nominal", "point": 1, "logfile": "/home/train/hanupro/logs_train/logs1/Job8.log", "simid": "1"}
[2026-05-07 19:54:24.768 +0530] [PROCESS] [cadence.virtuoso.ade.simulationMonitor] - Point Finished {"hostname": "vlsi44.blr.amrita.edu", "processid": 123621, "history": "ExplorerRun.0", "testname": "hanus_new_vco_1", "cornername": "Nominal", "point": 1, "logfile": "/home/train/hanupro/logs_train/logs1/Job8.log"}
[2026-05-07 19:56:16.521 +0530] [INFO] [cadence.virtuoso.ade.simulationMonitor] - SimulationMonitor has terminated the vds process '123710', reason: 'Force to stop the expression evalutor process because of new run' {"history": "ExplorerRun.0", "point": 1, "testname": "hanus_new_vco_1", "cornername": "Nominal"}
[2026-05-07 19:56:16.521 +0530] [PROCESS] [cadence.virtuoso.ade.simulationMonitor] - HostInfo:
Host name (type):	vlsi44.blr.amrita.edu (x86_64)
Operating system:	Linux 4.18.0-425.3.1.el8.x86_64 #1 SMP Fri Sep 30 11:45:06 EDT 2022 {"hostname": "vlsi44.blr.amrita.edu", "processid": 123621, "history": "ExplorerRun.0", "testname": "hanus_new_vco_1", "cornername": "Nominal", "point": 1, "logfile": "/home/train/hanupro/logs_train/logs1/Job8.log", "nodename": "vlsi44.blr.amrita.edu", "domainname": "(none)", "machine": "x86_64", "sysname": "Linux", "release": "4.18.0-425.3.1.el8.x86_64", "version": "#1 SMP Fri Sep 30 11:45:06 EDT 2022"}
[2026-05-07 19:56:16.521 +0530] [PROCESS] [cadence.virtuoso.ade.simulationMonitor] - UsageInfo:
pid=123621
totalPhysicalMemory=15.338573GB,Used=5.374851GB,totalVirtualMemory=46.588570GB,Used=5.374851GB
Cpu: Cores=20, Load average:0.400000,0.270000,0.200000 {"hostname": "vlsi44.blr.amrita.edu", "processid": 123621, "history": "ExplorerRun.0", "testname": "hanus_new_vco_1", "cornername": "Nominal", "point": 1, "logfile": "/home/train/hanupro/logs_train/logs1/Job8.log", "pid": "123621", "totalPhysicalMemory": "15.338573", "physicalMemoryUsed": "5.374851", "totalVirtualMemory": "46.588570", "virtualMemoryUsed": "5.374851", "cpuCores": "20", "processes": "986", "loadAverage1": "0.400000", "loadAverage5": "0.270000", "loadAverage15": "0.200000", "loadAverage1Percent": "0.020000"}
[2026-05-07 19:56:16.522 +0530] [EVENT] [cadence.virtuoso.ade.simulationMonitor] - NewPoint {"history": "ExplorerRun.0", "point": 1, "testname": "hanus_new_vco_1", "cornername": "Nominal", "event": "NewPoint", "EventSource": "Simulation Monitor", "HistoryName": "ExplorerRun.0", "logFile": "/home/train/hanupro/logs_train/logs1/Job8.log", "logFileSize": "12289"}
[2026-05-07 19:56:16.623 +0530] [EVENT] [cadence.virtuoso.ade.simulationMonitor] - NewPoint {"history": "ExplorerRun.0", "point": 1, "testname": "hanus_new_vco_1", "cornername": "Nominal", "event": "NewPoint", "EventSource": "spectre", "HistoryName": "ExplorerRun.0", "logFile": "/home/train/simulation/hanus/new_vco/maestro/results/maestro/ExplorerRun.0/1/hanus_new_vco_1/psf/spectre.out", "logFileSize": "-1"}
[2026-05-07 19:56:16.626 +0530] [PROCESS] [cadence.virtuoso.ade.simulationMonitor] - Simulator launched {"hostname": "vlsi44.blr.amrita.edu", "processid": 123621, "history": "ExplorerRun.0", "testname": "hanus_new_vco_1", "cornername": "Nominal", "point": 1, "logfile": "/home/train/hanupro/logs_train/logs1/Job8.log", "simid": "2"}
[2026-05-07 19:56:16.628 +0530] [PROCESS] [cadence.virtuoso.ade.simulationMonitor] - Expression evaluator launched {"hostname": "vlsi44.blr.amrita.edu", "processid": 123621, "history": "ExplorerRun.0", "testname": "hanus_new_vco_1", "cornername": "Nominal", "point": 1, "logfile": "/home/train/hanupro/logs_train/logs1/Job8.log"}
[2026-05-07 19:56:16.632 +0530] [PROCESS] [cadence.virtuoso.ade.simulationMonitor] - Started Simulation {"hostname": "vlsi44.blr.amrita.edu", "processid": 123621, "history": "ExplorerRun.0", "testname": "hanus_new_vco_1", "cornername": "Nominal", "point": 1, "logfile": "/home/train/hanupro/logs_train/logs1/Job8.log", "event": "started", "task": "simulation"}
[2026-05-07 19:56:19.132 +0530] [INFO] [cadence.virtuoso.ade.simulationMonitor] - Peak resident memory used = 150 Mbytes. {"history": "ExplorerRun.0", "point": 1, "testname": "hanus_new_vco_1", "cornername": "Nominal"}
[2026-05-07 19:56:19.133 +0530] [INFO] [cadence.virtuoso.ade.simulationMonitor] - Peak resident memory used = 162 Mbytes. {"history": "ExplorerRun.0", "point": 1, "testname": "hanus_new_vco_1", "cornername": "Nominal"}
[2026-05-07 19:56:19.133 +0530] [INFO] [cadence.virtuoso.ade.simulationMonitor] - Notice from spectre during hierarchy flattening.
    The value 'psf' specified for the 'checklimitdest' option will no longer be supported in future releases. Use 'spectre -h' to see other recommended values for the 'checklimitdest' option. {"history": "ExplorerRun.0", "point": 1, "testname": "hanus_new_vco_1", "cornername": "Nominal"}
[2026-05-07 19:56:19.133 +0530] [INFO] [cadence.virtuoso.ade.simulationMonitor] - Peak resident memory used = 163 Mbytes. {"history": "ExplorerRun.0", "point": 1, "testname": "hanus_new_vco_1", "cornername": "Nominal"}
[2026-05-07 19:56:19.133 +0530] [INFO] [cadence.virtuoso.ade.simulationMonitor] - Notice from spectre during initial setup.
    Multithreading is disabled due to the size of the design being too small. {"history": "ExplorerRun.0", "point": 1, "testname": "hanus_new_vco_1", "cornername": "Nominal"}
[2026-05-07 19:56:19.133 +0530] [INFO] [cadence.virtuoso.ade.simulationMonitor] -               nodes 62 {"history": "ExplorerRun.0", "point": 1, "testname": "hanus_new_vco_1", "cornername": "Nominal"}
[2026-05-07 19:56:19.133 +0530] [INFO] [cadence.virtuoso.ade.simulationMonitor] - Notice from spectre during initial setup.
    APS enabled. {"history": "ExplorerRun.0", "point": 1, "testname": "hanus_new_vco_1", "cornername": "Nominal"}
[2026-05-07 19:56:19.133 +0530] [INFO] [cadence.virtuoso.ade.simulationMonitor] - Peak resident memory used = 165 Mbytes. {"history": "ExplorerRun.0", "point": 1, "testname": "hanus_new_vco_1", "cornername": "Nominal"}
[2026-05-07 19:56:19.133 +0530] [INFO] [cadence.virtuoso.ade.simulationMonitor] -    -   (APS) Multi-threading. The recommended number of threads is 1, consider adding +mt=1 on command line. {"history": "ExplorerRun.0", "point": 1, "testname": "hanus_new_vco_1", "cornername": "Nominal"}
[2026-05-07 19:56:19.133 +0530] [INFO] [cadence.virtuoso.ade.simulationMonitor] - Notice from spectre during IC analysis, during transient analysis `tran'.
    There are 2 IC nodes defined. {"history": "ExplorerRun.0", "point": 1, "testname": "hanus_new_vco_1", "cornername": "Nominal"}
[2026-05-07 19:56:19.134 +0530] [INFO] [cadence.virtuoso.ade.simulationMonitor] - Notice from spectre during IC analysis, during transient analysis `tran'.
    Bad pivoting is found during DC analysis. Option dc_pivot_check=yes is recommended for possible improvement of convergence.
    Initial condition computed for node net6 is in error by 231.93 uV.
    Initial condition computed for node net2 is in error by 231.93 uV.
        Decrease `rforce' to reduce error in computed initial conditions.  However, setting rforce too small may result in convergence difficulties or in the matrix be... {"history": "ExplorerRun.0", "point": 1, "testname": "hanus_new_vco_1", "cornername": "Nominal"}
[2026-05-07 19:56:19.134 +0530] [INFO] [cadence.virtuoso.ade.simulationMonitor] - Notice from spectre during transient analysis `tran'.
    Multithreading is disabled due to the size of the design being too small. {"history": "ExplorerRun.0", "point": 1, "testname": "hanus_new_vco_1", "cornername": "Nominal"}
[2026-05-07 19:56:36.258 +0530] [INFO] [cadence.virtuoso.ade.simulationMonitor] - Total time required for tran analysis `tran': CPU = 16.8005 s, elapsed = 16.8256 s, util. = 99.9%. {"history": "ExplorerRun.0", "point": 1, "testname": "hanus_new_vco_1", "cornername": "Nominal"}
[2026-05-07 19:56:36.258 +0530] [INFO] [cadence.virtuoso.ade.simulationMonitor] - Peak resident memory used = 455 Mbytes. {"history": "ExplorerRun.0", "point": 1, "testname": "hanus_new_vco_1", "cornername": "Nominal"}
[2026-05-07 19:56:36.258 +0530] [INFO] [cadence.virtuoso.ade.simulationMonitor] - Time used: CPU = 17.3 s, elapsed = 19.1 s, util. = 90.2%. {"history": "ExplorerRun.0", "point": 1, "testname": "hanus_new_vco_1", "cornername": "Nominal"}
[2026-05-07 19:56:36.258 +0530] [INFO] [cadence.virtuoso.ade.simulationMonitor] - Time spent in licensing: elapsed = 1.73 s, percentage of total = 9.02%. {"history": "ExplorerRun.0", "point": 1, "testname": "hanus_new_vco_1", "cornername": "Nominal"}
[2026-05-07 19:56:36.258 +0530] [INFO] [cadence.virtuoso.ade.simulationMonitor] - Peak memory used = 457 Mbytes. {"history": "ExplorerRun.0", "point": 1, "testname": "hanus_new_vco_1", "cornername": "Nominal"}
[2026-05-07 19:56:36.258 +0530] [PROCESS] [cadence.virtuoso.ade.simulationMonitor] - Simulation started at: 7:56:16 PM, Thur May 7, 2026, ended at: 7:56:35 PM, Thur May 7, 2026, with elapsed time (wall clock): 19.1 s. {"history": "ExplorerRun.0", "point": 1, "testname": "hanus_new_vco_1", "cornername": "Nominal"}
[2026-05-07 19:56:36.258 +0530] [PROCESS] [cadence.virtuoso.ade.simulationMonitor] - spectre completes with 0 errors, 0 warnings, and 9 notices. {"history": "ExplorerRun.0", "point": 1, "testname": "hanus_new_vco_1", "cornername": "Nominal"}
[2026-05-07 19:56:36.758 +0530] [PROCESS] [cadence.virtuoso.ade.simulationMonitor] - Finished simulating for one point {"hostname": "vlsi44.blr.amrita.edu", "processid": 123621, "history": "ExplorerRun.0", "testname": "hanus_new_vco_1", "cornername": "Nominal", "point": 1, "logfile": "/home/train/hanupro/logs_train/logs1/Job8.log", "simid": "2"}
[2026-05-07 19:56:36.759 +0530] [PROCESS] [cadence.virtuoso.ade.simulationMonitor] - Simulator exited {"hostname": "vlsi44.blr.amrita.edu", "processid": 123621, "history": "ExplorerRun.0", "testname": "hanus_new_vco_1", "cornername": "Nominal", "point": 1, "logfile": "/home/train/hanupro/logs_train/logs1/Job8.log", "exitStatus": "0"}
[2026-05-07 19:56:36.759 +0530] [PROCESS] [cadence.virtuoso.ade.simulationMonitor] - Finished Simulation {"hostname": "vlsi44.blr.amrita.edu", "processid": 123621, "history": "ExplorerRun.0", "testname": "hanus_new_vco_1", "cornername": "Nominal", "point": 1, "logfile": "/home/train/hanupro/logs_train/logs1/Job8.log", "simid": "2"}
[2026-05-07 19:56:37.763 +0530] [PROCESS] [cadence.virtuoso.ade.simulationMonitor] - Point Finished {"hostname": "vlsi44.blr.amrita.edu", "processid": 123621, "history": "ExplorerRun.0", "testname": "hanus_new_vco_1", "cornername": "Nominal", "point": 1, "logfile": "/home/train/hanupro/logs_train/logs1/Job8.log"}
[2026-05-07 20:01:37.998 +0530] [PROCESS] [cadence.virtuoso.ade.simulationMonitor] - Current memory used: 54.4297 MBytes, peak memory used: 56.3672 MBytes {"hostname": "vlsi44.blr.amrita.edu", "processid": 123621, "history": "ExplorerRun.0", "testname": "hanus_new_vco_1", "cornername": "Nominal", "point": 1, "logfile": "/home/train/hanupro/logs_train/logs1/Job8.log"}
[2026-05-07 20:01:37.998 +0530] [PROCESS] [cadence.virtuoso.ade.simulationMonitor] - Simulation Monitor process exit. {"hostname": "vlsi44.blr.amrita.edu", "processid": 123621, "history": "ExplorerRun.0", "testname": "hanus_new_vco_1", "cornername": "Nominal", "point": 1, "logfile": "/home/train/hanupro/logs_train/logs1/Job8.log"}
