[Simulation Monitor: 9]
[2026-05-12 10:18:44.594 +0530] [PROCESS] [cadence.virtuoso.ade.simulationMonitor] - Simulation Monitor has successfully started up. Trying to set up communication channels to other components ... {"hostname": "vlsi44.blr.amrita.edu", "processid": 2375331, "logfile": "/home/train/hanupro/logs_train/logs1/Job9.log"}
[2026-05-12 10:18:44.595 +0530] [PROCESS] [cadence.virtuoso.ade.simulationMonitor] - Communication channels have been successfully set up. Start processing events ... {"hostname": "vlsi44.blr.amrita.edu", "processid": 2375331, "logfile": "/home/train/hanupro/logs_train/logs1/Job9.log"}
[2026-05-12 10:18:44.595 +0530] [PROCESS] [cadence.virtuoso.ade.simulationMonitor] - Considering to start history {"hostname": "vlsi44.blr.amrita.edu", "processid": 2375331, "history": "ExplorerRun.0", "logfile": "/home/train/hanupro/logs_train/logs1/Job9.log"}
[2026-05-12 10:18:44.598 +0530] [PROCESS] [cadence.virtuoso.ade.simulationMonitor] - HostInfo:
Host name (type):	vlsi44.blr.amrita.edu (x86_64)
Operating system:	Linux 4.18.0-425.3.1.el8.x86_64 #1 SMP Fri Sep 30 11:45:06 EDT 2022 {"hostname": "vlsi44.blr.amrita.edu", "processid": 2375331, "history": "ExplorerRun.0", "logfile": "/home/train/hanupro/logs_train/logs1/Job9.log", "nodename": "vlsi44.blr.amrita.edu", "domainname": "(none)", "machine": "x86_64", "sysname": "Linux", "release": "4.18.0-425.3.1.el8.x86_64", "version": "#1 SMP Fri Sep 30 11:45:06 EDT 2022"}
[2026-05-12 10:18:44.598 +0530] [PROCESS] [cadence.virtuoso.ade.simulationMonitor] - UsageInfo:
pid=2375331
totalPhysicalMemory=15.338570GB,Used=8.630787GB,totalVirtualMemory=46.588566GB,Used=8.630787GB
Cpu: Cores=20, Load average:0.390000,1.660000,1.480000 {"hostname": "vlsi44.blr.amrita.edu", "processid": 2375331, "history": "ExplorerRun.0", "logfile": "/home/train/hanupro/logs_train/logs1/Job9.log", "pid": "2375331", "totalPhysicalMemory": "15.338570", "physicalMemoryUsed": "8.630787", "totalVirtualMemory": "46.588566", "virtualMemoryUsed": "8.630787", "cpuCores": "20", "processes": "1376", "loadAverage1": "0.390000", "loadAverage5": "1.660000", "loadAverage15": "1.480000", "loadAverage1Percent": "0.019500"}
[2026-05-12 10:18:44.598 +0530] [EVENT] [cadence.virtuoso.ade.simulationMonitor] - NewPoint {"history": "ExplorerRun.0", "point": 1, "testname": "hanus_diffpluscapvcoimprovements_1", "cornername": "Nominal", "event": "NewPoint", "EventSource": "Simulation Monitor", "HistoryName": "ExplorerRun.0", "logFile": "/home/train/hanupro/logs_train/logs1/Job9.log", "logFileSize": "2181"}
[2026-05-12 10:18:44.699 +0530] [EVENT] [cadence.virtuoso.ade.simulationMonitor] - NewPoint {"history": "ExplorerRun.0", "point": 1, "testname": "hanus_diffpluscapvcoimprovements_1", "cornername": "Nominal", "event": "NewPoint", "EventSource": "spectre", "HistoryName": "ExplorerRun.0", "logFile": "/home/train/simulation/hanus/diffpluscapvcoimprovements/maestro/results/maestro/ExplorerRun.0/1/hanus_diffpluscapvcoimprovements_1/psf/spectre.out", "logFileSize": "-1"}
[2026-05-12 10:18:44.704 +0530] [PROCESS] [cadence.virtuoso.ade.simulationMonitor] - Simulator launched {"hostname": "vlsi44.blr.amrita.edu", "processid": 2375331, "history": "ExplorerRun.0", "testname": "hanus_diffpluscapvcoimprovements_1", "cornername": "Nominal", "point": 1, "logfile": "/home/train/hanupro/logs_train/logs1/Job9.log", "simid": "1"}
[2026-05-12 10:18:44.705 +0530] [PROCESS] [cadence.virtuoso.ade.simulationMonitor] - Expression evaluator launched {"hostname": "vlsi44.blr.amrita.edu", "processid": 2375331, "history": "ExplorerRun.0", "testname": "hanus_diffpluscapvcoimprovements_1", "cornername": "Nominal", "point": 1, "logfile": "/home/train/hanupro/logs_train/logs1/Job9.log"}
[2026-05-12 10:18:44.728 +0530] [PROCESS] [cadence.virtuoso.ade.simulationMonitor] - Started Simulation {"hostname": "vlsi44.blr.amrita.edu", "processid": 2375331, "history": "ExplorerRun.0", "testname": "hanus_diffpluscapvcoimprovements_1", "cornername": "Nominal", "point": 1, "logfile": "/home/train/hanupro/logs_train/logs1/Job9.log", "event": "started", "task": "simulation"}
[2026-05-12 10:18:49.794 +0530] [INFO] [cadence.virtuoso.ade.simulationMonitor] - Peak resident memory used = 151 Mbytes. {"history": "ExplorerRun.0", "point": 1, "testname": "hanus_diffpluscapvcoimprovements_1", "cornername": "Nominal"}
[2026-05-12 10:18:49.794 +0530] [INFO] [cadence.virtuoso.ade.simulationMonitor] - Peak resident memory used = 164 Mbytes. {"history": "ExplorerRun.0", "point": 1, "testname": "hanus_diffpluscapvcoimprovements_1", "cornername": "Nominal"}
[2026-05-12 10:18:49.794 +0530] [INFO] [cadence.virtuoso.ade.simulationMonitor] - Notice from spectre during hierarchy flattening.
    The value 'psf' specified for the 'checklimitdest' option will no longer be supported in future releases. Use 'spectre -h' to see other recommended values for the 'checklimitdest' option. {"history": "ExplorerRun.0", "point": 1, "testname": "hanus_diffpluscapvcoimprovements_1", "cornername": "Nominal"}
[2026-05-12 10:18:49.794 +0530] [INFO] [cadence.virtuoso.ade.simulationMonitor] - Peak resident memory used = 166 Mbytes. {"history": "ExplorerRun.0", "point": 1, "testname": "hanus_diffpluscapvcoimprovements_1", "cornername": "Nominal"}
[2026-05-12 10:18:49.795 +0530] [INFO] [cadence.virtuoso.ade.simulationMonitor] - Notice from spectre during initial setup.
    Multithreading is disabled due to the size of the design being too small. {"history": "ExplorerRun.0", "point": 1, "testname": "hanus_diffpluscapvcoimprovements_1", "cornername": "Nominal"}
[2026-05-12 10:18:49.795 +0530] [INFO] [cadence.virtuoso.ade.simulationMonitor] -               nodes 138 {"history": "ExplorerRun.0", "point": 1, "testname": "hanus_diffpluscapvcoimprovements_1", "cornername": "Nominal"}
[2026-05-12 10:18:49.795 +0530] [INFO] [cadence.virtuoso.ade.simulationMonitor] - Notice from spectre during initial setup.
    APS enabled. {"history": "ExplorerRun.0", "point": 1, "testname": "hanus_diffpluscapvcoimprovements_1", "cornername": "Nominal"}
[2026-05-12 10:18:49.795 +0530] [INFO] [cadence.virtuoso.ade.simulationMonitor] - Peak resident memory used = 168 Mbytes. {"history": "ExplorerRun.0", "point": 1, "testname": "hanus_diffpluscapvcoimprovements_1", "cornername": "Nominal"}
[2026-05-12 10:18:49.795 +0530] [INFO] [cadence.virtuoso.ade.simulationMonitor] -    -   (APS) Multi-threading. The recommended number of threads is 1, consider adding +mt=1 on command line. {"history": "ExplorerRun.0", "point": 1, "testname": "hanus_diffpluscapvcoimprovements_1", "cornername": "Nominal"}
[2026-05-12 10:18:49.795 +0530] [INFO] [cadence.virtuoso.ade.simulationMonitor] - Notice from spectre during IC analysis, during transient analysis `tran'.
    There are 4 IC nodes defined. {"history": "ExplorerRun.0", "point": 1, "testname": "hanus_diffpluscapvcoimprovements_1", "cornername": "Nominal"}
[2026-05-12 10:18:50.295 +0530] [INFO] [cadence.virtuoso.ade.simulationMonitor] - Notice from spectre during IC analysis, during transient analysis `tran'.
    Initial condition computed for node net70 is in error by 1.30209 mV.
    Initial condition computed for node net12 is in error by 1.30209 mV.
    Initial condition computed for node net68 is in error by 3.28397 mV (273.664 m%).
    Initial condition computed for node net66 is in error by 3.28444 mV (273.703 m%).
        Decrease `rforce' to reduce error in computed initial conditions.  However, setting rforce too small may result... {"history": "ExplorerRun.0", "point": 1, "testname": "hanus_diffpluscapvcoimprovements_1", "cornername": "Nominal"}
[2026-05-12 10:18:50.296 +0530] [INFO] [cadence.virtuoso.ade.simulationMonitor] - Notice from spectre during transient analysis `tran'.
    Multithreading is disabled due to the size of the design being too small. {"history": "ExplorerRun.0", "point": 1, "testname": "hanus_diffpluscapvcoimprovements_1", "cornername": "Nominal"}
[2026-05-12 10:19:32.695 +0530] [INFO] [cadence.virtuoso.ade.simulationMonitor] - Total time required for tran analysis `tran': CPU = 42.0115 s, elapsed = 42.1333 s, util. = 99.7%. {"history": "ExplorerRun.0", "point": 1, "testname": "hanus_diffpluscapvcoimprovements_1", "cornername": "Nominal"}
[2026-05-12 10:19:32.695 +0530] [INFO] [cadence.virtuoso.ade.simulationMonitor] - Peak resident memory used = 669 Mbytes. {"history": "ExplorerRun.0", "point": 1, "testname": "hanus_diffpluscapvcoimprovements_1", "cornername": "Nominal"}
[2026-05-12 10:19:32.695 +0530] [INFO] [cadence.virtuoso.ade.simulationMonitor] - Time used: CPU = 42.9 s, elapsed = 46 s, util. = 93.1%. {"history": "ExplorerRun.0", "point": 1, "testname": "hanus_diffpluscapvcoimprovements_1", "cornername": "Nominal"}
[2026-05-12 10:19:32.695 +0530] [INFO] [cadence.virtuoso.ade.simulationMonitor] - Time spent in licensing: elapsed = 1.72 s. {"history": "ExplorerRun.0", "point": 1, "testname": "hanus_diffpluscapvcoimprovements_1", "cornername": "Nominal"}
[2026-05-12 10:19:32.696 +0530] [INFO] [cadence.virtuoso.ade.simulationMonitor] - Peak memory used = 671 Mbytes. {"history": "ExplorerRun.0", "point": 1, "testname": "hanus_diffpluscapvcoimprovements_1", "cornername": "Nominal"}
[2026-05-12 10:19:32.696 +0530] [PROCESS] [cadence.virtuoso.ade.simulationMonitor] - Simulation started at: 10:18:46 AM, Tue May 12, 2026, ended at: 10:19:32 AM, Tue May 12, 2026, with elapsed time (wall clock): 46 s. {"history": "ExplorerRun.0", "point": 1, "testname": "hanus_diffpluscapvcoimprovements_1", "cornername": "Nominal"}
[2026-05-12 10:19:32.696 +0530] [PROCESS] [cadence.virtuoso.ade.simulationMonitor] - spectre completes with 0 errors, 0 warnings, and 10 notices. {"history": "ExplorerRun.0", "point": 1, "testname": "hanus_diffpluscapvcoimprovements_1", "cornername": "Nominal"}
[2026-05-12 10:19:32.696 +0530] [PROCESS] [cadence.virtuoso.ade.simulationMonitor] - Finished simulating for one point {"hostname": "vlsi44.blr.amrita.edu", "processid": 2375331, "history": "ExplorerRun.0", "testname": "hanus_diffpluscapvcoimprovements_1", "cornername": "Nominal", "point": 1, "logfile": "/home/train/hanupro/logs_train/logs1/Job9.log", "simid": "1"}
[2026-05-12 10:19:32.696 +0530] [PROCESS] [cadence.virtuoso.ade.simulationMonitor] - Simulator exited {"hostname": "vlsi44.blr.amrita.edu", "processid": 2375331, "history": "ExplorerRun.0", "testname": "hanus_diffpluscapvcoimprovements_1", "cornername": "Nominal", "point": 1, "logfile": "/home/train/hanupro/logs_train/logs1/Job9.log", "exitStatus": "0"}
[2026-05-12 10:19:32.696 +0530] [PROCESS] [cadence.virtuoso.ade.simulationMonitor] - Finished Simulation {"hostname": "vlsi44.blr.amrita.edu", "processid": 2375331, "history": "ExplorerRun.0", "testname": "hanus_diffpluscapvcoimprovements_1", "cornername": "Nominal", "point": 1, "logfile": "/home/train/hanupro/logs_train/logs1/Job9.log", "simid": "1"}
[2026-05-12 10:19:33.200 +0530] [PROCESS] [cadence.virtuoso.ade.simulationMonitor] - Point Finished {"hostname": "vlsi44.blr.amrita.edu", "processid": 2375331, "history": "ExplorerRun.0", "testname": "hanus_diffpluscapvcoimprovements_1", "cornername": "Nominal", "point": 1, "logfile": "/home/train/hanupro/logs_train/logs1/Job9.log"}
[2026-05-12 10:23:13.680 +0530] [INFO] [cadence.virtuoso.ade.simulationMonitor] - SimulationMonitor has terminated the vds process '2375415', reason: 'Force to stop the expression evalutor process because of new run' {"history": "ExplorerRun.0", "point": 1, "testname": "hanus_diffpluscapvcoimprovements_1", "cornername": "Nominal"}
[2026-05-12 10:23:13.681 +0530] [PROCESS] [cadence.virtuoso.ade.simulationMonitor] - HostInfo:
Host name (type):	vlsi44.blr.amrita.edu (x86_64)
Operating system:	Linux 4.18.0-425.3.1.el8.x86_64 #1 SMP Fri Sep 30 11:45:06 EDT 2022 {"hostname": "vlsi44.blr.amrita.edu", "processid": 2375331, "history": "ExplorerRun.0", "testname": "hanus_diffpluscapvcoimprovements_1", "cornername": "Nominal", "point": 1, "logfile": "/home/train/hanupro/logs_train/logs1/Job9.log", "nodename": "vlsi44.blr.amrita.edu", "domainname": "(none)", "machine": "x86_64", "sysname": "Linux", "release": "4.18.0-425.3.1.el8.x86_64", "version": "#1 SMP Fri Sep 30 11:45:06 EDT 2022"}
[2026-05-12 10:23:13.681 +0530] [PROCESS] [cadence.virtuoso.ade.simulationMonitor] - UsageInfo:
pid=2375331
totalPhysicalMemory=15.338570GB,Used=8.617992GB,totalVirtualMemory=46.588566GB,Used=8.617992GB
Cpu: Cores=20, Load average:0.260000,0.920000,1.210000 {"hostname": "vlsi44.blr.amrita.edu", "processid": 2375331, "history": "ExplorerRun.0", "testname": "hanus_diffpluscapvcoimprovements_1", "cornername": "Nominal", "point": 1, "logfile": "/home/train/hanupro/logs_train/logs1/Job9.log", "pid": "2375331", "totalPhysicalMemory": "15.338570", "physicalMemoryUsed": "8.617992", "totalVirtualMemory": "46.588566", "virtualMemoryUsed": "8.617992", "cpuCores": "20", "processes": "1370", "loadAverage1": "0.260000", "loadAverage5": "0.920000", "loadAverage15": "1.210000", "loadAverage1Percent": "0.013000"}
[2026-05-12 10:23:13.681 +0530] [EVENT] [cadence.virtuoso.ade.simulationMonitor] - NewPoint {"history": "ExplorerRun.0", "point": 1, "testname": "hanus_diffpluscapvcoimprovements_1", "cornername": "Nominal", "event": "NewPoint", "EventSource": "Simulation Monitor", "HistoryName": "ExplorerRun.0", "logFile": "/home/train/hanupro/logs_train/logs1/Job9.log", "logFileSize": "13025"}
[2026-05-12 10:23:13.781 +0530] [EVENT] [cadence.virtuoso.ade.simulationMonitor] - NewPoint {"history": "ExplorerRun.0", "point": 1, "testname": "hanus_diffpluscapvcoimprovements_1", "cornername": "Nominal", "event": "NewPoint", "EventSource": "spectre", "HistoryName": "ExplorerRun.0", "logFile": "/home/train/simulation/hanus/diffpluscapvcoimprovements/maestro/results/maestro/ExplorerRun.0/1/hanus_diffpluscapvcoimprovements_1/psf/spectre.out", "logFileSize": "-1"}
[2026-05-12 10:23:13.784 +0530] [PROCESS] [cadence.virtuoso.ade.simulationMonitor] - Simulator launched {"hostname": "vlsi44.blr.amrita.edu", "processid": 2375331, "history": "ExplorerRun.0", "testname": "hanus_diffpluscapvcoimprovements_1", "cornername": "Nominal", "point": 1, "logfile": "/home/train/hanupro/logs_train/logs1/Job9.log", "simid": "2"}
[2026-05-12 10:23:13.787 +0530] [PROCESS] [cadence.virtuoso.ade.simulationMonitor] - Expression evaluator launched {"hostname": "vlsi44.blr.amrita.edu", "processid": 2375331, "history": "ExplorerRun.0", "testname": "hanus_diffpluscapvcoimprovements_1", "cornername": "Nominal", "point": 1, "logfile": "/home/train/hanupro/logs_train/logs1/Job9.log"}
[2026-05-12 10:23:13.791 +0530] [PROCESS] [cadence.virtuoso.ade.simulationMonitor] - Started Simulation {"hostname": "vlsi44.blr.amrita.edu", "processid": 2375331, "history": "ExplorerRun.0", "testname": "hanus_diffpluscapvcoimprovements_1", "cornername": "Nominal", "point": 1, "logfile": "/home/train/hanupro/logs_train/logs1/Job9.log", "event": "started", "task": "simulation"}
[2026-05-12 10:23:19.344 +0530] [INFO] [cadence.virtuoso.ade.simulationMonitor] - Peak resident memory used = 150 Mbytes. {"history": "ExplorerRun.0", "point": 1, "testname": "hanus_diffpluscapvcoimprovements_1", "cornername": "Nominal"}
[2026-05-12 10:23:19.344 +0530] [INFO] [cadence.virtuoso.ade.simulationMonitor] - Peak resident memory used = 163 Mbytes. {"history": "ExplorerRun.0", "point": 1, "testname": "hanus_diffpluscapvcoimprovements_1", "cornername": "Nominal"}
[2026-05-12 10:23:19.344 +0530] [INFO] [cadence.virtuoso.ade.simulationMonitor] - Notice from spectre during hierarchy flattening.
    The value 'psf' specified for the 'checklimitdest' option will no longer be supported in future releases. Use 'spectre -h' to see other recommended values for the 'checklimitdest' option. {"history": "ExplorerRun.0", "point": 1, "testname": "hanus_diffpluscapvcoimprovements_1", "cornername": "Nominal"}
[2026-05-12 10:23:19.345 +0530] [INFO] [cadence.virtuoso.ade.simulationMonitor] - Peak resident memory used = 165 Mbytes. {"history": "ExplorerRun.0", "point": 1, "testname": "hanus_diffpluscapvcoimprovements_1", "cornername": "Nominal"}
[2026-05-12 10:23:19.345 +0530] [INFO] [cadence.virtuoso.ade.simulationMonitor] - Notice from spectre during initial setup.
    Multithreading is disabled due to the size of the design being too small. {"history": "ExplorerRun.0", "point": 1, "testname": "hanus_diffpluscapvcoimprovements_1", "cornername": "Nominal"}
[2026-05-12 10:23:19.345 +0530] [INFO] [cadence.virtuoso.ade.simulationMonitor] -               nodes 138 {"history": "ExplorerRun.0", "point": 1, "testname": "hanus_diffpluscapvcoimprovements_1", "cornername": "Nominal"}
[2026-05-12 10:23:19.345 +0530] [INFO] [cadence.virtuoso.ade.simulationMonitor] - Notice from spectre during initial setup.
    APS enabled. {"history": "ExplorerRun.0", "point": 1, "testname": "hanus_diffpluscapvcoimprovements_1", "cornername": "Nominal"}
[2026-05-12 10:23:19.345 +0530] [INFO] [cadence.virtuoso.ade.simulationMonitor] - Peak resident memory used = 167 Mbytes. {"history": "ExplorerRun.0", "point": 1, "testname": "hanus_diffpluscapvcoimprovements_1", "cornername": "Nominal"}
[2026-05-12 10:23:19.345 +0530] [INFO] [cadence.virtuoso.ade.simulationMonitor] -    -   (APS) Multi-threading. The recommended number of threads is 1, consider adding +mt=1 on command line. {"history": "ExplorerRun.0", "point": 1, "testname": "hanus_diffpluscapvcoimprovements_1", "cornername": "Nominal"}
[2026-05-12 10:23:19.345 +0530] [INFO] [cadence.virtuoso.ade.simulationMonitor] - Notice from spectre.
    Multithreading is disabled due to the size of the design being too small. {"history": "ExplorerRun.0", "point": 1, "testname": "hanus_diffpluscapvcoimprovements_1", "cornername": "Nominal"}
[2026-05-12 10:23:20.846 +0530] [INFO] [cadence.virtuoso.ade.simulationMonitor] - Notice from spectre during IC analysis, during periodic steady state analysis `pss'.
    There are 4 IC nodes defined. {"history": "ExplorerRun.0", "point": 1, "testname": "hanus_diffpluscapvcoimprovements_1", "cornername": "Nominal"}
[2026-05-12 10:23:20.846 +0530] [INFO] [cadence.virtuoso.ade.simulationMonitor] - Notice from spectre during IC analysis, during periodic steady state analysis `pss'.
    Initial condition computed for node net70 is in error by 1.30209 mV.
    Initial condition computed for node net12 is in error by 1.30209 mV.
    Initial condition computed for node net68 is in error by 3.28397 mV (273.664 m%).
    Initial condition computed for node net66 is in error by 3.28444 mV (273.703 m%).
        Decrease `rforce' to reduce error in computed initial conditions.  However, setting rforce too small... {"history": "ExplorerRun.0", "point": 1, "testname": "hanus_diffpluscapvcoimprovements_1", "cornername": "Nominal"}
[2026-05-12 10:23:21.846 +0530] [INFO] [cadence.virtuoso.ade.simulationMonitor] - Total time required for tstab analysis `pss': CPU = 1.01476 s, elapsed = 1.01565 s. {"history": "ExplorerRun.0", "point": 1, "testname": "hanus_diffpluscapvcoimprovements_1", "cornername": "Nominal"}
[2026-05-12 10:23:21.846 +0530] [INFO] [cadence.virtuoso.ade.simulationMonitor] - Peak resident memory used = 172 Mbytes. {"history": "ExplorerRun.0", "point": 1, "testname": "hanus_diffpluscapvcoimprovements_1", "cornername": "Nominal"}
[2026-05-12 10:23:21.846 +0530] [INFO] [cadence.virtuoso.ade.simulationMonitor] - Total time required for pss analysis `pss': CPU = 1.42679 s, elapsed = 2.49952 s, util. = 57.1%. {"history": "ExplorerRun.0", "point": 1, "testname": "hanus_diffpluscapvcoimprovements_1", "cornername": "Nominal"}
[2026-05-12 10:23:21.846 +0530] [INFO] [cadence.virtuoso.ade.simulationMonitor] - Peak resident memory used = 184 Mbytes. {"history": "ExplorerRun.0", "point": 1, "testname": "hanus_diffpluscapvcoimprovements_1", "cornername": "Nominal"}
[2026-05-12 10:23:21.846 +0530] [INFO] [cadence.virtuoso.ade.simulationMonitor] - Time used: CPU = 1.79 s, elapsed = 7.83 s, util. = 22.8%. {"history": "ExplorerRun.0", "point": 1, "testname": "hanus_diffpluscapvcoimprovements_1", "cornername": "Nominal"}
[2026-05-12 10:23:21.846 +0530] [INFO] [cadence.virtuoso.ade.simulationMonitor] - Time spent in licensing: elapsed = 6.19 s, percentage of total = 79%. {"history": "ExplorerRun.0", "point": 1, "testname": "hanus_diffpluscapvcoimprovements_1", "cornername": "Nominal"}
[2026-05-12 10:23:21.847 +0530] [INFO] [cadence.virtuoso.ade.simulationMonitor] - Peak memory used = 185 Mbytes. {"history": "ExplorerRun.0", "point": 1, "testname": "hanus_diffpluscapvcoimprovements_1", "cornername": "Nominal"}
[2026-05-12 10:23:21.847 +0530] [PROCESS] [cadence.virtuoso.ade.simulationMonitor] - Simulation started at: 10:23:13 AM, Tue May 12, 2026, ended at: 10:23:21 AM, Tue May 12, 2026, with elapsed time (wall clock): 7.83 s. {"history": "ExplorerRun.0", "point": 1, "testname": "hanus_diffpluscapvcoimprovements_1", "cornername": "Nominal"}
[2026-05-12 10:23:21.847 +0530] [PROCESS] [cadence.virtuoso.ade.simulationMonitor] - spectre completes with 0 errors, 0 warnings, and 10 notices. {"history": "ExplorerRun.0", "point": 1, "testname": "hanus_diffpluscapvcoimprovements_1", "cornername": "Nominal"}
[2026-05-12 10:23:22.348 +0530] [PROCESS] [cadence.virtuoso.ade.simulationMonitor] - Finished simulating for one point {"hostname": "vlsi44.blr.amrita.edu", "processid": 2375331, "history": "ExplorerRun.0", "testname": "hanus_diffpluscapvcoimprovements_1", "cornername": "Nominal", "point": 1, "logfile": "/home/train/hanupro/logs_train/logs1/Job9.log", "simid": "2"}
[2026-05-12 10:23:22.348 +0530] [PROCESS] [cadence.virtuoso.ade.simulationMonitor] - Simulator exited {"hostname": "vlsi44.blr.amrita.edu", "processid": 2375331, "history": "ExplorerRun.0", "testname": "hanus_diffpluscapvcoimprovements_1", "cornername": "Nominal", "point": 1, "logfile": "/home/train/hanupro/logs_train/logs1/Job9.log", "exitStatus": "0"}
[2026-05-12 10:23:22.348 +0530] [PROCESS] [cadence.virtuoso.ade.simulationMonitor] - Finished Simulation {"hostname": "vlsi44.blr.amrita.edu", "processid": 2375331, "history": "ExplorerRun.0", "testname": "hanus_diffpluscapvcoimprovements_1", "cornername": "Nominal", "point": 1, "logfile": "/home/train/hanupro/logs_train/logs1/Job9.log", "simid": "2"}
[2026-05-12 10:23:22.852 +0530] [PROCESS] [cadence.virtuoso.ade.simulationMonitor] - Point Finished {"hostname": "vlsi44.blr.amrita.edu", "processid": 2375331, "history": "ExplorerRun.0", "testname": "hanus_diffpluscapvcoimprovements_1", "cornername": "Nominal", "point": 1, "logfile": "/home/train/hanupro/logs_train/logs1/Job9.log"}
[2026-05-12 10:24:50.397 +0530] [INFO] [cadence.virtuoso.ade.simulationMonitor] - SimulationMonitor has terminated the vds process '2413076', reason: 'Force to stop the expression evalutor process because of new run' {"history": "ExplorerRun.0", "point": 1, "testname": "hanus_diffpluscapvcoimprovements_1", "cornername": "Nominal"}
[2026-05-12 10:24:50.397 +0530] [PROCESS] [cadence.virtuoso.ade.simulationMonitor] - HostInfo:
Host name (type):	vlsi44.blr.amrita.edu (x86_64)
Operating system:	Linux 4.18.0-425.3.1.el8.x86_64 #1 SMP Fri Sep 30 11:45:06 EDT 2022 {"hostname": "vlsi44.blr.amrita.edu", "processid": 2375331, "history": "ExplorerRun.0", "testname": "hanus_diffpluscapvcoimprovements_1", "cornername": "Nominal", "point": 1, "logfile": "/home/train/hanupro/logs_train/logs1/Job9.log", "nodename": "vlsi44.blr.amrita.edu", "domainname": "(none)", "machine": "x86_64", "sysname": "Linux", "release": "4.18.0-425.3.1.el8.x86_64", "version": "#1 SMP Fri Sep 30 11:45:06 EDT 2022"}
[2026-05-12 10:24:50.397 +0530] [PROCESS] [cadence.virtuoso.ade.simulationMonitor] - UsageInfo:
pid=2375331
totalPhysicalMemory=15.338570GB,Used=8.578796GB,totalVirtualMemory=46.588566GB,Used=8.578796GB
Cpu: Cores=20, Load average:0.180000,0.710000,1.110000 {"hostname": "vlsi44.blr.amrita.edu", "processid": 2375331, "history": "ExplorerRun.0", "testname": "hanus_diffpluscapvcoimprovements_1", "cornername": "Nominal", "point": 1, "logfile": "/home/train/hanupro/logs_train/logs1/Job9.log", "pid": "2375331", "totalPhysicalMemory": "15.338570", "physicalMemoryUsed": "8.578796", "totalVirtualMemory": "46.588566", "virtualMemoryUsed": "8.578796", "cpuCores": "20", "processes": "1377", "loadAverage1": "0.180000", "loadAverage5": "0.710000", "loadAverage15": "1.110000", "loadAverage1Percent": "0.009000"}
[2026-05-12 10:24:50.397 +0530] [EVENT] [cadence.virtuoso.ade.simulationMonitor] - NewPoint {"history": "ExplorerRun.0", "point": 1, "testname": "hanus_diffpluscapvcoimprovements_1", "cornername": "Nominal", "event": "NewPoint", "EventSource": "Simulation Monitor", "HistoryName": "ExplorerRun.0", "logFile": "/home/train/hanupro/logs_train/logs1/Job9.log", "logFileSize": "24397"}
[2026-05-12 10:24:50.499 +0530] [EVENT] [cadence.virtuoso.ade.simulationMonitor] - NewPoint {"history": "ExplorerRun.0", "point": 1, "testname": "hanus_diffpluscapvcoimprovements_1", "cornername": "Nominal", "event": "NewPoint", "EventSource": "spectre", "HistoryName": "ExplorerRun.0", "logFile": "/home/train/simulation/hanus/diffpluscapvcoimprovements/maestro/results/maestro/ExplorerRun.0/1/hanus_diffpluscapvcoimprovements_1/psf/spectre.out", "logFileSize": "-1"}
[2026-05-12 10:24:50.501 +0530] [PROCESS] [cadence.virtuoso.ade.simulationMonitor] - Simulator launched {"hostname": "vlsi44.blr.amrita.edu", "processid": 2375331, "history": "ExplorerRun.0", "testname": "hanus_diffpluscapvcoimprovements_1", "cornername": "Nominal", "point": 1, "logfile": "/home/train/hanupro/logs_train/logs1/Job9.log", "simid": "3"}
[2026-05-12 10:24:50.503 +0530] [PROCESS] [cadence.virtuoso.ade.simulationMonitor] - Expression evaluator launched {"hostname": "vlsi44.blr.amrita.edu", "processid": 2375331, "history": "ExplorerRun.0", "testname": "hanus_diffpluscapvcoimprovements_1", "cornername": "Nominal", "point": 1, "logfile": "/home/train/hanupro/logs_train/logs1/Job9.log"}
[2026-05-12 10:24:50.508 +0530] [PROCESS] [cadence.virtuoso.ade.simulationMonitor] - Started Simulation {"hostname": "vlsi44.blr.amrita.edu", "processid": 2375331, "history": "ExplorerRun.0", "testname": "hanus_diffpluscapvcoimprovements_1", "cornername": "Nominal", "point": 1, "logfile": "/home/train/hanupro/logs_train/logs1/Job9.log", "event": "started", "task": "simulation"}
[2026-05-12 10:24:59.568 +0530] [INFO] [cadence.virtuoso.ade.simulationMonitor] - Peak resident memory used = 157 Mbytes. {"history": "ExplorerRun.0", "point": 1, "testname": "hanus_diffpluscapvcoimprovements_1", "cornername": "Nominal"}
[2026-05-12 10:24:59.568 +0530] [INFO] [cadence.virtuoso.ade.simulationMonitor] - Peak resident memory used = 171 Mbytes. {"history": "ExplorerRun.0", "point": 1, "testname": "hanus_diffpluscapvcoimprovements_1", "cornername": "Nominal"}
[2026-05-12 10:24:59.568 +0530] [INFO] [cadence.virtuoso.ade.simulationMonitor] - Notice from spectre during hierarchy flattening.
    The value 'psf' specified for the 'checklimitdest' option will no longer be supported in future releases. Use 'spectre -h' to see other recommended values for the 'checklimitdest' option. {"history": "ExplorerRun.0", "point": 1, "testname": "hanus_diffpluscapvcoimprovements_1", "cornername": "Nominal"}
[2026-05-12 10:24:59.568 +0530] [INFO] [cadence.virtuoso.ade.simulationMonitor] - Peak resident memory used = 173 Mbytes. {"history": "ExplorerRun.0", "point": 1, "testname": "hanus_diffpluscapvcoimprovements_1", "cornername": "Nominal"}
[2026-05-12 10:24:59.568 +0530] [INFO] [cadence.virtuoso.ade.simulationMonitor] - Notice from spectre during initial setup.
    Multithreading is disabled due to the size of the design being too small. {"history": "ExplorerRun.0", "point": 1, "testname": "hanus_diffpluscapvcoimprovements_1", "cornername": "Nominal"}
[2026-05-12 10:24:59.569 +0530] [INFO] [cadence.virtuoso.ade.simulationMonitor] -               nodes 138 {"history": "ExplorerRun.0", "point": 1, "testname": "hanus_diffpluscapvcoimprovements_1", "cornername": "Nominal"}
[2026-05-12 10:24:59.569 +0530] [INFO] [cadence.virtuoso.ade.simulationMonitor] - Notice from spectre during initial setup.
    APS enabled. {"history": "ExplorerRun.0", "point": 1, "testname": "hanus_diffpluscapvcoimprovements_1", "cornername": "Nominal"}
[2026-05-12 10:24:59.569 +0530] [INFO] [cadence.virtuoso.ade.simulationMonitor] - Peak resident memory used = 175 Mbytes. {"history": "ExplorerRun.0", "point": 1, "testname": "hanus_diffpluscapvcoimprovements_1", "cornername": "Nominal"}
[2026-05-12 10:24:59.569 +0530] [INFO] [cadence.virtuoso.ade.simulationMonitor] -    -   (APS) Multi-threading. The recommended number of threads is 1, consider adding +mt=1 on command line. {"history": "ExplorerRun.0", "point": 1, "testname": "hanus_diffpluscapvcoimprovements_1", "cornername": "Nominal"}
[2026-05-12 10:24:59.569 +0530] [INFO] [cadence.virtuoso.ade.simulationMonitor] - Notice from spectre.
    Multithreading is disabled due to the size of the design being too small. {"history": "ExplorerRun.0", "point": 1, "testname": "hanus_diffpluscapvcoimprovements_1", "cornername": "Nominal"}
[2026-05-12 10:25:02.119 +0530] [INFO] [cadence.virtuoso.ade.simulationMonitor] - Notice from spectre during IC analysis, during periodic steady state analysis `pss'.
    There are 4 IC nodes defined. {"history": "ExplorerRun.0", "point": 1, "testname": "hanus_diffpluscapvcoimprovements_1", "cornername": "Nominal"}
[2026-05-12 10:25:02.119 +0530] [INFO] [cadence.virtuoso.ade.simulationMonitor] - Notice from spectre during IC analysis, during periodic steady state analysis `pss'.
    Initial condition computed for node net70 is in error by 1.30209 mV.
    Initial condition computed for node net12 is in error by 1.30209 mV.
    Initial condition computed for node net68 is in error by 3.28397 mV (273.664 m%).
    Initial condition computed for node net66 is in error by 3.28444 mV (273.703 m%).
        Decrease `rforce' to reduce error in computed initial conditions.  However, setting rforce too small... {"history": "ExplorerRun.0", "point": 1, "testname": "hanus_diffpluscapvcoimprovements_1", "cornername": "Nominal"}
[2026-05-12 10:25:03.120 +0530] [INFO] [cadence.virtuoso.ade.simulationMonitor] - Total time required for tstab analysis `pss': CPU = 1.04525 s, elapsed = 1.04626 s. {"history": "ExplorerRun.0", "point": 1, "testname": "hanus_diffpluscapvcoimprovements_1", "cornername": "Nominal"}
[2026-05-12 10:25:03.120 +0530] [INFO] [cadence.virtuoso.ade.simulationMonitor] - Peak resident memory used = 180 Mbytes. {"history": "ExplorerRun.0", "point": 1, "testname": "hanus_diffpluscapvcoimprovements_1", "cornername": "Nominal"}
[2026-05-12 10:25:03.620 +0530] [INFO] [cadence.virtuoso.ade.simulationMonitor] - Total time required for pss analysis `pss': CPU = 1.50705 s, elapsed = 4.09564 s, util. = 36.8%. {"history": "ExplorerRun.0", "point": 1, "testname": "hanus_diffpluscapvcoimprovements_1", "cornername": "Nominal"}
[2026-05-12 10:25:03.620 +0530] [INFO] [cadence.virtuoso.ade.simulationMonitor] - Peak resident memory used = 193 Mbytes. {"history": "ExplorerRun.0", "point": 1, "testname": "hanus_diffpluscapvcoimprovements_1", "cornername": "Nominal"}
[2026-05-12 10:25:03.620 +0530] [INFO] [cadence.virtuoso.ade.simulationMonitor] - Notice from spectre during PNoise analysis `pnoise'.
    Multithreading is disabled due to the size of the design being too small.
    Use full spectrum for normal noise analysis.
    MaxSideband for colored noise sources (e.g. 1/f-noise) is not set, automatically  set it to 3. {"history": "ExplorerRun.0", "point": 1, "testname": "hanus_diffpluscapvcoimprovements_1", "cornername": "Nominal"}
[2026-05-12 10:25:06.210 +0530] [INFO] [cadence.virtuoso.ade.simulationMonitor] - Total time required for pnoise analysis `pnoise': CPU = 5.33474 s, elapsed = 2.37804 s, util. = 224%. {"history": "ExplorerRun.0", "point": 1, "testname": "hanus_diffpluscapvcoimprovements_1", "cornername": "Nominal"}
[2026-05-12 10:25:06.210 +0530] [INFO] [cadence.virtuoso.ade.simulationMonitor] - Peak resident memory used = 209 Mbytes. {"history": "ExplorerRun.0", "point": 1, "testname": "hanus_diffpluscapvcoimprovements_1", "cornername": "Nominal"}
[2026-05-12 10:25:06.210 +0530] [INFO] [cadence.virtuoso.ade.simulationMonitor] - Time used: CPU = 7.2 s, elapsed = 15.2 s, util. = 47.3%. {"history": "ExplorerRun.0", "point": 1, "testname": "hanus_diffpluscapvcoimprovements_1", "cornername": "Nominal"}
[2026-05-12 10:25:06.210 +0530] [INFO] [cadence.virtuoso.ade.simulationMonitor] - Time spent in licensing: elapsed = 10.9 s, percentage of total = 71.2%. {"history": "ExplorerRun.0", "point": 1, "testname": "hanus_diffpluscapvcoimprovements_1", "cornername": "Nominal"}
[2026-05-12 10:25:06.211 +0530] [INFO] [cadence.virtuoso.ade.simulationMonitor] - Peak memory used = 210 Mbytes. {"history": "ExplorerRun.0", "point": 1, "testname": "hanus_diffpluscapvcoimprovements_1", "cornername": "Nominal"}
[2026-05-12 10:25:06.211 +0530] [PROCESS] [cadence.virtuoso.ade.simulationMonitor] - Simulation started at: 10:24:50 AM, Tue May 12, 2026, ended at: 10:25:05 AM, Tue May 12, 2026, with elapsed time (wall clock): 15.2 s. {"history": "ExplorerRun.0", "point": 1, "testname": "hanus_diffpluscapvcoimprovements_1", "cornername": "Nominal"}
[2026-05-12 10:25:06.211 +0530] [PROCESS] [cadence.virtuoso.ade.simulationMonitor] - spectre completes with 0 errors, 0 warnings, and 13 notices. {"history": "ExplorerRun.0", "point": 1, "testname": "hanus_diffpluscapvcoimprovements_1", "cornername": "Nominal"}
[2026-05-12 10:25:06.211 +0530] [PROCESS] [cadence.virtuoso.ade.simulationMonitor] - Finished simulating for one point {"hostname": "vlsi44.blr.amrita.edu", "processid": 2375331, "history": "ExplorerRun.0", "testname": "hanus_diffpluscapvcoimprovements_1", "cornername": "Nominal", "point": 1, "logfile": "/home/train/hanupro/logs_train/logs1/Job9.log", "simid": "3"}
[2026-05-12 10:25:06.211 +0530] [PROCESS] [cadence.virtuoso.ade.simulationMonitor] - Simulator exited {"hostname": "vlsi44.blr.amrita.edu", "processid": 2375331, "history": "ExplorerRun.0", "testname": "hanus_diffpluscapvcoimprovements_1", "cornername": "Nominal", "point": 1, "logfile": "/home/train/hanupro/logs_train/logs1/Job9.log", "exitStatus": "0"}
[2026-05-12 10:25:06.211 +0530] [PROCESS] [cadence.virtuoso.ade.simulationMonitor] - Finished Simulation {"hostname": "vlsi44.blr.amrita.edu", "processid": 2375331, "history": "ExplorerRun.0", "testname": "hanus_diffpluscapvcoimprovements_1", "cornername": "Nominal", "point": 1, "logfile": "/home/train/hanupro/logs_train/logs1/Job9.log", "simid": "3"}
[2026-05-12 10:25:06.715 +0530] [PROCESS] [cadence.virtuoso.ade.simulationMonitor] - Point Finished {"hostname": "vlsi44.blr.amrita.edu", "processid": 2375331, "history": "ExplorerRun.0", "testname": "hanus_diffpluscapvcoimprovements_1", "cornername": "Nominal", "point": 1, "logfile": "/home/train/hanupro/logs_train/logs1/Job9.log"}
[2026-05-12 10:30:07.630 +0530] [PROCESS] [cadence.virtuoso.ade.simulationMonitor] - Current memory used: 54.4414 MBytes, peak memory used: 56.2734 MBytes {"hostname": "vlsi44.blr.amrita.edu", "processid": 2375331, "history": "ExplorerRun.0", "testname": "hanus_diffpluscapvcoimprovements_1", "cornername": "Nominal", "point": 1, "logfile": "/home/train/hanupro/logs_train/logs1/Job9.log"}
[2026-05-12 10:30:07.631 +0530] [PROCESS] [cadence.virtuoso.ade.simulationMonitor] - Simulation Monitor process exit. {"hostname": "vlsi44.blr.amrita.edu", "processid": 2375331, "history": "ExplorerRun.0", "testname": "hanus_diffpluscapvcoimprovements_1", "cornername": "Nominal", "point": 1, "logfile": "/home/train/hanupro/logs_train/logs1/Job9.log"}
