\# Program start time:     UTC 2026.04.29 06:36:32.301
\# Local time: IST (UTC+05:30) 2026.04.29 12:06:32.301
\o Program:		@(#)$CDS: virtuoso version 6.1.8-64b 11/15/2022 19:45 (cpgbld01) $
\o Hierarchy:		/home/install/IC618/tools.lnx86/dfII/
\o Sub version:		sub-version  IC6.1.8-64b.500.29  (64-bit addresses)
\# Command line:	/home/install/IC618/tools.lnx86/dfII/bin/64bit/virtuoso -beanhost vlsi44.blr.amrita.edu -beanport 11300 -beanbinlog  -beanLogFile /home/train/hanupro/logs_train/logs1/amps_Service3.log -mpssession virtuoso14790 -mpshost vlsi44.blr.amrita.edu -davinciService DaVinciService_14790_1777444484 -axlSession fnxSession1 -axlServiceIdFlag 3 -uuid b02f04f7-1cf5-4388-a1c5-6272bf1cf4b5 -heartbeat /dev/shm/swift-heartbeat.aVFxhD7FcH -log /home/train/hanupro/logs_train/logs1/Service3.log -noautostart -nographE -lscs 000175E1894CBE06FF0966E38F1FFC06BC4D698AFB6DFC06D24D21BED711D264887972B3E36DFC06867C66E38F1FFC06BC4D66E38F1FFC06BC4D0F1229F15AE8D5BC00001E5D -interactive -offlineExprEval -fenixMode explorer -heartbeatTimeout  -lingerTimeout 300 -pointlifetime -1
\# Host name (type):	vlsi44.blr.amrita.edu (x86_64)
\# Operating system:	Linux 4.18.0-425.3.1.el8.x86_64 #1 SMP Fri Sep 30 11:45:06 EDT 2022
\# Linux /etc/issue:	\S
\# Linux /etc/issue:	Kernel \r on an \m
\# X display name (WxH):	:5771 (1024x868)
\# Available geometry:			TL(0:0) BR(1023:867)
\# X server:			The X.Org Foundation
\# Depth of Visual (Root):	24 (24)
\# Number of Planes Used:	24
\# X version:		11.0 (vendor release 12011000)
\# X resource pool:	base 0x400000, mask 0x1fffff (2097151), shift 0
\# 			current id 0x0, current max 0x1ffffa (2097146)
\# Max data seg size:	     unlimited
\# Max process size:	     unlimited
\# Initial sbrk value:	        623 MB
\# Available memory:	     45,421 MB
\# System memory:	     47,707 MB
\# Maximum memory size:	     47,204 MB
\# Max mem available:	     45,542 MB
\# Initial memory used:	        121 MB
\#        process size:	      1,838 MB
\# Thread usage limits (effective/default):	maxthreads 62575/62575 maxload 20.00/20.00
\# Qt version:		5.9.1
\# Window Manager:	other
\# User Name:		train
\o Working Directory:	vlsi44.blr.amrita.edu:/home/train/hanupro
\# Process Id:		17514
\o 
\o COPYRIGHT (C) 1992-2022  CADENCE DESIGN SYSTEMS INC.  ALL RIGHTS RESERVED.
\o           (C) 1992-2022  UNIX SYSTEMS Laboratories INC.,
\o                          Reproduced with permission.
\o 
\o This Cadence Design Systems program and online documentation are
\o proprietary/confidential information and may be disclosed/used only
\o as authorized in a license agreement controlling such use and disclosure.
\o 
\o           RESTRICTED RIGHTS NOTICE (SHORT FORM)
\o Use/reproduction/disclosure is subject to restriction
\o set forth at FAR 1252.227-19 or its equivalent.
\o Loading geView.cxt 
\o Loading menuBuilder.cxt 
\o Loading schView.cxt 
\o Loading selectSv.cxt 
\o Loading pvsui.cxt
\o Loading wireEdit.cxt 
\o Loading pte2.cxt 
\o Loading xlUI.cxt 
\o Loading auCore.cxt 
\o Loading vhdl.cxt 
\o Loading seismic.cxt 
\o Loading ci.cxt 
\o Loading ams.cxt 
\o Loading oasis.cxt 
\o Loading analog.cxt 
\o Loading asimenv.cxt 
\o Loading dal.cxt 
\o Loading awv.cxt 
\o Loading socket.cxt 
\o Loading par.cxt 
\o Loading alvs.cxt 
\o Loading caa.cxt 
\o Loading amps.cxt 
\o Loading adexlCore.cxt 
\o Loading adexl.cxt 
\# Memory report: using         264 MB, process size 2,126 MB at UTC 2026.04.29 06:36:34.983
\o 
\o *Info*    Received signal SIGTERM.
\o 
\o 
\o Loading simui.cxt 
\# Memory report: on exit            267 MB, process size 2,129 MB at UTC 2026.04.29 06:36:34.996
\# Memory report: peak usage         267 MB, process size 2,129 MB
