[ADE GUI: 80a6a064-e443-4c9c-8ea1-24d2c645c89a]
[2026-05-19 17:30:20.878 +0530] [PROCESS] [cadence.virtuoso.ade.gui] - /home/train/hanupro/.tmp_train/.cmddir1/swiftLoggingService0 is starting {"logfile": "/home/train/hanupro/logs_train/logs1/LoggingService0.log"}
[2026-05-19 17:30:20.983 +0530] [PROCESS] [cadence.virtuoso.ade.gui] - /home/train/hanupro/.tmp_train/.cmddir1/swiftNetlistService1 is starting {"logfile": "/home/train/hanupro/logs_train/logs1/Service1.log"}
[2026-05-19 17:30:20.984 +0530] [PROCESS] [cadence.virtuoso.ade.gui] - Logging Service '8140' is starting up on host 'vlsi44.blr.amrita.edu' {"logfile": "/home/train/hanupro/logs_train/logs1/LoggingService0.log"}
[2026-05-19 17:30:22.706 +0530] [PROCESS] [cadence.virtuoso.ade.gui] - Netlist Service '8204' is starting up on host 'vlsi44.blr.amrita.edu' {"logfile": "/home/train/hanupro/logs_train/logs1/Service1.log"}
[2026-05-19 17:31:32.664 +0530] [EVENT] [cadence.virtuoso.ade.gui] - NewHistoryCreated {"history": "ExplorerRun.0", "event": "NewHistoryCreated", "EventSource": "ADE GUI", "HistoryName": "ExplorerRun.0", "WorkDir": "/home/train/hanupro", "HistorySimDir": "/home/train/simulation/hanus/pll_loop/maestro/results/maestro/ExplorerRun.0", "HistoryResultsDir": "/home/train/hanupro/hanus/pll_loop/maestro/results/maestro"}
[2026-05-19 17:31:32.664 +0530] [PROCESS] [cadence.virtuoso.ade.gui] - History Setup {"hostname": "vlsi44.blr.amrita.edu", "processid": 6828, "history": "ExplorerRun.0", "logfile": "/home/train/hanupro/logs_train/logs1/virtuoso_ade_debug.log", "jobmode": "LSCS", "runmode": "Single Run, Sweeps and Corners", "lib": "hanus", "cell": "pll_loop", "view": "maestro", "icversion": "sub-version  IC6.1.8-64b.500.29 ", "runstart": "Tue May 19 17:31:32 2026\n", "timezonelocal": "+000", "spectreversion": "unknown", "jobpolicyname": "", "maxjobs": "unknown", "ncjobpolicyname": "", "ncmaxjobs": "unknown", "numtests": "1", "runfinished": "unknown", "runelapsed": "-1", "numcorners": "1"}
[2026-05-19 17:31:33.128 +0530] [WARN] [cadence.virtuoso.ade.gui] - Could not find log file for Same Process Job 0. Log message for this job will be printed in the CDS log file. {"history": "ExplorerRun.0", "testname": "hanus_pll_loop_1", "detailed_message": "", "message_id": "EXPLORER-5028"}
[2026-05-19 17:31:33.628 +0530] [INFO] [cadence.virtuoso.ade.gui] - Simulation will use spectre batch mode because the GCC version used by Spectre and Virtuoso are not compatible. {"history": "ExplorerRun.0", "testname": "hanus_pll_loop_1", "detailed_message": "", "message_id": "EXPLORER-5024"}
[2026-05-19 17:31:33.727 +0530] [EVENT] [cadence.virtuoso.ade.pointevaluator] - NewPoint {"history": "ExplorerRun.0", "point": 1, "testname": "hanus_pll_loop_1", "event": "NewPoint", "EventSource": "ADE GUI", "HistoryName": "ExplorerRun.0", "logFile": "/home/train/hanupro/logs_train/logs1/virtuoso_ade_debug.log", "logFileSize": "2579"}
[2026-05-19 17:31:33.728 +0530] [INFO] [cadence.virtuoso.ade.pointevaluator] - Started netlisting {"history": "ExplorerRun.0", "point": 1, "testname": "hanus_pll_loop_1"}
[2026-05-19 17:31:34.115 +0530] [INFO] [cadence.virtuoso.ade.pointevaluator] - Finished netlisting {"history": "ExplorerRun.0", "point": 1, "testname": "hanus_pll_loop_1"}
[2026-05-19 17:31:34.115 +0530] [INFO] [cadence.virtuoso.ade.pointevaluator] - Submitted {"history": "ExplorerRun.0", "point": 1, "testname": "hanus_pll_loop_1"}
[2026-05-19 17:31:38.379 +0530] [PROCESS] [cadence.virtuoso.ade.gui] - /home/train/hanupro/.tmp_train/.cmddir1/swiftJob2 is starting {"logfile": "/home/train/hanupro/logs_train/logs1/Job2.log"}
[2026-05-19 17:31:38.482 +0530] [PROCESS] [cadence.virtuoso.ade.gui] - Simulation Monitor process '9074' is starting up on host 'vlsi44.blr.amrita.edu' {"logfile": "/home/train/hanupro/logs_train/logs1/Job2.log"}
[2026-05-19 17:31:46.283 +0530] [PROCESS] [cadence.virtuoso.ade.gui] - ln: failed to create symbolic link '/home/train/simulation/hanus/pll_loop/maestro/results/maestro/ExplorerRun.0/1/hanus_pll_loop_1/netlist/exprOutputs.log': File exists
 {"logfile": "/home/train/hanupro/logs_train/logs1/Job2.log"}
[2026-05-19 17:31:46.285 +0530] [PROCESS] [cadence.virtuoso.ade.gui] - ln: failed to create symbolic link '/home/train/simulation/hanus/pll_loop/maestro/results/maestro/ExplorerRun.0/1/hanus_pll_loop_1/netlist/amps_evaluator.log': File exists
 {"logfile": "/home/train/hanupro/logs_train/logs1/Job2.log"}
[2026-05-19 17:31:46.915 +0530] [ERROR] [cadence.virtuoso.ade.gui] - Simulator exited abruptly {"history": "ExplorerRun.0", "point": 1, "testname": "hanus_pll_loop_1"}
[2026-05-19 17:31:46.915 +0530] [INFO] [cadence.virtuoso.ade.gui] - Point completed {"history": "ExplorerRun.0", "point": 1, "testname": "hanus_pll_loop_1"}
[2026-05-19 17:31:46.930 +0530] [EVENT] [cadence.virtuoso.ade.gui] - HistoryFinished {"history": "ExplorerRun.0", "point": 1, "testname": "hanus_pll_loop_1", "event": "HistoryFinished", "EventSource": "ADE GUI", "HistoryName": "ExplorerRun.0"}
[2026-05-19 17:32:08.340 +0530] [WARN] [cadence.virtuoso.ade.gui] - Following tests do not have any outputs selected for plotting:
hanus_pll_loop_1
 {"history": "ExplorerRun.0", "point": 1, "testname": "hanus_pll_loop_1", "detailed_message": "", "message_id": "EXPLORER-1617"}
[2026-05-19 17:32:08.413 +0530] [EVENT] [cadence.virtuoso.ade.gui] - NewHistoryCreated {"history": "ExplorerRun.0", "point": 1, "testname": "hanus_pll_loop_1", "event": "NewHistoryCreated", "EventSource": "ADE GUI", "HistoryName": "ExplorerRun.0", "WorkDir": "/home/train/hanupro", "HistorySimDir": "/home/train/simulation/hanus/pll_loop/maestro/results/maestro/ExplorerRun.0", "HistoryResultsDir": "/home/train/hanupro/hanus/pll_loop/maestro/results/maestro"}
[2026-05-19 17:32:08.413 +0530] [PROCESS] [cadence.virtuoso.ade.gui] - History Setup {"hostname": "vlsi44.blr.amrita.edu", "processid": 6828, "history": "ExplorerRun.0", "testname": "hanus_pll_loop_1", "point": 1, "logfile": "/home/train/hanupro/logs_train/logs1/virtuoso_ade_debug.log", "jobmode": "LSCS", "runmode": "Single Run, Sweeps and Corners", "lib": "hanus", "cell": "pll_loop", "view": "maestro", "icversion": "sub-version  IC6.1.8-64b.500.29 ", "runstart": "Tue May 19 17:32:08 2026\n", "timezonelocal": "+000", "spectreversion": "unknown", "jobpolicyname": "", "maxjobs": "unknown", "ncjobpolicyname": "", "ncmaxjobs": "unknown", "numtests": "1", "runfinished": "unknown", "runelapsed": "-1", "numcorners": "1"}
[2026-05-19 17:32:09.317 +0530] [INFO] [cadence.virtuoso.ade.gui] - Simulation will use spectre batch mode because the GCC version used by Spectre and Virtuoso are not compatible. {"history": "ExplorerRun.0", "point": 1, "testname": "hanus_pll_loop_1", "detailed_message": "", "message_id": "EXPLORER-5024"}
[2026-05-19 17:32:09.343 +0530] [EVENT] [cadence.virtuoso.ade.pointevaluator] - NewPoint {"history": "ExplorerRun.0", "point": 1, "testname": "hanus_pll_loop_1", "event": "NewPoint", "EventSource": "ADE GUI", "HistoryName": "ExplorerRun.0", "logFile": "/home/train/hanupro/logs_train/logs1/virtuoso_ade_debug.log", "logFileSize": "6775"}
[2026-05-19 17:32:09.344 +0530] [INFO] [cadence.virtuoso.ade.pointevaluator] - Started netlisting {"history": "ExplorerRun.0", "point": 1, "testname": "hanus_pll_loop_1"}
[2026-05-19 17:32:09.577 +0530] [INFO] [cadence.virtuoso.ade.pointevaluator] - Finished netlisting {"history": "ExplorerRun.0", "point": 1, "testname": "hanus_pll_loop_1"}
[2026-05-19 17:32:09.577 +0530] [INFO] [cadence.virtuoso.ade.pointevaluator] - Submitted {"history": "ExplorerRun.0", "point": 1, "testname": "hanus_pll_loop_1"}
[2026-05-19 17:32:25.723 +0530] [EVENT] [cadence.virtuoso.ade.gui] - HistoryFinished {"history": "ExplorerRun.0", "point": 1, "testname": "hanus_pll_loop_1", "event": "HistoryFinished", "EventSource": "ADE GUI", "HistoryName": "ExplorerRun.0"}
[2026-05-19 17:32:29.608 +0530] [PROCESS] [cadence.virtuoso.ade.gui] - ln: failed to create symbolic link '/home/train/simulation/hanus/pll_loop/maestro/results/maestro/ExplorerRun.0/1/hanus_pll_loop_1/netlist/exprOutputs.log': File exists
 {"logfile": "/home/train/hanupro/logs_train/logs1/Job2.log"}
[2026-05-19 17:32:29.610 +0530] [PROCESS] [cadence.virtuoso.ade.gui] - ln: failed to create symbolic link '/home/train/simulation/hanus/pll_loop/maestro/results/maestro/ExplorerRun.0/1/hanus_pll_loop_1/netlist/amps_evaluator.log': File exists
 {"logfile": "/home/train/hanupro/logs_train/logs1/Job2.log"}
[2026-05-19 17:32:29.925 +0530] [INFO] [cadence.virtuoso.ade.gui] - Canceled simulation of points {"history": "ExplorerRun.0", "point": 1, "testname": "hanus_pll_loop_1"}
[2026-05-19 17:35:28.355 +0530] [PROCESS] [cadence.virtuoso.ade.gui] - Netlist Service '8204' stopped with exit code '0' {"logfile": "/home/train/hanupro/logs_train/logs1/Service1.log"}
[2026-05-19 17:37:06.058 +0530] [PROCESS] [cadence.virtuoso.ade.gui] - Logging Service '8140' stopped with exit code '0' {"logfile": "/home/train/hanupro/logs_train/logs1/LoggingService0.log"}
[2026-05-19 17:37:34.963 +0530] [PROCESS] [cadence.virtuoso.ade.gui] - /home/train/hanupro/.tmp_train/.cmddir1/swiftLoggingService3 is starting {"logfile": "/home/train/hanupro/logs_train/logs1/LoggingService3.log"}
[2026-05-19 17:37:35.088 +0530] [PROCESS] [cadence.virtuoso.ade.gui] - /home/train/hanupro/.tmp_train/.cmddir1/swiftNetlistService4 is starting {"logfile": "/home/train/hanupro/logs_train/logs1/Service4.log"}
[2026-05-19 17:37:35.089 +0530] [PROCESS] [cadence.virtuoso.ade.gui] - Logging Service '12617' is starting up on host 'vlsi44.blr.amrita.edu' {"logfile": "/home/train/hanupro/logs_train/logs1/LoggingService3.log"}
[2026-05-19 17:37:36.070 +0530] [PROCESS] [cadence.virtuoso.ade.gui] - Netlist Service '12681' is starting up on host 'vlsi44.blr.amrita.edu' {"logfile": "/home/train/hanupro/logs_train/logs1/Service4.log"}
[2026-05-19 17:37:41.008 +0530] [WARN] [cadence.virtuoso.ade.gui] - Following tests do not have any outputs selected for plotting:
hanus_pll_loop_1
 {"detailed_message": "", "message_id": "EXPLORER-1617"}
[2026-05-19 17:37:41.078 +0530] [EVENT] [cadence.virtuoso.ade.gui] - NewHistoryCreated {"history": "ExplorerRun.0", "event": "NewHistoryCreated", "EventSource": "ADE GUI", "HistoryName": "ExplorerRun.0", "WorkDir": "/home/train/hanupro", "HistorySimDir": "/home/train/simulation/hanus/pll_loop/maestro/results/maestro/ExplorerRun.0", "HistoryResultsDir": "/home/train/hanupro/hanus/pll_loop/maestro/results/maestro"}
[2026-05-19 17:37:41.079 +0530] [PROCESS] [cadence.virtuoso.ade.gui] - History Setup {"hostname": "vlsi44.blr.amrita.edu", "processid": 6828, "history": "ExplorerRun.0", "logfile": "/home/train/hanupro/logs_train/logs1/virtuoso_ade_debug.log", "jobmode": "LSCS", "runmode": "Single Run, Sweeps and Corners", "lib": "hanus", "cell": "pll_loop", "view": "maestro", "icversion": "sub-version  IC6.1.8-64b.500.29 ", "runstart": "Tue May 19 17:37:41 2026\n", "timezonelocal": "+000", "spectreversion": "unknown", "jobpolicyname": "", "maxjobs": "unknown", "ncjobpolicyname": "", "ncmaxjobs": "unknown", "numtests": "1", "runfinished": "unknown", "runelapsed": "-1", "numcorners": "1"}
[2026-05-19 17:37:41.995 +0530] [INFO] [cadence.virtuoso.ade.gui] - Simulation will use spectre batch mode because the GCC version used by Spectre and Virtuoso are not compatible. {"history": "ExplorerRun.0", "testname": "hanus_pll_loop_1", "detailed_message": "", "message_id": "EXPLORER-5024"}
[2026-05-19 17:37:42.022 +0530] [EVENT] [cadence.virtuoso.ade.pointevaluator] - NewPoint {"history": "ExplorerRun.0", "point": 1, "testname": "hanus_pll_loop_1", "event": "NewPoint", "EventSource": "ADE GUI", "HistoryName": "ExplorerRun.0", "logFile": "/home/train/hanupro/logs_train/logs1/virtuoso_ade_debug.log", "logFileSize": "11463"}
[2026-05-19 17:37:42.023 +0530] [INFO] [cadence.virtuoso.ade.pointevaluator] - Started netlisting {"history": "ExplorerRun.0", "point": 1, "testname": "hanus_pll_loop_1"}
[2026-05-19 17:37:42.390 +0530] [INFO] [cadence.virtuoso.ade.pointevaluator] - Finished netlisting {"history": "ExplorerRun.0", "point": 1, "testname": "hanus_pll_loop_1"}
[2026-05-19 17:37:42.390 +0530] [INFO] [cadence.virtuoso.ade.pointevaluator] - Submitted {"history": "ExplorerRun.0", "point": 1, "testname": "hanus_pll_loop_1"}
[2026-05-19 17:37:46.418 +0530] [PROCESS] [cadence.virtuoso.ade.gui] - /home/train/hanupro/.tmp_train/.cmddir1/swiftJob5 is starting {"logfile": "/home/train/hanupro/logs_train/logs1/Job5.log"}
[2026-05-19 17:37:46.521 +0530] [PROCESS] [cadence.virtuoso.ade.gui] - Simulation Monitor process '13314' is starting up on host 'vlsi44.blr.amrita.edu' {"logfile": "/home/train/hanupro/logs_train/logs1/Job5.log"}
[2026-05-19 17:38:11.306 +0530] [EVENT] [cadence.virtuoso.ade.gui] - HistoryFinished {"history": "ExplorerRun.0", "point": 1, "testname": "hanus_pll_loop_1", "event": "HistoryFinished", "EventSource": "ADE GUI", "HistoryName": "ExplorerRun.0"}
[2026-05-19 17:38:11.484 +0530] [PROCESS] [cadence.virtuoso.ade.gui] - ln: failed to create symbolic link '/home/train/simulation/hanus/pll_loop/maestro/results/maestro/ExplorerRun.0/1/hanus_pll_loop_1/netlist/exprOutputs.log': File exists
 {"logfile": "/home/train/hanupro/logs_train/logs1/Job5.log"}
[2026-05-19 17:38:11.486 +0530] [PROCESS] [cadence.virtuoso.ade.gui] - ln: failed to create symbolic link '/home/train/simulation/hanus/pll_loop/maestro/results/maestro/ExplorerRun.0/1/hanus_pll_loop_1/netlist/amps_evaluator.log': File exists
 {"logfile": "/home/train/hanupro/logs_train/logs1/Job5.log"}
[2026-05-19 17:38:11.906 +0530] [INFO] [cadence.virtuoso.ade.gui] - Canceled simulation of points {"history": "ExplorerRun.0", "point": 1, "testname": "hanus_pll_loop_1"}
[2026-05-19 17:42:42.424 +0530] [PROCESS] [cadence.virtuoso.ade.gui] - Netlist Service '12681' stopped with exit code '0' {"logfile": "/home/train/hanupro/logs_train/logs1/Service4.log"}
[2026-05-19 17:43:43.548 +0530] [WARN] [cadence.virtuoso.ade.gui] - Following tests do not have any outputs selected for plotting:
hanus_pll_loop_1
 {"history": "ExplorerRun.0", "point": 1, "testname": "hanus_pll_loop_1", "detailed_message": "", "message_id": "EXPLORER-1617"}
[2026-05-19 17:43:43.618 +0530] [EVENT] [cadence.virtuoso.ade.gui] - NewHistoryCreated {"history": "ExplorerRun.0", "point": 1, "testname": "hanus_pll_loop_1", "event": "NewHistoryCreated", "EventSource": "ADE GUI", "HistoryName": "ExplorerRun.0", "WorkDir": "/home/train/hanupro", "HistorySimDir": "/home/train/simulation/hanus/pll_loop/maestro/results/maestro/.tmpADEDir_train/simulation/hanus/pll_loop/maestro/results/maestro/ExplorerRun.0", "HistoryResultsDir": "/home/train/hanupro/hanus/pll_loop/maestro/results/maestro"}
[2026-05-19 17:43:43.618 +0530] [PROCESS] [cadence.virtuoso.ade.gui] - History Setup {"hostname": "vlsi44.blr.amrita.edu", "processid": 6828, "history": "ExplorerRun.0", "testname": "hanus_pll_loop_1", "point": 1, "logfile": "/home/train/hanupro/logs_train/logs1/virtuoso_ade_debug.log", "jobmode": "LSCS", "runmode": "Single Run, Sweeps and Corners", "lib": "hanus", "cell": "pll_loop", "view": "maestro", "icversion": "sub-version  IC6.1.8-64b.500.29 ", "runstart": "Tue May 19 17:43:43 2026\n", "timezonelocal": "+000", "spectreversion": "unknown", "jobpolicyname": "", "maxjobs": "unknown", "ncjobpolicyname": "", "ncmaxjobs": "unknown", "numtests": "1", "runfinished": "unknown", "runelapsed": "-1", "numcorners": "1"}
[2026-05-19 17:43:44.602 +0530] [INFO] [cadence.virtuoso.ade.gui] - Simulation will use spectre batch mode because the GCC version used by Spectre and Virtuoso are not compatible. {"history": "ExplorerRun.0", "point": 1, "testname": "hanus_pll_loop_1", "detailed_message": "", "message_id": "EXPLORER-5024"}
[2026-05-19 17:43:44.637 +0530] [EVENT] [cadence.virtuoso.ade.pointevaluator] - NewPoint {"history": "ExplorerRun.0", "point": 1, "testname": "hanus_pll_loop_1", "event": "NewPoint", "EventSource": "ADE GUI", "HistoryName": "ExplorerRun.0", "logFile": "/home/train/hanupro/logs_train/logs1/virtuoso_ade_debug.log", "logFileSize": "15761"}
[2026-05-19 17:43:44.638 +0530] [INFO] [cadence.virtuoso.ade.pointevaluator] - Started netlisting {"history": "ExplorerRun.0", "point": 1, "testname": "hanus_pll_loop_1"}
[2026-05-19 17:43:44.990 +0530] [INFO] [cadence.virtuoso.ade.pointevaluator] - Finished netlisting {"history": "ExplorerRun.0", "point": 1, "testname": "hanus_pll_loop_1"}
[2026-05-19 17:43:44.990 +0530] [INFO] [cadence.virtuoso.ade.pointevaluator] - Submitted {"history": "ExplorerRun.0", "point": 1, "testname": "hanus_pll_loop_1"}
[2026-05-19 17:43:49.322 +0530] [PROCESS] [cadence.virtuoso.ade.gui] - /home/train/hanupro/.tmp_train/.cmddir1/swiftJob6 is starting {"logfile": "/home/train/hanupro/logs_train/logs1/Job6.log"}
[2026-05-19 17:43:49.425 +0530] [PROCESS] [cadence.virtuoso.ade.gui] - Simulation Monitor process '17628' is starting up on host 'vlsi44.blr.amrita.edu' {"logfile": "/home/train/hanupro/logs_train/logs1/Job6.log"}
[2026-05-19 17:58:57.442 +0530] [PROCESS] [cadence.virtuoso.ade.gui] - Logging Service '12617' stopped with exit code '0' {"logfile": "/home/train/hanupro/logs_train/logs1/LoggingService3.log"}
[2026-05-19 19:31:37.453 +0530] [ERROR] [cadence.virtuoso.ade.gui] - Simulation error {"history": "ExplorerRun.0", "point": 1, "testname": "hanus_pll_loop_1"}
[2026-05-19 19:31:38.025 +0530] [EVENT] [cadence.virtuoso.ade.gui] - HistoryFinished {"history": "ExplorerRun.0", "point": 1, "testname": "hanus_pll_loop_1", "event": "HistoryFinished", "EventSource": "ADE GUI", "HistoryName": "ExplorerRun.0"}
[2026-05-19 19:31:38.922 +0530] [PROCESS] [cadence.virtuoso.ade.gui] - ln: failed to create symbolic link '/home/train/simulation/hanus/pll_loop/maestro/results/maestro/.tmpADEDir_train/simulation/hanus/pll_loop/maestro/results/maestro/ExplorerRun.0/1/hanus_pll_loop_1/netlist/exprOutputs.log': File exists
 {"logfile": "/home/train/hanupro/logs_train/logs1/Job6.log"}
[2026-05-19 19:31:39.156 +0530] [PROCESS] [cadence.virtuoso.ade.gui] - ln: failed to create symbolic link '/home/train/simulation/hanus/pll_loop/maestro/results/maestro/.tmpADEDir_train/simulation/hanus/pll_loop/maestro/results/maestro/ExplorerRun.0/1/hanus_pll_loop_1/netlist/amps_evaluator.log' {"logfile": "/home/train/hanupro/logs_train/logs1/Job6.log"}
[2026-05-19 19:31:39.162 +0530] [PROCESS] [cadence.virtuoso.ade.gui] - : File exists
 {"logfile": "/home/train/hanupro/logs_train/logs1/Job6.log"}
