[Simulation Monitor: 10]
[2026-05-20 17:49:07.099 +0530] [PROCESS] [cadence.virtuoso.ade.simulationMonitor] - Simulation Monitor has successfully started up. Trying to set up communication channels to other components ... {"hostname": "vlsi06.blr.amrita.edu", "processid": 355083, "logfile": "/home/train/Downloads/hanupro_2tb_pll/hanupro/logs_train/logs2/Job10.log"}
[2026-05-20 17:49:07.101 +0530] [PROCESS] [cadence.virtuoso.ade.simulationMonitor] - Communication channels have been successfully set up. Start processing events ... {"hostname": "vlsi06.blr.amrita.edu", "processid": 355083, "logfile": "/home/train/Downloads/hanupro_2tb_pll/hanupro/logs_train/logs2/Job10.log"}
[2026-05-20 17:49:07.101 +0530] [PROCESS] [cadence.virtuoso.ade.simulationMonitor] - Considering to start history {"hostname": "vlsi06.blr.amrita.edu", "processid": 355083, "history": "ExplorerRun.0", "logfile": "/home/train/Downloads/hanupro_2tb_pll/hanupro/logs_train/logs2/Job10.log"}
[2026-05-20 17:49:07.102 +0530] [PROCESS] [cadence.virtuoso.ade.simulationMonitor] - HostInfo:
Host name (type):	vlsi06.blr.amrita.edu (x86_64)
Operating system:	Linux 4.18.0-425.3.1.el8.x86_64 #1 SMP Fri Sep 30 11:45:06 EDT 2022 {"hostname": "vlsi06.blr.amrita.edu", "processid": 355083, "history": "ExplorerRun.0", "logfile": "/home/train/Downloads/hanupro_2tb_pll/hanupro/logs_train/logs2/Job10.log", "nodename": "vlsi06.blr.amrita.edu", "domainname": "(none)", "machine": "x86_64", "sysname": "Linux", "release": "4.18.0-425.3.1.el8.x86_64", "version": "#1 SMP Fri Sep 30 11:45:06 EDT 2022"}
[2026-05-20 17:49:07.103 +0530] [PROCESS] [cadence.virtuoso.ade.simulationMonitor] - UsageInfo:
pid=355083
totalPhysicalMemory=15.237446GB,Used=4.831234GB,totalVirtualMemory=46.487442GB,Used=5.442562GB
Cpu: Cores=12, Load average:0.230000,0.210000,1.240000 {"hostname": "vlsi06.blr.amrita.edu", "processid": 355083, "history": "ExplorerRun.0", "logfile": "/home/train/Downloads/hanupro_2tb_pll/hanupro/logs_train/logs2/Job10.log", "pid": "355083", "totalPhysicalMemory": "15.237446", "physicalMemoryUsed": "4.831234", "totalVirtualMemory": "46.487442", "virtualMemoryUsed": "5.442562", "cpuCores": "12", "processes": "1231", "loadAverage1": "0.230000", "loadAverage5": "0.210000", "loadAverage15": "1.240000", "loadAverage1Percent": "0.019167"}
[2026-05-20 17:49:07.103 +0530] [EVENT] [cadence.virtuoso.ade.simulationMonitor] - NewPoint {"history": "ExplorerRun.0", "point": 1, "testname": "hanus_pll_loop_1", "cornername": "Nominal", "event": "NewPoint", "EventSource": "Simulation Monitor", "HistoryName": "ExplorerRun.0", "logFile": "/home/train/Downloads/hanupro_2tb_pll/hanupro/logs_train/logs2/Job10.log", "logFileSize": "2310"}
[2026-05-20 17:49:07.204 +0530] [EVENT] [cadence.virtuoso.ade.simulationMonitor] - NewPoint {"history": "ExplorerRun.0", "point": 1, "testname": "hanus_pll_loop_1", "cornername": "Nominal", "event": "NewPoint", "EventSource": "spectre", "HistoryName": "ExplorerRun.0", "logFile": "/home/train/simulation/hanus/pll_loop_pss/maestro/results/maestro/ExplorerRun.0/1/hanus_pll_loop_1/psf/spectre.out", "logFileSize": "-1"}
[2026-05-20 17:49:07.207 +0530] [PROCESS] [cadence.virtuoso.ade.simulationMonitor] - Simulator launched {"hostname": "vlsi06.blr.amrita.edu", "processid": 355083, "history": "ExplorerRun.0", "testname": "hanus_pll_loop_1", "cornername": "Nominal", "point": 1, "logfile": "/home/train/Downloads/hanupro_2tb_pll/hanupro/logs_train/logs2/Job10.log", "simid": "1"}
[2026-05-20 17:49:07.209 +0530] [PROCESS] [cadence.virtuoso.ade.simulationMonitor] - Expression evaluator launched {"hostname": "vlsi06.blr.amrita.edu", "processid": 355083, "history": "ExplorerRun.0", "testname": "hanus_pll_loop_1", "cornername": "Nominal", "point": 1, "logfile": "/home/train/Downloads/hanupro_2tb_pll/hanupro/logs_train/logs2/Job10.log"}
[2026-05-20 17:49:07.214 +0530] [PROCESS] [cadence.virtuoso.ade.simulationMonitor] - Started Simulation {"hostname": "vlsi06.blr.amrita.edu", "processid": 355083, "history": "ExplorerRun.0", "testname": "hanus_pll_loop_1", "cornername": "Nominal", "point": 1, "logfile": "/home/train/Downloads/hanupro_2tb_pll/hanupro/logs_train/logs2/Job10.log", "event": "started", "task": "simulation"}
[2026-05-20 17:49:10.715 +0530] [INFO] [cadence.virtuoso.ade.simulationMonitor] - Peak resident memory used = 151 Mbytes. {"history": "ExplorerRun.0", "point": 1, "testname": "hanus_pll_loop_1", "cornername": "Nominal"}
[2026-05-20 17:49:10.715 +0530] [INFO] [cadence.virtuoso.ade.simulationMonitor] - Peak resident memory used = 187 Mbytes. {"history": "ExplorerRun.0", "point": 1, "testname": "hanus_pll_loop_1", "cornername": "Nominal"}
[2026-05-20 17:49:10.715 +0530] [INFO] [cadence.virtuoso.ade.simulationMonitor] - Notice from spectre during hierarchy flattening.
    The value 'psf' specified for the 'checklimitdest' option will no longer be supported in future releases. Use 'spectre -h' to see other recommended values for the 'checklimitdest' option. {"history": "ExplorerRun.0", "point": 1, "testname": "hanus_pll_loop_1", "cornername": "Nominal"}
[2026-05-20 17:49:11.215 +0530] [INFO] [cadence.virtuoso.ade.simulationMonitor] - Peak resident memory used = 205 Mbytes. {"history": "ExplorerRun.0", "point": 1, "testname": "hanus_pll_loop_1", "cornername": "Nominal"}
[2026-05-20 17:49:11.768 +0530] [INFO] [cadence.virtuoso.ade.simulationMonitor] -               nodes 5227 {"history": "ExplorerRun.0", "point": 1, "testname": "hanus_pll_loop_1", "cornername": "Nominal"}
[2026-05-20 17:49:11.769 +0530] [INFO] [cadence.virtuoso.ade.simulationMonitor] - Notice from spectre during initial setup.
    APS enabled. {"history": "ExplorerRun.0", "point": 1, "testname": "hanus_pll_loop_1", "cornername": "Nominal"}
[2026-05-20 17:49:12.269 +0530] [INFO] [cadence.virtuoso.ade.simulationMonitor] - Notice from spectre.
    Multithreading enabled: 8 threads in the system with 12 available processors. {"history": "ExplorerRun.0", "point": 1, "testname": "hanus_pll_loop_1", "cornername": "Nominal"}
[2026-05-20 17:49:12.269 +0530] [INFO] [cadence.virtuoso.ade.simulationMonitor] - Peak resident memory used = 222 Mbytes. {"history": "ExplorerRun.0", "point": 1, "testname": "hanus_pll_loop_1", "cornername": "Nominal"}
[2026-05-20 17:49:12.269 +0530] [INFO] [cadence.virtuoso.ade.simulationMonitor] -    -   (APS) Multi-threading. The recommended number of threads is 8, consider adding +mt=8 on command line. {"history": "ExplorerRun.0", "point": 1, "testname": "hanus_pll_loop_1", "cornername": "Nominal"}
[2026-05-20 17:49:12.269 +0530] [INFO] [cadence.virtuoso.ade.simulationMonitor] - Notice from spectre during IC analysis, during transient analysis `tran'.
    There are 4 IC nodes defined. {"history": "ExplorerRun.0", "point": 1, "testname": "hanus_pll_loop_1", "cornername": "Nominal"}
[2026-05-20 17:49:27.963 +0530] [INFO] [cadence.virtuoso.ade.simulationMonitor] - Notice from spectre during IC analysis, during transient analysis `tran'.
    Bad pivoting is found during DC analysis. Option dc_pivot_check=yes is recommended for possible improvement of convergence.
    Initial condition computed for node vout4- is in error by 4.12139 uV.
    Initial condition computed for node vout2+ is in error by 4.12099 uV.
    Initial condition computed for node vout4+ is in error by 2.84602 mV (237.168 m%).
    Initial condition computed for node vout2- is in error by 2.8442 mV (2... {"history": "ExplorerRun.0", "point": 1, "testname": "hanus_pll_loop_1", "cornername": "Nominal"}
[2026-05-20 18:06:03.698 +0530] [INFO] [cadence.virtuoso.ade.simulationMonitor] - Total time required for tran analysis `tran': CPU = 7.72556 ks (2h 8m 46s), elapsed = 1.01105 ks (16m  51.1s), util. = 764%. {"history": "ExplorerRun.0", "point": 1, "testname": "hanus_pll_loop_1", "cornername": "Nominal"}
[2026-05-20 18:06:03.698 +0530] [INFO] [cadence.virtuoso.ade.simulationMonitor] - Peak resident memory used = 555 Mbytes. {"history": "ExplorerRun.0", "point": 1, "testname": "hanus_pll_loop_1", "cornername": "Nominal"}
[2026-05-20 18:06:04.198 +0530] [INFO] [cadence.virtuoso.ade.simulationMonitor] - Time used: CPU = 7.73 ks (2h 8m 51s), elapsed = 1.02 ks (16m  56.5s), util. = 761%. {"history": "ExplorerRun.0", "point": 1, "testname": "hanus_pll_loop_1", "cornername": "Nominal"}
[2026-05-20 18:06:04.198 +0530] [INFO] [cadence.virtuoso.ade.simulationMonitor] - Time spent in licensing: elapsed = 3.66 s. {"history": "ExplorerRun.0", "point": 1, "testname": "hanus_pll_loop_1", "cornername": "Nominal"}
[2026-05-20 18:06:04.199 +0530] [INFO] [cadence.virtuoso.ade.simulationMonitor] - Peak memory used = 558 Mbytes. {"history": "ExplorerRun.0", "point": 1, "testname": "hanus_pll_loop_1", "cornername": "Nominal"}
[2026-05-20 18:06:04.199 +0530] [PROCESS] [cadence.virtuoso.ade.simulationMonitor] - Simulation started at: 5:49:07 PM, Wed May 20, 2026, ended at: 6:06:03 PM, Wed May 20, 2026, with elapsed time (wall clock): 1.02 ks (16m  56.5s). {"history": "ExplorerRun.0", "point": 1, "testname": "hanus_pll_loop_1", "cornername": "Nominal"}
[2026-05-20 18:06:04.199 +0530] [PROCESS] [cadence.virtuoso.ade.simulationMonitor] - spectre completes with 0 errors, 0 warnings, and 10 notices. {"history": "ExplorerRun.0", "point": 1, "testname": "hanus_pll_loop_1", "cornername": "Nominal"}
[2026-05-20 18:06:04.700 +0530] [PROCESS] [cadence.virtuoso.ade.simulationMonitor] - Finished simulating for one point {"hostname": "vlsi06.blr.amrita.edu", "processid": 355083, "history": "ExplorerRun.0", "testname": "hanus_pll_loop_1", "cornername": "Nominal", "point": 1, "logfile": "/home/train/Downloads/hanupro_2tb_pll/hanupro/logs_train/logs2/Job10.log", "simid": "1"}
[2026-05-20 18:06:04.700 +0530] [PROCESS] [cadence.virtuoso.ade.simulationMonitor] - Simulator exited {"hostname": "vlsi06.blr.amrita.edu", "processid": 355083, "history": "ExplorerRun.0", "testname": "hanus_pll_loop_1", "cornername": "Nominal", "point": 1, "logfile": "/home/train/Downloads/hanupro_2tb_pll/hanupro/logs_train/logs2/Job10.log", "exitStatus": "0"}
[2026-05-20 18:06:04.700 +0530] [PROCESS] [cadence.virtuoso.ade.simulationMonitor] - Finished Simulation {"hostname": "vlsi06.blr.amrita.edu", "processid": 355083, "history": "ExplorerRun.0", "testname": "hanus_pll_loop_1", "cornername": "Nominal", "point": 1, "logfile": "/home/train/Downloads/hanupro_2tb_pll/hanupro/logs_train/logs2/Job10.log", "simid": "1"}
[2026-05-20 18:06:04.704 +0530] [PROCESS] [cadence.virtuoso.ade.simulationMonitor] - Expression evaluator launched {"hostname": "vlsi06.blr.amrita.edu", "processid": 355083, "history": "ExplorerRun.0", "testname": "hanus_pll_loop_1", "cornername": "Nominal", "point": 1, "logfile": "/home/train/Downloads/hanupro_2tb_pll/hanupro/logs_train/logs2/Job10.log"}
[2026-05-20 18:06:08.210 +0530] [PROCESS] [cadence.virtuoso.ade.simulationMonitor] - Point Finished {"hostname": "vlsi06.blr.amrita.edu", "processid": 355083, "history": "ExplorerRun.0", "testname": "hanus_pll_loop_1", "cornername": "Nominal", "point": 1, "logfile": "/home/train/Downloads/hanupro_2tb_pll/hanupro/logs_train/logs2/Job10.log"}
[2026-05-20 18:11:09.041 +0530] [PROCESS] [cadence.virtuoso.ade.simulationMonitor] - Current memory used: 53.9492 MBytes, peak memory used: 53.9492 MBytes {"hostname": "vlsi06.blr.amrita.edu", "processid": 355083, "history": "ExplorerRun.0", "testname": "hanus_pll_loop_1", "cornername": "Nominal", "point": 1, "logfile": "/home/train/Downloads/hanupro_2tb_pll/hanupro/logs_train/logs2/Job10.log"}
[2026-05-20 18:11:09.041 +0530] [PROCESS] [cadence.virtuoso.ade.simulationMonitor] - Simulation Monitor process exit. {"hostname": "vlsi06.blr.amrita.edu", "processid": 355083, "history": "ExplorerRun.0", "testname": "hanus_pll_loop_1", "cornername": "Nominal", "point": 1, "logfile": "/home/train/Downloads/hanupro_2tb_pll/hanupro/logs_train/logs2/Job10.log"}
