[Simulation Monitor: 2]
[2026-05-20 12:51:34.187 +0530] [PROCESS] [cadence.virtuoso.ade.simulationMonitor] - Simulation Monitor has successfully started up. Trying to set up communication channels to other components ... {"hostname": "vlsi06.blr.amrita.edu", "processid": 18838, "logfile": "/home/train/Downloads/hanupro_2tb_pll/hanupro/logs_train/logs2/Job2.log"}
[2026-05-20 12:51:34.189 +0530] [PROCESS] [cadence.virtuoso.ade.simulationMonitor] - Communication channels have been successfully set up. Start processing events ... {"hostname": "vlsi06.blr.amrita.edu", "processid": 18838, "logfile": "/home/train/Downloads/hanupro_2tb_pll/hanupro/logs_train/logs2/Job2.log"}
[2026-05-20 12:51:34.189 +0530] [PROCESS] [cadence.virtuoso.ade.simulationMonitor] - Considering to start history {"hostname": "vlsi06.blr.amrita.edu", "processid": 18838, "history": "ExplorerRun.0", "logfile": "/home/train/Downloads/hanupro_2tb_pll/hanupro/logs_train/logs2/Job2.log"}
[2026-05-20 12:51:34.192 +0530] [PROCESS] [cadence.virtuoso.ade.simulationMonitor] - HostInfo:
Host name (type):	vlsi06.blr.amrita.edu (x86_64)
Operating system:	Linux 4.18.0-425.3.1.el8.x86_64 #1 SMP Fri Sep 30 11:45:06 EDT 2022 {"hostname": "vlsi06.blr.amrita.edu", "processid": 18838, "history": "ExplorerRun.0", "logfile": "/home/train/Downloads/hanupro_2tb_pll/hanupro/logs_train/logs2/Job2.log", "nodename": "vlsi06.blr.amrita.edu", "domainname": "(none)", "machine": "x86_64", "sysname": "Linux", "release": "4.18.0-425.3.1.el8.x86_64", "version": "#1 SMP Fri Sep 30 11:45:06 EDT 2022"}
[2026-05-20 12:51:34.192 +0530] [PROCESS] [cadence.virtuoso.ade.simulationMonitor] - UsageInfo:
pid=18838
totalPhysicalMemory=15.237446GB,Used=6.381390GB,totalVirtualMemory=46.487442GB,Used=6.381390GB
Cpu: Cores=12, Load average:0.420000,0.470000,0.340000 {"hostname": "vlsi06.blr.amrita.edu", "processid": 18838, "history": "ExplorerRun.0", "logfile": "/home/train/Downloads/hanupro_2tb_pll/hanupro/logs_train/logs2/Job2.log", "pid": "18838", "totalPhysicalMemory": "15.237446", "physicalMemoryUsed": "6.381390", "totalVirtualMemory": "46.487442", "virtualMemoryUsed": "6.381390", "cpuCores": "12", "processes": "1115", "loadAverage1": "0.420000", "loadAverage5": "0.470000", "loadAverage15": "0.340000", "loadAverage1Percent": "0.035000"}
[2026-05-20 12:51:34.192 +0530] [EVENT] [cadence.virtuoso.ade.simulationMonitor] - NewPoint {"history": "ExplorerRun.0", "point": 1, "testname": "hanus_pll_loop_1", "cornername": "Nominal", "event": "NewPoint", "EventSource": "Simulation Monitor", "HistoryName": "ExplorerRun.0", "logFile": "/home/train/Downloads/hanupro_2tb_pll/hanupro/logs_train/logs2/Job2.log", "logFileSize": "2297"}
[2026-05-20 12:51:34.293 +0530] [EVENT] [cadence.virtuoso.ade.simulationMonitor] - NewPoint {"history": "ExplorerRun.0", "point": 1, "testname": "hanus_pll_loop_1", "cornername": "Nominal", "event": "NewPoint", "EventSource": "spectre", "HistoryName": "ExplorerRun.0", "logFile": "/home/train/simulation/hanus/pll_loop_pss/maestro/results/maestro/ExplorerRun.0/1/hanus_pll_loop_1/psf/spectre.out", "logFileSize": "-1"}
[2026-05-20 12:51:34.299 +0530] [PROCESS] [cadence.virtuoso.ade.simulationMonitor] - Simulator launched {"hostname": "vlsi06.blr.amrita.edu", "processid": 18838, "history": "ExplorerRun.0", "testname": "hanus_pll_loop_1", "cornername": "Nominal", "point": 1, "logfile": "/home/train/Downloads/hanupro_2tb_pll/hanupro/logs_train/logs2/Job2.log", "simid": "1"}
[2026-05-20 12:51:34.300 +0530] [PROCESS] [cadence.virtuoso.ade.simulationMonitor] - Expression evaluator launched {"hostname": "vlsi06.blr.amrita.edu", "processid": 18838, "history": "ExplorerRun.0", "testname": "hanus_pll_loop_1", "cornername": "Nominal", "point": 1, "logfile": "/home/train/Downloads/hanupro_2tb_pll/hanupro/logs_train/logs2/Job2.log"}
[2026-05-20 12:51:34.305 +0530] [PROCESS] [cadence.virtuoso.ade.simulationMonitor] - Started Simulation {"hostname": "vlsi06.blr.amrita.edu", "processid": 18838, "history": "ExplorerRun.0", "testname": "hanus_pll_loop_1", "cornername": "Nominal", "point": 1, "logfile": "/home/train/Downloads/hanupro_2tb_pll/hanupro/logs_train/logs2/Job2.log", "event": "started", "task": "simulation"}
[2026-05-20 12:51:39.355 +0530] [INFO] [cadence.virtuoso.ade.simulationMonitor] - Peak resident memory used = 155 Mbytes. {"history": "ExplorerRun.0", "point": 1, "testname": "hanus_pll_loop_1", "cornername": "Nominal"}
[2026-05-20 12:51:39.856 +0530] [INFO] [cadence.virtuoso.ade.simulationMonitor] - Peak resident memory used = 209 Mbytes. {"history": "ExplorerRun.0", "point": 1, "testname": "hanus_pll_loop_1", "cornername": "Nominal"}
[2026-05-20 12:51:39.856 +0530] [INFO] [cadence.virtuoso.ade.simulationMonitor] - Notice from spectre during hierarchy flattening.
    The value 'psf' specified for the 'checklimitdest' option will no longer be supported in future releases. Use 'spectre -h' to see other recommended values for the 'checklimitdest' option. {"history": "ExplorerRun.0", "point": 1, "testname": "hanus_pll_loop_1", "cornername": "Nominal"}
[2026-05-20 12:51:40.356 +0530] [INFO] [cadence.virtuoso.ade.simulationMonitor] - Peak resident memory used = 232 Mbytes. {"history": "ExplorerRun.0", "point": 1, "testname": "hanus_pll_loop_1", "cornername": "Nominal"}
[2026-05-20 12:51:40.357 +0530] [INFO] [cadence.virtuoso.ade.simulationMonitor] -               nodes 5227 {"history": "ExplorerRun.0", "point": 1, "testname": "hanus_pll_loop_1", "cornername": "Nominal"}
[2026-05-20 12:51:40.357 +0530] [INFO] [cadence.virtuoso.ade.simulationMonitor] - Notice from spectre during initial setup.
    APS enabled. {"history": "ExplorerRun.0", "point": 1, "testname": "hanus_pll_loop_1", "cornername": "Nominal"}
[2026-05-20 12:51:41.858 +0530] [INFO] [cadence.virtuoso.ade.simulationMonitor] - Notice from spectre.
    Multithreading enabled: 8 threads in the system with 12 available processors. {"history": "ExplorerRun.0", "point": 1, "testname": "hanus_pll_loop_1", "cornername": "Nominal"}
[2026-05-20 12:51:41.858 +0530] [INFO] [cadence.virtuoso.ade.simulationMonitor] - Peak resident memory used = 250 Mbytes. {"history": "ExplorerRun.0", "point": 1, "testname": "hanus_pll_loop_1", "cornername": "Nominal"}
[2026-05-20 12:51:41.858 +0530] [INFO] [cadence.virtuoso.ade.simulationMonitor] -    -   (APS) Multi-threading. The recommended number of threads is 8, consider adding +mt=8 on command line. {"history": "ExplorerRun.0", "point": 1, "testname": "hanus_pll_loop_1", "cornername": "Nominal"}
[2026-05-20 12:51:42.359 +0530] [INFO] [cadence.virtuoso.ade.simulationMonitor] - Notice from spectre during IC analysis, during periodic steady state analysis `pss'.
    There are 4 IC nodes defined. {"history": "ExplorerRun.0", "point": 1, "testname": "hanus_pll_loop_1", "cornername": "Nominal"}
[2026-05-20 12:52:00.593 +0530] [INFO] [cadence.virtuoso.ade.simulationMonitor] - Notice from spectre during IC analysis, during periodic steady state analysis `pss'.
    Bad pivoting is found during DC analysis. Option dc_pivot_check=yes is recommended for possible improvement of convergence.
    Initial condition computed for node vout4- is in error by 4.12139 uV.
    Initial condition computed for node vout2+ is in error by 4.12099 uV.
    Initial condition computed for node vout4+ is in error by 2.84602 mV (237.168 m%).
    Initial condition computed for node vout2- is in error by 2... {"history": "ExplorerRun.0", "point": 1, "testname": "hanus_pll_loop_1", "cornername": "Nominal"}
[2026-05-20 15:37:20.377 +0530] [INFO] [cadence.virtuoso.ade.simulationMonitor] - Total time required for tstab analysis `pss': CPU = 76.3814 ks (21h 13m 1s), elapsed = 9.91989 ks (2h 45m 20s). {"history": "ExplorerRun.0", "point": 1, "testname": "hanus_pll_loop_1", "cornername": "Nominal"}
[2026-05-20 15:37:20.378 +0530] [INFO] [cadence.virtuoso.ade.simulationMonitor] - Peak resident memory used = 278 Mbytes. {"history": "ExplorerRun.0", "point": 1, "testname": "hanus_pll_loop_1", "cornername": "Nominal"}
[2026-05-20 15:39:34.617 +0530] [ERROR] [cadence.virtuoso.ade.simulationMonitor] - Fatal error found by spectre at time = 5.03446 us during periodic steady state analysis `pss'.
    FATAL (CMI-2002): Insufficient memory available. Try using the 64-bit executable or another machine with better memory configuration. Alternatively, use the 'ulimit' or 'unlimit' command to adjust the memory limitations. For more information on optimizing memory usage when using SpectreRF, see spectre -h rfmemory or the "Tips for Reducing Memory Usage with SpectreRF (rfmemory)" section in the "Spectre Circuit... {"history": "ExplorerRun.0", "point": 1, "testname": "hanus_pll_loop_1", "cornername": "Nominal"}
[2026-05-20 15:39:35.135 +0530] [INFO] [cadence.virtuoso.ade.simulationMonitor] - Time used: CPU = 77.3 ks (21h 28m 19s), elapsed = 10.1 ks (2h 47m 59s), util. = 767%. {"history": "ExplorerRun.0", "point": 1, "testname": "hanus_pll_loop_1", "cornername": "Nominal"}
[2026-05-20 15:39:35.135 +0530] [INFO] [cadence.virtuoso.ade.simulationMonitor] - Time spent in licensing: elapsed = 4.02 s. {"history": "ExplorerRun.0", "point": 1, "testname": "hanus_pll_loop_1", "cornername": "Nominal"}
[2026-05-20 15:39:35.157 +0530] [INFO] [cadence.virtuoso.ade.simulationMonitor] - Peak memory used = 12.3 Gbytes. {"history": "ExplorerRun.0", "point": 1, "testname": "hanus_pll_loop_1", "cornername": "Nominal"}
[2026-05-20 15:39:35.157 +0530] [PROCESS] [cadence.virtuoso.ade.simulationMonitor] - Simulation started at: 12:51:35 PM, Wed May 20, 2026, ended at: 3:39:34 PM, Wed May 20, 2026, with elapsed time (wall clock): 10.1 ks (2h 47m 59s). {"history": "ExplorerRun.0", "point": 1, "testname": "hanus_pll_loop_1", "cornername": "Nominal"}
[2026-05-20 15:39:35.157 +0530] [PROCESS] [cadence.virtuoso.ade.simulationMonitor] - spectre completes with 1 error, 0 warnings, and 10 notices. {"history": "ExplorerRun.0", "point": 1, "testname": "hanus_pll_loop_1", "cornername": "Nominal"}
[2026-05-20 15:39:35.157 +0530] [FATAL] [cadence.virtuoso.ade.simulationMonitor] - spectre terminated prematurely due to fatal error. {"history": "ExplorerRun.0", "point": 1, "testname": "hanus_pll_loop_1", "cornername": "Nominal"}
[2026-05-20 15:39:37.204 +0530] [PROCESS] [cadence.virtuoso.ade.simulationMonitor] - Finished simulating for one point {"hostname": "vlsi06.blr.amrita.edu", "processid": 18838, "history": "ExplorerRun.0", "testname": "hanus_pll_loop_1", "cornername": "Nominal", "point": 1, "logfile": "/home/train/Downloads/hanupro_2tb_pll/hanupro/logs_train/logs2/Job2.log", "simid": "1"}
[2026-05-20 15:39:37.210 +0530] [ERROR] [cadence.virtuoso.ade.simulationMonitor] - While simulating run ExplorerRun.0, point 1, test hanus_pll_loop_1, received error:
Simulation Error:
 The simulator process returned a non-zero exit code, indicating failure.
The simulator could have crashed or intentionally returned to indicate an error.
Check the simulator log file for more information.  Common causes:
1. Simulator may have crashed during exit even after reporting success in log file.
2. Abrupt automatic simulator termination (e.g., SIGKILL) because the simulator process has
   exceeded... {"history": "ExplorerRun.0", "point": 1, "testname": "hanus_pll_loop_1", "cornername": "Nominal"}
[2026-05-20 15:39:37.210 +0530] [PROCESS] [cadence.virtuoso.ade.simulationMonitor] - Finished Simulation {"hostname": "vlsi06.blr.amrita.edu", "processid": 18838, "history": "ExplorerRun.0", "testname": "hanus_pll_loop_1", "cornername": "Nominal", "point": 1, "logfile": "/home/train/Downloads/hanupro_2tb_pll/hanupro/logs_train/logs2/Job2.log", "simid": "1"}
[2026-05-20 15:39:37.221 +0530] [PROCESS] [cadence.virtuoso.ade.simulationMonitor] - Expression evaluator launched {"hostname": "vlsi06.blr.amrita.edu", "processid": 18838, "history": "ExplorerRun.0", "testname": "hanus_pll_loop_1", "cornername": "Nominal", "point": 1, "logfile": "/home/train/Downloads/hanupro_2tb_pll/hanupro/logs_train/logs2/Job2.log"}
[2026-05-20 15:39:44.268 +0530] [PROCESS] [cadence.virtuoso.ade.simulationMonitor] - Point Finished {"hostname": "vlsi06.blr.amrita.edu", "processid": 18838, "history": "ExplorerRun.0", "testname": "hanus_pll_loop_1", "cornername": "Nominal", "point": 1, "logfile": "/home/train/Downloads/hanupro_2tb_pll/hanupro/logs_train/logs2/Job2.log"}
[2026-05-20 15:44:45.078 +0530] [PROCESS] [cadence.virtuoso.ade.simulationMonitor] - Current memory used: 13.6992 MBytes, peak memory used: 54.1055 MBytes {"hostname": "vlsi06.blr.amrita.edu", "processid": 18838, "history": "ExplorerRun.0", "testname": "hanus_pll_loop_1", "cornername": "Nominal", "point": 1, "logfile": "/home/train/Downloads/hanupro_2tb_pll/hanupro/logs_train/logs2/Job2.log"}
[2026-05-20 15:44:45.078 +0530] [PROCESS] [cadence.virtuoso.ade.simulationMonitor] - Simulation Monitor process exit. {"hostname": "vlsi06.blr.amrita.edu", "processid": 18838, "history": "ExplorerRun.0", "testname": "hanus_pll_loop_1", "cornername": "Nominal", "point": 1, "logfile": "/home/train/Downloads/hanupro_2tb_pll/hanupro/logs_train/logs2/Job2.log"}
