[Simulation Monitor: 27]
[2026-05-21 11:26:11.073 +0530] [PROCESS] [cadence.virtuoso.ade.simulationMonitor] - Simulation Monitor has successfully started up. Trying to set up communication channels to other components ... {"hostname": "vlsi06.blr.amrita.edu", "processid": 2768033, "logfile": "/home/train/Downloads/hanupro_2tb_pll/hanupro/logs_train/logs2/Job27.log"}
[2026-05-21 11:26:11.074 +0530] [PROCESS] [cadence.virtuoso.ade.simulationMonitor] - Communication channels have been successfully set up. Start processing events ... {"hostname": "vlsi06.blr.amrita.edu", "processid": 2768033, "logfile": "/home/train/Downloads/hanupro_2tb_pll/hanupro/logs_train/logs2/Job27.log"}
[2026-05-21 11:26:11.075 +0530] [PROCESS] [cadence.virtuoso.ade.simulationMonitor] - Considering to start history {"hostname": "vlsi06.blr.amrita.edu", "processid": 2768033, "history": "ExplorerRun.0", "logfile": "/home/train/Downloads/hanupro_2tb_pll/hanupro/logs_train/logs2/Job27.log"}
[2026-05-21 11:26:11.076 +0530] [PROCESS] [cadence.virtuoso.ade.simulationMonitor] - HostInfo:
Host name (type):	vlsi06.blr.amrita.edu (x86_64)
Operating system:	Linux 4.18.0-425.3.1.el8.x86_64 #1 SMP Fri Sep 30 11:45:06 EDT 2022 {"hostname": "vlsi06.blr.amrita.edu", "processid": 2768033, "history": "ExplorerRun.0", "logfile": "/home/train/Downloads/hanupro_2tb_pll/hanupro/logs_train/logs2/Job27.log", "nodename": "vlsi06.blr.amrita.edu", "domainname": "(none)", "machine": "x86_64", "sysname": "Linux", "release": "4.18.0-425.3.1.el8.x86_64", "version": "#1 SMP Fri Sep 30 11:45:06 EDT 2022"}
[2026-05-21 11:26:11.076 +0530] [PROCESS] [cadence.virtuoso.ade.simulationMonitor] - UsageInfo:
pid=2768033
totalPhysicalMemory=15.237446GB,Used=15.079586GB,totalVirtualMemory=46.487442GB,Used=16.538734GB
Cpu: Cores=12, Load average:0.640000,0.860000,0.650000 {"hostname": "vlsi06.blr.amrita.edu", "processid": 2768033, "history": "ExplorerRun.0", "logfile": "/home/train/Downloads/hanupro_2tb_pll/hanupro/logs_train/logs2/Job27.log", "pid": "2768033", "totalPhysicalMemory": "15.237446", "physicalMemoryUsed": "15.079586", "totalVirtualMemory": "46.487442", "virtualMemoryUsed": "16.538734", "cpuCores": "12", "processes": "1253", "loadAverage1": "0.640000", "loadAverage5": "0.860000", "loadAverage15": "0.650000", "loadAverage1Percent": "0.053333"}
[2026-05-21 11:26:11.076 +0530] [EVENT] [cadence.virtuoso.ade.simulationMonitor] - NewPoint {"history": "ExplorerRun.0", "point": 1, "testname": "hanus_vco_tb_1", "cornername": "Nominal", "event": "NewPoint", "EventSource": "Simulation Monitor", "HistoryName": "ExplorerRun.0", "logFile": "/home/train/Downloads/hanupro_2tb_pll/hanupro/logs_train/logs2/Job27.log", "logFileSize": "2321"}
[2026-05-21 11:26:11.177 +0530] [EVENT] [cadence.virtuoso.ade.simulationMonitor] - NewPoint {"history": "ExplorerRun.0", "point": 1, "testname": "hanus_vco_tb_1", "cornername": "Nominal", "event": "NewPoint", "EventSource": "spectre", "HistoryName": "ExplorerRun.0", "logFile": "/home/train/simulation/hanus/vco_tb/maestro/results/maestro/ExplorerRun.0/1/hanus_vco_tb_1/psf/spectre.out", "logFileSize": "-1"}
[2026-05-21 11:26:11.180 +0530] [PROCESS] [cadence.virtuoso.ade.simulationMonitor] - Simulator launched {"hostname": "vlsi06.blr.amrita.edu", "processid": 2768033, "history": "ExplorerRun.0", "testname": "hanus_vco_tb_1", "cornername": "Nominal", "point": 1, "logfile": "/home/train/Downloads/hanupro_2tb_pll/hanupro/logs_train/logs2/Job27.log", "simid": "1"}
[2026-05-21 11:26:11.182 +0530] [PROCESS] [cadence.virtuoso.ade.simulationMonitor] - Expression evaluator launched {"hostname": "vlsi06.blr.amrita.edu", "processid": 2768033, "history": "ExplorerRun.0", "testname": "hanus_vco_tb_1", "cornername": "Nominal", "point": 1, "logfile": "/home/train/Downloads/hanupro_2tb_pll/hanupro/logs_train/logs2/Job27.log"}
[2026-05-21 11:26:11.186 +0530] [PROCESS] [cadence.virtuoso.ade.simulationMonitor] - Started Simulation {"hostname": "vlsi06.blr.amrita.edu", "processid": 2768033, "history": "ExplorerRun.0", "testname": "hanus_vco_tb_1", "cornername": "Nominal", "point": 1, "logfile": "/home/train/Downloads/hanupro_2tb_pll/hanupro/logs_train/logs2/Job27.log", "event": "started", "task": "simulation"}
[2026-05-21 11:26:14.687 +0530] [INFO] [cadence.virtuoso.ade.simulationMonitor] - Peak resident memory used = 141 Mbytes. {"history": "ExplorerRun.0", "point": 1, "testname": "hanus_vco_tb_1", "cornername": "Nominal"}
[2026-05-21 11:26:15.187 +0530] [INFO] [cadence.virtuoso.ade.simulationMonitor] - Peak resident memory used = 153 Mbytes. {"history": "ExplorerRun.0", "point": 1, "testname": "hanus_vco_tb_1", "cornername": "Nominal"}
[2026-05-21 11:26:15.188 +0530] [INFO] [cadence.virtuoso.ade.simulationMonitor] - Notice from spectre during hierarchy flattening.
    The value 'psf' specified for the 'checklimitdest' option will no longer be supported in future releases. Use 'spectre -h' to see other recommended values for the 'checklimitdest' option. {"history": "ExplorerRun.0", "point": 1, "testname": "hanus_vco_tb_1", "cornername": "Nominal"}
[2026-05-21 11:26:15.188 +0530] [INFO] [cadence.virtuoso.ade.simulationMonitor] - Peak resident memory used = 155 Mbytes. {"history": "ExplorerRun.0", "point": 1, "testname": "hanus_vco_tb_1", "cornername": "Nominal"}
[2026-05-21 11:26:15.188 +0530] [INFO] [cadence.virtuoso.ade.simulationMonitor] - Notice from spectre during initial setup.
    Multithreading is disabled due to the size of the design being too small. {"history": "ExplorerRun.0", "point": 1, "testname": "hanus_vco_tb_1", "cornername": "Nominal"}
[2026-05-21 11:26:15.188 +0530] [INFO] [cadence.virtuoso.ade.simulationMonitor] -               nodes 138 {"history": "ExplorerRun.0", "point": 1, "testname": "hanus_vco_tb_1", "cornername": "Nominal"}
[2026-05-21 11:26:15.188 +0530] [INFO] [cadence.virtuoso.ade.simulationMonitor] - Notice from spectre during initial setup.
    APS enabled. {"history": "ExplorerRun.0", "point": 1, "testname": "hanus_vco_tb_1", "cornername": "Nominal"}
[2026-05-21 11:26:15.188 +0530] [INFO] [cadence.virtuoso.ade.simulationMonitor] - Peak resident memory used = 158 Mbytes. {"history": "ExplorerRun.0", "point": 1, "testname": "hanus_vco_tb_1", "cornername": "Nominal"}
[2026-05-21 11:26:15.188 +0530] [INFO] [cadence.virtuoso.ade.simulationMonitor] -    -   (APS) Multi-threading. The recommended number of threads is 1, consider adding +mt=1 on command line. {"history": "ExplorerRun.0", "point": 1, "testname": "hanus_vco_tb_1", "cornername": "Nominal"}
[2026-05-21 11:26:15.188 +0530] [INFO] [cadence.virtuoso.ade.simulationMonitor] - Notice from spectre during IC analysis, during transient analysis `tran'.
    There are 4 IC nodes defined. {"history": "ExplorerRun.0", "point": 1, "testname": "hanus_vco_tb_1", "cornername": "Nominal"}
[2026-05-21 11:26:15.188 +0530] [INFO] [cadence.virtuoso.ade.simulationMonitor] - Notice from spectre during IC analysis, during transient analysis `tran'.
    Initial condition computed for node vout1+ is in error by 681.578 uV.
    Initial condition computed for node vout1- is in error by 2.78165 mV (231.804 m%).
    Initial condition computed for node vout2- is in error by 681.577 uV.
    Initial condition computed for node vout2+ is in error by 2.78349 mV (231.958 m%).
        Decrease `rforce' to reduce error in computed initial conditions.  However, setting rforce too small may re... {"history": "ExplorerRun.0", "point": 1, "testname": "hanus_vco_tb_1", "cornername": "Nominal"}
[2026-05-21 11:26:15.189 +0530] [INFO] [cadence.virtuoso.ade.simulationMonitor] - Notice from spectre during transient analysis `tran'.
    Multithreading is disabled due to the size of the design being too small. {"history": "ExplorerRun.0", "point": 1, "testname": "hanus_vco_tb_1", "cornername": "Nominal"}
[2026-05-21 11:27:21.428 +0530] [INFO] [cadence.virtuoso.ade.simulationMonitor] - Total time required for tran analysis `tran': CPU = 66.205 s (1m  6.2s), elapsed = 66.3582 s (1m  6.4s), util. = 99.8%. {"history": "ExplorerRun.0", "point": 1, "testname": "hanus_vco_tb_1", "cornername": "Nominal"}
[2026-05-21 11:27:21.428 +0530] [INFO] [cadence.virtuoso.ade.simulationMonitor] - Peak resident memory used = 453 Mbytes. {"history": "ExplorerRun.0", "point": 1, "testname": "hanus_vco_tb_1", "cornername": "Nominal"}
[2026-05-21 11:27:21.428 +0530] [INFO] [cadence.virtuoso.ade.simulationMonitor] - Time used: CPU = 66.8 s (1m  6.8s), elapsed = 69.4 s (1m  9.4s), util. = 96.2%. {"history": "ExplorerRun.0", "point": 1, "testname": "hanus_vco_tb_1", "cornername": "Nominal"}
[2026-05-21 11:27:21.428 +0530] [INFO] [cadence.virtuoso.ade.simulationMonitor] - Time spent in licensing: elapsed = 2.03 s. {"history": "ExplorerRun.0", "point": 1, "testname": "hanus_vco_tb_1", "cornername": "Nominal"}
[2026-05-21 11:27:21.429 +0530] [INFO] [cadence.virtuoso.ade.simulationMonitor] - Peak memory used = 455 Mbytes. {"history": "ExplorerRun.0", "point": 1, "testname": "hanus_vco_tb_1", "cornername": "Nominal"}
[2026-05-21 11:27:21.429 +0530] [PROCESS] [cadence.virtuoso.ade.simulationMonitor] - Simulation started at: 11:26:11 AM, Thur May 21, 2026, ended at: 11:27:21 AM, Thur May 21, 2026, with elapsed time (wall clock): 69.4 s (1m  9.4s). {"history": "ExplorerRun.0", "point": 1, "testname": "hanus_vco_tb_1", "cornername": "Nominal"}
[2026-05-21 11:27:21.429 +0530] [PROCESS] [cadence.virtuoso.ade.simulationMonitor] - spectre completes with 0 errors, 0 warnings, and 10 notices. {"history": "ExplorerRun.0", "point": 1, "testname": "hanus_vco_tb_1", "cornername": "Nominal"}
[2026-05-21 11:27:21.929 +0530] [PROCESS] [cadence.virtuoso.ade.simulationMonitor] - Finished simulating for one point {"hostname": "vlsi06.blr.amrita.edu", "processid": 2768033, "history": "ExplorerRun.0", "testname": "hanus_vco_tb_1", "cornername": "Nominal", "point": 1, "logfile": "/home/train/Downloads/hanupro_2tb_pll/hanupro/logs_train/logs2/Job27.log", "simid": "1"}
[2026-05-21 11:27:21.929 +0530] [PROCESS] [cadence.virtuoso.ade.simulationMonitor] - Simulator exited {"hostname": "vlsi06.blr.amrita.edu", "processid": 2768033, "history": "ExplorerRun.0", "testname": "hanus_vco_tb_1", "cornername": "Nominal", "point": 1, "logfile": "/home/train/Downloads/hanupro_2tb_pll/hanupro/logs_train/logs2/Job27.log", "exitStatus": "0"}
[2026-05-21 11:27:21.930 +0530] [PROCESS] [cadence.virtuoso.ade.simulationMonitor] - Finished Simulation {"hostname": "vlsi06.blr.amrita.edu", "processid": 2768033, "history": "ExplorerRun.0", "testname": "hanus_vco_tb_1", "cornername": "Nominal", "point": 1, "logfile": "/home/train/Downloads/hanupro_2tb_pll/hanupro/logs_train/logs2/Job27.log", "simid": "1"}
[2026-05-21 11:27:22.935 +0530] [PROCESS] [cadence.virtuoso.ade.simulationMonitor] - Point Finished {"hostname": "vlsi06.blr.amrita.edu", "processid": 2768033, "history": "ExplorerRun.0", "testname": "hanus_vco_tb_1", "cornername": "Nominal", "point": 1, "logfile": "/home/train/Downloads/hanupro_2tb_pll/hanupro/logs_train/logs2/Job27.log"}
[2026-05-21 11:29:02.264 +0530] [INFO] [cadence.virtuoso.ade.simulationMonitor] - SimulationMonitor has terminated the vds process '2768121', reason: 'Force to stop the expression evalutor process because of new run' {"history": "ExplorerRun.0", "point": 1, "testname": "hanus_vco_tb_1", "cornername": "Nominal"}
[2026-05-21 11:29:02.264 +0530] [PROCESS] [cadence.virtuoso.ade.simulationMonitor] - HostInfo:
Host name (type):	vlsi06.blr.amrita.edu (x86_64)
Operating system:	Linux 4.18.0-425.3.1.el8.x86_64 #1 SMP Fri Sep 30 11:45:06 EDT 2022 {"hostname": "vlsi06.blr.amrita.edu", "processid": 2768033, "history": "ExplorerRun.0", "testname": "hanus_vco_tb_1", "cornername": "Nominal", "point": 1, "logfile": "/home/train/Downloads/hanupro_2tb_pll/hanupro/logs_train/logs2/Job27.log", "nodename": "vlsi06.blr.amrita.edu", "domainname": "(none)", "machine": "x86_64", "sysname": "Linux", "release": "4.18.0-425.3.1.el8.x86_64", "version": "#1 SMP Fri Sep 30 11:45:06 EDT 2022"}
[2026-05-21 11:29:02.265 +0530] [PROCESS] [cadence.virtuoso.ade.simulationMonitor] - UsageInfo:
pid=2768033
totalPhysicalMemory=15.237446GB,Used=14.479561GB,totalVirtualMemory=46.487442GB,Used=15.938465GB
Cpu: Cores=12, Load average:0.470000,0.760000,0.650000 {"hostname": "vlsi06.blr.amrita.edu", "processid": 2768033, "history": "ExplorerRun.0", "testname": "hanus_vco_tb_1", "cornername": "Nominal", "point": 1, "logfile": "/home/train/Downloads/hanupro_2tb_pll/hanupro/logs_train/logs2/Job27.log", "pid": "2768033", "totalPhysicalMemory": "15.237446", "physicalMemoryUsed": "14.479561", "totalVirtualMemory": "46.487442", "virtualMemoryUsed": "15.938465", "cpuCores": "12", "processes": "1265", "loadAverage1": "0.470000", "loadAverage5": "0.760000", "loadAverage15": "0.650000", "loadAverage1Percent": "0.039167"}
[2026-05-21 11:29:02.265 +0530] [EVENT] [cadence.virtuoso.ade.simulationMonitor] - NewPoint {"history": "ExplorerRun.0", "point": 1, "testname": "hanus_vco_tb_1", "cornername": "Nominal", "event": "NewPoint", "EventSource": "Simulation Monitor", "HistoryName": "ExplorerRun.0", "logFile": "/home/train/Downloads/hanupro_2tb_pll/hanupro/logs_train/logs2/Job27.log", "logFileSize": "12839"}
[2026-05-21 11:29:02.366 +0530] [EVENT] [cadence.virtuoso.ade.simulationMonitor] - NewPoint {"history": "ExplorerRun.0", "point": 1, "testname": "hanus_vco_tb_1", "cornername": "Nominal", "event": "NewPoint", "EventSource": "spectre", "HistoryName": "ExplorerRun.0", "logFile": "/home/train/simulation/hanus/vco_tb/maestro/results/maestro/ExplorerRun.0/1/hanus_vco_tb_1/psf/spectre.out", "logFileSize": "-1"}
[2026-05-21 11:29:02.369 +0530] [PROCESS] [cadence.virtuoso.ade.simulationMonitor] - Simulator launched {"hostname": "vlsi06.blr.amrita.edu", "processid": 2768033, "history": "ExplorerRun.0", "testname": "hanus_vco_tb_1", "cornername": "Nominal", "point": 1, "logfile": "/home/train/Downloads/hanupro_2tb_pll/hanupro/logs_train/logs2/Job27.log", "simid": "2"}
[2026-05-21 11:29:02.372 +0530] [PROCESS] [cadence.virtuoso.ade.simulationMonitor] - Expression evaluator launched {"hostname": "vlsi06.blr.amrita.edu", "processid": 2768033, "history": "ExplorerRun.0", "testname": "hanus_vco_tb_1", "cornername": "Nominal", "point": 1, "logfile": "/home/train/Downloads/hanupro_2tb_pll/hanupro/logs_train/logs2/Job27.log"}
[2026-05-21 11:29:02.377 +0530] [PROCESS] [cadence.virtuoso.ade.simulationMonitor] - Started Simulation {"hostname": "vlsi06.blr.amrita.edu", "processid": 2768033, "history": "ExplorerRun.0", "testname": "hanus_vco_tb_1", "cornername": "Nominal", "point": 1, "logfile": "/home/train/Downloads/hanupro_2tb_pll/hanupro/logs_train/logs2/Job27.log", "event": "started", "task": "simulation"}
[2026-05-21 11:29:04.877 +0530] [INFO] [cadence.virtuoso.ade.simulationMonitor] - Peak resident memory used = 142 Mbytes. {"history": "ExplorerRun.0", "point": 1, "testname": "hanus_vco_tb_1", "cornername": "Nominal"}
[2026-05-21 11:29:04.877 +0530] [INFO] [cadence.virtuoso.ade.simulationMonitor] - Peak resident memory used = 155 Mbytes. {"history": "ExplorerRun.0", "point": 1, "testname": "hanus_vco_tb_1", "cornername": "Nominal"}
[2026-05-21 11:29:04.878 +0530] [INFO] [cadence.virtuoso.ade.simulationMonitor] - Notice from spectre during hierarchy flattening.
    The value 'psf' specified for the 'checklimitdest' option will no longer be supported in future releases. Use 'spectre -h' to see other recommended values for the 'checklimitdest' option. {"history": "ExplorerRun.0", "point": 1, "testname": "hanus_vco_tb_1", "cornername": "Nominal"}
[2026-05-21 11:29:04.878 +0530] [INFO] [cadence.virtuoso.ade.simulationMonitor] - Peak resident memory used = 157 Mbytes. {"history": "ExplorerRun.0", "point": 1, "testname": "hanus_vco_tb_1", "cornername": "Nominal"}
[2026-05-21 11:29:04.878 +0530] [INFO] [cadence.virtuoso.ade.simulationMonitor] - Notice from spectre during initial setup.
    Multithreading is disabled due to the size of the design being too small. {"history": "ExplorerRun.0", "point": 1, "testname": "hanus_vco_tb_1", "cornername": "Nominal"}
[2026-05-21 11:29:04.878 +0530] [INFO] [cadence.virtuoso.ade.simulationMonitor] -               nodes 138 {"history": "ExplorerRun.0", "point": 1, "testname": "hanus_vco_tb_1", "cornername": "Nominal"}
[2026-05-21 11:29:04.878 +0530] [INFO] [cadence.virtuoso.ade.simulationMonitor] - Notice from spectre during initial setup.
    APS enabled. {"history": "ExplorerRun.0", "point": 1, "testname": "hanus_vco_tb_1", "cornername": "Nominal"}
[2026-05-21 11:29:04.878 +0530] [INFO] [cadence.virtuoso.ade.simulationMonitor] - Peak resident memory used = 158 Mbytes. {"history": "ExplorerRun.0", "point": 1, "testname": "hanus_vco_tb_1", "cornername": "Nominal"}
[2026-05-21 11:29:04.878 +0530] [INFO] [cadence.virtuoso.ade.simulationMonitor] -    -   (APS) Multi-threading. The recommended number of threads is 1, consider adding +mt=1 on command line. {"history": "ExplorerRun.0", "point": 1, "testname": "hanus_vco_tb_1", "cornername": "Nominal"}
[2026-05-21 11:29:04.878 +0530] [INFO] [cadence.virtuoso.ade.simulationMonitor] - Notice from spectre.
    Multithreading is disabled due to the size of the design being too small. {"history": "ExplorerRun.0", "point": 1, "testname": "hanus_vco_tb_1", "cornername": "Nominal"}
[2026-05-21 11:29:05.879 +0530] [INFO] [cadence.virtuoso.ade.simulationMonitor] - Notice from spectre during IC analysis, during periodic steady state analysis `pss'.
    There are 4 IC nodes defined. {"history": "ExplorerRun.0", "point": 1, "testname": "hanus_vco_tb_1", "cornername": "Nominal"}
[2026-05-21 11:29:05.879 +0530] [INFO] [cadence.virtuoso.ade.simulationMonitor] - Notice from spectre during IC analysis, during periodic steady state analysis `pss'.
    Initial condition computed for node vout1+ is in error by 833.558 uV.
    Initial condition computed for node vout1- is in error by 2.77306 mV (231.089 m%).
    Initial condition computed for node vout2- is in error by 833.558 uV.
    Initial condition computed for node vout2+ is in error by 2.77491 mV (231.243 m%).
        Decrease `rforce' to reduce error in computed initial conditions.  However, setting rforce too s... {"history": "ExplorerRun.0", "point": 1, "testname": "hanus_vco_tb_1", "cornername": "Nominal"}
[2026-05-21 11:29:06.937 +0530] [INFO] [cadence.virtuoso.ade.simulationMonitor] - Notice from spectre at time = 10.1215 ns during periodic steady state analysis `pss'.
    Found trapezoidal ringing on node I2.I1.NM0.n1. {"history": "ExplorerRun.0", "point": 1, "testname": "hanus_vco_tb_1", "cornername": "Nominal"}
[2026-05-21 11:29:06.938 +0530] [INFO] [cadence.virtuoso.ade.simulationMonitor] - Notice from spectre at time = 10.1219 ns during periodic steady state analysis `pss'.
    Found trapezoidal ringing on node I2.I1.NM0.n1. {"history": "ExplorerRun.0", "point": 1, "testname": "hanus_vco_tb_1", "cornername": "Nominal"}
[2026-05-21 11:29:06.938 +0530] [INFO] [cadence.virtuoso.ade.simulationMonitor] - Notice from spectre at time = 10.1223 ns during periodic steady state analysis `pss'.
    Found trapezoidal ringing on node I2.I1.NM0.n1. {"history": "ExplorerRun.0", "point": 1, "testname": "hanus_vco_tb_1", "cornername": "Nominal"}
[2026-05-21 11:29:06.938 +0530] [INFO] [cadence.virtuoso.ade.simulationMonitor] - Notice from spectre at time = 10.1227 ns during periodic steady state analysis `pss'.
    Found trapezoidal ringing on node I2.I1.NM0.n1. {"history": "ExplorerRun.0", "point": 1, "testname": "hanus_vco_tb_1", "cornername": "Nominal"}
[2026-05-21 11:29:06.938 +0530] [INFO] [cadence.virtuoso.ade.simulationMonitor] - Notice from spectre at time = 10.1232 ns during periodic steady state analysis `pss'.
    Found trapezoidal ringing on node I2.I1.NM0.n1.
        Further occurrences of this notice will be suppressed. {"history": "ExplorerRun.0", "point": 1, "testname": "hanus_vco_tb_1", "cornername": "Nominal"}
[2026-05-21 11:29:07.438 +0530] [INFO] [cadence.virtuoso.ade.simulationMonitor] - Total time required for tstab analysis `pss': CPU = 1.70431 s, elapsed = 1.70887 s. {"history": "ExplorerRun.0", "point": 1, "testname": "hanus_vco_tb_1", "cornername": "Nominal"}
[2026-05-21 11:29:07.439 +0530] [INFO] [cadence.virtuoso.ade.simulationMonitor] - Peak resident memory used = 164 Mbytes. {"history": "ExplorerRun.0", "point": 1, "testname": "hanus_vco_tb_1", "cornername": "Nominal"}
[2026-05-21 11:29:08.439 +0530] [INFO] [cadence.virtuoso.ade.simulationMonitor] - Notice from spectre during periodic steady state analysis `pss'.
    Trapezoidal ringing is detected during pss analysis.
        Please use method=trap for better results and performance. {"history": "ExplorerRun.0", "point": 1, "testname": "hanus_vco_tb_1", "cornername": "Nominal"}
[2026-05-21 11:29:08.440 +0530] [INFO] [cadence.virtuoso.ade.simulationMonitor] - Total time required for pss analysis `pss': CPU = 2.37418 s, elapsed = 3.21271 s, util. = 73.9%. {"history": "ExplorerRun.0", "point": 1, "testname": "hanus_vco_tb_1", "cornername": "Nominal"}
[2026-05-21 11:29:08.440 +0530] [INFO] [cadence.virtuoso.ade.simulationMonitor] - Peak resident memory used = 176 Mbytes. {"history": "ExplorerRun.0", "point": 1, "testname": "hanus_vco_tb_1", "cornername": "Nominal"}
[2026-05-21 11:29:08.440 +0530] [INFO] [cadence.virtuoso.ade.simulationMonitor] - Notice from spectre.
    633 notices suppressed. {"history": "ExplorerRun.0", "point": 1, "testname": "hanus_vco_tb_1", "cornername": "Nominal"}
[2026-05-21 11:29:08.440 +0530] [INFO] [cadence.virtuoso.ade.simulationMonitor] - Time used: CPU = 2.81 s, elapsed = 5.37 s, util. = 52.3%. {"history": "ExplorerRun.0", "point": 1, "testname": "hanus_vco_tb_1", "cornername": "Nominal"}
[2026-05-21 11:29:08.440 +0530] [INFO] [cadence.virtuoso.ade.simulationMonitor] - Time spent in licensing: elapsed = 2.48 s, percentage of total = 46.1%. {"history": "ExplorerRun.0", "point": 1, "testname": "hanus_vco_tb_1", "cornername": "Nominal"}
[2026-05-21 11:29:08.440 +0530] [INFO] [cadence.virtuoso.ade.simulationMonitor] - Peak memory used = 177 Mbytes. {"history": "ExplorerRun.0", "point": 1, "testname": "hanus_vco_tb_1", "cornername": "Nominal"}
[2026-05-21 11:29:08.440 +0530] [PROCESS] [cadence.virtuoso.ade.simulationMonitor] - Simulation started at: 11:29:02 AM, Thur May 21, 2026, ended at: 11:29:07 AM, Thur May 21, 2026, with elapsed time (wall clock): 5.37 s. {"history": "ExplorerRun.0", "point": 1, "testname": "hanus_vco_tb_1", "cornername": "Nominal"}
[2026-05-21 11:29:08.441 +0530] [PROCESS] [cadence.virtuoso.ade.simulationMonitor] - spectre completes with 0 errors, 0 warnings, and 17 notices. {"history": "ExplorerRun.0", "point": 1, "testname": "hanus_vco_tb_1", "cornername": "Nominal"}
[2026-05-21 11:29:08.441 +0530] [PROCESS] [cadence.virtuoso.ade.simulationMonitor] - Finished simulating for one point {"hostname": "vlsi06.blr.amrita.edu", "processid": 2768033, "history": "ExplorerRun.0", "testname": "hanus_vco_tb_1", "cornername": "Nominal", "point": 1, "logfile": "/home/train/Downloads/hanupro_2tb_pll/hanupro/logs_train/logs2/Job27.log", "simid": "2"}
[2026-05-21 11:29:08.441 +0530] [PROCESS] [cadence.virtuoso.ade.simulationMonitor] - Simulator exited {"hostname": "vlsi06.blr.amrita.edu", "processid": 2768033, "history": "ExplorerRun.0", "testname": "hanus_vco_tb_1", "cornername": "Nominal", "point": 1, "logfile": "/home/train/Downloads/hanupro_2tb_pll/hanupro/logs_train/logs2/Job27.log", "exitStatus": "0"}
[2026-05-21 11:29:08.441 +0530] [PROCESS] [cadence.virtuoso.ade.simulationMonitor] - Finished Simulation {"hostname": "vlsi06.blr.amrita.edu", "processid": 2768033, "history": "ExplorerRun.0", "testname": "hanus_vco_tb_1", "cornername": "Nominal", "point": 1, "logfile": "/home/train/Downloads/hanupro_2tb_pll/hanupro/logs_train/logs2/Job27.log", "simid": "2"}
[2026-05-21 11:29:09.446 +0530] [PROCESS] [cadence.virtuoso.ade.simulationMonitor] - Point Finished {"hostname": "vlsi06.blr.amrita.edu", "processid": 2768033, "history": "ExplorerRun.0", "testname": "hanus_vco_tb_1", "cornername": "Nominal", "point": 1, "logfile": "/home/train/Downloads/hanupro_2tb_pll/hanupro/logs_train/logs2/Job27.log"}
[2026-05-21 11:29:23.758 +0530] [INFO] [cadence.virtuoso.ade.simulationMonitor] - SimulationMonitor has terminated the vds process '2777719', reason: 'Force to stop the expression evalutor process because of new run' {"history": "ExplorerRun.0", "point": 1, "testname": "hanus_vco_tb_1", "cornername": "Nominal"}
[2026-05-21 11:29:23.758 +0530] [PROCESS] [cadence.virtuoso.ade.simulationMonitor] - HostInfo:
Host name (type):	vlsi06.blr.amrita.edu (x86_64)
Operating system:	Linux 4.18.0-425.3.1.el8.x86_64 #1 SMP Fri Sep 30 11:45:06 EDT 2022 {"hostname": "vlsi06.blr.amrita.edu", "processid": 2768033, "history": "ExplorerRun.0", "testname": "hanus_vco_tb_1", "cornername": "Nominal", "point": 1, "logfile": "/home/train/Downloads/hanupro_2tb_pll/hanupro/logs_train/logs2/Job27.log", "nodename": "vlsi06.blr.amrita.edu", "domainname": "(none)", "machine": "x86_64", "sysname": "Linux", "release": "4.18.0-425.3.1.el8.x86_64", "version": "#1 SMP Fri Sep 30 11:45:06 EDT 2022"}
[2026-05-21 11:29:23.759 +0530] [PROCESS] [cadence.virtuoso.ade.simulationMonitor] - UsageInfo:
pid=2768033
totalPhysicalMemory=15.237446GB,Used=14.487656GB,totalVirtualMemory=46.487442GB,Used=15.946560GB
Cpu: Cores=12, Load average:0.510000,0.750000,0.650000 {"hostname": "vlsi06.blr.amrita.edu", "processid": 2768033, "history": "ExplorerRun.0", "testname": "hanus_vco_tb_1", "cornername": "Nominal", "point": 1, "logfile": "/home/train/Downloads/hanupro_2tb_pll/hanupro/logs_train/logs2/Job27.log", "pid": "2768033", "totalPhysicalMemory": "15.237446", "physicalMemoryUsed": "14.487656", "totalVirtualMemory": "46.487442", "virtualMemoryUsed": "15.946560", "cpuCores": "12", "processes": "1271", "loadAverage1": "0.510000", "loadAverage5": "0.750000", "loadAverage15": "0.650000", "loadAverage1Percent": "0.042500"}
[2026-05-21 11:29:23.759 +0530] [EVENT] [cadence.virtuoso.ade.simulationMonitor] - NewPoint {"history": "ExplorerRun.0", "point": 1, "testname": "hanus_vco_tb_1", "cornername": "Nominal", "event": "NewPoint", "EventSource": "Simulation Monitor", "HistoryName": "ExplorerRun.0", "logFile": "/home/train/Downloads/hanupro_2tb_pll/hanupro/logs_train/logs2/Job27.log", "logFileSize": "26026"}
[2026-05-21 11:29:23.859 +0530] [EVENT] [cadence.virtuoso.ade.simulationMonitor] - NewPoint {"history": "ExplorerRun.0", "point": 1, "testname": "hanus_vco_tb_1", "cornername": "Nominal", "event": "NewPoint", "EventSource": "spectre", "HistoryName": "ExplorerRun.0", "logFile": "/home/train/simulation/hanus/vco_tb/maestro/results/maestro/ExplorerRun.0/1/hanus_vco_tb_1/psf/spectre.out", "logFileSize": "-1"}
[2026-05-21 11:29:23.863 +0530] [PROCESS] [cadence.virtuoso.ade.simulationMonitor] - Simulator launched {"hostname": "vlsi06.blr.amrita.edu", "processid": 2768033, "history": "ExplorerRun.0", "testname": "hanus_vco_tb_1", "cornername": "Nominal", "point": 1, "logfile": "/home/train/Downloads/hanupro_2tb_pll/hanupro/logs_train/logs2/Job27.log", "simid": "3"}
[2026-05-21 11:29:23.864 +0530] [PROCESS] [cadence.virtuoso.ade.simulationMonitor] - Expression evaluator launched {"hostname": "vlsi06.blr.amrita.edu", "processid": 2768033, "history": "ExplorerRun.0", "testname": "hanus_vco_tb_1", "cornername": "Nominal", "point": 1, "logfile": "/home/train/Downloads/hanupro_2tb_pll/hanupro/logs_train/logs2/Job27.log"}
[2026-05-21 11:29:23.869 +0530] [PROCESS] [cadence.virtuoso.ade.simulationMonitor] - Started Simulation {"hostname": "vlsi06.blr.amrita.edu", "processid": 2768033, "history": "ExplorerRun.0", "testname": "hanus_vco_tb_1", "cornername": "Nominal", "point": 1, "logfile": "/home/train/Downloads/hanupro_2tb_pll/hanupro/logs_train/logs2/Job27.log", "event": "started", "task": "simulation"}
[2026-05-21 11:29:26.369 +0530] [INFO] [cadence.virtuoso.ade.simulationMonitor] - Peak resident memory used = 143 Mbytes. {"history": "ExplorerRun.0", "point": 1, "testname": "hanus_vco_tb_1", "cornername": "Nominal"}
[2026-05-21 11:29:26.369 +0530] [INFO] [cadence.virtuoso.ade.simulationMonitor] - Peak resident memory used = 155 Mbytes. {"history": "ExplorerRun.0", "point": 1, "testname": "hanus_vco_tb_1", "cornername": "Nominal"}
[2026-05-21 11:29:26.369 +0530] [INFO] [cadence.virtuoso.ade.simulationMonitor] - Notice from spectre during hierarchy flattening.
    The value 'psf' specified for the 'checklimitdest' option will no longer be supported in future releases. Use 'spectre -h' to see other recommended values for the 'checklimitdest' option. {"history": "ExplorerRun.0", "point": 1, "testname": "hanus_vco_tb_1", "cornername": "Nominal"}
[2026-05-21 11:29:26.369 +0530] [INFO] [cadence.virtuoso.ade.simulationMonitor] - Peak resident memory used = 157 Mbytes. {"history": "ExplorerRun.0", "point": 1, "testname": "hanus_vco_tb_1", "cornername": "Nominal"}
[2026-05-21 11:29:26.370 +0530] [INFO] [cadence.virtuoso.ade.simulationMonitor] - Notice from spectre during initial setup.
    Multithreading is disabled due to the size of the design being too small. {"history": "ExplorerRun.0", "point": 1, "testname": "hanus_vco_tb_1", "cornername": "Nominal"}
[2026-05-21 11:29:26.370 +0530] [INFO] [cadence.virtuoso.ade.simulationMonitor] -               nodes 138 {"history": "ExplorerRun.0", "point": 1, "testname": "hanus_vco_tb_1", "cornername": "Nominal"}
[2026-05-21 11:29:26.370 +0530] [INFO] [cadence.virtuoso.ade.simulationMonitor] - Notice from spectre during initial setup.
    APS enabled. {"history": "ExplorerRun.0", "point": 1, "testname": "hanus_vco_tb_1", "cornername": "Nominal"}
[2026-05-21 11:29:26.370 +0530] [INFO] [cadence.virtuoso.ade.simulationMonitor] - Peak resident memory used = 160 Mbytes. {"history": "ExplorerRun.0", "point": 1, "testname": "hanus_vco_tb_1", "cornername": "Nominal"}
[2026-05-21 11:29:26.370 +0530] [INFO] [cadence.virtuoso.ade.simulationMonitor] -    -   (APS) Multi-threading. The recommended number of threads is 1, consider adding +mt=1 on command line. {"history": "ExplorerRun.0", "point": 1, "testname": "hanus_vco_tb_1", "cornername": "Nominal"}
[2026-05-21 11:29:26.370 +0530] [INFO] [cadence.virtuoso.ade.simulationMonitor] - Notice from spectre during IC analysis, during transient analysis `tran'.
    There are 4 IC nodes defined. {"history": "ExplorerRun.0", "point": 1, "testname": "hanus_vco_tb_1", "cornername": "Nominal"}
[2026-05-21 11:29:26.370 +0530] [INFO] [cadence.virtuoso.ade.simulationMonitor] - Notice from spectre during IC analysis, during transient analysis `tran'.
    Initial condition computed for node vout1+ is in error by 833.558 uV.
    Initial condition computed for node vout1- is in error by 2.77306 mV (231.089 m%).
    Initial condition computed for node vout2- is in error by 833.558 uV.
    Initial condition computed for node vout2+ is in error by 2.77491 mV (231.243 m%).
        Decrease `rforce' to reduce error in computed initial conditions.  However, setting rforce too small may re... {"history": "ExplorerRun.0", "point": 1, "testname": "hanus_vco_tb_1", "cornername": "Nominal"}
[2026-05-21 11:29:26.370 +0530] [INFO] [cadence.virtuoso.ade.simulationMonitor] - Notice from spectre during transient analysis `tran'.
    Multithreading is disabled due to the size of the design being too small. {"history": "ExplorerRun.0", "point": 1, "testname": "hanus_vco_tb_1", "cornername": "Nominal"}
[2026-05-21 11:30:27.990 +0530] [INFO] [cadence.virtuoso.ade.simulationMonitor] - Total time required for tran analysis `tran': CPU = 60.8207 s (1m  0.8s), elapsed = 60.9298 s (1m  0.9s), util. = 99.8%. {"history": "ExplorerRun.0", "point": 1, "testname": "hanus_vco_tb_1", "cornername": "Nominal"}
[2026-05-21 11:30:27.990 +0530] [INFO] [cadence.virtuoso.ade.simulationMonitor] - Peak resident memory used = 675 Mbytes. {"history": "ExplorerRun.0", "point": 1, "testname": "hanus_vco_tb_1", "cornername": "Nominal"}
[2026-05-21 11:30:27.990 +0530] [INFO] [cadence.virtuoso.ade.simulationMonitor] - Time used: CPU = 61.7 s (1m  1.7s), elapsed = 63.5 s (1m  3.5s), util. = 97.1%. {"history": "ExplorerRun.0", "point": 1, "testname": "hanus_vco_tb_1", "cornername": "Nominal"}
[2026-05-21 11:30:27.990 +0530] [INFO] [cadence.virtuoso.ade.simulationMonitor] - Time spent in licensing: elapsed = 1.86 s. {"history": "ExplorerRun.0", "point": 1, "testname": "hanus_vco_tb_1", "cornername": "Nominal"}
[2026-05-21 11:30:27.990 +0530] [INFO] [cadence.virtuoso.ade.simulationMonitor] - Peak memory used = 677 Mbytes. {"history": "ExplorerRun.0", "point": 1, "testname": "hanus_vco_tb_1", "cornername": "Nominal"}
[2026-05-21 11:30:27.991 +0530] [PROCESS] [cadence.virtuoso.ade.simulationMonitor] - Simulation started at: 11:29:23 AM, Thur May 21, 2026, ended at: 11:30:27 AM, Thur May 21, 2026, with elapsed time (wall clock): 63.5 s (1m  3.5s). {"history": "ExplorerRun.0", "point": 1, "testname": "hanus_vco_tb_1", "cornername": "Nominal"}
[2026-05-21 11:30:27.991 +0530] [PROCESS] [cadence.virtuoso.ade.simulationMonitor] - spectre completes with 0 errors, 0 warnings, and 10 notices. {"history": "ExplorerRun.0", "point": 1, "testname": "hanus_vco_tb_1", "cornername": "Nominal"}
[2026-05-21 11:30:27.991 +0530] [PROCESS] [cadence.virtuoso.ade.simulationMonitor] - Finished simulating for one point {"hostname": "vlsi06.blr.amrita.edu", "processid": 2768033, "history": "ExplorerRun.0", "testname": "hanus_vco_tb_1", "cornername": "Nominal", "point": 1, "logfile": "/home/train/Downloads/hanupro_2tb_pll/hanupro/logs_train/logs2/Job27.log", "simid": "3"}
[2026-05-21 11:30:27.991 +0530] [PROCESS] [cadence.virtuoso.ade.simulationMonitor] - Simulator exited {"hostname": "vlsi06.blr.amrita.edu", "processid": 2768033, "history": "ExplorerRun.0", "testname": "hanus_vco_tb_1", "cornername": "Nominal", "point": 1, "logfile": "/home/train/Downloads/hanupro_2tb_pll/hanupro/logs_train/logs2/Job27.log", "exitStatus": "0"}
[2026-05-21 11:30:27.991 +0530] [PROCESS] [cadence.virtuoso.ade.simulationMonitor] - Finished Simulation {"hostname": "vlsi06.blr.amrita.edu", "processid": 2768033, "history": "ExplorerRun.0", "testname": "hanus_vco_tb_1", "cornername": "Nominal", "point": 1, "logfile": "/home/train/Downloads/hanupro_2tb_pll/hanupro/logs_train/logs2/Job27.log", "simid": "3"}
[2026-05-21 11:30:28.996 +0530] [PROCESS] [cadence.virtuoso.ade.simulationMonitor] - Point Finished {"hostname": "vlsi06.blr.amrita.edu", "processid": 2768033, "history": "ExplorerRun.0", "testname": "hanus_vco_tb_1", "cornername": "Nominal", "point": 1, "logfile": "/home/train/Downloads/hanupro_2tb_pll/hanupro/logs_train/logs2/Job27.log"}
[2026-05-21 11:30:58.345 +0530] [INFO] [cadence.virtuoso.ade.simulationMonitor] - SimulationMonitor has terminated the vds process '2779721', reason: 'Force to stop the expression evalutor process because of new run' {"history": "ExplorerRun.0", "point": 1, "testname": "hanus_vco_tb_1", "cornername": "Nominal"}
[2026-05-21 11:30:58.345 +0530] [PROCESS] [cadence.virtuoso.ade.simulationMonitor] - HostInfo:
Host name (type):	vlsi06.blr.amrita.edu (x86_64)
Operating system:	Linux 4.18.0-425.3.1.el8.x86_64 #1 SMP Fri Sep 30 11:45:06 EDT 2022 {"hostname": "vlsi06.blr.amrita.edu", "processid": 2768033, "history": "ExplorerRun.0", "testname": "hanus_vco_tb_1", "cornername": "Nominal", "point": 1, "logfile": "/home/train/Downloads/hanupro_2tb_pll/hanupro/logs_train/logs2/Job27.log", "nodename": "vlsi06.blr.amrita.edu", "domainname": "(none)", "machine": "x86_64", "sysname": "Linux", "release": "4.18.0-425.3.1.el8.x86_64", "version": "#1 SMP Fri Sep 30 11:45:06 EDT 2022"}
[2026-05-21 11:30:58.345 +0530] [PROCESS] [cadence.virtuoso.ade.simulationMonitor] - UsageInfo:
pid=2768033
totalPhysicalMemory=15.237446GB,Used=14.163773GB,totalVirtualMemory=46.487442GB,Used=15.622677GB
Cpu: Cores=12, Load average:0.710000,0.770000,0.670000 {"hostname": "vlsi06.blr.amrita.edu", "processid": 2768033, "history": "ExplorerRun.0", "testname": "hanus_vco_tb_1", "cornername": "Nominal", "point": 1, "logfile": "/home/train/Downloads/hanupro_2tb_pll/hanupro/logs_train/logs2/Job27.log", "pid": "2768033", "totalPhysicalMemory": "15.237446", "physicalMemoryUsed": "14.163773", "totalVirtualMemory": "46.487442", "virtualMemoryUsed": "15.622677", "cpuCores": "12", "processes": "1301", "loadAverage1": "0.710000", "loadAverage5": "0.770000", "loadAverage15": "0.670000", "loadAverage1Percent": "0.059167"}
[2026-05-21 11:30:58.346 +0530] [EVENT] [cadence.virtuoso.ade.simulationMonitor] - NewPoint {"history": "ExplorerRun.0", "point": 1, "testname": "hanus_vco_tb_1", "cornername": "Nominal", "event": "NewPoint", "EventSource": "Simulation Monitor", "HistoryName": "ExplorerRun.0", "logFile": "/home/train/Downloads/hanupro_2tb_pll/hanupro/logs_train/logs2/Job27.log", "logFileSize": "36546"}
[2026-05-21 11:30:58.447 +0530] [EVENT] [cadence.virtuoso.ade.simulationMonitor] - NewPoint {"history": "ExplorerRun.0", "point": 1, "testname": "hanus_vco_tb_1", "cornername": "Nominal", "event": "NewPoint", "EventSource": "spectre", "HistoryName": "ExplorerRun.0", "logFile": "/home/train/simulation/hanus/vco_tb/maestro/results/maestro/ExplorerRun.0/1/hanus_vco_tb_1/psf/spectre.out", "logFileSize": "-1"}
[2026-05-21 11:30:58.451 +0530] [PROCESS] [cadence.virtuoso.ade.simulationMonitor] - Simulator launched {"hostname": "vlsi06.blr.amrita.edu", "processid": 2768033, "history": "ExplorerRun.0", "testname": "hanus_vco_tb_1", "cornername": "Nominal", "point": 1, "logfile": "/home/train/Downloads/hanupro_2tb_pll/hanupro/logs_train/logs2/Job27.log", "simid": "4"}
[2026-05-21 11:30:58.453 +0530] [PROCESS] [cadence.virtuoso.ade.simulationMonitor] - Expression evaluator launched {"hostname": "vlsi06.blr.amrita.edu", "processid": 2768033, "history": "ExplorerRun.0", "testname": "hanus_vco_tb_1", "cornername": "Nominal", "point": 1, "logfile": "/home/train/Downloads/hanupro_2tb_pll/hanupro/logs_train/logs2/Job27.log"}
[2026-05-21 11:30:58.458 +0530] [PROCESS] [cadence.virtuoso.ade.simulationMonitor] - Started Simulation {"hostname": "vlsi06.blr.amrita.edu", "processid": 2768033, "history": "ExplorerRun.0", "testname": "hanus_vco_tb_1", "cornername": "Nominal", "point": 1, "logfile": "/home/train/Downloads/hanupro_2tb_pll/hanupro/logs_train/logs2/Job27.log", "event": "started", "task": "simulation"}
[2026-05-21 11:31:06.012 +0530] [INFO] [cadence.virtuoso.ade.simulationMonitor] - Peak resident memory used = 146 Mbytes. {"history": "ExplorerRun.0", "point": 1, "testname": "hanus_vco_tb_1", "cornername": "Nominal"}
[2026-05-21 11:31:06.012 +0530] [INFO] [cadence.virtuoso.ade.simulationMonitor] - Peak resident memory used = 159 Mbytes. {"history": "ExplorerRun.0", "point": 1, "testname": "hanus_vco_tb_1", "cornername": "Nominal"}
[2026-05-21 11:31:06.013 +0530] [INFO] [cadence.virtuoso.ade.simulationMonitor] - Notice from spectre during hierarchy flattening.
    The value 'psf' specified for the 'checklimitdest' option will no longer be supported in future releases. Use 'spectre -h' to see other recommended values for the 'checklimitdest' option. {"history": "ExplorerRun.0", "point": 1, "testname": "hanus_vco_tb_1", "cornername": "Nominal"}
[2026-05-21 11:31:06.013 +0530] [INFO] [cadence.virtuoso.ade.simulationMonitor] - Peak resident memory used = 160 Mbytes. {"history": "ExplorerRun.0", "point": 1, "testname": "hanus_vco_tb_1", "cornername": "Nominal"}
[2026-05-21 11:31:06.013 +0530] [INFO] [cadence.virtuoso.ade.simulationMonitor] - Notice from spectre during initial setup.
    Multithreading is disabled due to the size of the design being too small. {"history": "ExplorerRun.0", "point": 1, "testname": "hanus_vco_tb_1", "cornername": "Nominal"}
[2026-05-21 11:31:06.013 +0530] [INFO] [cadence.virtuoso.ade.simulationMonitor] -               nodes 138 {"history": "ExplorerRun.0", "point": 1, "testname": "hanus_vco_tb_1", "cornername": "Nominal"}
[2026-05-21 11:31:06.013 +0530] [INFO] [cadence.virtuoso.ade.simulationMonitor] - Notice from spectre during initial setup.
    APS enabled. {"history": "ExplorerRun.0", "point": 1, "testname": "hanus_vco_tb_1", "cornername": "Nominal"}
[2026-05-21 11:31:06.013 +0530] [INFO] [cadence.virtuoso.ade.simulationMonitor] - Peak resident memory used = 163 Mbytes. {"history": "ExplorerRun.0", "point": 1, "testname": "hanus_vco_tb_1", "cornername": "Nominal"}
[2026-05-21 11:31:06.013 +0530] [INFO] [cadence.virtuoso.ade.simulationMonitor] -    -   (APS) Multi-threading. The recommended number of threads is 1, consider adding +mt=1 on command line. {"history": "ExplorerRun.0", "point": 1, "testname": "hanus_vco_tb_1", "cornername": "Nominal"}
[2026-05-21 11:31:06.013 +0530] [INFO] [cadence.virtuoso.ade.simulationMonitor] - Notice from spectre during IC analysis, during transient analysis `tran'.
    There are 4 IC nodes defined. {"history": "ExplorerRun.0", "point": 1, "testname": "hanus_vco_tb_1", "cornername": "Nominal"}
[2026-05-21 11:31:06.013 +0530] [INFO] [cadence.virtuoso.ade.simulationMonitor] - Notice from spectre during IC analysis, during transient analysis `tran'.
    Initial condition computed for node vout1+ is in error by 606.761 uV.
    Initial condition computed for node vout1- is in error by 2.78658 mV (232.215 m%).
    Initial condition computed for node vout2- is in error by 606.761 uV.
    Initial condition computed for node vout2+ is in error by 2.78842 mV (232.369 m%).
        Decrease `rforce' to reduce error in computed initial conditions.  However, setting rforce too small may re... {"history": "ExplorerRun.0", "point": 1, "testname": "hanus_vco_tb_1", "cornername": "Nominal"}
[2026-05-21 11:31:06.013 +0530] [INFO] [cadence.virtuoso.ade.simulationMonitor] - Notice from spectre during transient analysis `tran'.
    Multithreading is disabled due to the size of the design being too small. {"history": "ExplorerRun.0", "point": 1, "testname": "hanus_vco_tb_1", "cornername": "Nominal"}
[2026-05-21 11:32:08.648 +0530] [INFO] [cadence.virtuoso.ade.simulationMonitor] - Total time required for tran analysis `tran': CPU = 62.4134 s (1m  2.4s), elapsed = 62.5275 s (1m  2.5s), util. = 99.8%. {"history": "ExplorerRun.0", "point": 1, "testname": "hanus_vco_tb_1", "cornername": "Nominal"}
[2026-05-21 11:32:08.648 +0530] [INFO] [cadence.virtuoso.ade.simulationMonitor] - Peak resident memory used = 459 Mbytes. {"history": "ExplorerRun.0", "point": 1, "testname": "hanus_vco_tb_1", "cornername": "Nominal"}
[2026-05-21 11:32:08.648 +0530] [INFO] [cadence.virtuoso.ade.simulationMonitor] - Time used: CPU = 63 s (1m  3.0s), elapsed = 69.9 s (1m  9.9s), util. = 90.1%. {"history": "ExplorerRun.0", "point": 1, "testname": "hanus_vco_tb_1", "cornername": "Nominal"}
[2026-05-21 11:32:08.648 +0530] [INFO] [cadence.virtuoso.ade.simulationMonitor] - Time spent in licensing: elapsed = 6.73 s, percentage of total = 9.63%. {"history": "ExplorerRun.0", "point": 1, "testname": "hanus_vco_tb_1", "cornername": "Nominal"}
[2026-05-21 11:32:08.648 +0530] [INFO] [cadence.virtuoso.ade.simulationMonitor] - Peak memory used = 461 Mbytes. {"history": "ExplorerRun.0", "point": 1, "testname": "hanus_vco_tb_1", "cornername": "Nominal"}
[2026-05-21 11:32:08.648 +0530] [PROCESS] [cadence.virtuoso.ade.simulationMonitor] - Simulation started at: 11:30:58 AM, Thur May 21, 2026, ended at: 11:32:08 AM, Thur May 21, 2026, with elapsed time (wall clock): 69.9 s (1m  9.9s). {"history": "ExplorerRun.0", "point": 1, "testname": "hanus_vco_tb_1", "cornername": "Nominal"}
[2026-05-21 11:32:08.648 +0530] [PROCESS] [cadence.virtuoso.ade.simulationMonitor] - spectre completes with 0 errors, 0 warnings, and 10 notices. {"history": "ExplorerRun.0", "point": 1, "testname": "hanus_vco_tb_1", "cornername": "Nominal"}
[2026-05-21 11:32:09.149 +0530] [PROCESS] [cadence.virtuoso.ade.simulationMonitor] - Finished simulating for one point {"hostname": "vlsi06.blr.amrita.edu", "processid": 2768033, "history": "ExplorerRun.0", "testname": "hanus_vco_tb_1", "cornername": "Nominal", "point": 1, "logfile": "/home/train/Downloads/hanupro_2tb_pll/hanupro/logs_train/logs2/Job27.log", "simid": "4"}
[2026-05-21 11:32:09.149 +0530] [PROCESS] [cadence.virtuoso.ade.simulationMonitor] - Simulator exited {"hostname": "vlsi06.blr.amrita.edu", "processid": 2768033, "history": "ExplorerRun.0", "testname": "hanus_vco_tb_1", "cornername": "Nominal", "point": 1, "logfile": "/home/train/Downloads/hanupro_2tb_pll/hanupro/logs_train/logs2/Job27.log", "exitStatus": "0"}
[2026-05-21 11:32:09.149 +0530] [PROCESS] [cadence.virtuoso.ade.simulationMonitor] - Finished Simulation {"hostname": "vlsi06.blr.amrita.edu", "processid": 2768033, "history": "ExplorerRun.0", "testname": "hanus_vco_tb_1", "cornername": "Nominal", "point": 1, "logfile": "/home/train/Downloads/hanupro_2tb_pll/hanupro/logs_train/logs2/Job27.log", "simid": "4"}
[2026-05-21 11:32:10.154 +0530] [PROCESS] [cadence.virtuoso.ade.simulationMonitor] - Point Finished {"hostname": "vlsi06.blr.amrita.edu", "processid": 2768033, "history": "ExplorerRun.0", "testname": "hanus_vco_tb_1", "cornername": "Nominal", "point": 1, "logfile": "/home/train/Downloads/hanupro_2tb_pll/hanupro/logs_train/logs2/Job27.log"}
[2026-05-21 11:32:30.582 +0530] [INFO] [cadence.virtuoso.ade.simulationMonitor] - SimulationMonitor has terminated the vds process '2785048', reason: 'Force to stop the expression evalutor process because of new run' {"history": "ExplorerRun.0", "point": 1, "testname": "hanus_vco_tb_1", "cornername": "Nominal"}
[2026-05-21 11:32:30.582 +0530] [PROCESS] [cadence.virtuoso.ade.simulationMonitor] - HostInfo:
Host name (type):	vlsi06.blr.amrita.edu (x86_64)
Operating system:	Linux 4.18.0-425.3.1.el8.x86_64 #1 SMP Fri Sep 30 11:45:06 EDT 2022 {"hostname": "vlsi06.blr.amrita.edu", "processid": 2768033, "history": "ExplorerRun.0", "testname": "hanus_vco_tb_1", "cornername": "Nominal", "point": 1, "logfile": "/home/train/Downloads/hanupro_2tb_pll/hanupro/logs_train/logs2/Job27.log", "nodename": "vlsi06.blr.amrita.edu", "domainname": "(none)", "machine": "x86_64", "sysname": "Linux", "release": "4.18.0-425.3.1.el8.x86_64", "version": "#1 SMP Fri Sep 30 11:45:06 EDT 2022"}
[2026-05-21 11:32:30.582 +0530] [PROCESS] [cadence.virtuoso.ade.simulationMonitor] - UsageInfo:
pid=2768033
totalPhysicalMemory=15.237446GB,Used=14.244957GB,totalVirtualMemory=46.487442GB,Used=15.703617GB
Cpu: Cores=12, Load average:0.830000,0.810000,0.700000 {"hostname": "vlsi06.blr.amrita.edu", "processid": 2768033, "history": "ExplorerRun.0", "testname": "hanus_vco_tb_1", "cornername": "Nominal", "point": 1, "logfile": "/home/train/Downloads/hanupro_2tb_pll/hanupro/logs_train/logs2/Job27.log", "pid": "2768033", "totalPhysicalMemory": "15.237446", "physicalMemoryUsed": "14.244957", "totalVirtualMemory": "46.487442", "virtualMemoryUsed": "15.703617", "cpuCores": "12", "processes": "1277", "loadAverage1": "0.830000", "loadAverage5": "0.810000", "loadAverage15": "0.700000", "loadAverage1Percent": "0.069167"}
[2026-05-21 11:32:30.583 +0530] [EVENT] [cadence.virtuoso.ade.simulationMonitor] - NewPoint {"history": "ExplorerRun.0", "point": 1, "testname": "hanus_vco_tb_1", "cornername": "Nominal", "event": "NewPoint", "EventSource": "Simulation Monitor", "HistoryName": "ExplorerRun.0", "logFile": "/home/train/Downloads/hanupro_2tb_pll/hanupro/logs_train/logs2/Job27.log", "logFileSize": "47093"}
[2026-05-21 11:32:30.683 +0530] [EVENT] [cadence.virtuoso.ade.simulationMonitor] - NewPoint {"history": "ExplorerRun.0", "point": 1, "testname": "hanus_vco_tb_1", "cornername": "Nominal", "event": "NewPoint", "EventSource": "spectre", "HistoryName": "ExplorerRun.0", "logFile": "/home/train/simulation/hanus/vco_tb/maestro/results/maestro/ExplorerRun.0/1/hanus_vco_tb_1/psf/spectre.out", "logFileSize": "-1"}
[2026-05-21 11:32:30.687 +0530] [PROCESS] [cadence.virtuoso.ade.simulationMonitor] - Simulator launched {"hostname": "vlsi06.blr.amrita.edu", "processid": 2768033, "history": "ExplorerRun.0", "testname": "hanus_vco_tb_1", "cornername": "Nominal", "point": 1, "logfile": "/home/train/Downloads/hanupro_2tb_pll/hanupro/logs_train/logs2/Job27.log", "simid": "5"}
[2026-05-21 11:32:30.689 +0530] [PROCESS] [cadence.virtuoso.ade.simulationMonitor] - Expression evaluator launched {"hostname": "vlsi06.blr.amrita.edu", "processid": 2768033, "history": "ExplorerRun.0", "testname": "hanus_vco_tb_1", "cornername": "Nominal", "point": 1, "logfile": "/home/train/Downloads/hanupro_2tb_pll/hanupro/logs_train/logs2/Job27.log"}
[2026-05-21 11:32:30.693 +0530] [PROCESS] [cadence.virtuoso.ade.simulationMonitor] - Started Simulation {"hostname": "vlsi06.blr.amrita.edu", "processid": 2768033, "history": "ExplorerRun.0", "testname": "hanus_vco_tb_1", "cornername": "Nominal", "point": 1, "logfile": "/home/train/Downloads/hanupro_2tb_pll/hanupro/logs_train/logs2/Job27.log", "event": "started", "task": "simulation"}
[2026-05-21 11:32:32.694 +0530] [INFO] [cadence.virtuoso.ade.simulationMonitor] - Peak resident memory used = 146 Mbytes. {"history": "ExplorerRun.0", "point": 1, "testname": "hanus_vco_tb_1", "cornername": "Nominal"}
[2026-05-21 11:32:32.694 +0530] [INFO] [cadence.virtuoso.ade.simulationMonitor] - Peak resident memory used = 158 Mbytes. {"history": "ExplorerRun.0", "point": 1, "testname": "hanus_vco_tb_1", "cornername": "Nominal"}
[2026-05-21 11:32:32.694 +0530] [INFO] [cadence.virtuoso.ade.simulationMonitor] - Notice from spectre during hierarchy flattening.
    The value 'psf' specified for the 'checklimitdest' option will no longer be supported in future releases. Use 'spectre -h' to see other recommended values for the 'checklimitdest' option. {"history": "ExplorerRun.0", "point": 1, "testname": "hanus_vco_tb_1", "cornername": "Nominal"}
[2026-05-21 11:32:32.694 +0530] [INFO] [cadence.virtuoso.ade.simulationMonitor] - Peak resident memory used = 160 Mbytes. {"history": "ExplorerRun.0", "point": 1, "testname": "hanus_vco_tb_1", "cornername": "Nominal"}
[2026-05-21 11:32:32.694 +0530] [INFO] [cadence.virtuoso.ade.simulationMonitor] - Notice from spectre during initial setup.
    Multithreading is disabled due to the size of the design being too small. {"history": "ExplorerRun.0", "point": 1, "testname": "hanus_vco_tb_1", "cornername": "Nominal"}
[2026-05-21 11:32:32.694 +0530] [INFO] [cadence.virtuoso.ade.simulationMonitor] -               nodes 138 {"history": "ExplorerRun.0", "point": 1, "testname": "hanus_vco_tb_1", "cornername": "Nominal"}
[2026-05-21 11:32:32.695 +0530] [INFO] [cadence.virtuoso.ade.simulationMonitor] - Notice from spectre during initial setup.
    APS enabled. {"history": "ExplorerRun.0", "point": 1, "testname": "hanus_vco_tb_1", "cornername": "Nominal"}
[2026-05-21 11:32:32.695 +0530] [INFO] [cadence.virtuoso.ade.simulationMonitor] - Peak resident memory used = 163 Mbytes. {"history": "ExplorerRun.0", "point": 1, "testname": "hanus_vco_tb_1", "cornername": "Nominal"}
[2026-05-21 11:32:32.695 +0530] [INFO] [cadence.virtuoso.ade.simulationMonitor] -    -   (APS) Multi-threading. The recommended number of threads is 1, consider adding +mt=1 on command line. {"history": "ExplorerRun.0", "point": 1, "testname": "hanus_vco_tb_1", "cornername": "Nominal"}
[2026-05-21 11:32:32.695 +0530] [INFO] [cadence.virtuoso.ade.simulationMonitor] - Notice from spectre during IC analysis, during transient analysis `tran'.
    There are 4 IC nodes defined. {"history": "ExplorerRun.0", "point": 1, "testname": "hanus_vco_tb_1", "cornername": "Nominal"}
[2026-05-21 11:32:32.695 +0530] [INFO] [cadence.virtuoso.ade.simulationMonitor] - Notice from spectre during IC analysis, during transient analysis `tran'.
    Initial condition computed for node vout1+ is in error by 636.446 uV.
    Initial condition computed for node vout1- is in error by 2.78456 mV (232.046 m%).
    Initial condition computed for node vout2- is in error by 636.445 uV.
    Initial condition computed for node vout2+ is in error by 2.7864 mV (232.2 m%).
        Decrease `rforce' to reduce error in computed initial conditions.  However, setting rforce too small may resul... {"history": "ExplorerRun.0", "point": 1, "testname": "hanus_vco_tb_1", "cornername": "Nominal"}
[2026-05-21 11:32:32.695 +0530] [INFO] [cadence.virtuoso.ade.simulationMonitor] - Notice from spectre during transient analysis `tran'.
    Multithreading is disabled due to the size of the design being too small. {"history": "ExplorerRun.0", "point": 1, "testname": "hanus_vco_tb_1", "cornername": "Nominal"}
[2026-05-21 11:33:37.848 +0530] [INFO] [cadence.virtuoso.ade.simulationMonitor] - Total time required for tran analysis `tran': CPU = 65.0761 s (1m  5.1s), elapsed = 65.2018 s (1m  5.2s), util. = 99.8%. {"history": "ExplorerRun.0", "point": 1, "testname": "hanus_vco_tb_1", "cornername": "Nominal"}
[2026-05-21 11:33:37.848 +0530] [INFO] [cadence.virtuoso.ade.simulationMonitor] - Peak resident memory used = 460 Mbytes. {"history": "ExplorerRun.0", "point": 1, "testname": "hanus_vco_tb_1", "cornername": "Nominal"}
[2026-05-21 11:33:37.849 +0530] [INFO] [cadence.virtuoso.ade.simulationMonitor] - Time used: CPU = 65.6 s (1m  5.6s), elapsed = 66.9 s (1m  6.9s), util. = 98.2%. {"history": "ExplorerRun.0", "point": 1, "testname": "hanus_vco_tb_1", "cornername": "Nominal"}
[2026-05-21 11:33:37.849 +0530] [INFO] [cadence.virtuoso.ade.simulationMonitor] - Time spent in licensing: elapsed = 1.03 s. {"history": "ExplorerRun.0", "point": 1, "testname": "hanus_vco_tb_1", "cornername": "Nominal"}
[2026-05-21 11:33:37.849 +0530] [INFO] [cadence.virtuoso.ade.simulationMonitor] - Peak memory used = 462 Mbytes. {"history": "ExplorerRun.0", "point": 1, "testname": "hanus_vco_tb_1", "cornername": "Nominal"}
[2026-05-21 11:33:37.849 +0530] [PROCESS] [cadence.virtuoso.ade.simulationMonitor] - Simulation started at: 11:32:30 AM, Thur May 21, 2026, ended at: 11:33:37 AM, Thur May 21, 2026, with elapsed time (wall clock): 66.9 s (1m  6.9s). {"history": "ExplorerRun.0", "point": 1, "testname": "hanus_vco_tb_1", "cornername": "Nominal"}
[2026-05-21 11:33:37.849 +0530] [PROCESS] [cadence.virtuoso.ade.simulationMonitor] - spectre completes with 0 errors, 0 warnings, and 10 notices. {"history": "ExplorerRun.0", "point": 1, "testname": "hanus_vco_tb_1", "cornername": "Nominal"}
[2026-05-21 11:33:38.350 +0530] [PROCESS] [cadence.virtuoso.ade.simulationMonitor] - Finished simulating for one point {"hostname": "vlsi06.blr.amrita.edu", "processid": 2768033, "history": "ExplorerRun.0", "testname": "hanus_vco_tb_1", "cornername": "Nominal", "point": 1, "logfile": "/home/train/Downloads/hanupro_2tb_pll/hanupro/logs_train/logs2/Job27.log", "simid": "5"}
[2026-05-21 11:33:38.350 +0530] [PROCESS] [cadence.virtuoso.ade.simulationMonitor] - Simulator exited {"hostname": "vlsi06.blr.amrita.edu", "processid": 2768033, "history": "ExplorerRun.0", "testname": "hanus_vco_tb_1", "cornername": "Nominal", "point": 1, "logfile": "/home/train/Downloads/hanupro_2tb_pll/hanupro/logs_train/logs2/Job27.log", "exitStatus": "0"}
[2026-05-21 11:33:38.350 +0530] [PROCESS] [cadence.virtuoso.ade.simulationMonitor] - Finished Simulation {"hostname": "vlsi06.blr.amrita.edu", "processid": 2768033, "history": "ExplorerRun.0", "testname": "hanus_vco_tb_1", "cornername": "Nominal", "point": 1, "logfile": "/home/train/Downloads/hanupro_2tb_pll/hanupro/logs_train/logs2/Job27.log", "simid": "5"}
[2026-05-21 11:33:39.356 +0530] [PROCESS] [cadence.virtuoso.ade.simulationMonitor] - Point Finished {"hostname": "vlsi06.blr.amrita.edu", "processid": 2768033, "history": "ExplorerRun.0", "testname": "hanus_vco_tb_1", "cornername": "Nominal", "point": 1, "logfile": "/home/train/Downloads/hanupro_2tb_pll/hanupro/logs_train/logs2/Job27.log"}
[2026-05-21 11:34:13.799 +0530] [INFO] [cadence.virtuoso.ade.simulationMonitor] - SimulationMonitor has terminated the vds process '2791072', reason: 'Force to stop the expression evalutor process because of new run' {"history": "ExplorerRun.0", "point": 1, "testname": "hanus_vco_tb_1", "cornername": "Nominal"}
[2026-05-21 11:34:13.799 +0530] [PROCESS] [cadence.virtuoso.ade.simulationMonitor] - HostInfo:
Host name (type):	vlsi06.blr.amrita.edu (x86_64)
Operating system:	Linux 4.18.0-425.3.1.el8.x86_64 #1 SMP Fri Sep 30 11:45:06 EDT 2022 {"hostname": "vlsi06.blr.amrita.edu", "processid": 2768033, "history": "ExplorerRun.0", "testname": "hanus_vco_tb_1", "cornername": "Nominal", "point": 1, "logfile": "/home/train/Downloads/hanupro_2tb_pll/hanupro/logs_train/logs2/Job27.log", "nodename": "vlsi06.blr.amrita.edu", "domainname": "(none)", "machine": "x86_64", "sysname": "Linux", "release": "4.18.0-425.3.1.el8.x86_64", "version": "#1 SMP Fri Sep 30 11:45:06 EDT 2022"}
[2026-05-21 11:34:13.800 +0530] [PROCESS] [cadence.virtuoso.ade.simulationMonitor] - UsageInfo:
pid=2768033
totalPhysicalMemory=15.237446GB,Used=14.347942GB,totalVirtualMemory=46.487442GB,Used=15.806358GB
Cpu: Cores=12, Load average:0.580000,0.770000,0.700000 {"hostname": "vlsi06.blr.amrita.edu", "processid": 2768033, "history": "ExplorerRun.0", "testname": "hanus_vco_tb_1", "cornername": "Nominal", "point": 1, "logfile": "/home/train/Downloads/hanupro_2tb_pll/hanupro/logs_train/logs2/Job27.log", "pid": "2768033", "totalPhysicalMemory": "15.237446", "physicalMemoryUsed": "14.347942", "totalVirtualMemory": "46.487442", "virtualMemoryUsed": "15.806358", "cpuCores": "12", "processes": "1273", "loadAverage1": "0.580000", "loadAverage5": "0.770000", "loadAverage15": "0.700000", "loadAverage1Percent": "0.048333"}
[2026-05-21 11:34:13.800 +0530] [EVENT] [cadence.virtuoso.ade.simulationMonitor] - NewPoint {"history": "ExplorerRun.0", "point": 1, "testname": "hanus_vco_tb_1", "cornername": "Nominal", "event": "NewPoint", "EventSource": "Simulation Monitor", "HistoryName": "ExplorerRun.0", "logFile": "/home/train/Downloads/hanupro_2tb_pll/hanupro/logs_train/logs2/Job27.log", "logFileSize": "57613"}
[2026-05-21 11:34:13.901 +0530] [EVENT] [cadence.virtuoso.ade.simulationMonitor] - NewPoint {"history": "ExplorerRun.0", "point": 1, "testname": "hanus_vco_tb_1", "cornername": "Nominal", "event": "NewPoint", "EventSource": "spectre", "HistoryName": "ExplorerRun.0", "logFile": "/home/train/simulation/hanus/vco_tb/maestro/results/maestro/ExplorerRun.0/1/hanus_vco_tb_1/psf/spectre.out", "logFileSize": "-1"}
[2026-05-21 11:34:13.904 +0530] [PROCESS] [cadence.virtuoso.ade.simulationMonitor] - Simulator launched {"hostname": "vlsi06.blr.amrita.edu", "processid": 2768033, "history": "ExplorerRun.0", "testname": "hanus_vco_tb_1", "cornername": "Nominal", "point": 1, "logfile": "/home/train/Downloads/hanupro_2tb_pll/hanupro/logs_train/logs2/Job27.log", "simid": "6"}
[2026-05-21 11:34:13.906 +0530] [PROCESS] [cadence.virtuoso.ade.simulationMonitor] - Expression evaluator launched {"hostname": "vlsi06.blr.amrita.edu", "processid": 2768033, "history": "ExplorerRun.0", "testname": "hanus_vco_tb_1", "cornername": "Nominal", "point": 1, "logfile": "/home/train/Downloads/hanupro_2tb_pll/hanupro/logs_train/logs2/Job27.log"}
[2026-05-21 11:34:13.911 +0530] [PROCESS] [cadence.virtuoso.ade.simulationMonitor] - Started Simulation {"hostname": "vlsi06.blr.amrita.edu", "processid": 2768033, "history": "ExplorerRun.0", "testname": "hanus_vco_tb_1", "cornername": "Nominal", "point": 1, "logfile": "/home/train/Downloads/hanupro_2tb_pll/hanupro/logs_train/logs2/Job27.log", "event": "started", "task": "simulation"}
[2026-05-21 11:34:17.412 +0530] [INFO] [cadence.virtuoso.ade.simulationMonitor] - Peak resident memory used = 144 Mbytes. {"history": "ExplorerRun.0", "point": 1, "testname": "hanus_vco_tb_1", "cornername": "Nominal"}
[2026-05-21 11:34:17.412 +0530] [INFO] [cadence.virtuoso.ade.simulationMonitor] - Peak resident memory used = 157 Mbytes. {"history": "ExplorerRun.0", "point": 1, "testname": "hanus_vco_tb_1", "cornername": "Nominal"}
[2026-05-21 11:34:17.412 +0530] [INFO] [cadence.virtuoso.ade.simulationMonitor] - Notice from spectre during hierarchy flattening.
    The value 'psf' specified for the 'checklimitdest' option will no longer be supported in future releases. Use 'spectre -h' to see other recommended values for the 'checklimitdest' option. {"history": "ExplorerRun.0", "point": 1, "testname": "hanus_vco_tb_1", "cornername": "Nominal"}
[2026-05-21 11:34:17.412 +0530] [INFO] [cadence.virtuoso.ade.simulationMonitor] - Peak resident memory used = 158 Mbytes. {"history": "ExplorerRun.0", "point": 1, "testname": "hanus_vco_tb_1", "cornername": "Nominal"}
[2026-05-21 11:34:17.412 +0530] [INFO] [cadence.virtuoso.ade.simulationMonitor] - Notice from spectre during initial setup.
    Multithreading is disabled due to the size of the design being too small. {"history": "ExplorerRun.0", "point": 1, "testname": "hanus_vco_tb_1", "cornername": "Nominal"}
[2026-05-21 11:34:17.412 +0530] [INFO] [cadence.virtuoso.ade.simulationMonitor] -               nodes 138 {"history": "ExplorerRun.0", "point": 1, "testname": "hanus_vco_tb_1", "cornername": "Nominal"}
[2026-05-21 11:34:17.412 +0530] [INFO] [cadence.virtuoso.ade.simulationMonitor] - Notice from spectre during initial setup.
    APS enabled. {"history": "ExplorerRun.0", "point": 1, "testname": "hanus_vco_tb_1", "cornername": "Nominal"}
[2026-05-21 11:34:17.412 +0530] [INFO] [cadence.virtuoso.ade.simulationMonitor] - Peak resident memory used = 161 Mbytes. {"history": "ExplorerRun.0", "point": 1, "testname": "hanus_vco_tb_1", "cornername": "Nominal"}
[2026-05-21 11:34:17.412 +0530] [INFO] [cadence.virtuoso.ade.simulationMonitor] -    -   (APS) Multi-threading. The recommended number of threads is 1, consider adding +mt=1 on command line. {"history": "ExplorerRun.0", "point": 1, "testname": "hanus_vco_tb_1", "cornername": "Nominal"}
[2026-05-21 11:34:17.413 +0530] [INFO] [cadence.virtuoso.ade.simulationMonitor] - Notice from spectre during IC analysis, during transient analysis `tran'.
    There are 4 IC nodes defined. {"history": "ExplorerRun.0", "point": 1, "testname": "hanus_vco_tb_1", "cornername": "Nominal"}
[2026-05-21 11:34:17.413 +0530] [INFO] [cadence.virtuoso.ade.simulationMonitor] - Notice from spectre during IC analysis, during transient analysis `tran'.
    Initial condition computed for node vout1+ is in error by 628.989 uV.
    Initial condition computed for node vout1- is in error by 2.78506 mV (232.088 m%).
    Initial condition computed for node vout2- is in error by 628.989 uV.
    Initial condition computed for node vout2+ is in error by 2.7869 mV (232.242 m%).
        Decrease `rforce' to reduce error in computed initial conditions.  However, setting rforce too small may res... {"history": "ExplorerRun.0", "point": 1, "testname": "hanus_vco_tb_1", "cornername": "Nominal"}
[2026-05-21 11:34:17.413 +0530] [INFO] [cadence.virtuoso.ade.simulationMonitor] - Notice from spectre during transient analysis `tran'.
    Multithreading is disabled due to the size of the design being too small. {"history": "ExplorerRun.0", "point": 1, "testname": "hanus_vco_tb_1", "cornername": "Nominal"}
[2026-05-21 11:35:22.560 +0530] [INFO] [cadence.virtuoso.ade.simulationMonitor] - Total time required for tran analysis `tran': CPU = 64.8258 s (1m  4.8s), elapsed = 64.9507 s (1m  5.0s), util. = 99.8%. {"history": "ExplorerRun.0", "point": 1, "testname": "hanus_vco_tb_1", "cornername": "Nominal"}
[2026-05-21 11:35:22.560 +0530] [INFO] [cadence.virtuoso.ade.simulationMonitor] - Peak resident memory used = 457 Mbytes. {"history": "ExplorerRun.0", "point": 1, "testname": "hanus_vco_tb_1", "cornername": "Nominal"}
[2026-05-21 11:35:22.561 +0530] [INFO] [cadence.virtuoso.ade.simulationMonitor] - Time used: CPU = 65.4 s (1m  5.4s), elapsed = 68.3 s (1m  8.3s), util. = 95.8%. {"history": "ExplorerRun.0", "point": 1, "testname": "hanus_vco_tb_1", "cornername": "Nominal"}
[2026-05-21 11:35:22.561 +0530] [INFO] [cadence.virtuoso.ade.simulationMonitor] - Time spent in licensing: elapsed = 2.88 s. {"history": "ExplorerRun.0", "point": 1, "testname": "hanus_vco_tb_1", "cornername": "Nominal"}
[2026-05-21 11:35:22.561 +0530] [INFO] [cadence.virtuoso.ade.simulationMonitor] - Peak memory used = 459 Mbytes. {"history": "ExplorerRun.0", "point": 1, "testname": "hanus_vco_tb_1", "cornername": "Nominal"}
[2026-05-21 11:35:22.561 +0530] [PROCESS] [cadence.virtuoso.ade.simulationMonitor] - Simulation started at: 11:34:14 AM, Thur May 21, 2026, ended at: 11:35:22 AM, Thur May 21, 2026, with elapsed time (wall clock): 68.3 s (1m  8.3s). {"history": "ExplorerRun.0", "point": 1, "testname": "hanus_vco_tb_1", "cornername": "Nominal"}
[2026-05-21 11:35:22.561 +0530] [PROCESS] [cadence.virtuoso.ade.simulationMonitor] - spectre completes with 0 errors, 0 warnings, and 10 notices. {"history": "ExplorerRun.0", "point": 1, "testname": "hanus_vco_tb_1", "cornername": "Nominal"}
[2026-05-21 11:35:22.561 +0530] [PROCESS] [cadence.virtuoso.ade.simulationMonitor] - Finished simulating for one point {"hostname": "vlsi06.blr.amrita.edu", "processid": 2768033, "history": "ExplorerRun.0", "testname": "hanus_vco_tb_1", "cornername": "Nominal", "point": 1, "logfile": "/home/train/Downloads/hanupro_2tb_pll/hanupro/logs_train/logs2/Job27.log", "simid": "6"}
[2026-05-21 11:35:22.562 +0530] [PROCESS] [cadence.virtuoso.ade.simulationMonitor] - Simulator exited {"hostname": "vlsi06.blr.amrita.edu", "processid": 2768033, "history": "ExplorerRun.0", "testname": "hanus_vco_tb_1", "cornername": "Nominal", "point": 1, "logfile": "/home/train/Downloads/hanupro_2tb_pll/hanupro/logs_train/logs2/Job27.log", "exitStatus": "0"}
[2026-05-21 11:35:22.562 +0530] [PROCESS] [cadence.virtuoso.ade.simulationMonitor] - Finished Simulation {"hostname": "vlsi06.blr.amrita.edu", "processid": 2768033, "history": "ExplorerRun.0", "testname": "hanus_vco_tb_1", "cornername": "Nominal", "point": 1, "logfile": "/home/train/Downloads/hanupro_2tb_pll/hanupro/logs_train/logs2/Job27.log", "simid": "6"}
[2026-05-21 11:35:23.567 +0530] [PROCESS] [cadence.virtuoso.ade.simulationMonitor] - Point Finished {"hostname": "vlsi06.blr.amrita.edu", "processid": 2768033, "history": "ExplorerRun.0", "testname": "hanus_vco_tb_1", "cornername": "Nominal", "point": 1, "logfile": "/home/train/Downloads/hanupro_2tb_pll/hanupro/logs_train/logs2/Job27.log"}
[2026-05-21 11:36:26.769 +0530] [INFO] [cadence.virtuoso.ade.simulationMonitor] - SimulationMonitor has terminated the vds process '2796936', reason: 'Force to stop the expression evalutor process because of new run' {"history": "ExplorerRun.0", "point": 1, "testname": "hanus_vco_tb_1", "cornername": "Nominal"}
[2026-05-21 11:36:26.769 +0530] [PROCESS] [cadence.virtuoso.ade.simulationMonitor] - HostInfo:
Host name (type):	vlsi06.blr.amrita.edu (x86_64)
Operating system:	Linux 4.18.0-425.3.1.el8.x86_64 #1 SMP Fri Sep 30 11:45:06 EDT 2022 {"hostname": "vlsi06.blr.amrita.edu", "processid": 2768033, "history": "ExplorerRun.0", "testname": "hanus_vco_tb_1", "cornername": "Nominal", "point": 1, "logfile": "/home/train/Downloads/hanupro_2tb_pll/hanupro/logs_train/logs2/Job27.log", "nodename": "vlsi06.blr.amrita.edu", "domainname": "(none)", "machine": "x86_64", "sysname": "Linux", "release": "4.18.0-425.3.1.el8.x86_64", "version": "#1 SMP Fri Sep 30 11:45:06 EDT 2022"}
[2026-05-21 11:36:26.769 +0530] [PROCESS] [cadence.virtuoso.ade.simulationMonitor] - UsageInfo:
pid=2768033
totalPhysicalMemory=15.237446GB,Used=14.478966GB,totalVirtualMemory=46.487442GB,Used=15.935184GB
Cpu: Cores=12, Load average:0.510000,0.730000,0.710000 {"hostname": "vlsi06.blr.amrita.edu", "processid": 2768033, "history": "ExplorerRun.0", "testname": "hanus_vco_tb_1", "cornername": "Nominal", "point": 1, "logfile": "/home/train/Downloads/hanupro_2tb_pll/hanupro/logs_train/logs2/Job27.log", "pid": "2768033", "totalPhysicalMemory": "15.237446", "physicalMemoryUsed": "14.478966", "totalVirtualMemory": "46.487442", "virtualMemoryUsed": "15.935184", "cpuCores": "12", "processes": "1303", "loadAverage1": "0.510000", "loadAverage5": "0.730000", "loadAverage15": "0.710000", "loadAverage1Percent": "0.042500"}
[2026-05-21 11:36:26.769 +0530] [EVENT] [cadence.virtuoso.ade.simulationMonitor] - NewPoint {"history": "ExplorerRun.0", "point": 1, "testname": "hanus_vco_tb_1", "cornername": "Nominal", "event": "NewPoint", "EventSource": "Simulation Monitor", "HistoryName": "ExplorerRun.0", "logFile": "/home/train/Downloads/hanupro_2tb_pll/hanupro/logs_train/logs2/Job27.log", "logFileSize": "68133"}
[2026-05-21 11:36:26.870 +0530] [EVENT] [cadence.virtuoso.ade.simulationMonitor] - NewPoint {"history": "ExplorerRun.0", "point": 1, "testname": "hanus_vco_tb_1", "cornername": "Nominal", "event": "NewPoint", "EventSource": "spectre", "HistoryName": "ExplorerRun.0", "logFile": "/home/train/simulation/hanus/vco_tb/maestro/results/maestro/ExplorerRun.0/1/hanus_vco_tb_1/psf/spectre.out", "logFileSize": "-1"}
[2026-05-21 11:36:26.874 +0530] [PROCESS] [cadence.virtuoso.ade.simulationMonitor] - Simulator launched {"hostname": "vlsi06.blr.amrita.edu", "processid": 2768033, "history": "ExplorerRun.0", "testname": "hanus_vco_tb_1", "cornername": "Nominal", "point": 1, "logfile": "/home/train/Downloads/hanupro_2tb_pll/hanupro/logs_train/logs2/Job27.log", "simid": "7"}
[2026-05-21 11:36:26.876 +0530] [PROCESS] [cadence.virtuoso.ade.simulationMonitor] - Expression evaluator launched {"hostname": "vlsi06.blr.amrita.edu", "processid": 2768033, "history": "ExplorerRun.0", "testname": "hanus_vco_tb_1", "cornername": "Nominal", "point": 1, "logfile": "/home/train/Downloads/hanupro_2tb_pll/hanupro/logs_train/logs2/Job27.log"}
[2026-05-21 11:36:26.881 +0530] [PROCESS] [cadence.virtuoso.ade.simulationMonitor] - Started Simulation {"hostname": "vlsi06.blr.amrita.edu", "processid": 2768033, "history": "ExplorerRun.0", "testname": "hanus_vco_tb_1", "cornername": "Nominal", "point": 1, "logfile": "/home/train/Downloads/hanupro_2tb_pll/hanupro/logs_train/logs2/Job27.log", "event": "started", "task": "simulation"}
[2026-05-21 11:36:30.382 +0530] [INFO] [cadence.virtuoso.ade.simulationMonitor] - Peak resident memory used = 148 Mbytes. {"history": "ExplorerRun.0", "point": 1, "testname": "hanus_vco_tb_1", "cornername": "Nominal"}
[2026-05-21 11:36:30.382 +0530] [INFO] [cadence.virtuoso.ade.simulationMonitor] - Peak resident memory used = 161 Mbytes. {"history": "ExplorerRun.0", "point": 1, "testname": "hanus_vco_tb_1", "cornername": "Nominal"}
[2026-05-21 11:36:30.382 +0530] [INFO] [cadence.virtuoso.ade.simulationMonitor] - Notice from spectre during hierarchy flattening.
    The value 'psf' specified for the 'checklimitdest' option will no longer be supported in future releases. Use 'spectre -h' to see other recommended values for the 'checklimitdest' option. {"history": "ExplorerRun.0", "point": 1, "testname": "hanus_vco_tb_1", "cornername": "Nominal"}
[2026-05-21 11:36:30.383 +0530] [INFO] [cadence.virtuoso.ade.simulationMonitor] - Peak resident memory used = 163 Mbytes. {"history": "ExplorerRun.0", "point": 1, "testname": "hanus_vco_tb_1", "cornername": "Nominal"}
[2026-05-21 11:36:30.383 +0530] [INFO] [cadence.virtuoso.ade.simulationMonitor] - Notice from spectre during initial setup.
    Multithreading is disabled due to the size of the design being too small. {"history": "ExplorerRun.0", "point": 1, "testname": "hanus_vco_tb_1", "cornername": "Nominal"}
[2026-05-21 11:36:30.383 +0530] [INFO] [cadence.virtuoso.ade.simulationMonitor] -               nodes 138 {"history": "ExplorerRun.0", "point": 1, "testname": "hanus_vco_tb_1", "cornername": "Nominal"}
[2026-05-21 11:36:30.383 +0530] [INFO] [cadence.virtuoso.ade.simulationMonitor] - Notice from spectre during initial setup.
    APS enabled. {"history": "ExplorerRun.0", "point": 1, "testname": "hanus_vco_tb_1", "cornername": "Nominal"}
[2026-05-21 11:36:30.383 +0530] [INFO] [cadence.virtuoso.ade.simulationMonitor] - Peak resident memory used = 164 Mbytes. {"history": "ExplorerRun.0", "point": 1, "testname": "hanus_vco_tb_1", "cornername": "Nominal"}
[2026-05-21 11:36:30.383 +0530] [INFO] [cadence.virtuoso.ade.simulationMonitor] -    -   (APS) Multi-threading. The recommended number of threads is 1, consider adding +mt=1 on command line. {"history": "ExplorerRun.0", "point": 1, "testname": "hanus_vco_tb_1", "cornername": "Nominal"}
[2026-05-21 11:36:30.383 +0530] [INFO] [cadence.virtuoso.ade.simulationMonitor] - Notice from spectre.
    Multithreading is disabled due to the size of the design being too small. {"history": "ExplorerRun.0", "point": 1, "testname": "hanus_vco_tb_1", "cornername": "Nominal"}
[2026-05-21 11:36:31.441 +0530] [INFO] [cadence.virtuoso.ade.simulationMonitor] - Notice from spectre during IC analysis, during periodic steady state analysis `pss'.
    There are 4 IC nodes defined. {"history": "ExplorerRun.0", "point": 1, "testname": "hanus_vco_tb_1", "cornername": "Nominal"}
[2026-05-21 11:36:31.441 +0530] [INFO] [cadence.virtuoso.ade.simulationMonitor] - Notice from spectre during IC analysis, during periodic steady state analysis `pss'.
    Initial condition computed for node vout1+ is in error by 631.224 uV.
    Initial condition computed for node vout1- is in error by 2.78491 mV (232.076 m%).
    Initial condition computed for node vout2- is in error by 631.224 uV.
    Initial condition computed for node vout2+ is in error by 2.78675 mV (232.229 m%).
        Decrease `rforce' to reduce error in computed initial conditions.  However, setting rforce too s... {"history": "ExplorerRun.0", "point": 1, "testname": "hanus_vco_tb_1", "cornername": "Nominal"}
[2026-05-21 11:36:32.942 +0530] [INFO] [cadence.virtuoso.ade.simulationMonitor] - Notice from spectre at time = 10.2063 ns during periodic steady state analysis `pss'.
    Found trapezoidal ringing on node I2.I3.NM1.n1. {"history": "ExplorerRun.0", "point": 1, "testname": "hanus_vco_tb_1", "cornername": "Nominal"}
[2026-05-21 11:36:32.942 +0530] [INFO] [cadence.virtuoso.ade.simulationMonitor] - Notice from spectre at time = 10.207 ns during periodic steady state analysis `pss'.
    Found trapezoidal ringing on node I2.I3.NM1.n1. {"history": "ExplorerRun.0", "point": 1, "testname": "hanus_vco_tb_1", "cornername": "Nominal"}
[2026-05-21 11:36:32.942 +0530] [INFO] [cadence.virtuoso.ade.simulationMonitor] - Notice from spectre at time = 10.2109 ns during periodic steady state analysis `pss'.
    Found trapezoidal ringing on node I2.I3.NM1.n1. {"history": "ExplorerRun.0", "point": 1, "testname": "hanus_vco_tb_1", "cornername": "Nominal"}
[2026-05-21 11:36:32.942 +0530] [INFO] [cadence.virtuoso.ade.simulationMonitor] - Notice from spectre at time = 10.2117 ns during periodic steady state analysis `pss'.
    Found trapezoidal ringing on node I2.I3.NM1.n1. {"history": "ExplorerRun.0", "point": 1, "testname": "hanus_vco_tb_1", "cornername": "Nominal"}
[2026-05-21 11:36:32.942 +0530] [INFO] [cadence.virtuoso.ade.simulationMonitor] - Notice from spectre at time = 10.2125 ns during periodic steady state analysis `pss'.
    Found trapezoidal ringing on node I2.I3.NM1.n1.
        Further occurrences of this notice will be suppressed. {"history": "ExplorerRun.0", "point": 1, "testname": "hanus_vco_tb_1", "cornername": "Nominal"}
[2026-05-21 11:36:32.942 +0530] [INFO] [cadence.virtuoso.ade.simulationMonitor] - Total time required for tstab analysis `pss': CPU = 1.90903 s, elapsed = 1.91216 s. {"history": "ExplorerRun.0", "point": 1, "testname": "hanus_vco_tb_1", "cornername": "Nominal"}
[2026-05-21 11:36:32.942 +0530] [INFO] [cadence.virtuoso.ade.simulationMonitor] - Peak resident memory used = 170 Mbytes. {"history": "ExplorerRun.0", "point": 1, "testname": "hanus_vco_tb_1", "cornername": "Nominal"}
[2026-05-21 11:36:33.943 +0530] [INFO] [cadence.virtuoso.ade.simulationMonitor] - Notice from spectre during periodic steady state analysis `pss'.
    Trapezoidal ringing is detected during pss analysis.
        Please use method=trap for better results and performance. {"history": "ExplorerRun.0", "point": 1, "testname": "hanus_vco_tb_1", "cornername": "Nominal"}
[2026-05-21 11:36:33.943 +0530] [INFO] [cadence.virtuoso.ade.simulationMonitor] - Total time required for pss analysis `pss': CPU = 2.90391 s, elapsed = 3.72714 s, util. = 77.9%. {"history": "ExplorerRun.0", "point": 1, "testname": "hanus_vco_tb_1", "cornername": "Nominal"}
[2026-05-21 11:36:33.943 +0530] [INFO] [cadence.virtuoso.ade.simulationMonitor] - Peak resident memory used = 181 Mbytes. {"history": "ExplorerRun.0", "point": 1, "testname": "hanus_vco_tb_1", "cornername": "Nominal"}
[2026-05-21 11:36:33.943 +0530] [INFO] [cadence.virtuoso.ade.simulationMonitor] - Notice from spectre.
    323 notices suppressed. {"history": "ExplorerRun.0", "point": 1, "testname": "hanus_vco_tb_1", "cornername": "Nominal"}
[2026-05-21 11:36:33.943 +0530] [INFO] [cadence.virtuoso.ade.simulationMonitor] - Notice from spectre during PNoise analysis `pnoise'.
    Multithreading is disabled due to the size of the design being too small.
    Use full spectrum for normal noise analysis.
    MaxSideband for colored noise sources (e.g. 1/f-noise) is not set, automatically  set it to 3. {"history": "ExplorerRun.0", "point": 1, "testname": "hanus_vco_tb_1", "cornername": "Nominal"}
[2026-05-21 11:36:36.998 +0530] [INFO] [cadence.virtuoso.ade.simulationMonitor] - Total time required for pnoise analysis `pnoise': CPU = 6.92523 s, elapsed = 2.91881 s, util. = 237%. {"history": "ExplorerRun.0", "point": 1, "testname": "hanus_vco_tb_1", "cornername": "Nominal"}
[2026-05-21 11:36:36.998 +0530] [INFO] [cadence.virtuoso.ade.simulationMonitor] - Peak resident memory used = 198 Mbytes. {"history": "ExplorerRun.0", "point": 1, "testname": "hanus_vco_tb_1", "cornername": "Nominal"}
[2026-05-21 11:36:36.998 +0530] [INFO] [cadence.virtuoso.ade.simulationMonitor] - Time used: CPU = 10.3 s, elapsed = 9.78 s, util. = 105%. {"history": "ExplorerRun.0", "point": 1, "testname": "hanus_vco_tb_1", "cornername": "Nominal"}
[2026-05-21 11:36:36.998 +0530] [INFO] [cadence.virtuoso.ade.simulationMonitor] - Time spent in licensing: elapsed = 3.62 s, percentage of total = 37%. {"history": "ExplorerRun.0", "point": 1, "testname": "hanus_vco_tb_1", "cornername": "Nominal"}
[2026-05-21 11:36:36.999 +0530] [INFO] [cadence.virtuoso.ade.simulationMonitor] - Peak memory used = 199 Mbytes. {"history": "ExplorerRun.0", "point": 1, "testname": "hanus_vco_tb_1", "cornername": "Nominal"}
[2026-05-21 11:36:36.999 +0530] [PROCESS] [cadence.virtuoso.ade.simulationMonitor] - Simulation started at: 11:36:27 AM, Thur May 21, 2026, ended at: 11:36:36 AM, Thur May 21, 2026, with elapsed time (wall clock): 9.78 s. {"history": "ExplorerRun.0", "point": 1, "testname": "hanus_vco_tb_1", "cornername": "Nominal"}
[2026-05-21 11:36:36.999 +0530] [PROCESS] [cadence.virtuoso.ade.simulationMonitor] - spectre completes with 0 errors, 0 warnings, and 20 notices. {"history": "ExplorerRun.0", "point": 1, "testname": "hanus_vco_tb_1", "cornername": "Nominal"}
[2026-05-21 11:36:36.999 +0530] [PROCESS] [cadence.virtuoso.ade.simulationMonitor] - Finished simulating for one point {"hostname": "vlsi06.blr.amrita.edu", "processid": 2768033, "history": "ExplorerRun.0", "testname": "hanus_vco_tb_1", "cornername": "Nominal", "point": 1, "logfile": "/home/train/Downloads/hanupro_2tb_pll/hanupro/logs_train/logs2/Job27.log", "simid": "7"}
[2026-05-21 11:36:36.999 +0530] [PROCESS] [cadence.virtuoso.ade.simulationMonitor] - Simulator exited {"hostname": "vlsi06.blr.amrita.edu", "processid": 2768033, "history": "ExplorerRun.0", "testname": "hanus_vco_tb_1", "cornername": "Nominal", "point": 1, "logfile": "/home/train/Downloads/hanupro_2tb_pll/hanupro/logs_train/logs2/Job27.log", "exitStatus": "0"}
[2026-05-21 11:36:36.999 +0530] [PROCESS] [cadence.virtuoso.ade.simulationMonitor] - Finished Simulation {"hostname": "vlsi06.blr.amrita.edu", "processid": 2768033, "history": "ExplorerRun.0", "testname": "hanus_vco_tb_1", "cornername": "Nominal", "point": 1, "logfile": "/home/train/Downloads/hanupro_2tb_pll/hanupro/logs_train/logs2/Job27.log", "simid": "7"}
[2026-05-21 11:36:38.004 +0530] [PROCESS] [cadence.virtuoso.ade.simulationMonitor] - Point Finished {"hostname": "vlsi06.blr.amrita.edu", "processid": 2768033, "history": "ExplorerRun.0", "testname": "hanus_vco_tb_1", "cornername": "Nominal", "point": 1, "logfile": "/home/train/Downloads/hanupro_2tb_pll/hanupro/logs_train/logs2/Job27.log"}
[2026-05-21 11:41:38.785 +0530] [PROCESS] [cadence.virtuoso.ade.simulationMonitor] - Current memory used: 53.2891 MBytes, peak memory used: 55.1523 MBytes {"hostname": "vlsi06.blr.amrita.edu", "processid": 2768033, "history": "ExplorerRun.0", "testname": "hanus_vco_tb_1", "cornername": "Nominal", "point": 1, "logfile": "/home/train/Downloads/hanupro_2tb_pll/hanupro/logs_train/logs2/Job27.log"}
[2026-05-21 11:41:38.785 +0530] [PROCESS] [cadence.virtuoso.ade.simulationMonitor] - Simulation Monitor process exit. {"hostname": "vlsi06.blr.amrita.edu", "processid": 2768033, "history": "ExplorerRun.0", "testname": "hanus_vco_tb_1", "cornername": "Nominal", "point": 1, "logfile": "/home/train/Downloads/hanupro_2tb_pll/hanupro/logs_train/logs2/Job27.log"}
