[Simulation Monitor: 22]
[2026-05-21 06:42:36.286 +0530] [PROCESS] [cadence.virtuoso.ade.simulationMonitor] - Simulation Monitor has successfully started up. Trying to set up communication channels to other components ... {"hostname": "vlsi06.blr.amrita.edu", "processid": 1983583, "logfile": "/home/train/Downloads/hanupro_2tb_pll/hanupro/logs_train/logs2/Job22.log"}
[2026-05-21 06:42:36.287 +0530] [PROCESS] [cadence.virtuoso.ade.simulationMonitor] - Communication channels have been successfully set up. Start processing events ... {"hostname": "vlsi06.blr.amrita.edu", "processid": 1983583, "logfile": "/home/train/Downloads/hanupro_2tb_pll/hanupro/logs_train/logs2/Job22.log"}
[2026-05-21 06:42:36.287 +0530] [PROCESS] [cadence.virtuoso.ade.simulationMonitor] - Considering to start history {"hostname": "vlsi06.blr.amrita.edu", "processid": 1983583, "history": "ExplorerRun.0", "logfile": "/home/train/Downloads/hanupro_2tb_pll/hanupro/logs_train/logs2/Job22.log"}
[2026-05-21 06:42:36.288 +0530] [PROCESS] [cadence.virtuoso.ade.simulationMonitor] - HostInfo:
Host name (type):	vlsi06.blr.amrita.edu (x86_64)
Operating system:	Linux 4.18.0-425.3.1.el8.x86_64 #1 SMP Fri Sep 30 11:45:06 EDT 2022 {"hostname": "vlsi06.blr.amrita.edu", "processid": 1983583, "history": "ExplorerRun.0", "logfile": "/home/train/Downloads/hanupro_2tb_pll/hanupro/logs_train/logs2/Job22.log", "nodename": "vlsi06.blr.amrita.edu", "domainname": "(none)", "machine": "x86_64", "sysname": "Linux", "release": "4.18.0-425.3.1.el8.x86_64", "version": "#1 SMP Fri Sep 30 11:45:06 EDT 2022"}
[2026-05-21 06:42:36.288 +0530] [PROCESS] [cadence.virtuoso.ade.simulationMonitor] - UsageInfo:
pid=1983583
totalPhysicalMemory=15.237446GB,Used=3.232491GB,totalVirtualMemory=46.487442GB,Used=4.842030GB
Cpu: Cores=12, Load average:1.230000,1.590000,2.870000 {"hostname": "vlsi06.blr.amrita.edu", "processid": 1983583, "history": "ExplorerRun.0", "logfile": "/home/train/Downloads/hanupro_2tb_pll/hanupro/logs_train/logs2/Job22.log", "pid": "1983583", "totalPhysicalMemory": "15.237446", "physicalMemoryUsed": "3.232491", "totalVirtualMemory": "46.487442", "virtualMemoryUsed": "4.842030", "cpuCores": "12", "processes": "1122", "loadAverage1": "1.230000", "loadAverage5": "1.590000", "loadAverage15": "2.870000", "loadAverage1Percent": "0.102500"}
[2026-05-21 06:42:36.289 +0530] [EVENT] [cadence.virtuoso.ade.simulationMonitor] - NewPoint {"history": "ExplorerRun.0", "point": 1, "testname": "hanus_pll_loop_1", "cornername": "Nominal", "event": "NewPoint", "EventSource": "Simulation Monitor", "HistoryName": "ExplorerRun.0", "logFile": "/home/train/Downloads/hanupro_2tb_pll/hanupro/logs_train/logs2/Job22.log", "logFileSize": "2317"}
[2026-05-21 06:42:36.390 +0530] [EVENT] [cadence.virtuoso.ade.simulationMonitor] - NewPoint {"history": "ExplorerRun.0", "point": 1, "testname": "hanus_pll_loop_1", "cornername": "Nominal", "event": "NewPoint", "EventSource": "spectre", "HistoryName": "ExplorerRun.0", "logFile": "/home/train/simulation/hanus/pll_loop_pss/maestro/results/maestro/ExplorerRun.0/1/hanus_pll_loop_1/psf/spectre.out", "logFileSize": "-1"}
[2026-05-21 06:42:36.393 +0530] [PROCESS] [cadence.virtuoso.ade.simulationMonitor] - Simulator launched {"hostname": "vlsi06.blr.amrita.edu", "processid": 1983583, "history": "ExplorerRun.0", "testname": "hanus_pll_loop_1", "cornername": "Nominal", "point": 1, "logfile": "/home/train/Downloads/hanupro_2tb_pll/hanupro/logs_train/logs2/Job22.log", "simid": "1"}
[2026-05-21 06:42:36.394 +0530] [PROCESS] [cadence.virtuoso.ade.simulationMonitor] - Expression evaluator launched {"hostname": "vlsi06.blr.amrita.edu", "processid": 1983583, "history": "ExplorerRun.0", "testname": "hanus_pll_loop_1", "cornername": "Nominal", "point": 1, "logfile": "/home/train/Downloads/hanupro_2tb_pll/hanupro/logs_train/logs2/Job22.log"}
[2026-05-21 06:42:36.399 +0530] [PROCESS] [cadence.virtuoso.ade.simulationMonitor] - Started Simulation {"hostname": "vlsi06.blr.amrita.edu", "processid": 1983583, "history": "ExplorerRun.0", "testname": "hanus_pll_loop_1", "cornername": "Nominal", "point": 1, "logfile": "/home/train/Downloads/hanupro_2tb_pll/hanupro/logs_train/logs2/Job22.log", "event": "started", "task": "simulation"}
[2026-05-21 06:42:41.454 +0530] [INFO] [cadence.virtuoso.ade.simulationMonitor] - Peak resident memory used = 148 Mbytes. {"history": "ExplorerRun.0", "point": 1, "testname": "hanus_pll_loop_1", "cornername": "Nominal"}
[2026-05-21 06:42:41.955 +0530] [INFO] [cadence.virtuoso.ade.simulationMonitor] - Peak resident memory used = 201 Mbytes. {"history": "ExplorerRun.0", "point": 1, "testname": "hanus_pll_loop_1", "cornername": "Nominal"}
[2026-05-21 06:42:41.955 +0530] [INFO] [cadence.virtuoso.ade.simulationMonitor] - Notice from spectre during hierarchy flattening.
    The value 'psf' specified for the 'checklimitdest' option will no longer be supported in future releases. Use 'spectre -h' to see other recommended values for the 'checklimitdest' option. {"history": "ExplorerRun.0", "point": 1, "testname": "hanus_pll_loop_1", "cornername": "Nominal"}
[2026-05-21 06:42:41.955 +0530] [INFO] [cadence.virtuoso.ade.simulationMonitor] - Peak resident memory used = 225 Mbytes. {"history": "ExplorerRun.0", "point": 1, "testname": "hanus_pll_loop_1", "cornername": "Nominal"}
[2026-05-21 06:42:42.455 +0530] [INFO] [cadence.virtuoso.ade.simulationMonitor] -               nodes 5227 {"history": "ExplorerRun.0", "point": 1, "testname": "hanus_pll_loop_1", "cornername": "Nominal"}
[2026-05-21 06:42:42.456 +0530] [INFO] [cadence.virtuoso.ade.simulationMonitor] - Notice from spectre during initial setup.
    APS enabled. {"history": "ExplorerRun.0", "point": 1, "testname": "hanus_pll_loop_1", "cornername": "Nominal"}
[2026-05-21 06:42:43.456 +0530] [INFO] [cadence.virtuoso.ade.simulationMonitor] - Notice from spectre.
    Multithreading enabled: 8 threads in the system with 12 available processors. {"history": "ExplorerRun.0", "point": 1, "testname": "hanus_pll_loop_1", "cornername": "Nominal"}
[2026-05-21 06:42:43.456 +0530] [INFO] [cadence.virtuoso.ade.simulationMonitor] - Peak resident memory used = 242 Mbytes. {"history": "ExplorerRun.0", "point": 1, "testname": "hanus_pll_loop_1", "cornername": "Nominal"}
[2026-05-21 06:42:43.456 +0530] [INFO] [cadence.virtuoso.ade.simulationMonitor] -    -   (APS) Multi-threading. The recommended number of threads is 8, consider adding +mt=8 on command line. {"history": "ExplorerRun.0", "point": 1, "testname": "hanus_pll_loop_1", "cornername": "Nominal"}
[2026-05-21 06:42:46.502 +0530] [INFO] [cadence.virtuoso.ade.simulationMonitor] - Notice from spectre during periodic steady state analysis `pss'.
    There are 5230 IC nodes defined.
    No outputs were found. Loosening output filter criterion to `allpub'. {"history": "ExplorerRun.0", "point": 1, "testname": "hanus_pll_loop_1", "cornername": "Nominal"}
[2026-05-21 07:00:51.609 +0530] [INFO] [cadence.virtuoso.ade.simulationMonitor] - Total time required for tstab analysis `pss': CPU = 8.12566 ks (2h 15m 26s), elapsed = 1.08487 ks (18m  4.9s). {"history": "ExplorerRun.0", "point": 1, "testname": "hanus_pll_loop_1", "cornername": "Nominal"}
[2026-05-21 07:00:51.610 +0530] [INFO] [cadence.virtuoso.ade.simulationMonitor] - Peak resident memory used = 263 Mbytes. {"history": "ExplorerRun.0", "point": 1, "testname": "hanus_pll_loop_1", "cornername": "Nominal"}
[2026-05-21 07:02:18.819 +0530] [ERROR] [cadence.virtuoso.ade.simulationMonitor] - Fatal error found by spectre at time = 517.817 ns during periodic steady state analysis `pss'.
    FATAL (CMI-2002): Insufficient memory available. Try using the 64-bit executable or another machine with better memory configuration. Alternatively, use the 'ulimit' or 'unlimit' command to adjust the memory limitations. For more information on optimizing memory usage when using SpectreRF, see spectre -h rfmemory or the "Tips for Reducing Memory Usage with SpectreRF (rfmemory)" section in the "Spectre Circuit... {"history": "ExplorerRun.0", "point": 1, "testname": "hanus_pll_loop_1", "cornername": "Nominal"}
[2026-05-21 07:02:19.348 +0530] [INFO] [cadence.virtuoso.ade.simulationMonitor] - Time used: CPU = 8.82 ks (2h 26m 59s), elapsed = 1.18 ks (19m  41.7s), util. = 746%. {"history": "ExplorerRun.0", "point": 1, "testname": "hanus_pll_loop_1", "cornername": "Nominal"}
[2026-05-21 07:02:19.348 +0530] [INFO] [cadence.virtuoso.ade.simulationMonitor] - Time spent in licensing: elapsed = 7.68 s. {"history": "ExplorerRun.0", "point": 1, "testname": "hanus_pll_loop_1", "cornername": "Nominal"}
[2026-05-21 07:02:19.354 +0530] [INFO] [cadence.virtuoso.ade.simulationMonitor] - Peak memory used = 12.8 Gbytes. {"history": "ExplorerRun.0", "point": 1, "testname": "hanus_pll_loop_1", "cornername": "Nominal"}
[2026-05-21 07:02:19.354 +0530] [PROCESS] [cadence.virtuoso.ade.simulationMonitor] - Simulation started at: 6:42:36 AM, Thur May 21, 2026, ended at: 7:02:18 AM, Thur May 21, 2026, with elapsed time (wall clock): 1.18 ks (19m  41.7s). {"history": "ExplorerRun.0", "point": 1, "testname": "hanus_pll_loop_1", "cornername": "Nominal"}
[2026-05-21 07:02:19.355 +0530] [PROCESS] [cadence.virtuoso.ade.simulationMonitor] - spectre completes with 1 error, 0 warnings, and 6 notices. {"history": "ExplorerRun.0", "point": 1, "testname": "hanus_pll_loop_1", "cornername": "Nominal"}
[2026-05-21 07:02:19.355 +0530] [FATAL] [cadence.virtuoso.ade.simulationMonitor] - spectre terminated prematurely due to fatal error. {"history": "ExplorerRun.0", "point": 1, "testname": "hanus_pll_loop_1", "cornername": "Nominal"}
[2026-05-21 07:02:21.355 +0530] [PROCESS] [cadence.virtuoso.ade.simulationMonitor] - Finished simulating for one point {"hostname": "vlsi06.blr.amrita.edu", "processid": 1983583, "history": "ExplorerRun.0", "testname": "hanus_pll_loop_1", "cornername": "Nominal", "point": 1, "logfile": "/home/train/Downloads/hanupro_2tb_pll/hanupro/logs_train/logs2/Job22.log", "simid": "1"}
[2026-05-21 07:02:21.359 +0530] [ERROR] [cadence.virtuoso.ade.simulationMonitor] - While simulating run ExplorerRun.0, point 1, test hanus_pll_loop_1, received error:
Simulation Error:
 The simulator process returned a non-zero exit code, indicating failure.
The simulator could have crashed or intentionally returned to indicate an error.
Check the simulator log file for more information.  Common causes:
1. Simulator may have crashed during exit even after reporting success in log file.
2. Abrupt automatic simulator termination (e.g., SIGKILL) because the simulator process has
   exceeded... {"history": "ExplorerRun.0", "point": 1, "testname": "hanus_pll_loop_1", "cornername": "Nominal"}
[2026-05-21 07:02:21.359 +0530] [PROCESS] [cadence.virtuoso.ade.simulationMonitor] - Finished Simulation {"hostname": "vlsi06.blr.amrita.edu", "processid": 1983583, "history": "ExplorerRun.0", "testname": "hanus_pll_loop_1", "cornername": "Nominal", "point": 1, "logfile": "/home/train/Downloads/hanupro_2tb_pll/hanupro/logs_train/logs2/Job22.log", "simid": "1"}
[2026-05-21 07:02:21.365 +0530] [PROCESS] [cadence.virtuoso.ade.simulationMonitor] - Expression evaluator launched {"hostname": "vlsi06.blr.amrita.edu", "processid": 1983583, "history": "ExplorerRun.0", "testname": "hanus_pll_loop_1", "cornername": "Nominal", "point": 1, "logfile": "/home/train/Downloads/hanupro_2tb_pll/hanupro/logs_train/logs2/Job22.log"}
[2026-05-21 07:02:27.871 +0530] [PROCESS] [cadence.virtuoso.ade.simulationMonitor] - Point Finished {"hostname": "vlsi06.blr.amrita.edu", "processid": 1983583, "history": "ExplorerRun.0", "testname": "hanus_pll_loop_1", "cornername": "Nominal", "point": 1, "logfile": "/home/train/Downloads/hanupro_2tb_pll/hanupro/logs_train/logs2/Job22.log"}
[2026-05-21 07:07:28.686 +0530] [PROCESS] [cadence.virtuoso.ade.simulationMonitor] - Current memory used: 37.3945 MBytes, peak memory used: 53.8125 MBytes {"hostname": "vlsi06.blr.amrita.edu", "processid": 1983583, "history": "ExplorerRun.0", "testname": "hanus_pll_loop_1", "cornername": "Nominal", "point": 1, "logfile": "/home/train/Downloads/hanupro_2tb_pll/hanupro/logs_train/logs2/Job22.log"}
[2026-05-21 07:07:28.686 +0530] [PROCESS] [cadence.virtuoso.ade.simulationMonitor] - Simulation Monitor process exit. {"hostname": "vlsi06.blr.amrita.edu", "processid": 1983583, "history": "ExplorerRun.0", "testname": "hanus_pll_loop_1", "cornername": "Nominal", "point": 1, "logfile": "/home/train/Downloads/hanupro_2tb_pll/hanupro/logs_train/logs2/Job22.log"}
