[Simulation Monitor: 30]
[2026-05-21 12:26:28.283 +0530] [PROCESS] [cadence.virtuoso.ade.simulationMonitor] - Simulation Monitor has successfully started up. Trying to set up communication channels to other components ... {"hostname": "vlsi06.blr.amrita.edu", "processid": 2985990, "logfile": "/home/train/Downloads/hanupro_2tb_pll/hanupro/logs_train/logs2/Job30.log"}
[2026-05-21 12:26:28.285 +0530] [PROCESS] [cadence.virtuoso.ade.simulationMonitor] - Communication channels have been successfully set up. Start processing events ... {"hostname": "vlsi06.blr.amrita.edu", "processid": 2985990, "logfile": "/home/train/Downloads/hanupro_2tb_pll/hanupro/logs_train/logs2/Job30.log"}
[2026-05-21 12:26:28.285 +0530] [PROCESS] [cadence.virtuoso.ade.simulationMonitor] - Considering to start history {"hostname": "vlsi06.blr.amrita.edu", "processid": 2985990, "history": "ExplorerRun.0", "logfile": "/home/train/Downloads/hanupro_2tb_pll/hanupro/logs_train/logs2/Job30.log"}
[2026-05-21 12:26:28.286 +0530] [PROCESS] [cadence.virtuoso.ade.simulationMonitor] - HostInfo:
Host name (type):	vlsi06.blr.amrita.edu (x86_64)
Operating system:	Linux 4.18.0-425.3.1.el8.x86_64 #1 SMP Fri Sep 30 11:45:06 EDT 2022 {"hostname": "vlsi06.blr.amrita.edu", "processid": 2985990, "history": "ExplorerRun.0", "logfile": "/home/train/Downloads/hanupro_2tb_pll/hanupro/logs_train/logs2/Job30.log", "nodename": "vlsi06.blr.amrita.edu", "domainname": "(none)", "machine": "x86_64", "sysname": "Linux", "release": "4.18.0-425.3.1.el8.x86_64", "version": "#1 SMP Fri Sep 30 11:45:06 EDT 2022"}
[2026-05-21 12:26:28.287 +0530] [PROCESS] [cadence.virtuoso.ade.simulationMonitor] - UsageInfo:
pid=2985990
totalPhysicalMemory=15.237446GB,Used=14.829086GB,totalVirtualMemory=46.487442GB,Used=16.272854GB
Cpu: Cores=12, Load average:1.040000,0.810000,1.700000 {"hostname": "vlsi06.blr.amrita.edu", "processid": 2985990, "history": "ExplorerRun.0", "logfile": "/home/train/Downloads/hanupro_2tb_pll/hanupro/logs_train/logs2/Job30.log", "pid": "2985990", "totalPhysicalMemory": "15.237446", "physicalMemoryUsed": "14.829086", "totalVirtualMemory": "46.487442", "virtualMemoryUsed": "16.272854", "cpuCores": "12", "processes": "1314", "loadAverage1": "1.040000", "loadAverage5": "0.810000", "loadAverage15": "1.700000", "loadAverage1Percent": "0.086667"}
[2026-05-21 12:26:28.287 +0530] [EVENT] [cadence.virtuoso.ade.simulationMonitor] - NewPoint {"history": "ExplorerRun.0", "point": 1, "testname": "hanus_pll_loop_1", "cornername": "Nominal", "event": "NewPoint", "EventSource": "Simulation Monitor", "HistoryName": "ExplorerRun.0", "logFile": "/home/train/Downloads/hanupro_2tb_pll/hanupro/logs_train/logs2/Job30.log", "logFileSize": "2321"}
[2026-05-21 12:26:28.387 +0530] [EVENT] [cadence.virtuoso.ade.simulationMonitor] - NewPoint {"history": "ExplorerRun.0", "point": 1, "testname": "hanus_pll_loop_1", "cornername": "Nominal", "event": "NewPoint", "EventSource": "spectre", "HistoryName": "ExplorerRun.0", "logFile": "/home/train/simulation/hanus/pll_loop_pss/maestro/results/maestro/ExplorerRun.0/1/hanus_pll_loop_1/psf/spectre.out", "logFileSize": "-1"}
[2026-05-21 12:26:28.391 +0530] [PROCESS] [cadence.virtuoso.ade.simulationMonitor] - Simulator launched {"hostname": "vlsi06.blr.amrita.edu", "processid": 2985990, "history": "ExplorerRun.0", "testname": "hanus_pll_loop_1", "cornername": "Nominal", "point": 1, "logfile": "/home/train/Downloads/hanupro_2tb_pll/hanupro/logs_train/logs2/Job30.log", "simid": "1"}
[2026-05-21 12:26:28.393 +0530] [PROCESS] [cadence.virtuoso.ade.simulationMonitor] - Expression evaluator launched {"hostname": "vlsi06.blr.amrita.edu", "processid": 2985990, "history": "ExplorerRun.0", "testname": "hanus_pll_loop_1", "cornername": "Nominal", "point": 1, "logfile": "/home/train/Downloads/hanupro_2tb_pll/hanupro/logs_train/logs2/Job30.log"}
[2026-05-21 12:26:28.398 +0530] [PROCESS] [cadence.virtuoso.ade.simulationMonitor] - Started Simulation {"hostname": "vlsi06.blr.amrita.edu", "processid": 2985990, "history": "ExplorerRun.0", "testname": "hanus_pll_loop_1", "cornername": "Nominal", "point": 1, "logfile": "/home/train/Downloads/hanupro_2tb_pll/hanupro/logs_train/logs2/Job30.log", "event": "started", "task": "simulation"}
[2026-05-21 12:26:32.899 +0530] [PROCESS] [cadence.virtuoso.ade.simulationMonitor] - Simulation cancelled {"hostname": "vlsi06.blr.amrita.edu", "processid": 2985990, "history": "ExplorerRun.0", "testname": "hanus_pll_loop_1", "cornername": "Nominal", "point": 1, "logfile": "/home/train/Downloads/hanupro_2tb_pll/hanupro/logs_train/logs2/Job30.log"}
[2026-05-21 12:26:32.899 +0530] [INFO] [cadence.virtuoso.ade.simulationMonitor] - SimulationMonitor has terminated the spectre process '2986102', reason: 'the simulation point gets cancelled by GUI' {"history": "ExplorerRun.0", "point": 1, "testname": "hanus_pll_loop_1", "cornername": "Nominal"}
[2026-05-21 12:26:32.900 +0530] [INFO] [cadence.virtuoso.ade.simulationMonitor] - Peak resident memory used = 144 Mbytes. {"history": "ExplorerRun.0", "point": 1, "testname": "hanus_pll_loop_1", "cornername": "Nominal"}
[2026-05-21 12:26:32.900 +0530] [INFO] [cadence.virtuoso.ade.simulationMonitor] - Peak resident memory used = 198 Mbytes. {"history": "ExplorerRun.0", "point": 1, "testname": "hanus_pll_loop_1", "cornername": "Nominal"}
[2026-05-21 12:26:32.900 +0530] [INFO] [cadence.virtuoso.ade.simulationMonitor] - Notice from spectre during hierarchy flattening.
    The value 'psf' specified for the 'checklimitdest' option will no longer be supported in future releases. Use 'spectre -h' to see other recommended values for the 'checklimitdest' option. {"history": "ExplorerRun.0", "point": 1, "testname": "hanus_pll_loop_1", "cornername": "Nominal"}
[2026-05-21 12:26:33.002 +0530] [PROCESS] [cadence.virtuoso.ade.simulationMonitor] - Finished simulating for one point {"hostname": "vlsi06.blr.amrita.edu", "processid": 2985990, "history": "ExplorerRun.0", "testname": "hanus_pll_loop_1", "cornername": "Nominal", "point": 1, "logfile": "/home/train/Downloads/hanupro_2tb_pll/hanupro/logs_train/logs2/Job30.log", "simid": "1"}
[2026-05-21 12:26:33.002 +0530] [PROCESS] [cadence.virtuoso.ade.simulationMonitor] - Simulator exited {"hostname": "vlsi06.blr.amrita.edu", "processid": 2985990, "history": "ExplorerRun.0", "testname": "hanus_pll_loop_1", "cornername": "Nominal", "point": 1, "logfile": "/home/train/Downloads/hanupro_2tb_pll/hanupro/logs_train/logs2/Job30.log", "exitStatus": "0"}
[2026-05-21 12:26:33.002 +0530] [PROCESS] [cadence.virtuoso.ade.simulationMonitor] - Finished Simulation {"hostname": "vlsi06.blr.amrita.edu", "processid": 2985990, "history": "ExplorerRun.0", "testname": "hanus_pll_loop_1", "cornername": "Nominal", "point": 1, "logfile": "/home/train/Downloads/hanupro_2tb_pll/hanupro/logs_train/logs2/Job30.log", "simid": "1"}
[2026-05-21 12:26:49.824 +0530] [INFO] [cadence.virtuoso.ade.simulationMonitor] - SimulationMonitor has terminated the vds process '2986103', reason: 'Force to stop the expression evalutor process because of new run' {"history": "ExplorerRun.0", "point": 1, "testname": "hanus_pll_loop_1", "cornername": "Nominal"}
[2026-05-21 12:26:49.825 +0530] [PROCESS] [cadence.virtuoso.ade.simulationMonitor] - HostInfo:
Host name (type):	vlsi06.blr.amrita.edu (x86_64)
Operating system:	Linux 4.18.0-425.3.1.el8.x86_64 #1 SMP Fri Sep 30 11:45:06 EDT 2022 {"hostname": "vlsi06.blr.amrita.edu", "processid": 2985990, "history": "ExplorerRun.0", "testname": "hanus_pll_loop_1", "cornername": "Nominal", "point": 1, "logfile": "/home/train/Downloads/hanupro_2tb_pll/hanupro/logs_train/logs2/Job30.log", "nodename": "vlsi06.blr.amrita.edu", "domainname": "(none)", "machine": "x86_64", "sysname": "Linux", "release": "4.18.0-425.3.1.el8.x86_64", "version": "#1 SMP Fri Sep 30 11:45:06 EDT 2022"}
[2026-05-21 12:26:49.825 +0530] [PROCESS] [cadence.virtuoso.ade.simulationMonitor] - UsageInfo:
pid=2985990
totalPhysicalMemory=15.237446GB,Used=14.727226GB,totalVirtualMemory=46.487442GB,Used=16.170994GB
Cpu: Cores=12, Load average:1.990000,1.040000,1.750000 {"hostname": "vlsi06.blr.amrita.edu", "processid": 2985990, "history": "ExplorerRun.0", "testname": "hanus_pll_loop_1", "cornername": "Nominal", "point": 1, "logfile": "/home/train/Downloads/hanupro_2tb_pll/hanupro/logs_train/logs2/Job30.log", "pid": "2985990", "totalPhysicalMemory": "15.237446", "physicalMemoryUsed": "14.727226", "totalVirtualMemory": "46.487442", "virtualMemoryUsed": "16.170994", "cpuCores": "12", "processes": "1324", "loadAverage1": "1.990000", "loadAverage5": "1.040000", "loadAverage15": "1.750000", "loadAverage1Percent": "0.165833"}
[2026-05-21 12:26:49.825 +0530] [EVENT] [cadence.virtuoso.ade.simulationMonitor] - NewPoint {"history": "ExplorerRun.0", "point": 1, "testname": "hanus_pll_loop_1", "cornername": "Nominal", "event": "NewPoint", "EventSource": "Simulation Monitor", "HistoryName": "ExplorerRun.0", "logFile": "/home/train/Downloads/hanupro_2tb_pll/hanupro/logs_train/logs2/Job30.log", "logFileSize": "8656"}
[2026-05-21 12:26:49.926 +0530] [EVENT] [cadence.virtuoso.ade.simulationMonitor] - NewPoint {"history": "ExplorerRun.0", "point": 1, "testname": "hanus_pll_loop_1", "cornername": "Nominal", "event": "NewPoint", "EventSource": "spectre", "HistoryName": "ExplorerRun.0", "logFile": "/home/train/simulation/hanus/pll_loop_pss/maestro/results/maestro/ExplorerRun.0/1/hanus_pll_loop_1/psf/spectre.out", "logFileSize": "-1"}
[2026-05-21 12:26:49.929 +0530] [PROCESS] [cadence.virtuoso.ade.simulationMonitor] - Simulator launched {"hostname": "vlsi06.blr.amrita.edu", "processid": 2985990, "history": "ExplorerRun.0", "testname": "hanus_pll_loop_1", "cornername": "Nominal", "point": 1, "logfile": "/home/train/Downloads/hanupro_2tb_pll/hanupro/logs_train/logs2/Job30.log", "simid": "2"}
[2026-05-21 12:26:49.930 +0530] [PROCESS] [cadence.virtuoso.ade.simulationMonitor] - Expression evaluator launched {"hostname": "vlsi06.blr.amrita.edu", "processid": 2985990, "history": "ExplorerRun.0", "testname": "hanus_pll_loop_1", "cornername": "Nominal", "point": 1, "logfile": "/home/train/Downloads/hanupro_2tb_pll/hanupro/logs_train/logs2/Job30.log"}
[2026-05-21 12:26:49.935 +0530] [PROCESS] [cadence.virtuoso.ade.simulationMonitor] - Started Simulation {"hostname": "vlsi06.blr.amrita.edu", "processid": 2985990, "history": "ExplorerRun.0", "testname": "hanus_pll_loop_1", "cornername": "Nominal", "point": 1, "logfile": "/home/train/Downloads/hanupro_2tb_pll/hanupro/logs_train/logs2/Job30.log", "event": "started", "task": "simulation"}
[2026-05-21 12:26:53.435 +0530] [INFO] [cadence.virtuoso.ade.simulationMonitor] - Peak resident memory used = 142 Mbytes. {"history": "ExplorerRun.0", "point": 1, "testname": "hanus_pll_loop_1", "cornername": "Nominal"}
[2026-05-21 12:26:53.436 +0530] [INFO] [cadence.virtuoso.ade.simulationMonitor] - Peak resident memory used = 197 Mbytes. {"history": "ExplorerRun.0", "point": 1, "testname": "hanus_pll_loop_1", "cornername": "Nominal"}
[2026-05-21 12:26:53.436 +0530] [INFO] [cadence.virtuoso.ade.simulationMonitor] - Notice from spectre during hierarchy flattening.
    The value 'psf' specified for the 'checklimitdest' option will no longer be supported in future releases. Use 'spectre -h' to see other recommended values for the 'checklimitdest' option. {"history": "ExplorerRun.0", "point": 1, "testname": "hanus_pll_loop_1", "cornername": "Nominal"}
[2026-05-21 12:26:53.936 +0530] [INFO] [cadence.virtuoso.ade.simulationMonitor] - Peak resident memory used = 220 Mbytes. {"history": "ExplorerRun.0", "point": 1, "testname": "hanus_pll_loop_1", "cornername": "Nominal"}
[2026-05-21 12:26:54.493 +0530] [INFO] [cadence.virtuoso.ade.simulationMonitor] -               nodes 5227 {"history": "ExplorerRun.0", "point": 1, "testname": "hanus_pll_loop_1", "cornername": "Nominal"}
[2026-05-21 12:26:54.493 +0530] [INFO] [cadence.virtuoso.ade.simulationMonitor] - Notice from spectre during initial setup.
    APS enabled. {"history": "ExplorerRun.0", "point": 1, "testname": "hanus_pll_loop_1", "cornername": "Nominal"}
[2026-05-21 12:26:54.994 +0530] [INFO] [cadence.virtuoso.ade.simulationMonitor] - Notice from spectre.
    Multithreading enabled: 8 threads in the system with 12 available processors. {"history": "ExplorerRun.0", "point": 1, "testname": "hanus_pll_loop_1", "cornername": "Nominal"}
[2026-05-21 12:26:54.994 +0530] [INFO] [cadence.virtuoso.ade.simulationMonitor] - Peak resident memory used = 237 Mbytes. {"history": "ExplorerRun.0", "point": 1, "testname": "hanus_pll_loop_1", "cornername": "Nominal"}
[2026-05-21 12:26:54.994 +0530] [INFO] [cadence.virtuoso.ade.simulationMonitor] -    -   (APS) Multi-threading. The recommended number of threads is 8, consider adding +mt=8 on command line. {"history": "ExplorerRun.0", "point": 1, "testname": "hanus_pll_loop_1", "cornername": "Nominal"}
[2026-05-21 12:26:55.994 +0530] [WARN] [cadence.virtuoso.ade.simulationMonitor] -     WARNING (SPECTRE-8301): line 6: Unknown node `net1' will be ignored. {"history": "ExplorerRun.0", "point": 1, "testname": "hanus_pll_loop_1", "cornername": "Nominal"}
[2026-05-21 12:26:55.995 +0530] [WARN] [cadence.virtuoso.ade.simulationMonitor] -     WARNING (SPECTRE-8301): line 6: Unknown node `net1' will be ignored. {"history": "ExplorerRun.0", "point": 1, "testname": "hanus_pll_loop_1", "cornername": "Nominal"}
[2026-05-21 12:26:55.995 +0530] [INFO] [cadence.virtuoso.ade.simulationMonitor] - Notice from spectre during periodic steady state analysis `pss'.
    There are 5229 IC nodes defined.
    No outputs were found. Loosening output filter criterion to `allpub'. {"history": "ExplorerRun.0", "point": 1, "testname": "hanus_pll_loop_1", "cornername": "Nominal"}
[2026-05-21 12:27:04.580 +0530] [PROCESS] [cadence.virtuoso.ade.simulationMonitor] - Simulation cancelled {"hostname": "vlsi06.blr.amrita.edu", "processid": 2985990, "history": "ExplorerRun.0", "testname": "hanus_pll_loop_1", "cornername": "Nominal", "point": 1, "logfile": "/home/train/Downloads/hanupro_2tb_pll/hanupro/logs_train/logs2/Job30.log"}
[2026-05-21 12:27:04.580 +0530] [INFO] [cadence.virtuoso.ade.simulationMonitor] - SimulationMonitor has terminated the spectre process '2988512', reason: 'the simulation point gets cancelled by GUI' {"history": "ExplorerRun.0", "point": 1, "testname": "hanus_pll_loop_1", "cornername": "Nominal"}
[2026-05-21 12:27:04.750 +0530] [PROCESS] [cadence.virtuoso.ade.simulationMonitor] - Finished simulating for one point {"hostname": "vlsi06.blr.amrita.edu", "processid": 2985990, "history": "ExplorerRun.0", "testname": "hanus_pll_loop_1", "cornername": "Nominal", "point": 1, "logfile": "/home/train/Downloads/hanupro_2tb_pll/hanupro/logs_train/logs2/Job30.log", "simid": "2"}
[2026-05-21 12:27:04.751 +0530] [PROCESS] [cadence.virtuoso.ade.simulationMonitor] - Simulator exited {"hostname": "vlsi06.blr.amrita.edu", "processid": 2985990, "history": "ExplorerRun.0", "testname": "hanus_pll_loop_1", "cornername": "Nominal", "point": 1, "logfile": "/home/train/Downloads/hanupro_2tb_pll/hanupro/logs_train/logs2/Job30.log", "exitStatus": "0"}
[2026-05-21 12:27:04.751 +0530] [PROCESS] [cadence.virtuoso.ade.simulationMonitor] - Finished Simulation {"hostname": "vlsi06.blr.amrita.edu", "processid": 2985990, "history": "ExplorerRun.0", "testname": "hanus_pll_loop_1", "cornername": "Nominal", "point": 1, "logfile": "/home/train/Downloads/hanupro_2tb_pll/hanupro/logs_train/logs2/Job30.log", "simid": "2"}
[2026-05-21 12:27:04.756 +0530] [PROCESS] [cadence.virtuoso.ade.simulationMonitor] - Point Finished {"hostname": "vlsi06.blr.amrita.edu", "processid": 2985990, "history": "ExplorerRun.0", "testname": "hanus_pll_loop_1", "cornername": "Nominal", "point": 1, "logfile": "/home/train/Downloads/hanupro_2tb_pll/hanupro/logs_train/logs2/Job30.log"}
[2026-05-21 12:30:52.331 +0530] [INFO] [cadence.virtuoso.ade.simulationMonitor] - SimulationMonitor has terminated the vds process '2988513', reason: 'Force to stop the expression evalutor process because of new run' {"history": "ExplorerRun.0", "point": 1, "testname": "hanus_pll_loop_1", "cornername": "Nominal"}
[2026-05-21 12:30:52.331 +0530] [PROCESS] [cadence.virtuoso.ade.simulationMonitor] - HostInfo:
Host name (type):	vlsi06.blr.amrita.edu (x86_64)
Operating system:	Linux 4.18.0-425.3.1.el8.x86_64 #1 SMP Fri Sep 30 11:45:06 EDT 2022 {"hostname": "vlsi06.blr.amrita.edu", "processid": 2985990, "history": "ExplorerRun.0", "testname": "hanus_pll_loop_1", "cornername": "Nominal", "point": 1, "logfile": "/home/train/Downloads/hanupro_2tb_pll/hanupro/logs_train/logs2/Job30.log", "nodename": "vlsi06.blr.amrita.edu", "domainname": "(none)", "machine": "x86_64", "sysname": "Linux", "release": "4.18.0-425.3.1.el8.x86_64", "version": "#1 SMP Fri Sep 30 11:45:06 EDT 2022"}
[2026-05-21 12:30:52.331 +0530] [PROCESS] [cadence.virtuoso.ade.simulationMonitor] - UsageInfo:
pid=2985990
totalPhysicalMemory=15.237446GB,Used=14.503696GB,totalVirtualMemory=46.487442GB,Used=15.946976GB
Cpu: Cores=12, Load average:1.840000,1.510000,1.790000 {"hostname": "vlsi06.blr.amrita.edu", "processid": 2985990, "history": "ExplorerRun.0", "testname": "hanus_pll_loop_1", "cornername": "Nominal", "point": 1, "logfile": "/home/train/Downloads/hanupro_2tb_pll/hanupro/logs_train/logs2/Job30.log", "pid": "2985990", "totalPhysicalMemory": "15.237446", "physicalMemoryUsed": "14.503696", "totalVirtualMemory": "46.487442", "virtualMemoryUsed": "15.946976", "cpuCores": "12", "processes": "1307", "loadAverage1": "1.840000", "loadAverage5": "1.510000", "loadAverage15": "1.790000", "loadAverage1Percent": "0.153333"}
[2026-05-21 12:30:52.332 +0530] [EVENT] [cadence.virtuoso.ade.simulationMonitor] - NewPoint {"history": "ExplorerRun.0", "point": 1, "testname": "hanus_pll_loop_1", "cornername": "Nominal", "event": "NewPoint", "EventSource": "Simulation Monitor", "HistoryName": "ExplorerRun.0", "logFile": "/home/train/Downloads/hanupro_2tb_pll/hanupro/logs_train/logs2/Job30.log", "logFileSize": "16166"}
[2026-05-21 12:30:52.433 +0530] [EVENT] [cadence.virtuoso.ade.simulationMonitor] - NewPoint {"history": "ExplorerRun.0", "point": 1, "testname": "hanus_pll_loop_1", "cornername": "Nominal", "event": "NewPoint", "EventSource": "spectre", "HistoryName": "ExplorerRun.0", "logFile": "/home/train/simulation/hanus/pll_loop_pss/maestro/results/maestro/ExplorerRun.0/1/hanus_pll_loop_1/psf/spectre.out", "logFileSize": "-1"}
[2026-05-21 12:30:52.436 +0530] [PROCESS] [cadence.virtuoso.ade.simulationMonitor] - Simulator launched {"hostname": "vlsi06.blr.amrita.edu", "processid": 2985990, "history": "ExplorerRun.0", "testname": "hanus_pll_loop_1", "cornername": "Nominal", "point": 1, "logfile": "/home/train/Downloads/hanupro_2tb_pll/hanupro/logs_train/logs2/Job30.log", "simid": "3"}
[2026-05-21 12:30:52.439 +0530] [PROCESS] [cadence.virtuoso.ade.simulationMonitor] - Expression evaluator launched {"hostname": "vlsi06.blr.amrita.edu", "processid": 2985990, "history": "ExplorerRun.0", "testname": "hanus_pll_loop_1", "cornername": "Nominal", "point": 1, "logfile": "/home/train/Downloads/hanupro_2tb_pll/hanupro/logs_train/logs2/Job30.log"}
[2026-05-21 12:30:52.443 +0530] [PROCESS] [cadence.virtuoso.ade.simulationMonitor] - Started Simulation {"hostname": "vlsi06.blr.amrita.edu", "processid": 2985990, "history": "ExplorerRun.0", "testname": "hanus_pll_loop_1", "cornername": "Nominal", "point": 1, "logfile": "/home/train/Downloads/hanupro_2tb_pll/hanupro/logs_train/logs2/Job30.log", "event": "started", "task": "simulation"}
[2026-05-21 12:30:55.444 +0530] [INFO] [cadence.virtuoso.ade.simulationMonitor] - Peak resident memory used = 141 Mbytes. {"history": "ExplorerRun.0", "point": 1, "testname": "hanus_pll_loop_1", "cornername": "Nominal"}
[2026-05-21 12:30:55.944 +0530] [INFO] [cadence.virtuoso.ade.simulationMonitor] - Peak resident memory used = 196 Mbytes. {"history": "ExplorerRun.0", "point": 1, "testname": "hanus_pll_loop_1", "cornername": "Nominal"}
[2026-05-21 12:30:55.944 +0530] [INFO] [cadence.virtuoso.ade.simulationMonitor] - Notice from spectre during hierarchy flattening.
    The value 'psf' specified for the 'checklimitdest' option will no longer be supported in future releases. Use 'spectre -h' to see other recommended values for the 'checklimitdest' option. {"history": "ExplorerRun.0", "point": 1, "testname": "hanus_pll_loop_1", "cornername": "Nominal"}
[2026-05-21 12:30:55.944 +0530] [INFO] [cadence.virtuoso.ade.simulationMonitor] - Peak resident memory used = 219 Mbytes. {"history": "ExplorerRun.0", "point": 1, "testname": "hanus_pll_loop_1", "cornername": "Nominal"}
[2026-05-21 12:30:56.445 +0530] [INFO] [cadence.virtuoso.ade.simulationMonitor] -               nodes 5227 {"history": "ExplorerRun.0", "point": 1, "testname": "hanus_pll_loop_1", "cornername": "Nominal"}
[2026-05-21 12:30:56.445 +0530] [INFO] [cadence.virtuoso.ade.simulationMonitor] - Notice from spectre during initial setup.
    APS enabled. {"history": "ExplorerRun.0", "point": 1, "testname": "hanus_pll_loop_1", "cornername": "Nominal"}
[2026-05-21 12:30:58.002 +0530] [INFO] [cadence.virtuoso.ade.simulationMonitor] - Notice from spectre.
    Multithreading enabled: 8 threads in the system with 12 available processors. {"history": "ExplorerRun.0", "point": 1, "testname": "hanus_pll_loop_1", "cornername": "Nominal"}
[2026-05-21 12:30:58.003 +0530] [INFO] [cadence.virtuoso.ade.simulationMonitor] - Peak resident memory used = 237 Mbytes. {"history": "ExplorerRun.0", "point": 1, "testname": "hanus_pll_loop_1", "cornername": "Nominal"}
[2026-05-21 12:30:58.003 +0530] [INFO] [cadence.virtuoso.ade.simulationMonitor] -    -   (APS) Multi-threading. The recommended number of threads is 8, consider adding +mt=8 on command line. {"history": "ExplorerRun.0", "point": 1, "testname": "hanus_pll_loop_1", "cornername": "Nominal"}
[2026-05-21 12:30:58.503 +0530] [WARN] [cadence.virtuoso.ade.simulationMonitor] -     WARNING (SPECTRE-8301): line 6: Unknown node `net1' will be ignored. {"history": "ExplorerRun.0", "point": 1, "testname": "hanus_pll_loop_1", "cornername": "Nominal"}
[2026-05-21 12:30:58.503 +0530] [WARN] [cadence.virtuoso.ade.simulationMonitor] -     WARNING (SPECTRE-8301): line 6: Unknown node `net1' will be ignored. {"history": "ExplorerRun.0", "point": 1, "testname": "hanus_pll_loop_1", "cornername": "Nominal"}
[2026-05-21 12:30:58.504 +0530] [INFO] [cadence.virtuoso.ade.simulationMonitor] - Notice from spectre during periodic steady state analysis `pss'.
    There are 5229 IC nodes defined.
    No outputs were found. Loosening output filter criterion to `allpub'. {"history": "ExplorerRun.0", "point": 1, "testname": "hanus_pll_loop_1", "cornername": "Nominal"}
[2026-05-21 12:49:29.925 +0530] [INFO] [cadence.virtuoso.ade.simulationMonitor] - Total time required for tstab analysis `pss': CPU = 8.30567 ks (2h 18m 26s), elapsed = 1.11149 ks (18m  31.5s). {"history": "ExplorerRun.0", "point": 1, "testname": "hanus_pll_loop_1", "cornername": "Nominal"}
[2026-05-21 12:49:29.925 +0530] [INFO] [cadence.virtuoso.ade.simulationMonitor] - Peak resident memory used = 245 Mbytes. {"history": "ExplorerRun.0", "point": 1, "testname": "hanus_pll_loop_1", "cornername": "Nominal"}
[2026-05-21 12:51:02.408 +0530] [ERROR] [cadence.virtuoso.ade.simulationMonitor] - Fatal error found by spectre at time = 528.002 ns during periodic steady state analysis `pss'.
    FATAL (CMI-2002): Insufficient memory available. Try using the 64-bit executable or another machine with better memory configuration. Alternatively, use the 'ulimit' or 'unlimit' command to adjust the memory limitations. For more information on optimizing memory usage when using SpectreRF, see spectre -h rfmemory or the "Tips for Reducing Memory Usage with SpectreRF (rfmemory)" section in the "Spectre Circuit... {"history": "ExplorerRun.0", "point": 1, "testname": "hanus_pll_loop_1", "cornername": "Nominal"}
[2026-05-21 12:51:02.445 +0530] [ERROR] [cadence.virtuoso.ade.simulationMonitor] -     FATAL (CMI-2002): Insufficient memory available. Try using the 64-bit executable or another machine with better memory configuration. Alternatively, use the 'ulimit' or 'unlimit' command to adjust the memory limitations. For more information on optimizing memory usage when using SpectreRF, see spectre -h rfmemory or the "Tips for Reducing Memory Usage with SpectreRF (rfmemory)" section in the "Spectre Circuit Simulator Reference" manual.  {"history": "ExplorerRun.0", "point": 1, "testname": "hanus_pll_loop_1", "cornername": "Nominal"}
[2026-05-21 12:51:02.945 +0530] [INFO] [cadence.virtuoso.ade.simulationMonitor] - Time used: CPU = 8.83 ks (2h 27m 11s), elapsed = 1.21 ks (20m  9.7s), util. = 730%. {"history": "ExplorerRun.0", "point": 1, "testname": "hanus_pll_loop_1", "cornername": "Nominal"}
[2026-05-21 12:51:02.946 +0530] [INFO] [cadence.virtuoso.ade.simulationMonitor] - Time spent in licensing: elapsed = 4.18 s. {"history": "ExplorerRun.0", "point": 1, "testname": "hanus_pll_loop_1", "cornername": "Nominal"}
[2026-05-21 12:51:02.952 +0530] [INFO] [cadence.virtuoso.ade.simulationMonitor] - Peak memory used = 11.9 Gbytes. {"history": "ExplorerRun.0", "point": 1, "testname": "hanus_pll_loop_1", "cornername": "Nominal"}
[2026-05-21 12:51:02.952 +0530] [PROCESS] [cadence.virtuoso.ade.simulationMonitor] - Simulation started at: 12:30:52 PM, Thur May 21, 2026, ended at: 12:51:02 PM, Thur May 21, 2026, with elapsed time (wall clock): 1.21 ks (20m  9.7s). {"history": "ExplorerRun.0", "point": 1, "testname": "hanus_pll_loop_1", "cornername": "Nominal"}
[2026-05-21 12:51:02.952 +0530] [PROCESS] [cadence.virtuoso.ade.simulationMonitor] - spectre completes with 1 error, 2 warnings, and 6 notices. {"history": "ExplorerRun.0", "point": 1, "testname": "hanus_pll_loop_1", "cornername": "Nominal"}
[2026-05-21 12:51:02.952 +0530] [FATAL] [cadence.virtuoso.ade.simulationMonitor] - spectre terminated prematurely due to fatal error. {"history": "ExplorerRun.0", "point": 1, "testname": "hanus_pll_loop_1", "cornername": "Nominal"}
[2026-05-21 12:51:04.452 +0530] [PROCESS] [cadence.virtuoso.ade.simulationMonitor] - Finished simulating for one point {"hostname": "vlsi06.blr.amrita.edu", "processid": 2985990, "history": "ExplorerRun.0", "testname": "hanus_pll_loop_1", "cornername": "Nominal", "point": 1, "logfile": "/home/train/Downloads/hanupro_2tb_pll/hanupro/logs_train/logs2/Job30.log", "simid": "3"}
[2026-05-21 12:51:04.462 +0530] [ERROR] [cadence.virtuoso.ade.simulationMonitor] - While simulating run ExplorerRun.0, point 1, test hanus_pll_loop_1, received error:
Simulation Error:
 The simulator process returned a non-zero exit code, indicating failure.
The simulator could have crashed or intentionally returned to indicate an error.
Check the simulator log file for more information.  Common causes:
1. Simulator may have crashed during exit even after reporting success in log file.
2. Abrupt automatic simulator termination (e.g., SIGKILL) because the simulator process has
   exceeded... {"history": "ExplorerRun.0", "point": 1, "testname": "hanus_pll_loop_1", "cornername": "Nominal"}
[2026-05-21 12:51:04.462 +0530] [PROCESS] [cadence.virtuoso.ade.simulationMonitor] - Finished Simulation {"hostname": "vlsi06.blr.amrita.edu", "processid": 2985990, "history": "ExplorerRun.0", "testname": "hanus_pll_loop_1", "cornername": "Nominal", "point": 1, "logfile": "/home/train/Downloads/hanupro_2tb_pll/hanupro/logs_train/logs2/Job30.log", "simid": "3"}
[2026-05-21 12:51:04.466 +0530] [PROCESS] [cadence.virtuoso.ade.simulationMonitor] - Expression evaluator launched {"hostname": "vlsi06.blr.amrita.edu", "processid": 2985990, "history": "ExplorerRun.0", "testname": "hanus_pll_loop_1", "cornername": "Nominal", "point": 1, "logfile": "/home/train/Downloads/hanupro_2tb_pll/hanupro/logs_train/logs2/Job30.log"}
[2026-05-21 12:51:11.472 +0530] [PROCESS] [cadence.virtuoso.ade.simulationMonitor] - Point Finished {"hostname": "vlsi06.blr.amrita.edu", "processid": 2985990, "history": "ExplorerRun.0", "testname": "hanus_pll_loop_1", "cornername": "Nominal", "point": 1, "logfile": "/home/train/Downloads/hanupro_2tb_pll/hanupro/logs_train/logs2/Job30.log"}
[2026-05-21 12:56:12.275 +0530] [PROCESS] [cadence.virtuoso.ade.simulationMonitor] - Current memory used: 18.5352 MBytes, peak memory used: 52.5938 MBytes {"hostname": "vlsi06.blr.amrita.edu", "processid": 2985990, "history": "ExplorerRun.0", "testname": "hanus_pll_loop_1", "cornername": "Nominal", "point": 1, "logfile": "/home/train/Downloads/hanupro_2tb_pll/hanupro/logs_train/logs2/Job30.log"}
[2026-05-21 12:56:12.275 +0530] [PROCESS] [cadence.virtuoso.ade.simulationMonitor] - Simulation Monitor process exit. {"hostname": "vlsi06.blr.amrita.edu", "processid": 2985990, "history": "ExplorerRun.0", "testname": "hanus_pll_loop_1", "cornername": "Nominal", "point": 1, "logfile": "/home/train/Downloads/hanupro_2tb_pll/hanupro/logs_train/logs2/Job30.log"}
