[Simulation Monitor: 6]
[2026-05-20 16:55:17.189 +0530] [PROCESS] [cadence.virtuoso.ade.simulationMonitor] - Simulation Monitor has successfully started up. Trying to set up communication channels to other components ... {"hostname": "vlsi06.blr.amrita.edu", "processid": 270387, "logfile": "/home/train/Downloads/hanupro_2tb_pll/hanupro/logs_train/logs2/Job6.log"}
[2026-05-20 16:55:17.191 +0530] [PROCESS] [cadence.virtuoso.ade.simulationMonitor] - Communication channels have been successfully set up. Start processing events ... {"hostname": "vlsi06.blr.amrita.edu", "processid": 270387, "logfile": "/home/train/Downloads/hanupro_2tb_pll/hanupro/logs_train/logs2/Job6.log"}
[2026-05-20 16:55:17.191 +0530] [PROCESS] [cadence.virtuoso.ade.simulationMonitor] - Considering to start history {"hostname": "vlsi06.blr.amrita.edu", "processid": 270387, "history": "ExplorerRun.0", "logfile": "/home/train/Downloads/hanupro_2tb_pll/hanupro/logs_train/logs2/Job6.log"}
[2026-05-20 16:55:17.192 +0530] [PROCESS] [cadence.virtuoso.ade.simulationMonitor] - HostInfo:
Host name (type):	vlsi06.blr.amrita.edu (x86_64)
Operating system:	Linux 4.18.0-425.3.1.el8.x86_64 #1 SMP Fri Sep 30 11:45:06 EDT 2022 {"hostname": "vlsi06.blr.amrita.edu", "processid": 270387, "history": "ExplorerRun.0", "logfile": "/home/train/Downloads/hanupro_2tb_pll/hanupro/logs_train/logs2/Job6.log", "nodename": "vlsi06.blr.amrita.edu", "domainname": "(none)", "machine": "x86_64", "sysname": "Linux", "release": "4.18.0-425.3.1.el8.x86_64", "version": "#1 SMP Fri Sep 30 11:45:06 EDT 2022"}
[2026-05-20 16:55:17.193 +0530] [PROCESS] [cadence.virtuoso.ade.simulationMonitor] - UsageInfo:
pid=270387
totalPhysicalMemory=15.237446GB,Used=4.679405GB,totalVirtualMemory=46.487442GB,Used=5.290733GB
Cpu: Cores=12, Load average:0.780000,0.690000,1.570000 {"hostname": "vlsi06.blr.amrita.edu", "processid": 270387, "history": "ExplorerRun.0", "logfile": "/home/train/Downloads/hanupro_2tb_pll/hanupro/logs_train/logs2/Job6.log", "pid": "270387", "totalPhysicalMemory": "15.237446", "physicalMemoryUsed": "4.679405", "totalVirtualMemory": "46.487442", "virtualMemoryUsed": "5.290733", "cpuCores": "12", "processes": "1175", "loadAverage1": "0.780000", "loadAverage5": "0.690000", "loadAverage15": "1.570000", "loadAverage1Percent": "0.065000"}
[2026-05-20 16:55:17.193 +0530] [EVENT] [cadence.virtuoso.ade.simulationMonitor] - NewPoint {"history": "ExplorerRun.0", "point": 1, "testname": "hanus_pll_loop_1", "cornername": "Nominal", "event": "NewPoint", "EventSource": "Simulation Monitor", "HistoryName": "ExplorerRun.0", "logFile": "/home/train/Downloads/hanupro_2tb_pll/hanupro/logs_train/logs2/Job6.log", "logFileSize": "2304"}
[2026-05-20 16:55:17.294 +0530] [EVENT] [cadence.virtuoso.ade.simulationMonitor] - NewPoint {"history": "ExplorerRun.0", "point": 1, "testname": "hanus_pll_loop_1", "cornername": "Nominal", "event": "NewPoint", "EventSource": "spectre", "HistoryName": "ExplorerRun.0", "logFile": "/home/train/simulation/hanus/pll_loop_pss/maestro/results/maestro/ExplorerRun.0/1/hanus_pll_loop_1/psf/spectre.out", "logFileSize": "-1"}
[2026-05-20 16:55:17.297 +0530] [PROCESS] [cadence.virtuoso.ade.simulationMonitor] - Simulator launched {"hostname": "vlsi06.blr.amrita.edu", "processid": 270387, "history": "ExplorerRun.0", "testname": "hanus_pll_loop_1", "cornername": "Nominal", "point": 1, "logfile": "/home/train/Downloads/hanupro_2tb_pll/hanupro/logs_train/logs2/Job6.log", "simid": "1"}
[2026-05-20 16:55:17.299 +0530] [PROCESS] [cadence.virtuoso.ade.simulationMonitor] - Expression evaluator launched {"hostname": "vlsi06.blr.amrita.edu", "processid": 270387, "history": "ExplorerRun.0", "testname": "hanus_pll_loop_1", "cornername": "Nominal", "point": 1, "logfile": "/home/train/Downloads/hanupro_2tb_pll/hanupro/logs_train/logs2/Job6.log"}
[2026-05-20 16:55:17.303 +0530] [PROCESS] [cadence.virtuoso.ade.simulationMonitor] - Started Simulation {"hostname": "vlsi06.blr.amrita.edu", "processid": 270387, "history": "ExplorerRun.0", "testname": "hanus_pll_loop_1", "cornername": "Nominal", "point": 1, "logfile": "/home/train/Downloads/hanupro_2tb_pll/hanupro/logs_train/logs2/Job6.log", "event": "started", "task": "simulation"}
[2026-05-20 16:55:19.804 +0530] [INFO] [cadence.virtuoso.ade.simulationMonitor] - Peak resident memory used = 151 Mbytes. {"history": "ExplorerRun.0", "point": 1, "testname": "hanus_pll_loop_1", "cornername": "Nominal"}
[2026-05-20 16:55:20.304 +0530] [INFO] [cadence.virtuoso.ade.simulationMonitor] - Peak resident memory used = 205 Mbytes. {"history": "ExplorerRun.0", "point": 1, "testname": "hanus_pll_loop_1", "cornername": "Nominal"}
[2026-05-20 16:55:20.305 +0530] [INFO] [cadence.virtuoso.ade.simulationMonitor] - Notice from spectre during hierarchy flattening.
    The value 'psf' specified for the 'checklimitdest' option will no longer be supported in future releases. Use 'spectre -h' to see other recommended values for the 'checklimitdest' option. {"history": "ExplorerRun.0", "point": 1, "testname": "hanus_pll_loop_1", "cornername": "Nominal"}
[2026-05-20 16:55:20.805 +0530] [INFO] [cadence.virtuoso.ade.simulationMonitor] - Peak resident memory used = 228 Mbytes. {"history": "ExplorerRun.0", "point": 1, "testname": "hanus_pll_loop_1", "cornername": "Nominal"}
[2026-05-20 16:55:20.805 +0530] [INFO] [cadence.virtuoso.ade.simulationMonitor] -               nodes 5227 {"history": "ExplorerRun.0", "point": 1, "testname": "hanus_pll_loop_1", "cornername": "Nominal"}
[2026-05-20 16:55:20.805 +0530] [INFO] [cadence.virtuoso.ade.simulationMonitor] - Notice from spectre during initial setup.
    APS enabled. {"history": "ExplorerRun.0", "point": 1, "testname": "hanus_pll_loop_1", "cornername": "Nominal"}
[2026-05-20 16:55:21.306 +0530] [INFO] [cadence.virtuoso.ade.simulationMonitor] - Notice from spectre.
    Multithreading enabled: 8 threads in the system with 12 available processors. {"history": "ExplorerRun.0", "point": 1, "testname": "hanus_pll_loop_1", "cornername": "Nominal"}
[2026-05-20 16:55:21.306 +0530] [INFO] [cadence.virtuoso.ade.simulationMonitor] - Peak resident memory used = 247 Mbytes. {"history": "ExplorerRun.0", "point": 1, "testname": "hanus_pll_loop_1", "cornername": "Nominal"}
[2026-05-20 16:55:21.306 +0530] [INFO] [cadence.virtuoso.ade.simulationMonitor] -    -   (APS) Multi-threading. The recommended number of threads is 8, consider adding +mt=8 on command line. {"history": "ExplorerRun.0", "point": 1, "testname": "hanus_pll_loop_1", "cornername": "Nominal"}
[2026-05-20 16:55:22.387 +0530] [WARN] [cadence.virtuoso.ade.simulationMonitor] -     WARNING (CMI-2015): Unable to open the ic file `/home/train/simulation/hanus/pll_loop_pss/maestro/results/maestro/ExplorerRun.0/1/hanus_pll_loop_1/netlist/spectre.ic'.
         Ensure that the specified file or directory exists. {"history": "ExplorerRun.0", "point": 1, "testname": "hanus_pll_loop_1", "cornername": "Nominal"}
[2026-05-20 16:55:22.387 +0530] [WARN] [cadence.virtuoso.ade.simulationMonitor] -     WARNING (CMI-2015): Unable to open the ic file `/home/train/simulation/hanus/pll_loop_pss/maestro/results/maestro/ExplorerRun.0/1/hanus_pll_loop_1/netlist/spectre.ic'.
         Ensure that the specified file or directory exists. {"history": "ExplorerRun.0", "point": 1, "testname": "hanus_pll_loop_1", "cornername": "Nominal"}
[2026-05-20 16:55:22.387 +0530] [INFO] [cadence.virtuoso.ade.simulationMonitor] - Notice from spectre during IC analysis, during periodic steady state analysis `pss'.
    There are 4 IC nodes defined. {"history": "ExplorerRun.0", "point": 1, "testname": "hanus_pll_loop_1", "cornername": "Nominal"}
[2026-05-20 16:55:40.094 +0530] [INFO] [cadence.virtuoso.ade.simulationMonitor] - Notice from spectre during IC analysis, during periodic steady state analysis `pss'.
    Bad pivoting is found during DC analysis. Option dc_pivot_check=yes is recommended for possible improvement of convergence.
    Initial condition computed for node vout4- is in error by 4.12139 uV.
    Initial condition computed for node vout2+ is in error by 4.12099 uV.
    Initial condition computed for node vout4+ is in error by 2.84602 mV (237.168 m%).
    Initial condition computed for node vout2- is in error by 2... {"history": "ExplorerRun.0", "point": 1, "testname": "hanus_pll_loop_1", "cornername": "Nominal"}
[2026-05-20 16:57:59.039 +0530] [INFO] [cadence.virtuoso.ade.simulationMonitor] - Total time required for tstab analysis `pss': CPU = 972.569 s (16m  12.6s), elapsed = 138.603 s (2m  18.6s). {"history": "ExplorerRun.0", "point": 1, "testname": "hanus_pll_loop_1", "cornername": "Nominal"}
[2026-05-20 16:57:59.039 +0530] [INFO] [cadence.virtuoso.ade.simulationMonitor] - Peak resident memory used = 265 Mbytes. {"history": "ExplorerRun.0", "point": 1, "testname": "hanus_pll_loop_1", "cornername": "Nominal"}
[2026-05-20 16:58:44.665 +0530] [PROCESS] [cadence.virtuoso.ade.simulationMonitor] - Simulation cancelled {"hostname": "vlsi06.blr.amrita.edu", "processid": 270387, "history": "ExplorerRun.0", "testname": "hanus_pll_loop_1", "cornername": "Nominal", "point": 1, "logfile": "/home/train/Downloads/hanupro_2tb_pll/hanupro/logs_train/logs2/Job6.log"}
[2026-05-20 16:58:44.666 +0530] [INFO] [cadence.virtuoso.ade.simulationMonitor] - SimulationMonitor has terminated the spectre process '270642', reason: 'the simulation point gets cancelled by GUI' {"history": "ExplorerRun.0", "point": 1, "testname": "hanus_pll_loop_1", "cornername": "Nominal"}
[2026-05-20 16:58:44.669 +0530] [PROCESS] [cadence.virtuoso.ade.simulationMonitor] - Finished simulating for one point {"hostname": "vlsi06.blr.amrita.edu", "processid": 270387, "history": "ExplorerRun.0", "testname": "hanus_pll_loop_1", "cornername": "Nominal", "point": 1, "logfile": "/home/train/Downloads/hanupro_2tb_pll/hanupro/logs_train/logs2/Job6.log", "simid": "1"}
[2026-05-20 16:58:44.669 +0530] [PROCESS] [cadence.virtuoso.ade.simulationMonitor] - Simulator exited {"hostname": "vlsi06.blr.amrita.edu", "processid": 270387, "history": "ExplorerRun.0", "testname": "hanus_pll_loop_1", "cornername": "Nominal", "point": 1, "logfile": "/home/train/Downloads/hanupro_2tb_pll/hanupro/logs_train/logs2/Job6.log", "exitStatus": "0"}
[2026-05-20 16:58:44.669 +0530] [PROCESS] [cadence.virtuoso.ade.simulationMonitor] - Finished Simulation {"hostname": "vlsi06.blr.amrita.edu", "processid": 270387, "history": "ExplorerRun.0", "testname": "hanus_pll_loop_1", "cornername": "Nominal", "point": 1, "logfile": "/home/train/Downloads/hanupro_2tb_pll/hanupro/logs_train/logs2/Job6.log", "simid": "1"}
[2026-05-20 16:58:44.677 +0530] [PROCESS] [cadence.virtuoso.ade.simulationMonitor] - Point Finished {"hostname": "vlsi06.blr.amrita.edu", "processid": 270387, "history": "ExplorerRun.0", "testname": "hanus_pll_loop_1", "cornername": "Nominal", "point": 1, "logfile": "/home/train/Downloads/hanupro_2tb_pll/hanupro/logs_train/logs2/Job6.log"}
[2026-05-20 17:00:22.729 +0530] [INFO] [cadence.virtuoso.ade.simulationMonitor] - SimulationMonitor has terminated the vds process '270643', reason: 'Force to stop the expression evalutor process because of new run' {"history": "ExplorerRun.0", "point": 1, "testname": "hanus_pll_loop_1", "cornername": "Nominal"}
[2026-05-20 17:00:22.730 +0530] [PROCESS] [cadence.virtuoso.ade.simulationMonitor] - HostInfo:
Host name (type):	vlsi06.blr.amrita.edu (x86_64)
Operating system:	Linux 4.18.0-425.3.1.el8.x86_64 #1 SMP Fri Sep 30 11:45:06 EDT 2022 {"hostname": "vlsi06.blr.amrita.edu", "processid": 270387, "history": "ExplorerRun.0", "testname": "hanus_pll_loop_1", "cornername": "Nominal", "point": 1, "logfile": "/home/train/Downloads/hanupro_2tb_pll/hanupro/logs_train/logs2/Job6.log", "nodename": "vlsi06.blr.amrita.edu", "domainname": "(none)", "machine": "x86_64", "sysname": "Linux", "release": "4.18.0-425.3.1.el8.x86_64", "version": "#1 SMP Fri Sep 30 11:45:06 EDT 2022"}
[2026-05-20 17:00:22.730 +0530] [PROCESS] [cadence.virtuoso.ade.simulationMonitor] - UsageInfo:
pid=270387
totalPhysicalMemory=15.237446GB,Used=4.772495GB,totalVirtualMemory=46.487442GB,Used=5.383579GB
Cpu: Cores=12, Load average:2.450000,3.230000,2.560000 {"hostname": "vlsi06.blr.amrita.edu", "processid": 270387, "history": "ExplorerRun.0", "testname": "hanus_pll_loop_1", "cornername": "Nominal", "point": 1, "logfile": "/home/train/Downloads/hanupro_2tb_pll/hanupro/logs_train/logs2/Job6.log", "pid": "270387", "totalPhysicalMemory": "15.237446", "physicalMemoryUsed": "4.772495", "totalVirtualMemory": "46.487442", "virtualMemoryUsed": "5.383579", "cpuCores": "12", "processes": "1190", "loadAverage1": "2.450000", "loadAverage5": "3.230000", "loadAverage15": "2.560000", "loadAverage1Percent": "0.204167"}
[2026-05-20 17:00:22.730 +0530] [EVENT] [cadence.virtuoso.ade.simulationMonitor] - NewPoint {"history": "ExplorerRun.0", "point": 1, "testname": "hanus_pll_loop_1", "cornername": "Nominal", "event": "NewPoint", "EventSource": "Simulation Monitor", "HistoryName": "ExplorerRun.0", "logFile": "/home/train/Downloads/hanupro_2tb_pll/hanupro/logs_train/logs2/Job6.log", "logFileSize": "12739"}
[2026-05-20 17:00:22.831 +0530] [EVENT] [cadence.virtuoso.ade.simulationMonitor] - NewPoint {"history": "ExplorerRun.0", "point": 1, "testname": "hanus_pll_loop_1", "cornername": "Nominal", "event": "NewPoint", "EventSource": "spectre", "HistoryName": "ExplorerRun.0", "logFile": "/home/train/simulation/hanus/pll_loop_pss/maestro/results/maestro/ExplorerRun.0/1/hanus_pll_loop_1/psf/spectre.out", "logFileSize": "-1"}
[2026-05-20 17:00:22.834 +0530] [PROCESS] [cadence.virtuoso.ade.simulationMonitor] - Simulator launched {"hostname": "vlsi06.blr.amrita.edu", "processid": 270387, "history": "ExplorerRun.0", "testname": "hanus_pll_loop_1", "cornername": "Nominal", "point": 1, "logfile": "/home/train/Downloads/hanupro_2tb_pll/hanupro/logs_train/logs2/Job6.log", "simid": "2"}
[2026-05-20 17:00:22.837 +0530] [PROCESS] [cadence.virtuoso.ade.simulationMonitor] - Expression evaluator launched {"hostname": "vlsi06.blr.amrita.edu", "processid": 270387, "history": "ExplorerRun.0", "testname": "hanus_pll_loop_1", "cornername": "Nominal", "point": 1, "logfile": "/home/train/Downloads/hanupro_2tb_pll/hanupro/logs_train/logs2/Job6.log"}
[2026-05-20 17:00:22.841 +0530] [PROCESS] [cadence.virtuoso.ade.simulationMonitor] - Started Simulation {"hostname": "vlsi06.blr.amrita.edu", "processid": 270387, "history": "ExplorerRun.0", "testname": "hanus_pll_loop_1", "cornername": "Nominal", "point": 1, "logfile": "/home/train/Downloads/hanupro_2tb_pll/hanupro/logs_train/logs2/Job6.log", "event": "started", "task": "simulation"}
[2026-05-20 17:00:25.342 +0530] [INFO] [cadence.virtuoso.ade.simulationMonitor] - Peak resident memory used = 150 Mbytes. {"history": "ExplorerRun.0", "point": 1, "testname": "hanus_pll_loop_1", "cornername": "Nominal"}
[2026-05-20 17:00:25.843 +0530] [INFO] [cadence.virtuoso.ade.simulationMonitor] - Peak resident memory used = 204 Mbytes. {"history": "ExplorerRun.0", "point": 1, "testname": "hanus_pll_loop_1", "cornername": "Nominal"}
[2026-05-20 17:00:25.843 +0530] [INFO] [cadence.virtuoso.ade.simulationMonitor] - Notice from spectre during hierarchy flattening.
    The value 'psf' specified for the 'checklimitdest' option will no longer be supported in future releases. Use 'spectre -h' to see other recommended values for the 'checklimitdest' option. {"history": "ExplorerRun.0", "point": 1, "testname": "hanus_pll_loop_1", "cornername": "Nominal"}
[2026-05-20 17:00:26.344 +0530] [INFO] [cadence.virtuoso.ade.simulationMonitor] - Peak resident memory used = 227 Mbytes. {"history": "ExplorerRun.0", "point": 1, "testname": "hanus_pll_loop_1", "cornername": "Nominal"}
[2026-05-20 17:00:26.344 +0530] [INFO] [cadence.virtuoso.ade.simulationMonitor] -               nodes 5227 {"history": "ExplorerRun.0", "point": 1, "testname": "hanus_pll_loop_1", "cornername": "Nominal"}
[2026-05-20 17:00:26.344 +0530] [INFO] [cadence.virtuoso.ade.simulationMonitor] - Notice from spectre during initial setup.
    APS enabled. {"history": "ExplorerRun.0", "point": 1, "testname": "hanus_pll_loop_1", "cornername": "Nominal"}
[2026-05-20 17:00:26.845 +0530] [INFO] [cadence.virtuoso.ade.simulationMonitor] - Notice from spectre.
    Multithreading enabled: 8 threads in the system with 12 available processors. {"history": "ExplorerRun.0", "point": 1, "testname": "hanus_pll_loop_1", "cornername": "Nominal"}
[2026-05-20 17:00:26.845 +0530] [INFO] [cadence.virtuoso.ade.simulationMonitor] - Peak resident memory used = 244 Mbytes. {"history": "ExplorerRun.0", "point": 1, "testname": "hanus_pll_loop_1", "cornername": "Nominal"}
[2026-05-20 17:00:26.845 +0530] [INFO] [cadence.virtuoso.ade.simulationMonitor] -    -   (APS) Multi-threading. The recommended number of threads is 8, consider adding +mt=8 on command line. {"history": "ExplorerRun.0", "point": 1, "testname": "hanus_pll_loop_1", "cornername": "Nominal"}
[2026-05-20 17:00:27.899 +0530] [WARN] [cadence.virtuoso.ade.simulationMonitor] -     WARNING (CMI-2015): Unable to open the ic file `spectre.ic'.
         Ensure that the specified file or directory exists. {"history": "ExplorerRun.0", "point": 1, "testname": "hanus_pll_loop_1", "cornername": "Nominal"}
[2026-05-20 17:00:27.899 +0530] [WARN] [cadence.virtuoso.ade.simulationMonitor] -     WARNING (CMI-2015): Unable to open the ic file `spectre.ic'.
         Ensure that the specified file or directory exists. {"history": "ExplorerRun.0", "point": 1, "testname": "hanus_pll_loop_1", "cornername": "Nominal"}
[2026-05-20 17:00:27.899 +0530] [INFO] [cadence.virtuoso.ade.simulationMonitor] - Notice from spectre during IC analysis, during periodic steady state analysis `pss'.
    There are 4 IC nodes defined. {"history": "ExplorerRun.0", "point": 1, "testname": "hanus_pll_loop_1", "cornername": "Nominal"}
[2026-05-20 17:00:32.401 +0530] [PROCESS] [cadence.virtuoso.ade.simulationMonitor] - Simulation cancelled {"hostname": "vlsi06.blr.amrita.edu", "processid": 270387, "history": "ExplorerRun.0", "testname": "hanus_pll_loop_1", "cornername": "Nominal", "point": 1, "logfile": "/home/train/Downloads/hanupro_2tb_pll/hanupro/logs_train/logs2/Job6.log"}
[2026-05-20 17:00:32.401 +0530] [INFO] [cadence.virtuoso.ade.simulationMonitor] - SimulationMonitor has terminated the spectre process '278363', reason: 'the simulation point gets cancelled by GUI' {"history": "ExplorerRun.0", "point": 1, "testname": "hanus_pll_loop_1", "cornername": "Nominal"}
[2026-05-20 17:00:32.451 +0530] [PROCESS] [cadence.virtuoso.ade.simulationMonitor] - Finished simulating for one point {"hostname": "vlsi06.blr.amrita.edu", "processid": 270387, "history": "ExplorerRun.0", "testname": "hanus_pll_loop_1", "cornername": "Nominal", "point": 1, "logfile": "/home/train/Downloads/hanupro_2tb_pll/hanupro/logs_train/logs2/Job6.log", "simid": "2"}
[2026-05-20 17:00:32.451 +0530] [PROCESS] [cadence.virtuoso.ade.simulationMonitor] - Simulator exited {"hostname": "vlsi06.blr.amrita.edu", "processid": 270387, "history": "ExplorerRun.0", "testname": "hanus_pll_loop_1", "cornername": "Nominal", "point": 1, "logfile": "/home/train/Downloads/hanupro_2tb_pll/hanupro/logs_train/logs2/Job6.log", "exitStatus": "0"}
[2026-05-20 17:00:32.451 +0530] [PROCESS] [cadence.virtuoso.ade.simulationMonitor] - Finished Simulation {"hostname": "vlsi06.blr.amrita.edu", "processid": 270387, "history": "ExplorerRun.0", "testname": "hanus_pll_loop_1", "cornername": "Nominal", "point": 1, "logfile": "/home/train/Downloads/hanupro_2tb_pll/hanupro/logs_train/logs2/Job6.log", "simid": "2"}
[2026-05-20 17:00:32.456 +0530] [PROCESS] [cadence.virtuoso.ade.simulationMonitor] - Point Finished {"hostname": "vlsi06.blr.amrita.edu", "processid": 270387, "history": "ExplorerRun.0", "testname": "hanus_pll_loop_1", "cornername": "Nominal", "point": 1, "logfile": "/home/train/Downloads/hanupro_2tb_pll/hanupro/logs_train/logs2/Job6.log"}
[2026-05-20 17:05:33.267 +0530] [PROCESS] [cadence.virtuoso.ade.simulationMonitor] - Current memory used: 53.8516 MBytes, peak memory used: 53.8516 MBytes {"hostname": "vlsi06.blr.amrita.edu", "processid": 270387, "history": "ExplorerRun.0", "testname": "hanus_pll_loop_1", "cornername": "Nominal", "point": 1, "logfile": "/home/train/Downloads/hanupro_2tb_pll/hanupro/logs_train/logs2/Job6.log"}
[2026-05-20 17:05:33.267 +0530] [PROCESS] [cadence.virtuoso.ade.simulationMonitor] - Simulation Monitor process exit. {"hostname": "vlsi06.blr.amrita.edu", "processid": 270387, "history": "ExplorerRun.0", "testname": "hanus_pll_loop_1", "cornername": "Nominal", "point": 1, "logfile": "/home/train/Downloads/hanupro_2tb_pll/hanupro/logs_train/logs2/Job6.log"}
