\# Program start time:     UTC 2026.05.21 06:51:56.228
\# Local time: IST (UTC+05:30) 2026.05.21 12:21:56.228
\o Program:		@(#)$CDS: virtuoso version 6.1.8-64b 11/15/2022 19:45 (cpgbld01) $
\o Hierarchy:		/home/install/IC618/tools.lnx86/dfII/
\o Sub version:		sub-version  IC6.1.8-64b.500.29  (64-bit addresses)
\# Command line:	/home/install/IC618/tools.lnx86/dfII/bin/64bit/virtuoso -beanhost vlsi06.blr.amrita.edu -beanport 11300 -beanbinlog  -beanLogFile /home/train/Downloads/hanupro_2tb_pll/hanupro/logs_train/logs2/amps_Service29.log -mpssession virtuoso12391 -mpshost vlsi06.blr.amrita.edu -davinciService DaVinciService_12391_1779261541 -axlSession fnxSession2 -axlServiceIdFlag 29 -uuid a4491d15-3d01-4c36-8642-4e131b0f314d -heartbeat /dev/shm/swift-heartbeat.Zx8Y3tGGvA -log /home/train/Downloads/hanupro_2tb_pll/hanupro/logs_train/logs2/Service29.log -noautostart -nographE -lscs 000175E1894CBE06FF0966E38F1FFC06BC4D698AFB6DFC06D24D25BCD711D2648C7B72B3E36DFC06867C66E38F1FFC06BC4D66E38F1FFC06BC4D0CED2495578CD64300001E5F -interactive -offlineExprEval -fenixMode explorer -heartbeatTimeout  -lingerTimeout 300 -pointlifetime -1
\# Host name (type):	vlsi06.blr.amrita.edu (x86_64)
\# Operating system:	Linux 4.18.0-425.3.1.el8.x86_64 #1 SMP Fri Sep 30 11:45:06 EDT 2022
\# Linux /etc/issue:	\S
\# Linux /etc/issue:	Kernel \r on an \m
\# X display name (WxH):	:5484 (1024x868)
\# Available geometry:			TL(0:0) BR(1023:867)
\# X server:			The X.Org Foundation
\# Depth of Visual (Root):	24 (24)
\# Number of Planes Used:	24
\# X version:		11.0 (vendor release 12011000)
\# X resource pool:	base 0x400000, mask 0x1fffff (2097151), shift 0
\# 			current id 0x0, current max 0x1ffffa (2097146)
\# Max data seg size:	     unlimited
\# Max process size:	     unlimited
\# Initial sbrk value:	        623 MB
\# Available memory:	     42,931 MB
\# System memory:	     47,603 MB
\# Maximum memory size:	     47,101 MB
\# Max mem available:	     43,052 MB
\# Initial memory used:	        121 MB
\#        process size:	      1,838 MB
\# Thread usage limits (effective/default):	maxthreads 62161/62161 maxload 12.00/12.00
\# Qt version:		5.9.1
\# Window Manager:	other
\# User Name:		train
\o Working Directory:	vlsi06.blr.amrita.edu:/home/train/Downloads/hanupro_2tb_pll/hanupro
\# Process Id:		2968334
\o 
\o COPYRIGHT (C) 1992-2022  CADENCE DESIGN SYSTEMS INC.  ALL RIGHTS RESERVED.
\o           (C) 1992-2022  UNIX SYSTEMS Laboratories INC.,
\o                          Reproduced with permission.
\o 
\o This Cadence Design Systems program and online documentation are
\o proprietary/confidential information and may be disclosed/used only
\o as authorized in a license agreement controlling such use and disclosure.
\o 
\o           RESTRICTED RIGHTS NOTICE (SHORT FORM)
\o Use/reproduction/disclosure is subject to restriction
\o set forth at FAR 1252.227-19 or its equivalent.
\o Loading geView.cxt 
\o Loading menuBuilder.cxt 
\o Loading schView.cxt 
\o Loading selectSv.cxt 
\o Loading pvsui.cxt
\o Loading wireEdit.cxt 
\o Loading pte2.cxt 
\o Loading xlUI.cxt 
\o Loading auCore.cxt 
\o Loading vhdl.cxt 
\o Loading seismic.cxt 
\o Loading ci.cxt 
\o Loading ams.cxt 
\o Loading oasis.cxt 
\o Loading analog.cxt 
\o Loading asimenv.cxt 
\o Loading dal.cxt 
\o Loading awv.cxt 
\o Loading socket.cxt 
\o Loading par.cxt 
\o Loading alvs.cxt 
\o Loading caa.cxt 
\o Loading amps.cxt 
\o Loading adexlCore.cxt 
\o Loading adexl.cxt 
\# Memory report: using         267 MB, process size 2,129 MB at UTC 2026.05.21 06:51:58.114
\o *Info*    Exporting services from client ... 
\o 
\o Loading adexlDM.cxt 
\o Loading cpf.cxt 
\o Loading cli.cxt 
\o Loading lp.cxt 
\o INFO (ELI-00302) Connecting to parent process (session=virtuoso12391, host=vlsi06.blr.amrita.edu). Connection mode is LSCS. Total timeout is 180 seconds. Connection timeout is 90 seconds.
\o INFO (ELI-00303) Step 1: Connecting to parent. Time spent is 0 seconds.
\o INFO (ELI-00304) The registration of the child 2968334 within 90 seconds is being processed...
\o INFO (ELI-00305) The result of registration is true. Time spent is 0 seconds.
\o INFO (ELI-00308) The connection has ended. Result is true. Total time spent is 0 seconds.
\# [12:21:56.175497] Configured Lic search path (22.01-s002): 5280@14.139.1.126
\p > 
\# Loading perfDiag...
\# (PerfDiag): Set GDB path to environment variable 'gdbPath' (gdb).
\# Performance Diagnostic tool is installed. You can access PerfDiag from CIW Tools or use the shell command 'cdsPerfDiag -p 2968334' to open it when Virtuoso freezes.
\# (PerfDiag): Use backtrace from GLIBC.
\i _axlRunServices()
\# [12:21:59.377441] Periodic Lic check successful
\# [12:21:59.377442] Feature usage summary:
\o Loading simui.cxt 
\o [2026-05-21 12:21:59.392 +0530] [PROCESS] [cadence.virtuoso.ade.services] - Netlist Service has successfully started. Waiting for incoming messages ... {"hostname": "vlsi06.blr.amrita.edu", "processid": 2968334, "logfile": "/home/train/Downloads/hanupro_2tb_pll/hanupro/logs_train/logs2/Service29.log"}
\# Available memory:         42,904 MB at UTC 2026.05.21 06:52:07.435
\# Memory report: Maximum memory size now 43,225 MB at UTC 2026.05.21 06:52:07.444
\# Thread usage report: 18 active threads, active load 1.40 at UTC 2026.05.21 06:52:07.444
\o **** stopping dspf2oa nil 1 29
\o Loading vdsil.cxt 
\# Lic Summary:
\# [12:27:02.072224] Cdslmd servers:5280@14.139.1.126
\# [12:27:02.072233] Feature usage summary:
\# Memory report: on exit            321 MB, process size 2,256 MB at UTC 2026.05.21 06:57:02.596
\# Memory report: peak usage         321 MB, process size 2,256 MB
