[Simulation Monitor: 10]
[2026-02-03 11:43:43.689 +0530] [PROCESS] [cadence.virtuoso.ade.simulationMonitor] - Simulation Monitor has successfully started up. Trying to set up communication channels to other components ... {"hostname": "vlsi43.blr.amrita.edu", "processid": 95641, "logfile": "/home/train/hanupro/logs_train/logs0/Job10.log"}
[2026-02-03 11:43:43.691 +0530] [PROCESS] [cadence.virtuoso.ade.simulationMonitor] - Communication channels have been successfully set up. Start processing events ... {"hostname": "vlsi43.blr.amrita.edu", "processid": 95641, "logfile": "/home/train/hanupro/logs_train/logs0/Job10.log"}
[2026-02-03 11:43:43.692 +0530] [PROCESS] [cadence.virtuoso.ade.simulationMonitor] - Considering to start history {"hostname": "vlsi43.blr.amrita.edu", "processid": 95641, "history": "ExplorerRun.0", "logfile": "/home/train/hanupro/logs_train/logs0/Job10.log"}
[2026-02-03 11:43:43.693 +0530] [PROCESS] [cadence.virtuoso.ade.simulationMonitor] - HostInfo:
Host name (type):	vlsi43.blr.amrita.edu (x86_64)
Operating system:	Linux 4.18.0-425.3.1.el8.x86_64 #1 SMP Fri Sep 30 11:45:06 EDT 2022 {"hostname": "vlsi43.blr.amrita.edu", "processid": 95641, "history": "ExplorerRun.0", "logfile": "/home/train/hanupro/logs_train/logs0/Job10.log", "nodename": "vlsi43.blr.amrita.edu", "domainname": "(none)", "machine": "x86_64", "sysname": "Linux", "release": "4.18.0-425.3.1.el8.x86_64", "version": "#1 SMP Fri Sep 30 11:45:06 EDT 2022"}
[2026-02-03 11:43:43.693 +0530] [PROCESS] [cadence.virtuoso.ade.simulationMonitor] - UsageInfo:
pid=95641
totalPhysicalMemory=15.338787GB,Used=8.352848GB,totalVirtualMemory=46.588783GB,Used=8.352848GB
Cpu: Cores=20, Load average:0.840000,0.820000,0.640000 {"hostname": "vlsi43.blr.amrita.edu", "processid": 95641, "history": "ExplorerRun.0", "logfile": "/home/train/hanupro/logs_train/logs0/Job10.log", "pid": "95641", "totalPhysicalMemory": "15.338787", "physicalMemoryUsed": "8.352848", "totalVirtualMemory": "46.588783", "virtualMemoryUsed": "8.352848", "cpuCores": "20", "processes": "923", "loadAverage1": "0.840000", "loadAverage5": "0.820000", "loadAverage15": "0.640000", "loadAverage1Percent": "0.042000"}
[2026-02-03 11:43:43.693 +0530] [EVENT] [cadence.virtuoso.ade.simulationMonitor] - NewPoint {"history": "ExplorerRun.0", "point": 1, "testname": "hanus_vco_new_1", "cornername": "Nominal", "event": "NewPoint", "EventSource": "Simulation Monitor", "HistoryName": "ExplorerRun.0", "logFile": "/home/train/hanupro/logs_train/logs0/Job10.log", "logFileSize": "2172"}
[2026-02-03 11:43:43.793 +0530] [EVENT] [cadence.virtuoso.ade.simulationMonitor] - NewPoint {"history": "ExplorerRun.0", "point": 1, "testname": "hanus_vco_new_1", "cornername": "Nominal", "event": "NewPoint", "EventSource": "spectre", "HistoryName": "ExplorerRun.0", "logFile": "/home/train/simulation/hanus/vco_new/maestro/results/maestro/ExplorerRun.0/1/hanus_vco_new_1/psf/spectre.out", "logFileSize": "-1"}
[2026-02-03 11:43:43.807 +0530] [PROCESS] [cadence.virtuoso.ade.simulationMonitor] - Simulator launched {"hostname": "vlsi43.blr.amrita.edu", "processid": 95641, "history": "ExplorerRun.0", "testname": "hanus_vco_new_1", "cornername": "Nominal", "point": 1, "logfile": "/home/train/hanupro/logs_train/logs0/Job10.log", "simid": "1"}
[2026-02-03 11:43:43.809 +0530] [PROCESS] [cadence.virtuoso.ade.simulationMonitor] - Expression evaluator launched {"hostname": "vlsi43.blr.amrita.edu", "processid": 95641, "history": "ExplorerRun.0", "testname": "hanus_vco_new_1", "cornername": "Nominal", "point": 1, "logfile": "/home/train/hanupro/logs_train/logs0/Job10.log"}
[2026-02-03 11:43:43.813 +0530] [PROCESS] [cadence.virtuoso.ade.simulationMonitor] - Started Simulation {"hostname": "vlsi43.blr.amrita.edu", "processid": 95641, "history": "ExplorerRun.0", "testname": "hanus_vco_new_1", "cornername": "Nominal", "point": 1, "logfile": "/home/train/hanupro/logs_train/logs0/Job10.log", "event": "started", "task": "simulation"}
[2026-02-03 11:43:46.314 +0530] [INFO] [cadence.virtuoso.ade.simulationMonitor] - Peak resident memory used = 154 Mbytes. {"history": "ExplorerRun.0", "point": 1, "testname": "hanus_vco_new_1", "cornername": "Nominal"}
[2026-02-03 11:43:46.314 +0530] [INFO] [cadence.virtuoso.ade.simulationMonitor] - Peak resident memory used = 167 Mbytes. {"history": "ExplorerRun.0", "point": 1, "testname": "hanus_vco_new_1", "cornername": "Nominal"}
[2026-02-03 11:43:46.314 +0530] [INFO] [cadence.virtuoso.ade.simulationMonitor] - Notice from spectre during hierarchy flattening.
    The value 'psf' specified for the 'checklimitdest' option will no longer be supported in future releases. Use 'spectre -h' to see other recommended values for the 'checklimitdest' option. {"history": "ExplorerRun.0", "point": 1, "testname": "hanus_vco_new_1", "cornername": "Nominal"}
[2026-02-03 11:43:46.315 +0530] [INFO] [cadence.virtuoso.ade.simulationMonitor] - Peak resident memory used = 169 Mbytes. {"history": "ExplorerRun.0", "point": 1, "testname": "hanus_vco_new_1", "cornername": "Nominal"}
[2026-02-03 11:43:46.315 +0530] [INFO] [cadence.virtuoso.ade.simulationMonitor] - Notice from spectre during initial setup.
    Multithreading is disabled due to the size of the design being too small. {"history": "ExplorerRun.0", "point": 1, "testname": "hanus_vco_new_1", "cornername": "Nominal"}
[2026-02-03 11:43:46.315 +0530] [INFO] [cadence.virtuoso.ade.simulationMonitor] -               nodes 87 {"history": "ExplorerRun.0", "point": 1, "testname": "hanus_vco_new_1", "cornername": "Nominal"}
[2026-02-03 11:43:46.315 +0530] [INFO] [cadence.virtuoso.ade.simulationMonitor] - Notice from spectre during initial setup.
    APS enabled. {"history": "ExplorerRun.0", "point": 1, "testname": "hanus_vco_new_1", "cornername": "Nominal"}
[2026-02-03 11:43:46.315 +0530] [INFO] [cadence.virtuoso.ade.simulationMonitor] - Peak resident memory used = 172 Mbytes. {"history": "ExplorerRun.0", "point": 1, "testname": "hanus_vco_new_1", "cornername": "Nominal"}
[2026-02-03 11:43:46.315 +0530] [INFO] [cadence.virtuoso.ade.simulationMonitor] -    -   (APS) Multi-threading. The recommended number of threads is 1, consider adding +mt=1 on command line. {"history": "ExplorerRun.0", "point": 1, "testname": "hanus_vco_new_1", "cornername": "Nominal"}
[2026-02-03 11:43:46.316 +0530] [INFO] [cadence.virtuoso.ade.simulationMonitor] - Notice from spectre.
    Multithreading is disabled due to the size of the design being too small. {"history": "ExplorerRun.0", "point": 1, "testname": "hanus_vco_new_1", "cornername": "Nominal"}
[2026-02-03 11:43:46.816 +0530] [INFO] [cadence.virtuoso.ade.simulationMonitor] - Notice from spectre during IC analysis, during periodic steady state analysis `pss'.
    There are 2 IC nodes defined. {"history": "ExplorerRun.0", "point": 1, "testname": "hanus_vco_new_1", "cornername": "Nominal"}
[2026-02-03 11:43:46.816 +0530] [INFO] [cadence.virtuoso.ade.simulationMonitor] - Notice from spectre during IC analysis, during periodic steady state analysis `pss'.
    Initial condition computed for node vout5- is in error by 5.34968 mV (297.205 m%).
    Initial condition computed for node vout5+ is in error by 2.26606 mV.
        Decrease `rforce' to reduce error in computed initial conditions.  However, setting rforce too small may result in convergence difficulties or in the matrix becoming singular. {"history": "ExplorerRun.0", "point": 1, "testname": "hanus_vco_new_1", "cornername": "Nominal"}
[2026-02-03 11:43:47.817 +0530] [INFO] [cadence.virtuoso.ade.simulationMonitor] - Total time required for tstab analysis `pss': CPU = 926.46 ms, elapsed = 927.212 ms. {"history": "ExplorerRun.0", "point": 1, "testname": "hanus_vco_new_1", "cornername": "Nominal"}
[2026-02-03 11:43:47.817 +0530] [INFO] [cadence.virtuoso.ade.simulationMonitor] - Peak resident memory used = 176 Mbytes. {"history": "ExplorerRun.0", "point": 1, "testname": "hanus_vco_new_1", "cornername": "Nominal"}
[2026-02-03 11:43:48.318 +0530] [INFO] [cadence.virtuoso.ade.simulationMonitor] - Total time required for pss analysis `pss': CPU = 1.18542 s, elapsed = 1.82934 s, util. = 64.8%. {"history": "ExplorerRun.0", "point": 1, "testname": "hanus_vco_new_1", "cornername": "Nominal"}
[2026-02-03 11:43:48.319 +0530] [INFO] [cadence.virtuoso.ade.simulationMonitor] - Peak resident memory used = 184 Mbytes. {"history": "ExplorerRun.0", "point": 1, "testname": "hanus_vco_new_1", "cornername": "Nominal"}
[2026-02-03 11:43:48.319 +0530] [INFO] [cadence.virtuoso.ade.simulationMonitor] - Time used: CPU = 1.56 s, elapsed = 3.92 s, util. = 39.8%. {"history": "ExplorerRun.0", "point": 1, "testname": "hanus_vco_new_1", "cornername": "Nominal"}
[2026-02-03 11:43:48.319 +0530] [INFO] [cadence.virtuoso.ade.simulationMonitor] - Time spent in licensing: elapsed = 2.54 s, percentage of total = 64.8%. {"history": "ExplorerRun.0", "point": 1, "testname": "hanus_vco_new_1", "cornername": "Nominal"}
[2026-02-03 11:43:48.319 +0530] [INFO] [cadence.virtuoso.ade.simulationMonitor] - Peak memory used = 185 Mbytes. {"history": "ExplorerRun.0", "point": 1, "testname": "hanus_vco_new_1", "cornername": "Nominal"}
[2026-02-03 11:43:48.319 +0530] [PROCESS] [cadence.virtuoso.ade.simulationMonitor] - Simulation started at: 11:43:43 AM, Tue Feb 3, 2026, ended at: 11:43:47 AM, Tue Feb 3, 2026, with elapsed time (wall clock): 3.92 s. {"history": "ExplorerRun.0", "point": 1, "testname": "hanus_vco_new_1", "cornername": "Nominal"}
[2026-02-03 11:43:48.319 +0530] [PROCESS] [cadence.virtuoso.ade.simulationMonitor] - spectre completes with 0 errors, 0 warnings, and 8 notices. {"history": "ExplorerRun.0", "point": 1, "testname": "hanus_vco_new_1", "cornername": "Nominal"}
[2026-02-03 11:43:48.319 +0530] [PROCESS] [cadence.virtuoso.ade.simulationMonitor] - Finished simulating for one point {"hostname": "vlsi43.blr.amrita.edu", "processid": 95641, "history": "ExplorerRun.0", "testname": "hanus_vco_new_1", "cornername": "Nominal", "point": 1, "logfile": "/home/train/hanupro/logs_train/logs0/Job10.log", "simid": "1"}
[2026-02-03 11:43:48.319 +0530] [PROCESS] [cadence.virtuoso.ade.simulationMonitor] - Simulator exited {"hostname": "vlsi43.blr.amrita.edu", "processid": 95641, "history": "ExplorerRun.0", "testname": "hanus_vco_new_1", "cornername": "Nominal", "point": 1, "logfile": "/home/train/hanupro/logs_train/logs0/Job10.log", "exitStatus": "0"}
[2026-02-03 11:43:48.319 +0530] [PROCESS] [cadence.virtuoso.ade.simulationMonitor] - Finished Simulation {"hostname": "vlsi43.blr.amrita.edu", "processid": 95641, "history": "ExplorerRun.0", "testname": "hanus_vco_new_1", "cornername": "Nominal", "point": 1, "logfile": "/home/train/hanupro/logs_train/logs0/Job10.log", "simid": "1"}
[2026-02-03 11:43:49.324 +0530] [PROCESS] [cadence.virtuoso.ade.simulationMonitor] - Point Finished {"hostname": "vlsi43.blr.amrita.edu", "processid": 95641, "history": "ExplorerRun.0", "testname": "hanus_vco_new_1", "cornername": "Nominal", "point": 1, "logfile": "/home/train/hanupro/logs_train/logs0/Job10.log"}
[2026-02-03 11:44:47.650 +0530] [PROCESS] [cadence.virtuoso.ade.simulationMonitor] - get signal Terminated<15> from user:train, which pid:95639:/home/install/IC618/tools/bin/64bit/cdsServIpc {"hostname": "vlsi43.blr.amrita.edu", "processid": 95641, "history": "ExplorerRun.0", "testname": "hanus_vco_new_1", "cornername": "Nominal", "point": 1, "logfile": "/home/train/hanupro/logs_train/logs0/Job10.log", "signal": "15", "signalName": "Terminated", "which": "/home/install/IC618/tools/bin/64bit/cdsServIpc", "pid": "95639", "user": "train", "uid": "1001"}
[2026-02-03 11:44:47.650 +0530] [INFO] [cadence.virtuoso.ade.simulationMonitor] - SimulationMonitor has terminated the spectre process '95743', reason: 'simulationMonitor is handling signal 15' {"history": "ExplorerRun.0", "point": 1, "testname": "hanus_vco_new_1", "cornername": "Nominal"}
[2026-02-03 11:44:48.151 +0530] [PROCESS] [cadence.virtuoso.ade.simulationMonitor] - Current memory used: 57.0117 MBytes, peak memory used: 57.0117 MBytes {"hostname": "vlsi43.blr.amrita.edu", "processid": 95641, "history": "ExplorerRun.0", "testname": "hanus_vco_new_1", "cornername": "Nominal", "point": 1, "logfile": "/home/train/hanupro/logs_train/logs0/Job10.log"}
[2026-02-03 11:44:48.151 +0530] [PROCESS] [cadence.virtuoso.ade.simulationMonitor] - Simulation Monitor process exit. {"hostname": "vlsi43.blr.amrita.edu", "processid": 95641, "history": "ExplorerRun.0", "testname": "hanus_vco_new_1", "cornername": "Nominal", "point": 1, "logfile": "/home/train/hanupro/logs_train/logs0/Job10.log"}
