[Simulation Monitor: 12]
[2025-11-15 09:55:54.553 +0530] [PROCESS] [cadence.virtuoso.ade.simulationMonitor] - Simulation Monitor has successfully started up. Trying to set up communication channels to other components ... {"hostname": "vlsi43.blr.amrita.edu", "processid": 196483, "logfile": "/home/train/hanupro/logs_train/logs0/Job12.log"}
[2025-11-15 09:55:54.555 +0530] [PROCESS] [cadence.virtuoso.ade.simulationMonitor] - Communication channels have been successfully set up. Start processing events ... {"hostname": "vlsi43.blr.amrita.edu", "processid": 196483, "logfile": "/home/train/hanupro/logs_train/logs0/Job12.log"}
[2025-11-15 09:55:54.555 +0530] [PROCESS] [cadence.virtuoso.ade.simulationMonitor] - Considering to start history {"hostname": "vlsi43.blr.amrita.edu", "processid": 196483, "history": "ExplorerRun.0", "logfile": "/home/train/hanupro/logs_train/logs0/Job12.log"}
[2025-11-15 09:55:54.556 +0530] [PROCESS] [cadence.virtuoso.ade.simulationMonitor] - HostInfo:
Host name (type):	vlsi43.blr.amrita.edu (x86_64)
Operating system:	Linux 4.18.0-425.3.1.el8.x86_64 #1 SMP Fri Sep 30 11:45:06 EDT 2022 {"hostname": "vlsi43.blr.amrita.edu", "processid": 196483, "history": "ExplorerRun.0", "logfile": "/home/train/hanupro/logs_train/logs0/Job12.log", "nodename": "vlsi43.blr.amrita.edu", "domainname": "(none)", "machine": "x86_64", "sysname": "Linux", "release": "4.18.0-425.3.1.el8.x86_64", "version": "#1 SMP Fri Sep 30 11:45:06 EDT 2022"}
[2025-11-15 09:55:54.556 +0530] [PROCESS] [cadence.virtuoso.ade.simulationMonitor] - UsageInfo:
pid=196483
totalPhysicalMemory=15.338787GB,Used=6.327335GB,totalVirtualMemory=46.588783GB,Used=6.327335GB
Cpu: Cores=20, Load average:0.370000,0.440000,0.430000 {"hostname": "vlsi43.blr.amrita.edu", "processid": 196483, "history": "ExplorerRun.0", "logfile": "/home/train/hanupro/logs_train/logs0/Job12.log", "pid": "196483", "totalPhysicalMemory": "15.338787", "physicalMemoryUsed": "6.327335", "totalVirtualMemory": "46.588783", "virtualMemoryUsed": "6.327335", "cpuCores": "20", "processes": "1533", "loadAverage1": "0.370000", "loadAverage5": "0.440000", "loadAverage15": "0.430000", "loadAverage1Percent": "0.018500"}
[2025-11-15 09:55:54.556 +0530] [EVENT] [cadence.virtuoso.ade.simulationMonitor] - NewPoint {"history": "ExplorerRun.0", "point": 1, "testname": "hanus_ring_vco_1", "cornername": "Nominal", "event": "NewPoint", "EventSource": "Simulation Monitor", "HistoryName": "ExplorerRun.0", "logFile": "/home/train/hanupro/logs_train/logs0/Job12.log", "logFileSize": "2180"}
[2025-11-15 09:55:54.657 +0530] [EVENT] [cadence.virtuoso.ade.simulationMonitor] - NewPoint {"history": "ExplorerRun.0", "point": 1, "testname": "hanus_ring_vco_1", "cornername": "Nominal", "event": "NewPoint", "EventSource": "spectre", "HistoryName": "ExplorerRun.0", "logFile": "/home/train/simulation/hanus/ring_vco/maestro/results/maestro/ExplorerRun.0/1/hanus_ring_vco_1/psf/spectre.out", "logFileSize": "-1"}
[2025-11-15 09:55:54.670 +0530] [PROCESS] [cadence.virtuoso.ade.simulationMonitor] - Simulator launched {"hostname": "vlsi43.blr.amrita.edu", "processid": 196483, "history": "ExplorerRun.0", "testname": "hanus_ring_vco_1", "cornername": "Nominal", "point": 1, "logfile": "/home/train/hanupro/logs_train/logs0/Job12.log", "simid": "1"}
[2025-11-15 09:55:54.671 +0530] [PROCESS] [cadence.virtuoso.ade.simulationMonitor] - Expression evaluator launched {"hostname": "vlsi43.blr.amrita.edu", "processid": 196483, "history": "ExplorerRun.0", "testname": "hanus_ring_vco_1", "cornername": "Nominal", "point": 1, "logfile": "/home/train/hanupro/logs_train/logs0/Job12.log"}
[2025-11-15 09:55:54.675 +0530] [PROCESS] [cadence.virtuoso.ade.simulationMonitor] - Started Simulation {"hostname": "vlsi43.blr.amrita.edu", "processid": 196483, "history": "ExplorerRun.0", "testname": "hanus_ring_vco_1", "cornername": "Nominal", "point": 1, "logfile": "/home/train/hanupro/logs_train/logs0/Job12.log", "event": "started", "task": "simulation"}
[2025-11-15 09:55:56.676 +0530] [INFO] [cadence.virtuoso.ade.simulationMonitor] - Peak resident memory used = 152 Mbytes. {"history": "ExplorerRun.0", "point": 1, "testname": "hanus_ring_vco_1", "cornername": "Nominal"}
[2025-11-15 09:55:56.676 +0530] [INFO] [cadence.virtuoso.ade.simulationMonitor] - Peak resident memory used = 163 Mbytes. {"history": "ExplorerRun.0", "point": 1, "testname": "hanus_ring_vco_1", "cornername": "Nominal"}
[2025-11-15 09:55:56.677 +0530] [INFO] [cadence.virtuoso.ade.simulationMonitor] - Notice from spectre during hierarchy flattening.
    The value 'psf' specified for the 'checklimitdest' option will no longer be supported in future releases. Use 'spectre -h' to see other recommended values for the 'checklimitdest' option. {"history": "ExplorerRun.0", "point": 1, "testname": "hanus_ring_vco_1", "cornername": "Nominal"}
[2025-11-15 09:55:56.677 +0530] [INFO] [cadence.virtuoso.ade.simulationMonitor] - Peak resident memory used = 165 Mbytes. {"history": "ExplorerRun.0", "point": 1, "testname": "hanus_ring_vco_1", "cornername": "Nominal"}
[2025-11-15 09:55:56.677 +0530] [INFO] [cadence.virtuoso.ade.simulationMonitor] - Notice from spectre during initial setup.
    Multithreading is disabled due to the size of the design being too small. {"history": "ExplorerRun.0", "point": 1, "testname": "hanus_ring_vco_1", "cornername": "Nominal"}
[2025-11-15 09:55:56.677 +0530] [INFO] [cadence.virtuoso.ade.simulationMonitor] -               nodes 17 {"history": "ExplorerRun.0", "point": 1, "testname": "hanus_ring_vco_1", "cornername": "Nominal"}
[2025-11-15 09:55:56.677 +0530] [INFO] [cadence.virtuoso.ade.simulationMonitor] - Notice from spectre during initial setup.
    APS enabled. {"history": "ExplorerRun.0", "point": 1, "testname": "hanus_ring_vco_1", "cornername": "Nominal"}
[2025-11-15 09:55:56.677 +0530] [INFO] [cadence.virtuoso.ade.simulationMonitor] - Peak resident memory used = 168 Mbytes. {"history": "ExplorerRun.0", "point": 1, "testname": "hanus_ring_vco_1", "cornername": "Nominal"}
[2025-11-15 09:55:56.677 +0530] [INFO] [cadence.virtuoso.ade.simulationMonitor] -    -   (APS) Multi-threading. The recommended number of threads is 1, consider adding +mt=1 on command line. {"history": "ExplorerRun.0", "point": 1, "testname": "hanus_ring_vco_1", "cornername": "Nominal"}
[2025-11-15 09:55:56.677 +0530] [INFO] [cadence.virtuoso.ade.simulationMonitor] - Notice from spectre.
    Multithreading is disabled due to the size of the design being too small. {"history": "ExplorerRun.0", "point": 1, "testname": "hanus_ring_vco_1", "cornername": "Nominal"}
[2025-11-15 09:55:57.178 +0530] [INFO] [cadence.virtuoso.ade.simulationMonitor] - Notice from spectre during IC analysis, during periodic steady state analysis `pss'.
    There are 1 IC nodes defined. {"history": "ExplorerRun.0", "point": 1, "testname": "hanus_ring_vco_1", "cornername": "Nominal"}
[2025-11-15 09:55:57.178 +0530] [INFO] [cadence.virtuoso.ade.simulationMonitor] - Notice from spectre during IC analysis, during periodic steady state analysis `pss'.
    Bad pivoting is found during DC analysis. Option dc_pivot_check=yes is recommended for possible improvement of convergence.
    Initial condition computed for node out is in error by 34.2697 uV.
        Decrease `rforce' to reduce error in computed initial conditions.  However, setting rforce too small may result in convergence difficulties or in the matrix becoming singular. {"history": "ExplorerRun.0", "point": 1, "testname": "hanus_ring_vco_1", "cornername": "Nominal"}
[2025-11-15 09:55:57.178 +0530] [INFO] [cadence.virtuoso.ade.simulationMonitor] - Total time required for tstab analysis `pss': CPU = 180.824 ms, elapsed = 195.449 ms. {"history": "ExplorerRun.0", "point": 1, "testname": "hanus_ring_vco_1", "cornername": "Nominal"}
[2025-11-15 09:55:57.179 +0530] [INFO] [cadence.virtuoso.ade.simulationMonitor] - Peak resident memory used = 172 Mbytes. {"history": "ExplorerRun.0", "point": 1, "testname": "hanus_ring_vco_1", "cornername": "Nominal"}
[2025-11-15 09:55:57.679 +0530] [INFO] [cadence.virtuoso.ade.simulationMonitor] - Total time required for pss analysis `pss': CPU = 261.626 ms, elapsed = 850.659 ms, util. = 30.8%. {"history": "ExplorerRun.0", "point": 1, "testname": "hanus_ring_vco_1", "cornername": "Nominal"}
[2025-11-15 09:55:57.679 +0530] [INFO] [cadence.virtuoso.ade.simulationMonitor] - Peak resident memory used = 174 Mbytes. {"history": "ExplorerRun.0", "point": 1, "testname": "hanus_ring_vco_1", "cornername": "Nominal"}
[2025-11-15 09:55:57.680 +0530] [INFO] [cadence.virtuoso.ade.simulationMonitor] - Notice from spectre during PNoise analysis `pnoise'.
    Multithreading is disabled due to the size of the design being too small.
    Use full spectrum for normal noise analysis.
    MaxSideband for colored noise sources (e.g. 1/f-noise) is not set, automatically  set it to 3. {"history": "ExplorerRun.0", "point": 1, "testname": "hanus_ring_vco_1", "cornername": "Nominal"}
[2025-11-15 09:55:57.680 +0530] [INFO] [cadence.virtuoso.ade.simulationMonitor] - Total time required for pnoise analysis `pnoise': CPU = 687.901 ms, elapsed = 283.365 ms, util. = 243%. {"history": "ExplorerRun.0", "point": 1, "testname": "hanus_ring_vco_1", "cornername": "Nominal"}
[2025-11-15 09:55:57.680 +0530] [INFO] [cadence.virtuoso.ade.simulationMonitor] - Peak resident memory used = 186 Mbytes. {"history": "ExplorerRun.0", "point": 1, "testname": "hanus_ring_vco_1", "cornername": "Nominal"}
[2025-11-15 09:55:58.181 +0530] [INFO] [cadence.virtuoso.ade.simulationMonitor] - Time used: CPU = 1.32 s, elapsed = 2.7 s, util. = 48.8%. {"history": "ExplorerRun.0", "point": 1, "testname": "hanus_ring_vco_1", "cornername": "Nominal"}
[2025-11-15 09:55:58.181 +0530] [INFO] [cadence.virtuoso.ade.simulationMonitor] - Time spent in licensing: elapsed = 1.62 s, percentage of total = 60.1%. {"history": "ExplorerRun.0", "point": 1, "testname": "hanus_ring_vco_1", "cornername": "Nominal"}
[2025-11-15 09:55:58.181 +0530] [INFO] [cadence.virtuoso.ade.simulationMonitor] - Peak memory used = 187 Mbytes. {"history": "ExplorerRun.0", "point": 1, "testname": "hanus_ring_vco_1", "cornername": "Nominal"}
[2025-11-15 09:55:58.182 +0530] [PROCESS] [cadence.virtuoso.ade.simulationMonitor] - Simulation started at: 9:55:54 AM, Sat Nov 15, 2025, ended at: 9:55:57 AM, Sat Nov 15, 2025, with elapsed time (wall clock): 2.7 s. {"history": "ExplorerRun.0", "point": 1, "testname": "hanus_ring_vco_1", "cornername": "Nominal"}
[2025-11-15 09:55:58.182 +0530] [PROCESS] [cadence.virtuoso.ade.simulationMonitor] - spectre completes with 0 errors, 0 warnings, and 11 notices. {"history": "ExplorerRun.0", "point": 1, "testname": "hanus_ring_vco_1", "cornername": "Nominal"}
[2025-11-15 09:55:58.182 +0530] [PROCESS] [cadence.virtuoso.ade.simulationMonitor] - Finished simulating for one point {"hostname": "vlsi43.blr.amrita.edu", "processid": 196483, "history": "ExplorerRun.0", "testname": "hanus_ring_vco_1", "cornername": "Nominal", "point": 1, "logfile": "/home/train/hanupro/logs_train/logs0/Job12.log", "simid": "1"}
[2025-11-15 09:55:58.182 +0530] [PROCESS] [cadence.virtuoso.ade.simulationMonitor] - Simulator exited {"hostname": "vlsi43.blr.amrita.edu", "processid": 196483, "history": "ExplorerRun.0", "testname": "hanus_ring_vco_1", "cornername": "Nominal", "point": 1, "logfile": "/home/train/hanupro/logs_train/logs0/Job12.log", "exitStatus": "0"}
[2025-11-15 09:55:58.182 +0530] [PROCESS] [cadence.virtuoso.ade.simulationMonitor] - Finished Simulation {"hostname": "vlsi43.blr.amrita.edu", "processid": 196483, "history": "ExplorerRun.0", "testname": "hanus_ring_vco_1", "cornername": "Nominal", "point": 1, "logfile": "/home/train/hanupro/logs_train/logs0/Job12.log", "simid": "1"}
[2025-11-15 09:55:59.186 +0530] [PROCESS] [cadence.virtuoso.ade.simulationMonitor] - Point Finished {"hostname": "vlsi43.blr.amrita.edu", "processid": 196483, "history": "ExplorerRun.0", "testname": "hanus_ring_vco_1", "cornername": "Nominal", "point": 1, "logfile": "/home/train/hanupro/logs_train/logs0/Job12.log"}
[2025-11-15 09:57:45.829 +0530] [INFO] [cadence.virtuoso.ade.simulationMonitor] - SimulationMonitor has terminated the vds process '196588', reason: 'Force to stop the expression evalutor process because of new run' {"history": "ExplorerRun.0", "point": 1, "testname": "hanus_ring_vco_1", "cornername": "Nominal"}
[2025-11-15 09:57:45.829 +0530] [PROCESS] [cadence.virtuoso.ade.simulationMonitor] - HostInfo:
Host name (type):	vlsi43.blr.amrita.edu (x86_64)
Operating system:	Linux 4.18.0-425.3.1.el8.x86_64 #1 SMP Fri Sep 30 11:45:06 EDT 2022 {"hostname": "vlsi43.blr.amrita.edu", "processid": 196483, "history": "ExplorerRun.0", "testname": "hanus_ring_vco_1", "cornername": "Nominal", "point": 1, "logfile": "/home/train/hanupro/logs_train/logs0/Job12.log", "nodename": "vlsi43.blr.amrita.edu", "domainname": "(none)", "machine": "x86_64", "sysname": "Linux", "release": "4.18.0-425.3.1.el8.x86_64", "version": "#1 SMP Fri Sep 30 11:45:06 EDT 2022"}
[2025-11-15 09:57:45.829 +0530] [PROCESS] [cadence.virtuoso.ade.simulationMonitor] - UsageInfo:
pid=196483
totalPhysicalMemory=15.338787GB,Used=6.322498GB,totalVirtualMemory=46.588783GB,Used=6.322498GB
Cpu: Cores=20, Load average:0.140000,0.330000,0.390000 {"hostname": "vlsi43.blr.amrita.edu", "processid": 196483, "history": "ExplorerRun.0", "testname": "hanus_ring_vco_1", "cornername": "Nominal", "point": 1, "logfile": "/home/train/hanupro/logs_train/logs0/Job12.log", "pid": "196483", "totalPhysicalMemory": "15.338787", "physicalMemoryUsed": "6.322498", "totalVirtualMemory": "46.588783", "virtualMemoryUsed": "6.322498", "cpuCores": "20", "processes": "1538", "loadAverage1": "0.140000", "loadAverage5": "0.330000", "loadAverage15": "0.390000", "loadAverage1Percent": "0.007000"}
[2025-11-15 09:57:45.829 +0530] [EVENT] [cadence.virtuoso.ade.simulationMonitor] - NewPoint {"history": "ExplorerRun.0", "point": 1, "testname": "hanus_ring_vco_1", "cornername": "Nominal", "event": "NewPoint", "EventSource": "Simulation Monitor", "HistoryName": "ExplorerRun.0", "logFile": "/home/train/hanupro/logs_train/logs0/Job12.log", "logFileSize": "13836"}
[2025-11-15 09:57:45.931 +0530] [EVENT] [cadence.virtuoso.ade.simulationMonitor] - NewPoint {"history": "ExplorerRun.0", "point": 1, "testname": "hanus_ring_vco_1", "cornername": "Nominal", "event": "NewPoint", "EventSource": "spectre", "HistoryName": "ExplorerRun.0", "logFile": "/home/train/simulation/hanus/ring_vco/maestro/results/maestro/ExplorerRun.0/1/hanus_ring_vco_1/psf/spectre.out", "logFileSize": "-1"}
[2025-11-15 09:57:45.934 +0530] [PROCESS] [cadence.virtuoso.ade.simulationMonitor] - Simulator launched {"hostname": "vlsi43.blr.amrita.edu", "processid": 196483, "history": "ExplorerRun.0", "testname": "hanus_ring_vco_1", "cornername": "Nominal", "point": 1, "logfile": "/home/train/hanupro/logs_train/logs0/Job12.log", "simid": "2"}
[2025-11-15 09:57:45.937 +0530] [PROCESS] [cadence.virtuoso.ade.simulationMonitor] - Expression evaluator launched {"hostname": "vlsi43.blr.amrita.edu", "processid": 196483, "history": "ExplorerRun.0", "testname": "hanus_ring_vco_1", "cornername": "Nominal", "point": 1, "logfile": "/home/train/hanupro/logs_train/logs0/Job12.log"}
[2025-11-15 09:57:45.941 +0530] [PROCESS] [cadence.virtuoso.ade.simulationMonitor] - Started Simulation {"hostname": "vlsi43.blr.amrita.edu", "processid": 196483, "history": "ExplorerRun.0", "testname": "hanus_ring_vco_1", "cornername": "Nominal", "point": 1, "logfile": "/home/train/hanupro/logs_train/logs0/Job12.log", "event": "started", "task": "simulation"}
[2025-11-15 09:57:47.941 +0530] [INFO] [cadence.virtuoso.ade.simulationMonitor] - Peak resident memory used = 152 Mbytes. {"history": "ExplorerRun.0", "point": 1, "testname": "hanus_ring_vco_1", "cornername": "Nominal"}
[2025-11-15 09:57:47.941 +0530] [INFO] [cadence.virtuoso.ade.simulationMonitor] - Peak resident memory used = 165 Mbytes. {"history": "ExplorerRun.0", "point": 1, "testname": "hanus_ring_vco_1", "cornername": "Nominal"}
[2025-11-15 09:57:47.941 +0530] [INFO] [cadence.virtuoso.ade.simulationMonitor] - Notice from spectre during hierarchy flattening.
    The value 'psf' specified for the 'checklimitdest' option will no longer be supported in future releases. Use 'spectre -h' to see other recommended values for the 'checklimitdest' option. {"history": "ExplorerRun.0", "point": 1, "testname": "hanus_ring_vco_1", "cornername": "Nominal"}
[2025-11-15 09:57:47.941 +0530] [INFO] [cadence.virtuoso.ade.simulationMonitor] - Peak resident memory used = 166 Mbytes. {"history": "ExplorerRun.0", "point": 1, "testname": "hanus_ring_vco_1", "cornername": "Nominal"}
[2025-11-15 09:57:47.941 +0530] [INFO] [cadence.virtuoso.ade.simulationMonitor] - Notice from spectre during initial setup.
    Multithreading is disabled due to the size of the design being too small. {"history": "ExplorerRun.0", "point": 1, "testname": "hanus_ring_vco_1", "cornername": "Nominal"}
[2025-11-15 09:57:47.942 +0530] [INFO] [cadence.virtuoso.ade.simulationMonitor] -               nodes 17 {"history": "ExplorerRun.0", "point": 1, "testname": "hanus_ring_vco_1", "cornername": "Nominal"}
[2025-11-15 09:57:47.942 +0530] [INFO] [cadence.virtuoso.ade.simulationMonitor] - Notice from spectre during initial setup.
    APS enabled. {"history": "ExplorerRun.0", "point": 1, "testname": "hanus_ring_vco_1", "cornername": "Nominal"}
[2025-11-15 09:57:47.942 +0530] [INFO] [cadence.virtuoso.ade.simulationMonitor] - Peak resident memory used = 166 Mbytes. {"history": "ExplorerRun.0", "point": 1, "testname": "hanus_ring_vco_1", "cornername": "Nominal"}
[2025-11-15 09:57:47.942 +0530] [INFO] [cadence.virtuoso.ade.simulationMonitor] -    -   (APS) Multi-threading. The recommended number of threads is 1, consider adding +mt=1 on command line. {"history": "ExplorerRun.0", "point": 1, "testname": "hanus_ring_vco_1", "cornername": "Nominal"}
[2025-11-15 09:57:47.942 +0530] [INFO] [cadence.virtuoso.ade.simulationMonitor] - Notice from spectre.
    Multithreading is disabled due to the size of the design being too small. {"history": "ExplorerRun.0", "point": 1, "testname": "hanus_ring_vco_1", "cornername": "Nominal"}
[2025-11-15 09:57:48.442 +0530] [INFO] [cadence.virtuoso.ade.simulationMonitor] - Notice from spectre during IC analysis, during periodic steady state analysis `pss'.
    There are 1 IC nodes defined. {"history": "ExplorerRun.0", "point": 1, "testname": "hanus_ring_vco_1", "cornername": "Nominal"}
[2025-11-15 09:57:48.442 +0530] [INFO] [cadence.virtuoso.ade.simulationMonitor] - Notice from spectre during IC analysis, during periodic steady state analysis `pss'.
    Bad pivoting is found during DC analysis. Option dc_pivot_check=yes is recommended for possible improvement of convergence.
    Initial condition computed for node out is in error by 34.2697 uV.
        Decrease `rforce' to reduce error in computed initial conditions.  However, setting rforce too small may result in convergence difficulties or in the matrix becoming singular. {"history": "ExplorerRun.0", "point": 1, "testname": "hanus_ring_vco_1", "cornername": "Nominal"}
[2025-11-15 09:57:48.442 +0530] [INFO] [cadence.virtuoso.ade.simulationMonitor] - Total time required for tstab analysis `pss': CPU = 167.702 ms, elapsed = 180.876 ms. {"history": "ExplorerRun.0", "point": 1, "testname": "hanus_ring_vco_1", "cornername": "Nominal"}
[2025-11-15 09:57:48.442 +0530] [INFO] [cadence.virtuoso.ade.simulationMonitor] - Peak resident memory used = 173 Mbytes. {"history": "ExplorerRun.0", "point": 1, "testname": "hanus_ring_vco_1", "cornername": "Nominal"}
[2025-11-15 09:57:48.943 +0530] [INFO] [cadence.virtuoso.ade.simulationMonitor] - Total time required for pss analysis `pss': CPU = 245.619 ms, elapsed = 786.607 ms, util. = 31.2%. {"history": "ExplorerRun.0", "point": 1, "testname": "hanus_ring_vco_1", "cornername": "Nominal"}
[2025-11-15 09:57:48.943 +0530] [INFO] [cadence.virtuoso.ade.simulationMonitor] - Peak resident memory used = 175 Mbytes. {"history": "ExplorerRun.0", "point": 1, "testname": "hanus_ring_vco_1", "cornername": "Nominal"}
[2025-11-15 09:57:48.943 +0530] [INFO] [cadence.virtuoso.ade.simulationMonitor] - Notice from spectre during PNoise analysis `pnoise'.
    Multithreading is disabled due to the size of the design being too small.
    Use full spectrum for normal noise analysis.
    MaxSideband for colored noise sources (e.g. 1/f-noise) is not set, automatically  set it to 3. {"history": "ExplorerRun.0", "point": 1, "testname": "hanus_ring_vco_1", "cornername": "Nominal"}
[2025-11-15 09:57:48.943 +0530] [INFO] [cadence.virtuoso.ade.simulationMonitor] - Total time required for pnoise analysis `pnoise': CPU = 666.852 ms, elapsed = 256.449 ms, util. = 260%. {"history": "ExplorerRun.0", "point": 1, "testname": "hanus_ring_vco_1", "cornername": "Nominal"}
[2025-11-15 09:57:48.943 +0530] [INFO] [cadence.virtuoso.ade.simulationMonitor] - Peak resident memory used = 180 Mbytes. {"history": "ExplorerRun.0", "point": 1, "testname": "hanus_ring_vco_1", "cornername": "Nominal"}
[2025-11-15 09:57:49.444 +0530] [INFO] [cadence.virtuoso.ade.simulationMonitor] - Time used: CPU = 1.28 s, elapsed = 2.66 s, util. = 48%. {"history": "ExplorerRun.0", "point": 1, "testname": "hanus_ring_vco_1", "cornername": "Nominal"}
[2025-11-15 09:57:49.444 +0530] [INFO] [cadence.virtuoso.ade.simulationMonitor] - Time spent in licensing: elapsed = 1.73 s, percentage of total = 65.3%. {"history": "ExplorerRun.0", "point": 1, "testname": "hanus_ring_vco_1", "cornername": "Nominal"}
[2025-11-15 09:57:49.445 +0530] [INFO] [cadence.virtuoso.ade.simulationMonitor] - Peak memory used = 181 Mbytes. {"history": "ExplorerRun.0", "point": 1, "testname": "hanus_ring_vco_1", "cornername": "Nominal"}
[2025-11-15 09:57:49.445 +0530] [PROCESS] [cadence.virtuoso.ade.simulationMonitor] - Simulation started at: 9:57:46 AM, Sat Nov 15, 2025, ended at: 9:57:48 AM, Sat Nov 15, 2025, with elapsed time (wall clock): 2.66 s. {"history": "ExplorerRun.0", "point": 1, "testname": "hanus_ring_vco_1", "cornername": "Nominal"}
[2025-11-15 09:57:49.445 +0530] [PROCESS] [cadence.virtuoso.ade.simulationMonitor] - spectre completes with 0 errors, 0 warnings, and 11 notices. {"history": "ExplorerRun.0", "point": 1, "testname": "hanus_ring_vco_1", "cornername": "Nominal"}
[2025-11-15 09:57:49.445 +0530] [PROCESS] [cadence.virtuoso.ade.simulationMonitor] - Finished simulating for one point {"hostname": "vlsi43.blr.amrita.edu", "processid": 196483, "history": "ExplorerRun.0", "testname": "hanus_ring_vco_1", "cornername": "Nominal", "point": 1, "logfile": "/home/train/hanupro/logs_train/logs0/Job12.log", "simid": "2"}
[2025-11-15 09:57:49.445 +0530] [PROCESS] [cadence.virtuoso.ade.simulationMonitor] - Simulator exited {"hostname": "vlsi43.blr.amrita.edu", "processid": 196483, "history": "ExplorerRun.0", "testname": "hanus_ring_vco_1", "cornername": "Nominal", "point": 1, "logfile": "/home/train/hanupro/logs_train/logs0/Job12.log", "exitStatus": "0"}
[2025-11-15 09:57:49.445 +0530] [PROCESS] [cadence.virtuoso.ade.simulationMonitor] - Finished Simulation {"hostname": "vlsi43.blr.amrita.edu", "processid": 196483, "history": "ExplorerRun.0", "testname": "hanus_ring_vco_1", "cornername": "Nominal", "point": 1, "logfile": "/home/train/hanupro/logs_train/logs0/Job12.log", "simid": "2"}
[2025-11-15 09:57:50.449 +0530] [PROCESS] [cadence.virtuoso.ade.simulationMonitor] - Point Finished {"hostname": "vlsi43.blr.amrita.edu", "processid": 196483, "history": "ExplorerRun.0", "testname": "hanus_ring_vco_1", "cornername": "Nominal", "point": 1, "logfile": "/home/train/hanupro/logs_train/logs0/Job12.log"}
[2025-11-15 09:58:31.793 +0530] [INFO] [cadence.virtuoso.ade.simulationMonitor] - SimulationMonitor has terminated the vds process '204232', reason: 'Force to stop the expression evalutor process because of new run' {"history": "ExplorerRun.0", "point": 1, "testname": "hanus_ring_vco_1", "cornername": "Nominal"}
[2025-11-15 09:58:31.793 +0530] [PROCESS] [cadence.virtuoso.ade.simulationMonitor] - HostInfo:
Host name (type):	vlsi43.blr.amrita.edu (x86_64)
Operating system:	Linux 4.18.0-425.3.1.el8.x86_64 #1 SMP Fri Sep 30 11:45:06 EDT 2022 {"hostname": "vlsi43.blr.amrita.edu", "processid": 196483, "history": "ExplorerRun.0", "testname": "hanus_ring_vco_1", "cornername": "Nominal", "point": 1, "logfile": "/home/train/hanupro/logs_train/logs0/Job12.log", "nodename": "vlsi43.blr.amrita.edu", "domainname": "(none)", "machine": "x86_64", "sysname": "Linux", "release": "4.18.0-425.3.1.el8.x86_64", "version": "#1 SMP Fri Sep 30 11:45:06 EDT 2022"}
[2025-11-15 09:58:31.793 +0530] [PROCESS] [cadence.virtuoso.ade.simulationMonitor] - UsageInfo:
pid=196483
totalPhysicalMemory=15.338787GB,Used=6.326736GB,totalVirtualMemory=46.588783GB,Used=6.326736GB
Cpu: Cores=20, Load average:0.150000,0.310000,0.380000 {"hostname": "vlsi43.blr.amrita.edu", "processid": 196483, "history": "ExplorerRun.0", "testname": "hanus_ring_vco_1", "cornername": "Nominal", "point": 1, "logfile": "/home/train/hanupro/logs_train/logs0/Job12.log", "pid": "196483", "totalPhysicalMemory": "15.338787", "physicalMemoryUsed": "6.326736", "totalVirtualMemory": "46.588783", "virtualMemoryUsed": "6.326736", "cpuCores": "20", "processes": "1549", "loadAverage1": "0.150000", "loadAverage5": "0.310000", "loadAverage15": "0.380000", "loadAverage1Percent": "0.007500"}
[2025-11-15 09:58:31.793 +0530] [EVENT] [cadence.virtuoso.ade.simulationMonitor] - NewPoint {"history": "ExplorerRun.0", "point": 1, "testname": "hanus_ring_vco_1", "cornername": "Nominal", "event": "NewPoint", "EventSource": "Simulation Monitor", "HistoryName": "ExplorerRun.0", "logFile": "/home/train/hanupro/logs_train/logs0/Job12.log", "logFileSize": "25493"}
[2025-11-15 09:58:31.894 +0530] [EVENT] [cadence.virtuoso.ade.simulationMonitor] - NewPoint {"history": "ExplorerRun.0", "point": 1, "testname": "hanus_ring_vco_1", "cornername": "Nominal", "event": "NewPoint", "EventSource": "spectre", "HistoryName": "ExplorerRun.0", "logFile": "/home/train/simulation/hanus/ring_vco/maestro/results/maestro/ExplorerRun.0/1/hanus_ring_vco_1/psf/spectre.out", "logFileSize": "-1"}
[2025-11-15 09:58:31.897 +0530] [PROCESS] [cadence.virtuoso.ade.simulationMonitor] - Simulator launched {"hostname": "vlsi43.blr.amrita.edu", "processid": 196483, "history": "ExplorerRun.0", "testname": "hanus_ring_vco_1", "cornername": "Nominal", "point": 1, "logfile": "/home/train/hanupro/logs_train/logs0/Job12.log", "simid": "3"}
[2025-11-15 09:58:31.897 +0530] [PROCESS] [cadence.virtuoso.ade.simulationMonitor] - Expression evaluator launched {"hostname": "vlsi43.blr.amrita.edu", "processid": 196483, "history": "ExplorerRun.0", "testname": "hanus_ring_vco_1", "cornername": "Nominal", "point": 1, "logfile": "/home/train/hanupro/logs_train/logs0/Job12.log"}
[2025-11-15 09:58:31.901 +0530] [PROCESS] [cadence.virtuoso.ade.simulationMonitor] - Started Simulation {"hostname": "vlsi43.blr.amrita.edu", "processid": 196483, "history": "ExplorerRun.0", "testname": "hanus_ring_vco_1", "cornername": "Nominal", "point": 1, "logfile": "/home/train/hanupro/logs_train/logs0/Job12.log", "event": "started", "task": "simulation"}
[2025-11-15 09:58:33.902 +0530] [INFO] [cadence.virtuoso.ade.simulationMonitor] - Peak resident memory used = 152 Mbytes. {"history": "ExplorerRun.0", "point": 1, "testname": "hanus_ring_vco_1", "cornername": "Nominal"}
[2025-11-15 09:58:33.902 +0530] [INFO] [cadence.virtuoso.ade.simulationMonitor] - Peak resident memory used = 163 Mbytes. {"history": "ExplorerRun.0", "point": 1, "testname": "hanus_ring_vco_1", "cornername": "Nominal"}
[2025-11-15 09:58:33.903 +0530] [INFO] [cadence.virtuoso.ade.simulationMonitor] - Notice from spectre during hierarchy flattening.
    The value 'psf' specified for the 'checklimitdest' option will no longer be supported in future releases. Use 'spectre -h' to see other recommended values for the 'checklimitdest' option. {"history": "ExplorerRun.0", "point": 1, "testname": "hanus_ring_vco_1", "cornername": "Nominal"}
[2025-11-15 09:58:33.903 +0530] [INFO] [cadence.virtuoso.ade.simulationMonitor] - Peak resident memory used = 165 Mbytes. {"history": "ExplorerRun.0", "point": 1, "testname": "hanus_ring_vco_1", "cornername": "Nominal"}
[2025-11-15 09:58:33.903 +0530] [INFO] [cadence.virtuoso.ade.simulationMonitor] - Notice from spectre during initial setup.
    Multithreading is disabled due to the size of the design being too small. {"history": "ExplorerRun.0", "point": 1, "testname": "hanus_ring_vco_1", "cornername": "Nominal"}
[2025-11-15 09:58:33.903 +0530] [INFO] [cadence.virtuoso.ade.simulationMonitor] -               nodes 17 {"history": "ExplorerRun.0", "point": 1, "testname": "hanus_ring_vco_1", "cornername": "Nominal"}
[2025-11-15 09:58:33.903 +0530] [INFO] [cadence.virtuoso.ade.simulationMonitor] - Notice from spectre during initial setup.
    APS enabled. {"history": "ExplorerRun.0", "point": 1, "testname": "hanus_ring_vco_1", "cornername": "Nominal"}
[2025-11-15 09:58:33.903 +0530] [INFO] [cadence.virtuoso.ade.simulationMonitor] - Peak resident memory used = 168 Mbytes. {"history": "ExplorerRun.0", "point": 1, "testname": "hanus_ring_vco_1", "cornername": "Nominal"}
[2025-11-15 09:58:33.903 +0530] [INFO] [cadence.virtuoso.ade.simulationMonitor] -    -   (APS) Multi-threading. The recommended number of threads is 1, consider adding +mt=1 on command line. {"history": "ExplorerRun.0", "point": 1, "testname": "hanus_ring_vco_1", "cornername": "Nominal"}
[2025-11-15 09:58:33.904 +0530] [INFO] [cadence.virtuoso.ade.simulationMonitor] - Notice from spectre during IC analysis, during transient analysis `tran'.
    There are 1 IC nodes defined. {"history": "ExplorerRun.0", "point": 1, "testname": "hanus_ring_vco_1", "cornername": "Nominal"}
[2025-11-15 09:58:33.904 +0530] [INFO] [cadence.virtuoso.ade.simulationMonitor] - Notice from spectre during IC analysis, during transient analysis `tran'.
    Bad pivoting is found during DC analysis. Option dc_pivot_check=yes is recommended for possible improvement of convergence.
    Initial condition computed for node out is in error by 34.2697 uV.
        Decrease `rforce' to reduce error in computed initial conditions.  However, setting rforce too small may result in convergence difficulties or in the matrix becoming singular. {"history": "ExplorerRun.0", "point": 1, "testname": "hanus_ring_vco_1", "cornername": "Nominal"}
[2025-11-15 09:58:33.904 +0530] [INFO] [cadence.virtuoso.ade.simulationMonitor] - Notice from spectre during transient analysis `tran'.
    Multithreading is disabled due to the size of the design being too small. {"history": "ExplorerRun.0", "point": 1, "testname": "hanus_ring_vco_1", "cornername": "Nominal"}
[2025-11-15 09:58:37.955 +0530] [INFO] [cadence.virtuoso.ade.simulationMonitor] - Total time required for tran analysis `tran': CPU = 3.74598 s, elapsed = 3.75377 s, util. = 99.8%. {"history": "ExplorerRun.0", "point": 1, "testname": "hanus_ring_vco_1", "cornername": "Nominal"}
[2025-11-15 09:58:37.956 +0530] [INFO] [cadence.virtuoso.ade.simulationMonitor] - Peak resident memory used = 271 Mbytes. {"history": "ExplorerRun.0", "point": 1, "testname": "hanus_ring_vco_1", "cornername": "Nominal"}
[2025-11-15 09:58:37.956 +0530] [INFO] [cadence.virtuoso.ade.simulationMonitor] - Notice from spectre.
    Multithreading is disabled due to the size of the design being too small. {"history": "ExplorerRun.0", "point": 1, "testname": "hanus_ring_vco_1", "cornername": "Nominal"}
[2025-11-15 09:58:38.456 +0530] [INFO] [cadence.virtuoso.ade.simulationMonitor] - Notice from spectre during IC analysis, during periodic steady state analysis `pss'.
    There are 1 IC nodes defined. {"history": "ExplorerRun.0", "point": 1, "testname": "hanus_ring_vco_1", "cornername": "Nominal"}
[2025-11-15 09:58:38.456 +0530] [INFO] [cadence.virtuoso.ade.simulationMonitor] - Notice from spectre during IC analysis, during periodic steady state analysis `pss'.
    Initial condition computed for node out is in error by 34.2697 uV.
        Decrease `rforce' to reduce error in computed initial conditions.  However, setting rforce too small may result in convergence difficulties or in the matrix becoming singular. {"history": "ExplorerRun.0", "point": 1, "testname": "hanus_ring_vco_1", "cornername": "Nominal"}
[2025-11-15 09:58:38.456 +0530] [INFO] [cadence.virtuoso.ade.simulationMonitor] - Total time required for tstab analysis `pss': CPU = 169.803 ms, elapsed = 185.804 ms. {"history": "ExplorerRun.0", "point": 1, "testname": "hanus_ring_vco_1", "cornername": "Nominal"}
[2025-11-15 09:58:38.456 +0530] [INFO] [cadence.virtuoso.ade.simulationMonitor] - Peak resident memory used = 272 Mbytes. {"history": "ExplorerRun.0", "point": 1, "testname": "hanus_ring_vco_1", "cornername": "Nominal"}
[2025-11-15 09:58:38.456 +0530] [INFO] [cadence.virtuoso.ade.simulationMonitor] - Total time required for pss analysis `pss': CPU = 249.271 ms, elapsed = 818.079 ms, util. = 30.5%. {"history": "ExplorerRun.0", "point": 1, "testname": "hanus_ring_vco_1", "cornername": "Nominal"}
[2025-11-15 09:58:38.457 +0530] [INFO] [cadence.virtuoso.ade.simulationMonitor] - Peak resident memory used = 272 Mbytes. {"history": "ExplorerRun.0", "point": 1, "testname": "hanus_ring_vco_1", "cornername": "Nominal"}
[2025-11-15 09:58:38.457 +0530] [INFO] [cadence.virtuoso.ade.simulationMonitor] - Notice from spectre during PNoise analysis `pnoise'.
    Multithreading is disabled due to the size of the design being too small.
    Use full spectrum for normal noise analysis.
    MaxSideband for colored noise sources (e.g. 1/f-noise) is not set, automatically  set it to 3. {"history": "ExplorerRun.0", "point": 1, "testname": "hanus_ring_vco_1", "cornername": "Nominal"}
[2025-11-15 09:58:38.957 +0530] [INFO] [cadence.virtuoso.ade.simulationMonitor] - Total time required for pnoise analysis `pnoise': CPU = 700.206 ms, elapsed = 262.132 ms, util. = 267%. {"history": "ExplorerRun.0", "point": 1, "testname": "hanus_ring_vco_1", "cornername": "Nominal"}
[2025-11-15 09:58:38.957 +0530] [INFO] [cadence.virtuoso.ade.simulationMonitor] - Peak resident memory used = 273 Mbytes. {"history": "ExplorerRun.0", "point": 1, "testname": "hanus_ring_vco_1", "cornername": "Nominal"}
[2025-11-15 09:58:38.957 +0530] [INFO] [cadence.virtuoso.ade.simulationMonitor] - Time used: CPU = 5.11 s, elapsed = 6.64 s, util. = 76.9%. {"history": "ExplorerRun.0", "point": 1, "testname": "hanus_ring_vco_1", "cornername": "Nominal"}
[2025-11-15 09:58:38.958 +0530] [INFO] [cadence.virtuoso.ade.simulationMonitor] - Time spent in licensing: elapsed = 1.99 s, percentage of total = 29.9%. {"history": "ExplorerRun.0", "point": 1, "testname": "hanus_ring_vco_1", "cornername": "Nominal"}
[2025-11-15 09:58:38.958 +0530] [INFO] [cadence.virtuoso.ade.simulationMonitor] - Peak memory used = 274 Mbytes. {"history": "ExplorerRun.0", "point": 1, "testname": "hanus_ring_vco_1", "cornername": "Nominal"}
[2025-11-15 09:58:38.958 +0530] [PROCESS] [cadence.virtuoso.ade.simulationMonitor] - Simulation started at: 9:58:32 AM, Sat Nov 15, 2025, ended at: 9:58:38 AM, Sat Nov 15, 2025, with elapsed time (wall clock): 6.64 s. {"history": "ExplorerRun.0", "point": 1, "testname": "hanus_ring_vco_1", "cornername": "Nominal"}
[2025-11-15 09:58:38.958 +0530] [PROCESS] [cadence.virtuoso.ade.simulationMonitor] - spectre completes with 0 errors, 0 warnings, and 14 notices. {"history": "ExplorerRun.0", "point": 1, "testname": "hanus_ring_vco_1", "cornername": "Nominal"}
[2025-11-15 09:58:38.958 +0530] [PROCESS] [cadence.virtuoso.ade.simulationMonitor] - Finished simulating for one point {"hostname": "vlsi43.blr.amrita.edu", "processid": 196483, "history": "ExplorerRun.0", "testname": "hanus_ring_vco_1", "cornername": "Nominal", "point": 1, "logfile": "/home/train/hanupro/logs_train/logs0/Job12.log", "simid": "3"}
[2025-11-15 09:58:38.958 +0530] [PROCESS] [cadence.virtuoso.ade.simulationMonitor] - Simulator exited {"hostname": "vlsi43.blr.amrita.edu", "processid": 196483, "history": "ExplorerRun.0", "testname": "hanus_ring_vco_1", "cornername": "Nominal", "point": 1, "logfile": "/home/train/hanupro/logs_train/logs0/Job12.log", "exitStatus": "0"}
[2025-11-15 09:58:38.958 +0530] [PROCESS] [cadence.virtuoso.ade.simulationMonitor] - Finished Simulation {"hostname": "vlsi43.blr.amrita.edu", "processid": 196483, "history": "ExplorerRun.0", "testname": "hanus_ring_vco_1", "cornername": "Nominal", "point": 1, "logfile": "/home/train/hanupro/logs_train/logs0/Job12.log", "simid": "3"}
[2025-11-15 09:58:39.963 +0530] [PROCESS] [cadence.virtuoso.ade.simulationMonitor] - Point Finished {"hostname": "vlsi43.blr.amrita.edu", "processid": 196483, "history": "ExplorerRun.0", "testname": "hanus_ring_vco_1", "cornername": "Nominal", "point": 1, "logfile": "/home/train/hanupro/logs_train/logs0/Job12.log"}
[2025-11-15 09:58:54.362 +0530] [INFO] [cadence.virtuoso.ade.simulationMonitor] - SimulationMonitor has terminated the vds process '208055', reason: 'Force to stop the expression evalutor process because of new run' {"history": "ExplorerRun.0", "point": 1, "testname": "hanus_ring_vco_1", "cornername": "Nominal"}
[2025-11-15 09:58:54.362 +0530] [PROCESS] [cadence.virtuoso.ade.simulationMonitor] - HostInfo:
Host name (type):	vlsi43.blr.amrita.edu (x86_64)
Operating system:	Linux 4.18.0-425.3.1.el8.x86_64 #1 SMP Fri Sep 30 11:45:06 EDT 2022 {"hostname": "vlsi43.blr.amrita.edu", "processid": 196483, "history": "ExplorerRun.0", "testname": "hanus_ring_vco_1", "cornername": "Nominal", "point": 1, "logfile": "/home/train/hanupro/logs_train/logs0/Job12.log", "nodename": "vlsi43.blr.amrita.edu", "domainname": "(none)", "machine": "x86_64", "sysname": "Linux", "release": "4.18.0-425.3.1.el8.x86_64", "version": "#1 SMP Fri Sep 30 11:45:06 EDT 2022"}
[2025-11-15 09:58:54.362 +0530] [PROCESS] [cadence.virtuoso.ade.simulationMonitor] - UsageInfo:
pid=196483
totalPhysicalMemory=15.338787GB,Used=6.581642GB,totalVirtualMemory=46.588783GB,Used=6.581642GB
Cpu: Cores=20, Load average:0.100000,0.290000,0.370000 {"hostname": "vlsi43.blr.amrita.edu", "processid": 196483, "history": "ExplorerRun.0", "testname": "hanus_ring_vco_1", "cornername": "Nominal", "point": 1, "logfile": "/home/train/hanupro/logs_train/logs0/Job12.log", "pid": "196483", "totalPhysicalMemory": "15.338787", "physicalMemoryUsed": "6.581642", "totalVirtualMemory": "46.588783", "virtualMemoryUsed": "6.581642", "cpuCores": "20", "processes": "1578", "loadAverage1": "0.100000", "loadAverage5": "0.290000", "loadAverage15": "0.370000", "loadAverage1Percent": "0.005000"}
[2025-11-15 09:58:54.362 +0530] [EVENT] [cadence.virtuoso.ade.simulationMonitor] - NewPoint {"history": "ExplorerRun.0", "point": 1, "testname": "hanus_ring_vco_1", "cornername": "Nominal", "event": "NewPoint", "EventSource": "Simulation Monitor", "HistoryName": "ExplorerRun.0", "logFile": "/home/train/hanupro/logs_train/logs0/Job12.log", "logFileSize": "38760"}
[2025-11-15 09:58:54.463 +0530] [EVENT] [cadence.virtuoso.ade.simulationMonitor] - NewPoint {"history": "ExplorerRun.0", "point": 1, "testname": "hanus_ring_vco_1", "cornername": "Nominal", "event": "NewPoint", "EventSource": "spectre", "HistoryName": "ExplorerRun.0", "logFile": "/home/train/simulation/hanus/ring_vco/maestro/results/maestro/ExplorerRun.0/1/hanus_ring_vco_1/psf/spectre.out", "logFileSize": "-1"}
[2025-11-15 09:58:54.466 +0530] [PROCESS] [cadence.virtuoso.ade.simulationMonitor] - Simulator launched {"hostname": "vlsi43.blr.amrita.edu", "processid": 196483, "history": "ExplorerRun.0", "testname": "hanus_ring_vco_1", "cornername": "Nominal", "point": 1, "logfile": "/home/train/hanupro/logs_train/logs0/Job12.log", "simid": "4"}
[2025-11-15 09:58:54.468 +0530] [PROCESS] [cadence.virtuoso.ade.simulationMonitor] - Expression evaluator launched {"hostname": "vlsi43.blr.amrita.edu", "processid": 196483, "history": "ExplorerRun.0", "testname": "hanus_ring_vco_1", "cornername": "Nominal", "point": 1, "logfile": "/home/train/hanupro/logs_train/logs0/Job12.log"}
[2025-11-15 09:58:54.473 +0530] [PROCESS] [cadence.virtuoso.ade.simulationMonitor] - Started Simulation {"hostname": "vlsi43.blr.amrita.edu", "processid": 196483, "history": "ExplorerRun.0", "testname": "hanus_ring_vco_1", "cornername": "Nominal", "point": 1, "logfile": "/home/train/hanupro/logs_train/logs0/Job12.log", "event": "started", "task": "simulation"}
[2025-11-15 09:58:56.473 +0530] [INFO] [cadence.virtuoso.ade.simulationMonitor] - Peak resident memory used = 154 Mbytes. {"history": "ExplorerRun.0", "point": 1, "testname": "hanus_ring_vco_1", "cornername": "Nominal"}
[2025-11-15 09:58:56.474 +0530] [INFO] [cadence.virtuoso.ade.simulationMonitor] - Peak resident memory used = 169 Mbytes. {"history": "ExplorerRun.0", "point": 1, "testname": "hanus_ring_vco_1", "cornername": "Nominal"}
[2025-11-15 09:58:56.474 +0530] [INFO] [cadence.virtuoso.ade.simulationMonitor] - Notice from spectre during hierarchy flattening.
    The value 'psf' specified for the 'checklimitdest' option will no longer be supported in future releases. Use 'spectre -h' to see other recommended values for the 'checklimitdest' option. {"history": "ExplorerRun.0", "point": 1, "testname": "hanus_ring_vco_1", "cornername": "Nominal"}
[2025-11-15 09:58:56.474 +0530] [INFO] [cadence.virtuoso.ade.simulationMonitor] - Peak resident memory used = 170 Mbytes. {"history": "ExplorerRun.0", "point": 1, "testname": "hanus_ring_vco_1", "cornername": "Nominal"}
[2025-11-15 09:58:56.474 +0530] [INFO] [cadence.virtuoso.ade.simulationMonitor] - Notice from spectre during initial setup.
    Multithreading is disabled due to the size of the design being too small. {"history": "ExplorerRun.0", "point": 1, "testname": "hanus_ring_vco_1", "cornername": "Nominal"}
[2025-11-15 09:58:56.474 +0530] [INFO] [cadence.virtuoso.ade.simulationMonitor] -               nodes 17 {"history": "ExplorerRun.0", "point": 1, "testname": "hanus_ring_vco_1", "cornername": "Nominal"}
[2025-11-15 09:58:56.474 +0530] [INFO] [cadence.virtuoso.ade.simulationMonitor] - Notice from spectre during initial setup.
    APS enabled. {"history": "ExplorerRun.0", "point": 1, "testname": "hanus_ring_vco_1", "cornername": "Nominal"}
[2025-11-15 09:58:56.474 +0530] [INFO] [cadence.virtuoso.ade.simulationMonitor] - Peak resident memory used = 173 Mbytes. {"history": "ExplorerRun.0", "point": 1, "testname": "hanus_ring_vco_1", "cornername": "Nominal"}
[2025-11-15 09:58:56.475 +0530] [INFO] [cadence.virtuoso.ade.simulationMonitor] -    -   (APS) Multi-threading. The recommended number of threads is 1, consider adding +mt=1 on command line. {"history": "ExplorerRun.0", "point": 1, "testname": "hanus_ring_vco_1", "cornername": "Nominal"}
[2025-11-15 09:58:56.475 +0530] [INFO] [cadence.virtuoso.ade.simulationMonitor] - Notice from spectre during IC analysis, during transient analysis `tran'.
    There are 1 IC nodes defined. {"history": "ExplorerRun.0", "point": 1, "testname": "hanus_ring_vco_1", "cornername": "Nominal"}
[2025-11-15 09:58:56.475 +0530] [INFO] [cadence.virtuoso.ade.simulationMonitor] - Notice from spectre during IC analysis, during transient analysis `tran'.
    Bad pivoting is found during DC analysis. Option dc_pivot_check=yes is recommended for possible improvement of convergence.
    Initial condition computed for node out is in error by 34.2696 uV.
        Decrease `rforce' to reduce error in computed initial conditions.  However, setting rforce too small may result in convergence difficulties or in the matrix becoming singular. {"history": "ExplorerRun.0", "point": 1, "testname": "hanus_ring_vco_1", "cornername": "Nominal"}
[2025-11-15 09:58:56.475 +0530] [INFO] [cadence.virtuoso.ade.simulationMonitor] - Notice from spectre during transient analysis `tran'.
    Multithreading is disabled due to the size of the design being too small. {"history": "ExplorerRun.0", "point": 1, "testname": "hanus_ring_vco_1", "cornername": "Nominal"}
[2025-11-15 09:58:57.475 +0530] [INFO] [cadence.virtuoso.ade.simulationMonitor] - Total time required for tran analysis `tran': CPU = 895.966 ms, elapsed = 899.92 ms, util. = 99.6%. {"history": "ExplorerRun.0", "point": 1, "testname": "hanus_ring_vco_1", "cornername": "Nominal"}
[2025-11-15 09:58:57.475 +0530] [INFO] [cadence.virtuoso.ade.simulationMonitor] - Peak resident memory used = 206 Mbytes. {"history": "ExplorerRun.0", "point": 1, "testname": "hanus_ring_vco_1", "cornername": "Nominal"}
[2025-11-15 09:58:57.476 +0530] [INFO] [cadence.virtuoso.ade.simulationMonitor] - Notice from spectre.
    Multithreading is disabled due to the size of the design being too small. {"history": "ExplorerRun.0", "point": 1, "testname": "hanus_ring_vco_1", "cornername": "Nominal"}
[2025-11-15 09:58:57.976 +0530] [INFO] [cadence.virtuoso.ade.simulationMonitor] - Notice from spectre during IC analysis, during periodic steady state analysis `pss'.
    There are 1 IC nodes defined. {"history": "ExplorerRun.0", "point": 1, "testname": "hanus_ring_vco_1", "cornername": "Nominal"}
[2025-11-15 09:58:57.976 +0530] [INFO] [cadence.virtuoso.ade.simulationMonitor] - Notice from spectre during IC analysis, during periodic steady state analysis `pss'.
    Initial condition computed for node out is in error by 34.2696 uV.
        Decrease `rforce' to reduce error in computed initial conditions.  However, setting rforce too small may result in convergence difficulties or in the matrix becoming singular. {"history": "ExplorerRun.0", "point": 1, "testname": "hanus_ring_vco_1", "cornername": "Nominal"}
[2025-11-15 09:58:57.976 +0530] [INFO] [cadence.virtuoso.ade.simulationMonitor] - Notice from spectre at time = 54.9172 ps during periodic steady state analysis `pss'.
    Found trapezoidal ringing on node V1:p. {"history": "ExplorerRun.0", "point": 1, "testname": "hanus_ring_vco_1", "cornername": "Nominal"}
[2025-11-15 09:58:57.977 +0530] [INFO] [cadence.virtuoso.ade.simulationMonitor] - Notice from spectre at time = 68.8391 ps during periodic steady state analysis `pss'.
    Found trapezoidal ringing on node V1:p. {"history": "ExplorerRun.0", "point": 1, "testname": "hanus_ring_vco_1", "cornername": "Nominal"}
[2025-11-15 09:58:57.977 +0530] [INFO] [cadence.virtuoso.ade.simulationMonitor] - Notice from spectre at time = 84.7247 ps during periodic steady state analysis `pss'.
    Found trapezoidal ringing on node V1:p. {"history": "ExplorerRun.0", "point": 1, "testname": "hanus_ring_vco_1", "cornername": "Nominal"}
[2025-11-15 09:58:57.977 +0530] [INFO] [cadence.virtuoso.ade.simulationMonitor] - Notice from spectre at time = 100.61 ps during periodic steady state analysis `pss'.
    Found trapezoidal ringing on node V1:p. {"history": "ExplorerRun.0", "point": 1, "testname": "hanus_ring_vco_1", "cornername": "Nominal"}
[2025-11-15 09:58:57.977 +0530] [INFO] [cadence.virtuoso.ade.simulationMonitor] - Notice from spectre at time = 164.153 ps during periodic steady state analysis `pss'.
    Found trapezoidal ringing on node V1:p.
        Further occurrences of this notice will be suppressed. {"history": "ExplorerRun.0", "point": 1, "testname": "hanus_ring_vco_1", "cornername": "Nominal"}
[2025-11-15 09:58:57.977 +0530] [INFO] [cadence.virtuoso.ade.simulationMonitor] - Total time required for tstab analysis `pss': CPU = 88.77 ms, elapsed = 94.1491 ms. {"history": "ExplorerRun.0", "point": 1, "testname": "hanus_ring_vco_1", "cornername": "Nominal"}
[2025-11-15 09:58:57.977 +0530] [INFO] [cadence.virtuoso.ade.simulationMonitor] - Peak resident memory used = 206 Mbytes. {"history": "ExplorerRun.0", "point": 1, "testname": "hanus_ring_vco_1", "cornername": "Nominal"}
[2025-11-15 09:58:57.978 +0530] [INFO] [cadence.virtuoso.ade.simulationMonitor] - Notice from spectre during periodic steady state analysis `pss'.
    Trapezoidal ringing is detected during pss analysis.
        Please use method=trap for better results and performance. {"history": "ExplorerRun.0", "point": 1, "testname": "hanus_ring_vco_1", "cornername": "Nominal"}
[2025-11-15 09:58:57.978 +0530] [INFO] [cadence.virtuoso.ade.simulationMonitor] - Total time required for pss analysis `pss': CPU = 141.185 ms, elapsed = 693.677 ms, util. = 20.4%. {"history": "ExplorerRun.0", "point": 1, "testname": "hanus_ring_vco_1", "cornername": "Nominal"}
[2025-11-15 09:58:57.978 +0530] [INFO] [cadence.virtuoso.ade.simulationMonitor] - Peak resident memory used = 206 Mbytes. {"history": "ExplorerRun.0", "point": 1, "testname": "hanus_ring_vco_1", "cornername": "Nominal"}
[2025-11-15 09:58:57.978 +0530] [INFO] [cadence.virtuoso.ade.simulationMonitor] - Notice from spectre.
    502 notices suppressed. {"history": "ExplorerRun.0", "point": 1, "testname": "hanus_ring_vco_1", "cornername": "Nominal"}
[2025-11-15 09:58:57.978 +0530] [INFO] [cadence.virtuoso.ade.simulationMonitor] - Notice from spectre during PNoise analysis `pnoise'.
    Multithreading is disabled due to the size of the design being too small.
    Use full spectrum for normal noise analysis.
    MaxSideband for colored noise sources (e.g. 1/f-noise) is not set, automatically  set it to 3. {"history": "ExplorerRun.0", "point": 1, "testname": "hanus_ring_vco_1", "cornername": "Nominal"}
[2025-11-15 09:58:58.479 +0530] [INFO] [cadence.virtuoso.ade.simulationMonitor] - Total time required for pnoise analysis `pnoise': CPU = 588.349 ms, elapsed = 249.395 ms, util. = 236%. {"history": "ExplorerRun.0", "point": 1, "testname": "hanus_ring_vco_1", "cornername": "Nominal"}
[2025-11-15 09:58:58.479 +0530] [INFO] [cadence.virtuoso.ade.simulationMonitor] - Peak resident memory used = 208 Mbytes. {"history": "ExplorerRun.0", "point": 1, "testname": "hanus_ring_vco_1", "cornername": "Nominal"}
[2025-11-15 09:58:58.479 +0530] [INFO] [cadence.virtuoso.ade.simulationMonitor] - Time used: CPU = 2 s, elapsed = 3.4 s, util. = 58.7%. {"history": "ExplorerRun.0", "point": 1, "testname": "hanus_ring_vco_1", "cornername": "Nominal"}
[2025-11-15 09:58:58.480 +0530] [INFO] [cadence.virtuoso.ade.simulationMonitor] - Time spent in licensing: elapsed = 1.61 s, percentage of total = 47.4%. {"history": "ExplorerRun.0", "point": 1, "testname": "hanus_ring_vco_1", "cornername": "Nominal"}
[2025-11-15 09:58:58.480 +0530] [INFO] [cadence.virtuoso.ade.simulationMonitor] - Peak memory used = 208 Mbytes. {"history": "ExplorerRun.0", "point": 1, "testname": "hanus_ring_vco_1", "cornername": "Nominal"}
[2025-11-15 09:58:58.480 +0530] [PROCESS] [cadence.virtuoso.ade.simulationMonitor] - Simulation started at: 9:58:54 AM, Sat Nov 15, 2025, ended at: 9:58:58 AM, Sat Nov 15, 2025, with elapsed time (wall clock): 3.4 s. {"history": "ExplorerRun.0", "point": 1, "testname": "hanus_ring_vco_1", "cornername": "Nominal"}
[2025-11-15 09:58:58.480 +0530] [PROCESS] [cadence.virtuoso.ade.simulationMonitor] - spectre completes with 0 errors, 0 warnings, and 21 notices. {"history": "ExplorerRun.0", "point": 1, "testname": "hanus_ring_vco_1", "cornername": "Nominal"}
[2025-11-15 09:58:58.480 +0530] [PROCESS] [cadence.virtuoso.ade.simulationMonitor] - Finished simulating for one point {"hostname": "vlsi43.blr.amrita.edu", "processid": 196483, "history": "ExplorerRun.0", "testname": "hanus_ring_vco_1", "cornername": "Nominal", "point": 1, "logfile": "/home/train/hanupro/logs_train/logs0/Job12.log", "simid": "4"}
[2025-11-15 09:58:58.480 +0530] [PROCESS] [cadence.virtuoso.ade.simulationMonitor] - Simulator exited {"hostname": "vlsi43.blr.amrita.edu", "processid": 196483, "history": "ExplorerRun.0", "testname": "hanus_ring_vco_1", "cornername": "Nominal", "point": 1, "logfile": "/home/train/hanupro/logs_train/logs0/Job12.log", "exitStatus": "0"}
[2025-11-15 09:58:58.480 +0530] [PROCESS] [cadence.virtuoso.ade.simulationMonitor] - Finished Simulation {"hostname": "vlsi43.blr.amrita.edu", "processid": 196483, "history": "ExplorerRun.0", "testname": "hanus_ring_vco_1", "cornername": "Nominal", "point": 1, "logfile": "/home/train/hanupro/logs_train/logs0/Job12.log", "simid": "4"}
[2025-11-15 09:58:59.485 +0530] [PROCESS] [cadence.virtuoso.ade.simulationMonitor] - Point Finished {"hostname": "vlsi43.blr.amrita.edu", "processid": 196483, "history": "ExplorerRun.0", "testname": "hanus_ring_vco_1", "cornername": "Nominal", "point": 1, "logfile": "/home/train/hanupro/logs_train/logs0/Job12.log"}
[2025-11-15 09:59:44.577 +0530] [INFO] [cadence.virtuoso.ade.simulationMonitor] - SimulationMonitor has terminated the vds process '210042', reason: 'Force to stop the expression evalutor process because of new run' {"history": "ExplorerRun.0", "point": 1, "testname": "hanus_ring_vco_1", "cornername": "Nominal"}
[2025-11-15 09:59:44.577 +0530] [PROCESS] [cadence.virtuoso.ade.simulationMonitor] - HostInfo:
Host name (type):	vlsi43.blr.amrita.edu (x86_64)
Operating system:	Linux 4.18.0-425.3.1.el8.x86_64 #1 SMP Fri Sep 30 11:45:06 EDT 2022 {"hostname": "vlsi43.blr.amrita.edu", "processid": 196483, "history": "ExplorerRun.0", "testname": "hanus_ring_vco_1", "cornername": "Nominal", "point": 1, "logfile": "/home/train/hanupro/logs_train/logs0/Job12.log", "nodename": "vlsi43.blr.amrita.edu", "domainname": "(none)", "machine": "x86_64", "sysname": "Linux", "release": "4.18.0-425.3.1.el8.x86_64", "version": "#1 SMP Fri Sep 30 11:45:06 EDT 2022"}
[2025-11-15 09:59:44.578 +0530] [PROCESS] [cadence.virtuoso.ade.simulationMonitor] - UsageInfo:
pid=196483
totalPhysicalMemory=15.338787GB,Used=6.399521GB,totalVirtualMemory=46.588783GB,Used=6.399521GB
Cpu: Cores=20, Load average:0.080000,0.250000,0.350000 {"hostname": "vlsi43.blr.amrita.edu", "processid": 196483, "history": "ExplorerRun.0", "testname": "hanus_ring_vco_1", "cornername": "Nominal", "point": 1, "logfile": "/home/train/hanupro/logs_train/logs0/Job12.log", "pid": "196483", "totalPhysicalMemory": "15.338787", "physicalMemoryUsed": "6.399521", "totalVirtualMemory": "46.588783", "virtualMemoryUsed": "6.399521", "cpuCores": "20", "processes": "1562", "loadAverage1": "0.080000", "loadAverage5": "0.250000", "loadAverage15": "0.350000", "loadAverage1Percent": "0.004000"}
[2025-11-15 09:59:44.578 +0530] [EVENT] [cadence.virtuoso.ade.simulationMonitor] - NewPoint {"history": "ExplorerRun.0", "point": 1, "testname": "hanus_ring_vco_1", "cornername": "Nominal", "event": "NewPoint", "EventSource": "Simulation Monitor", "HistoryName": "ExplorerRun.0", "logFile": "/home/train/hanupro/logs_train/logs0/Job12.log", "logFileSize": "54231"}
[2025-11-15 09:59:44.679 +0530] [EVENT] [cadence.virtuoso.ade.simulationMonitor] - NewPoint {"history": "ExplorerRun.0", "point": 1, "testname": "hanus_ring_vco_1", "cornername": "Nominal", "event": "NewPoint", "EventSource": "spectre", "HistoryName": "ExplorerRun.0", "logFile": "/home/train/simulation/hanus/ring_vco/maestro/results/maestro/ExplorerRun.0/1/hanus_ring_vco_1/psf/spectre.out", "logFileSize": "-1"}
[2025-11-15 09:59:44.681 +0530] [PROCESS] [cadence.virtuoso.ade.simulationMonitor] - Simulator launched {"hostname": "vlsi43.blr.amrita.edu", "processid": 196483, "history": "ExplorerRun.0", "testname": "hanus_ring_vco_1", "cornername": "Nominal", "point": 1, "logfile": "/home/train/hanupro/logs_train/logs0/Job12.log", "simid": "5"}
[2025-11-15 09:59:44.682 +0530] [PROCESS] [cadence.virtuoso.ade.simulationMonitor] - Expression evaluator launched {"hostname": "vlsi43.blr.amrita.edu", "processid": 196483, "history": "ExplorerRun.0", "testname": "hanus_ring_vco_1", "cornername": "Nominal", "point": 1, "logfile": "/home/train/hanupro/logs_train/logs0/Job12.log"}
[2025-11-15 09:59:44.686 +0530] [PROCESS] [cadence.virtuoso.ade.simulationMonitor] - Started Simulation {"hostname": "vlsi43.blr.amrita.edu", "processid": 196483, "history": "ExplorerRun.0", "testname": "hanus_ring_vco_1", "cornername": "Nominal", "point": 1, "logfile": "/home/train/hanupro/logs_train/logs0/Job12.log", "event": "started", "task": "simulation"}
[2025-11-15 09:59:46.687 +0530] [INFO] [cadence.virtuoso.ade.simulationMonitor] - Peak resident memory used = 152 Mbytes. {"history": "ExplorerRun.0", "point": 1, "testname": "hanus_ring_vco_1", "cornername": "Nominal"}
[2025-11-15 09:59:46.687 +0530] [INFO] [cadence.virtuoso.ade.simulationMonitor] - Peak resident memory used = 165 Mbytes. {"history": "ExplorerRun.0", "point": 1, "testname": "hanus_ring_vco_1", "cornername": "Nominal"}
[2025-11-15 09:59:46.687 +0530] [INFO] [cadence.virtuoso.ade.simulationMonitor] - Notice from spectre during hierarchy flattening.
    The value 'psf' specified for the 'checklimitdest' option will no longer be supported in future releases. Use 'spectre -h' to see other recommended values for the 'checklimitdest' option. {"history": "ExplorerRun.0", "point": 1, "testname": "hanus_ring_vco_1", "cornername": "Nominal"}
[2025-11-15 09:59:46.687 +0530] [INFO] [cadence.virtuoso.ade.simulationMonitor] - Peak resident memory used = 166 Mbytes. {"history": "ExplorerRun.0", "point": 1, "testname": "hanus_ring_vco_1", "cornername": "Nominal"}
[2025-11-15 09:59:46.687 +0530] [INFO] [cadence.virtuoso.ade.simulationMonitor] - Notice from spectre during initial setup.
    Multithreading is disabled due to the size of the design being too small. {"history": "ExplorerRun.0", "point": 1, "testname": "hanus_ring_vco_1", "cornername": "Nominal"}
[2025-11-15 09:59:46.688 +0530] [INFO] [cadence.virtuoso.ade.simulationMonitor] -               nodes 17 {"history": "ExplorerRun.0", "point": 1, "testname": "hanus_ring_vco_1", "cornername": "Nominal"}
[2025-11-15 09:59:46.688 +0530] [INFO] [cadence.virtuoso.ade.simulationMonitor] - Notice from spectre during initial setup.
    APS enabled. {"history": "ExplorerRun.0", "point": 1, "testname": "hanus_ring_vco_1", "cornername": "Nominal"}
[2025-11-15 09:59:46.688 +0530] [INFO] [cadence.virtuoso.ade.simulationMonitor] - Peak resident memory used = 169 Mbytes. {"history": "ExplorerRun.0", "point": 1, "testname": "hanus_ring_vco_1", "cornername": "Nominal"}
[2025-11-15 09:59:46.688 +0530] [INFO] [cadence.virtuoso.ade.simulationMonitor] -    -   (APS) Multi-threading. The recommended number of threads is 1, consider adding +mt=1 on command line. {"history": "ExplorerRun.0", "point": 1, "testname": "hanus_ring_vco_1", "cornername": "Nominal"}
[2025-11-15 09:59:46.688 +0530] [INFO] [cadence.virtuoso.ade.simulationMonitor] - Notice from spectre during IC analysis, during transient analysis `tran'.
    There are 1 IC nodes defined. {"history": "ExplorerRun.0", "point": 1, "testname": "hanus_ring_vco_1", "cornername": "Nominal"}
[2025-11-15 09:59:46.688 +0530] [INFO] [cadence.virtuoso.ade.simulationMonitor] - Notice from spectre during IC analysis, during transient analysis `tran'.
    Bad pivoting is found during DC analysis. Option dc_pivot_check=yes is recommended for possible improvement of convergence.
    Initial condition computed for node out is in error by 34.2697 uV.
        Decrease `rforce' to reduce error in computed initial conditions.  However, setting rforce too small may result in convergence difficulties or in the matrix becoming singular. {"history": "ExplorerRun.0", "point": 1, "testname": "hanus_ring_vco_1", "cornername": "Nominal"}
[2025-11-15 09:59:46.688 +0530] [INFO] [cadence.virtuoso.ade.simulationMonitor] - Notice from spectre during transient analysis `tran'.
    Multithreading is disabled due to the size of the design being too small. {"history": "ExplorerRun.0", "point": 1, "testname": "hanus_ring_vco_1", "cornername": "Nominal"}
[2025-11-15 09:59:50.238 +0530] [INFO] [cadence.virtuoso.ade.simulationMonitor] - Total time required for tran analysis `tran': CPU = 3.77193 s, elapsed = 3.77821 s, util. = 99.8%. {"history": "ExplorerRun.0", "point": 1, "testname": "hanus_ring_vco_1", "cornername": "Nominal"}
[2025-11-15 09:59:50.239 +0530] [INFO] [cadence.virtuoso.ade.simulationMonitor] - Peak resident memory used = 272 Mbytes. {"history": "ExplorerRun.0", "point": 1, "testname": "hanus_ring_vco_1", "cornername": "Nominal"}
[2025-11-15 09:59:50.239 +0530] [INFO] [cadence.virtuoso.ade.simulationMonitor] - Notice from spectre.
    Multithreading is disabled due to the size of the design being too small. {"history": "ExplorerRun.0", "point": 1, "testname": "hanus_ring_vco_1", "cornername": "Nominal"}
[2025-11-15 09:59:50.739 +0530] [INFO] [cadence.virtuoso.ade.simulationMonitor] - Notice from spectre during IC analysis, during periodic steady state analysis `pss'.
    There are 1 IC nodes defined. {"history": "ExplorerRun.0", "point": 1, "testname": "hanus_ring_vco_1", "cornername": "Nominal"}
[2025-11-15 09:59:50.740 +0530] [INFO] [cadence.virtuoso.ade.simulationMonitor] - Notice from spectre during IC analysis, during periodic steady state analysis `pss'.
    Initial condition computed for node out is in error by 34.2697 uV.
        Decrease `rforce' to reduce error in computed initial conditions.  However, setting rforce too small may result in convergence difficulties or in the matrix becoming singular. {"history": "ExplorerRun.0", "point": 1, "testname": "hanus_ring_vco_1", "cornername": "Nominal"}
[2025-11-15 09:59:51.240 +0530] [INFO] [cadence.virtuoso.ade.simulationMonitor] - Total time required for tstab analysis `pss': CPU = 158.034 ms, elapsed = 170.004 ms. {"history": "ExplorerRun.0", "point": 1, "testname": "hanus_ring_vco_1", "cornername": "Nominal"}
[2025-11-15 09:59:51.240 +0530] [INFO] [cadence.virtuoso.ade.simulationMonitor] - Peak resident memory used = 272 Mbytes. {"history": "ExplorerRun.0", "point": 1, "testname": "hanus_ring_vco_1", "cornername": "Nominal"}
[2025-11-15 09:59:51.240 +0530] [INFO] [cadence.virtuoso.ade.simulationMonitor] - Total time required for pss analysis `pss': CPU = 231.283 ms, elapsed = 809.957 ms, util. = 28.6%. {"history": "ExplorerRun.0", "point": 1, "testname": "hanus_ring_vco_1", "cornername": "Nominal"}
[2025-11-15 09:59:51.241 +0530] [INFO] [cadence.virtuoso.ade.simulationMonitor] - Peak resident memory used = 272 Mbytes. {"history": "ExplorerRun.0", "point": 1, "testname": "hanus_ring_vco_1", "cornername": "Nominal"}
[2025-11-15 09:59:51.241 +0530] [INFO] [cadence.virtuoso.ade.simulationMonitor] - Notice from spectre during PNoise analysis `pnoise'.
    Multithreading is disabled due to the size of the design being too small.
    Use full spectrum for normal noise analysis.
    MaxSideband for colored noise sources (e.g. 1/f-noise) is not set, automatically  set it to 3. {"history": "ExplorerRun.0", "point": 1, "testname": "hanus_ring_vco_1", "cornername": "Nominal"}
[2025-11-15 09:59:51.742 +0530] [INFO] [cadence.virtuoso.ade.simulationMonitor] - Total time required for pnoise analysis `pnoise': CPU = 604.426 ms, elapsed = 258.047 ms, util. = 234%. {"history": "ExplorerRun.0", "point": 1, "testname": "hanus_ring_vco_1", "cornername": "Nominal"}
[2025-11-15 09:59:51.742 +0530] [INFO] [cadence.virtuoso.ade.simulationMonitor] - Peak resident memory used = 274 Mbytes. {"history": "ExplorerRun.0", "point": 1, "testname": "hanus_ring_vco_1", "cornername": "Nominal"}
[2025-11-15 09:59:51.742 +0530] [INFO] [cadence.virtuoso.ade.simulationMonitor] - Time used: CPU = 5.02 s, elapsed = 6.45 s, util. = 77.9%. {"history": "ExplorerRun.0", "point": 1, "testname": "hanus_ring_vco_1", "cornername": "Nominal"}
[2025-11-15 09:59:51.742 +0530] [INFO] [cadence.virtuoso.ade.simulationMonitor] - Time spent in licensing: elapsed = 1.6 s, percentage of total = 24.8%. {"history": "ExplorerRun.0", "point": 1, "testname": "hanus_ring_vco_1", "cornername": "Nominal"}
[2025-11-15 09:59:51.743 +0530] [INFO] [cadence.virtuoso.ade.simulationMonitor] - Peak memory used = 275 Mbytes. {"history": "ExplorerRun.0", "point": 1, "testname": "hanus_ring_vco_1", "cornername": "Nominal"}
[2025-11-15 09:59:51.743 +0530] [PROCESS] [cadence.virtuoso.ade.simulationMonitor] - Simulation started at: 9:59:44 AM, Sat Nov 15, 2025, ended at: 9:59:51 AM, Sat Nov 15, 2025, with elapsed time (wall clock): 6.45 s. {"history": "ExplorerRun.0", "point": 1, "testname": "hanus_ring_vco_1", "cornername": "Nominal"}
[2025-11-15 09:59:51.743 +0530] [PROCESS] [cadence.virtuoso.ade.simulationMonitor] - spectre completes with 0 errors, 0 warnings, and 14 notices. {"history": "ExplorerRun.0", "point": 1, "testname": "hanus_ring_vco_1", "cornername": "Nominal"}
[2025-11-15 09:59:51.743 +0530] [PROCESS] [cadence.virtuoso.ade.simulationMonitor] - Finished simulating for one point {"hostname": "vlsi43.blr.amrita.edu", "processid": 196483, "history": "ExplorerRun.0", "testname": "hanus_ring_vco_1", "cornername": "Nominal", "point": 1, "logfile": "/home/train/hanupro/logs_train/logs0/Job12.log", "simid": "5"}
[2025-11-15 09:59:51.743 +0530] [PROCESS] [cadence.virtuoso.ade.simulationMonitor] - Simulator exited {"hostname": "vlsi43.blr.amrita.edu", "processid": 196483, "history": "ExplorerRun.0", "testname": "hanus_ring_vco_1", "cornername": "Nominal", "point": 1, "logfile": "/home/train/hanupro/logs_train/logs0/Job12.log", "exitStatus": "0"}
[2025-11-15 09:59:51.743 +0530] [PROCESS] [cadence.virtuoso.ade.simulationMonitor] - Finished Simulation {"hostname": "vlsi43.blr.amrita.edu", "processid": 196483, "history": "ExplorerRun.0", "testname": "hanus_ring_vco_1", "cornername": "Nominal", "point": 1, "logfile": "/home/train/hanupro/logs_train/logs0/Job12.log", "simid": "5"}
[2025-11-15 09:59:52.748 +0530] [PROCESS] [cadence.virtuoso.ade.simulationMonitor] - Point Finished {"hostname": "vlsi43.blr.amrita.edu", "processid": 196483, "history": "ExplorerRun.0", "testname": "hanus_ring_vco_1", "cornername": "Nominal", "point": 1, "logfile": "/home/train/hanupro/logs_train/logs0/Job12.log"}
[2025-11-15 10:04:41.347 +0530] [PROCESS] [cadence.virtuoso.ade.simulationMonitor] - get signal Terminated<15> from user:train, which pid:196481:/home/install/IC618/tools/bin/64bit/cdsServIpc {"hostname": "vlsi43.blr.amrita.edu", "processid": 196483, "history": "ExplorerRun.0", "testname": "hanus_ring_vco_1", "cornername": "Nominal", "point": 1, "logfile": "/home/train/hanupro/logs_train/logs0/Job12.log", "signal": "15", "signalName": "Terminated", "which": "/home/install/IC618/tools/bin/64bit/cdsServIpc", "pid": "196481", "user": "train", "uid": "1001"}
[2025-11-15 10:04:41.347 +0530] [INFO] [cadence.virtuoso.ade.simulationMonitor] - SimulationMonitor has terminated the spectre process '214045', reason: 'simulationMonitor is handling signal 15' {"history": "ExplorerRun.0", "point": 1, "testname": "hanus_ring_vco_1", "cornername": "Nominal"}
[2025-11-15 10:04:41.847 +0530] [PROCESS] [cadence.virtuoso.ade.simulationMonitor] - Current memory used: 55.1602 MBytes, peak memory used: 55.1602 MBytes {"hostname": "vlsi43.blr.amrita.edu", "processid": 196483, "history": "ExplorerRun.0", "testname": "hanus_ring_vco_1", "cornername": "Nominal", "point": 1, "logfile": "/home/train/hanupro/logs_train/logs0/Job12.log"}
[2025-11-15 10:04:41.847 +0530] [PROCESS] [cadence.virtuoso.ade.simulationMonitor] - Simulation Monitor process exit. {"hostname": "vlsi43.blr.amrita.edu", "processid": 196483, "history": "ExplorerRun.0", "testname": "hanus_ring_vco_1", "cornername": "Nominal", "point": 1, "logfile": "/home/train/hanupro/logs_train/logs0/Job12.log"}
