[Simulation Monitor: 11]
[2025-11-15 09:46:52.559 +0530] [PROCESS] [cadence.virtuoso.ade.simulationMonitor] - Simulation Monitor has successfully started up. Trying to set up communication channels to other components ... {"hostname": "vlsi43.blr.amrita.edu", "processid": 160957, "logfile": "/home/train/hanupro/logs_train/logs0/Job11.log"}
[2025-11-15 09:46:52.561 +0530] [PROCESS] [cadence.virtuoso.ade.simulationMonitor] - Communication channels have been successfully set up. Start processing events ... {"hostname": "vlsi43.blr.amrita.edu", "processid": 160957, "logfile": "/home/train/hanupro/logs_train/logs0/Job11.log"}
[2025-11-15 09:46:52.561 +0530] [PROCESS] [cadence.virtuoso.ade.simulationMonitor] - Considering to start history {"hostname": "vlsi43.blr.amrita.edu", "processid": 160957, "history": "ExplorerRun.0", "logfile": "/home/train/hanupro/logs_train/logs0/Job11.log"}
[2025-11-15 09:46:52.562 +0530] [PROCESS] [cadence.virtuoso.ade.simulationMonitor] - HostInfo:
Host name (type):	vlsi43.blr.amrita.edu (x86_64)
Operating system:	Linux 4.18.0-425.3.1.el8.x86_64 #1 SMP Fri Sep 30 11:45:06 EDT 2022 {"hostname": "vlsi43.blr.amrita.edu", "processid": 160957, "history": "ExplorerRun.0", "logfile": "/home/train/hanupro/logs_train/logs0/Job11.log", "nodename": "vlsi43.blr.amrita.edu", "domainname": "(none)", "machine": "x86_64", "sysname": "Linux", "release": "4.18.0-425.3.1.el8.x86_64", "version": "#1 SMP Fri Sep 30 11:45:06 EDT 2022"}
[2025-11-15 09:46:52.562 +0530] [PROCESS] [cadence.virtuoso.ade.simulationMonitor] - UsageInfo:
pid=160957
totalPhysicalMemory=15.338787GB,Used=6.183624GB,totalVirtualMemory=46.588783GB,Used=6.183624GB
Cpu: Cores=20, Load average:0.530000,0.580000,0.460000 {"hostname": "vlsi43.blr.amrita.edu", "processid": 160957, "history": "ExplorerRun.0", "logfile": "/home/train/hanupro/logs_train/logs0/Job11.log", "pid": "160957", "totalPhysicalMemory": "15.338787", "physicalMemoryUsed": "6.183624", "totalVirtualMemory": "46.588783", "virtualMemoryUsed": "6.183624", "cpuCores": "20", "processes": "1526", "loadAverage1": "0.530000", "loadAverage5": "0.580000", "loadAverage15": "0.460000", "loadAverage1Percent": "0.026500"}
[2025-11-15 09:46:52.563 +0530] [EVENT] [cadence.virtuoso.ade.simulationMonitor] - NewPoint {"history": "ExplorerRun.0", "point": 1, "testname": "hanus_ring_vco_1", "cornername": "Nominal", "event": "NewPoint", "EventSource": "Simulation Monitor", "HistoryName": "ExplorerRun.0", "logFile": "/home/train/hanupro/logs_train/logs0/Job11.log", "logFileSize": "2180"}
[2025-11-15 09:46:52.663 +0530] [EVENT] [cadence.virtuoso.ade.simulationMonitor] - NewPoint {"history": "ExplorerRun.0", "point": 1, "testname": "hanus_ring_vco_1", "cornername": "Nominal", "event": "NewPoint", "EventSource": "spectre", "HistoryName": "ExplorerRun.0", "logFile": "/home/train/simulation/hanus/ring_vco/maestro/results/maestro/ExplorerRun.0/1/hanus_ring_vco_1/psf/spectre.out", "logFileSize": "-1"}
[2025-11-15 09:46:52.677 +0530] [PROCESS] [cadence.virtuoso.ade.simulationMonitor] - Simulator launched {"hostname": "vlsi43.blr.amrita.edu", "processid": 160957, "history": "ExplorerRun.0", "testname": "hanus_ring_vco_1", "cornername": "Nominal", "point": 1, "logfile": "/home/train/hanupro/logs_train/logs0/Job11.log", "simid": "1"}
[2025-11-15 09:46:52.679 +0530] [PROCESS] [cadence.virtuoso.ade.simulationMonitor] - Expression evaluator launched {"hostname": "vlsi43.blr.amrita.edu", "processid": 160957, "history": "ExplorerRun.0", "testname": "hanus_ring_vco_1", "cornername": "Nominal", "point": 1, "logfile": "/home/train/hanupro/logs_train/logs0/Job11.log"}
[2025-11-15 09:46:52.682 +0530] [PROCESS] [cadence.virtuoso.ade.simulationMonitor] - Started Simulation {"hostname": "vlsi43.blr.amrita.edu", "processid": 160957, "history": "ExplorerRun.0", "testname": "hanus_ring_vco_1", "cornername": "Nominal", "point": 1, "logfile": "/home/train/hanupro/logs_train/logs0/Job11.log", "event": "started", "task": "simulation"}
[2025-11-15 09:46:54.683 +0530] [INFO] [cadence.virtuoso.ade.simulationMonitor] - Peak resident memory used = 154 Mbytes. {"history": "ExplorerRun.0", "point": 1, "testname": "hanus_ring_vco_1", "cornername": "Nominal"}
[2025-11-15 09:46:54.683 +0530] [INFO] [cadence.virtuoso.ade.simulationMonitor] - Peak resident memory used = 167 Mbytes. {"history": "ExplorerRun.0", "point": 1, "testname": "hanus_ring_vco_1", "cornername": "Nominal"}
[2025-11-15 09:46:54.683 +0530] [INFO] [cadence.virtuoso.ade.simulationMonitor] - Notice from spectre during hierarchy flattening.
    The value 'psf' specified for the 'checklimitdest' option will no longer be supported in future releases. Use 'spectre -h' to see other recommended values for the 'checklimitdest' option. {"history": "ExplorerRun.0", "point": 1, "testname": "hanus_ring_vco_1", "cornername": "Nominal"}
[2025-11-15 09:46:54.684 +0530] [INFO] [cadence.virtuoso.ade.simulationMonitor] - Peak resident memory used = 168 Mbytes. {"history": "ExplorerRun.0", "point": 1, "testname": "hanus_ring_vco_1", "cornername": "Nominal"}
[2025-11-15 09:46:54.684 +0530] [INFO] [cadence.virtuoso.ade.simulationMonitor] - Notice from spectre during initial setup.
    Multithreading is disabled due to the size of the design being too small. {"history": "ExplorerRun.0", "point": 1, "testname": "hanus_ring_vco_1", "cornername": "Nominal"}
[2025-11-15 09:46:54.684 +0530] [INFO] [cadence.virtuoso.ade.simulationMonitor] -               nodes 17 {"history": "ExplorerRun.0", "point": 1, "testname": "hanus_ring_vco_1", "cornername": "Nominal"}
[2025-11-15 09:46:54.684 +0530] [INFO] [cadence.virtuoso.ade.simulationMonitor] - Notice from spectre during initial setup.
    APS enabled. {"history": "ExplorerRun.0", "point": 1, "testname": "hanus_ring_vco_1", "cornername": "Nominal"}
[2025-11-15 09:46:54.684 +0530] [INFO] [cadence.virtuoso.ade.simulationMonitor] - Peak resident memory used = 168 Mbytes. {"history": "ExplorerRun.0", "point": 1, "testname": "hanus_ring_vco_1", "cornername": "Nominal"}
[2025-11-15 09:46:54.684 +0530] [INFO] [cadence.virtuoso.ade.simulationMonitor] -    -   (APS) Multi-threading. The recommended number of threads is 1, consider adding +mt=1 on command line. {"history": "ExplorerRun.0", "point": 1, "testname": "hanus_ring_vco_1", "cornername": "Nominal"}
[2025-11-15 09:46:54.684 +0530] [INFO] [cadence.virtuoso.ade.simulationMonitor] - Notice from spectre.
    Multithreading is disabled due to the size of the design being too small. {"history": "ExplorerRun.0", "point": 1, "testname": "hanus_ring_vco_1", "cornername": "Nominal"}
[2025-11-15 09:46:55.184 +0530] [INFO] [cadence.virtuoso.ade.simulationMonitor] - Notice from spectre during IC analysis, during periodic steady state analysis `pss'.
    There are 1 IC nodes defined. {"history": "ExplorerRun.0", "point": 1, "testname": "hanus_ring_vco_1", "cornername": "Nominal"}
[2025-11-15 09:46:55.185 +0530] [INFO] [cadence.virtuoso.ade.simulationMonitor] - Notice from spectre during IC analysis, during periodic steady state analysis `pss'.
    Bad pivoting is found during DC analysis. Option dc_pivot_check=yes is recommended for possible improvement of convergence.
    Initial condition computed for node out is in error by 34.2697 uV.
        Decrease `rforce' to reduce error in computed initial conditions.  However, setting rforce too small may result in convergence difficulties or in the matrix becoming singular. {"history": "ExplorerRun.0", "point": 1, "testname": "hanus_ring_vco_1", "cornername": "Nominal"}
[2025-11-15 09:46:55.185 +0530] [INFO] [cadence.virtuoso.ade.simulationMonitor] - Total time required for tstab analysis `pss': CPU = 173.186 ms, elapsed = 195.681 ms. {"history": "ExplorerRun.0", "point": 1, "testname": "hanus_ring_vco_1", "cornername": "Nominal"}
[2025-11-15 09:46:55.185 +0530] [INFO] [cadence.virtuoso.ade.simulationMonitor] - Peak resident memory used = 175 Mbytes. {"history": "ExplorerRun.0", "point": 1, "testname": "hanus_ring_vco_1", "cornername": "Nominal"}
[2025-11-15 09:46:55.185 +0530] [INFO] [cadence.virtuoso.ade.simulationMonitor] - Total time required for pss analysis `pss': CPU = 256.74 ms, elapsed = 794.68 ms, util. = 32.3%. {"history": "ExplorerRun.0", "point": 1, "testname": "hanus_ring_vco_1", "cornername": "Nominal"}
[2025-11-15 09:46:55.185 +0530] [INFO] [cadence.virtuoso.ade.simulationMonitor] - Peak resident memory used = 177 Mbytes. {"history": "ExplorerRun.0", "point": 1, "testname": "hanus_ring_vco_1", "cornername": "Nominal"}
[2025-11-15 09:46:55.185 +0530] [INFO] [cadence.virtuoso.ade.simulationMonitor] - Notice from spectre during PNoise analysis `pnoise'.
    Multithreading is disabled due to the size of the design being too small.
    Use full spectrum for normal noise analysis.
    MaxSideband for colored noise sources (e.g. 1/f-noise) is not set, automatically  set it to 3. {"history": "ExplorerRun.0", "point": 1, "testname": "hanus_ring_vco_1", "cornername": "Nominal"}
[2025-11-15 09:46:55.685 +0530] [INFO] [cadence.virtuoso.ade.simulationMonitor] - Total time required for pnoise analysis `pnoise': CPU = 716.628 ms, elapsed = 280.533 ms, util. = 255%. {"history": "ExplorerRun.0", "point": 1, "testname": "hanus_ring_vco_1", "cornername": "Nominal"}
[2025-11-15 09:46:55.685 +0530] [INFO] [cadence.virtuoso.ade.simulationMonitor] - Peak resident memory used = 182 Mbytes. {"history": "ExplorerRun.0", "point": 1, "testname": "hanus_ring_vco_1", "cornername": "Nominal"}
[2025-11-15 09:46:55.685 +0530] [INFO] [cadence.virtuoso.ade.simulationMonitor] - Time used: CPU = 1.35 s, elapsed = 2.61 s, util. = 51.9%. {"history": "ExplorerRun.0", "point": 1, "testname": "hanus_ring_vco_1", "cornername": "Nominal"}
[2025-11-15 09:46:55.686 +0530] [INFO] [cadence.virtuoso.ade.simulationMonitor] - Time spent in licensing: elapsed = 1.54 s, percentage of total = 59.1%. {"history": "ExplorerRun.0", "point": 1, "testname": "hanus_ring_vco_1", "cornername": "Nominal"}
[2025-11-15 09:46:55.686 +0530] [INFO] [cadence.virtuoso.ade.simulationMonitor] - Peak memory used = 183 Mbytes. {"history": "ExplorerRun.0", "point": 1, "testname": "hanus_ring_vco_1", "cornername": "Nominal"}
[2025-11-15 09:46:55.686 +0530] [PROCESS] [cadence.virtuoso.ade.simulationMonitor] - Simulation started at: 9:46:52 AM, Sat Nov 15, 2025, ended at: 9:46:55 AM, Sat Nov 15, 2025, with elapsed time (wall clock): 2.61 s. {"history": "ExplorerRun.0", "point": 1, "testname": "hanus_ring_vco_1", "cornername": "Nominal"}
[2025-11-15 09:46:55.686 +0530] [PROCESS] [cadence.virtuoso.ade.simulationMonitor] - spectre completes with 0 errors, 0 warnings, and 11 notices. {"history": "ExplorerRun.0", "point": 1, "testname": "hanus_ring_vco_1", "cornername": "Nominal"}
[2025-11-15 09:46:56.187 +0530] [PROCESS] [cadence.virtuoso.ade.simulationMonitor] - Finished simulating for one point {"hostname": "vlsi43.blr.amrita.edu", "processid": 160957, "history": "ExplorerRun.0", "testname": "hanus_ring_vco_1", "cornername": "Nominal", "point": 1, "logfile": "/home/train/hanupro/logs_train/logs0/Job11.log", "simid": "1"}
[2025-11-15 09:46:56.187 +0530] [PROCESS] [cadence.virtuoso.ade.simulationMonitor] - Simulator exited {"hostname": "vlsi43.blr.amrita.edu", "processid": 160957, "history": "ExplorerRun.0", "testname": "hanus_ring_vco_1", "cornername": "Nominal", "point": 1, "logfile": "/home/train/hanupro/logs_train/logs0/Job11.log", "exitStatus": "0"}
[2025-11-15 09:46:56.187 +0530] [PROCESS] [cadence.virtuoso.ade.simulationMonitor] - Finished Simulation {"hostname": "vlsi43.blr.amrita.edu", "processid": 160957, "history": "ExplorerRun.0", "testname": "hanus_ring_vco_1", "cornername": "Nominal", "point": 1, "logfile": "/home/train/hanupro/logs_train/logs0/Job11.log", "simid": "1"}
[2025-11-15 09:46:57.192 +0530] [PROCESS] [cadence.virtuoso.ade.simulationMonitor] - Point Finished {"hostname": "vlsi43.blr.amrita.edu", "processid": 160957, "history": "ExplorerRun.0", "testname": "hanus_ring_vco_1", "cornername": "Nominal", "point": 1, "logfile": "/home/train/hanupro/logs_train/logs0/Job11.log"}
[2025-11-15 09:50:38.347 +0530] [INFO] [cadence.virtuoso.ade.simulationMonitor] - SimulationMonitor has terminated the vds process '161053', reason: 'Force to stop the expression evalutor process because of new run' {"history": "ExplorerRun.0", "point": 1, "testname": "hanus_ring_vco_1", "cornername": "Nominal"}
[2025-11-15 09:50:38.348 +0530] [PROCESS] [cadence.virtuoso.ade.simulationMonitor] - HostInfo:
Host name (type):	vlsi43.blr.amrita.edu (x86_64)
Operating system:	Linux 4.18.0-425.3.1.el8.x86_64 #1 SMP Fri Sep 30 11:45:06 EDT 2022 {"hostname": "vlsi43.blr.amrita.edu", "processid": 160957, "history": "ExplorerRun.0", "testname": "hanus_ring_vco_1", "cornername": "Nominal", "point": 1, "logfile": "/home/train/hanupro/logs_train/logs0/Job11.log", "nodename": "vlsi43.blr.amrita.edu", "domainname": "(none)", "machine": "x86_64", "sysname": "Linux", "release": "4.18.0-425.3.1.el8.x86_64", "version": "#1 SMP Fri Sep 30 11:45:06 EDT 2022"}
[2025-11-15 09:50:38.348 +0530] [PROCESS] [cadence.virtuoso.ade.simulationMonitor] - UsageInfo:
pid=160957
totalPhysicalMemory=15.338787GB,Used=6.215412GB,totalVirtualMemory=46.588783GB,Used=6.215412GB
Cpu: Cores=20, Load average:0.500000,0.480000,0.440000 {"hostname": "vlsi43.blr.amrita.edu", "processid": 160957, "history": "ExplorerRun.0", "testname": "hanus_ring_vco_1", "cornername": "Nominal", "point": 1, "logfile": "/home/train/hanupro/logs_train/logs0/Job11.log", "pid": "160957", "totalPhysicalMemory": "15.338787", "physicalMemoryUsed": "6.215412", "totalVirtualMemory": "46.588783", "virtualMemoryUsed": "6.215412", "cpuCores": "20", "processes": "1544", "loadAverage1": "0.500000", "loadAverage5": "0.480000", "loadAverage15": "0.440000", "loadAverage1Percent": "0.025000"}
[2025-11-15 09:50:38.348 +0530] [EVENT] [cadence.virtuoso.ade.simulationMonitor] - NewPoint {"history": "ExplorerRun.0", "point": 1, "testname": "hanus_ring_vco_1", "cornername": "Nominal", "event": "NewPoint", "EventSource": "Simulation Monitor", "HistoryName": "ExplorerRun.0", "logFile": "/home/train/hanupro/logs_train/logs0/Job11.log", "logFileSize": "13836"}
[2025-11-15 09:50:38.449 +0530] [EVENT] [cadence.virtuoso.ade.simulationMonitor] - NewPoint {"history": "ExplorerRun.0", "point": 1, "testname": "hanus_ring_vco_1", "cornername": "Nominal", "event": "NewPoint", "EventSource": "spectre", "HistoryName": "ExplorerRun.0", "logFile": "/home/train/simulation/hanus/ring_vco/maestro/results/maestro/ExplorerRun.0/1/hanus_ring_vco_1/psf/spectre.out", "logFileSize": "-1"}
[2025-11-15 09:50:38.452 +0530] [PROCESS] [cadence.virtuoso.ade.simulationMonitor] - Simulator launched {"hostname": "vlsi43.blr.amrita.edu", "processid": 160957, "history": "ExplorerRun.0", "testname": "hanus_ring_vco_1", "cornername": "Nominal", "point": 1, "logfile": "/home/train/hanupro/logs_train/logs0/Job11.log", "simid": "2"}
[2025-11-15 09:50:38.456 +0530] [PROCESS] [cadence.virtuoso.ade.simulationMonitor] - Expression evaluator launched {"hostname": "vlsi43.blr.amrita.edu", "processid": 160957, "history": "ExplorerRun.0", "testname": "hanus_ring_vco_1", "cornername": "Nominal", "point": 1, "logfile": "/home/train/hanupro/logs_train/logs0/Job11.log"}
[2025-11-15 09:50:38.460 +0530] [PROCESS] [cadence.virtuoso.ade.simulationMonitor] - Started Simulation {"hostname": "vlsi43.blr.amrita.edu", "processid": 160957, "history": "ExplorerRun.0", "testname": "hanus_ring_vco_1", "cornername": "Nominal", "point": 1, "logfile": "/home/train/hanupro/logs_train/logs0/Job11.log", "event": "started", "task": "simulation"}
[2025-11-15 09:50:40.460 +0530] [INFO] [cadence.virtuoso.ade.simulationMonitor] - Peak resident memory used = 152 Mbytes. {"history": "ExplorerRun.0", "point": 1, "testname": "hanus_ring_vco_1", "cornername": "Nominal"}
[2025-11-15 09:50:40.461 +0530] [INFO] [cadence.virtuoso.ade.simulationMonitor] - Peak resident memory used = 165 Mbytes. {"history": "ExplorerRun.0", "point": 1, "testname": "hanus_ring_vco_1", "cornername": "Nominal"}
[2025-11-15 09:50:40.461 +0530] [INFO] [cadence.virtuoso.ade.simulationMonitor] - Notice from spectre during hierarchy flattening.
    The value 'psf' specified for the 'checklimitdest' option will no longer be supported in future releases. Use 'spectre -h' to see other recommended values for the 'checklimitdest' option. {"history": "ExplorerRun.0", "point": 1, "testname": "hanus_ring_vco_1", "cornername": "Nominal"}
[2025-11-15 09:50:40.461 +0530] [INFO] [cadence.virtuoso.ade.simulationMonitor] - Peak resident memory used = 166 Mbytes. {"history": "ExplorerRun.0", "point": 1, "testname": "hanus_ring_vco_1", "cornername": "Nominal"}
[2025-11-15 09:50:40.461 +0530] [INFO] [cadence.virtuoso.ade.simulationMonitor] - Notice from spectre during initial setup.
    Multithreading is disabled due to the size of the design being too small. {"history": "ExplorerRun.0", "point": 1, "testname": "hanus_ring_vco_1", "cornername": "Nominal"}
[2025-11-15 09:50:40.461 +0530] [INFO] [cadence.virtuoso.ade.simulationMonitor] -               nodes 17 {"history": "ExplorerRun.0", "point": 1, "testname": "hanus_ring_vco_1", "cornername": "Nominal"}
[2025-11-15 09:50:40.461 +0530] [INFO] [cadence.virtuoso.ade.simulationMonitor] - Notice from spectre during initial setup.
    APS enabled. {"history": "ExplorerRun.0", "point": 1, "testname": "hanus_ring_vco_1", "cornername": "Nominal"}
[2025-11-15 09:50:40.462 +0530] [INFO] [cadence.virtuoso.ade.simulationMonitor] - Peak resident memory used = 169 Mbytes. {"history": "ExplorerRun.0", "point": 1, "testname": "hanus_ring_vco_1", "cornername": "Nominal"}
[2025-11-15 09:50:40.462 +0530] [INFO] [cadence.virtuoso.ade.simulationMonitor] -    -   (APS) Multi-threading. The recommended number of threads is 1, consider adding +mt=1 on command line. {"history": "ExplorerRun.0", "point": 1, "testname": "hanus_ring_vco_1", "cornername": "Nominal"}
[2025-11-15 09:50:40.462 +0530] [INFO] [cadence.virtuoso.ade.simulationMonitor] - Notice from spectre.
    Multithreading is disabled due to the size of the design being too small. {"history": "ExplorerRun.0", "point": 1, "testname": "hanus_ring_vco_1", "cornername": "Nominal"}
[2025-11-15 09:50:40.962 +0530] [INFO] [cadence.virtuoso.ade.simulationMonitor] - Notice from spectre during IC analysis, during periodic steady state analysis `pss'.
    There are 1 IC nodes defined. {"history": "ExplorerRun.0", "point": 1, "testname": "hanus_ring_vco_1", "cornername": "Nominal"}
[2025-11-15 09:50:40.962 +0530] [INFO] [cadence.virtuoso.ade.simulationMonitor] - Notice from spectre during IC analysis, during periodic steady state analysis `pss'.
    Bad pivoting is found during DC analysis. Option dc_pivot_check=yes is recommended for possible improvement of convergence.
    Initial condition computed for node out is in error by 34.2697 uV.
        Decrease `rforce' to reduce error in computed initial conditions.  However, setting rforce too small may result in convergence difficulties or in the matrix becoming singular. {"history": "ExplorerRun.0", "point": 1, "testname": "hanus_ring_vco_1", "cornername": "Nominal"}
[2025-11-15 09:50:40.962 +0530] [INFO] [cadence.virtuoso.ade.simulationMonitor] - Total time required for tstab analysis `pss': CPU = 197.575 ms, elapsed = 201.775 ms. {"history": "ExplorerRun.0", "point": 1, "testname": "hanus_ring_vco_1", "cornername": "Nominal"}
[2025-11-15 09:50:40.962 +0530] [INFO] [cadence.virtuoso.ade.simulationMonitor] - Peak resident memory used = 173 Mbytes. {"history": "ExplorerRun.0", "point": 1, "testname": "hanus_ring_vco_1", "cornername": "Nominal"}
[2025-11-15 09:50:41.462 +0530] [INFO] [cadence.virtuoso.ade.simulationMonitor] - Total time required for pss analysis `pss': CPU = 276.994 ms, elapsed = 797.556 ms, util. = 34.7%. {"history": "ExplorerRun.0", "point": 1, "testname": "hanus_ring_vco_1", "cornername": "Nominal"}
[2025-11-15 09:50:41.463 +0530] [INFO] [cadence.virtuoso.ade.simulationMonitor] - Peak resident memory used = 175 Mbytes. {"history": "ExplorerRun.0", "point": 1, "testname": "hanus_ring_vco_1", "cornername": "Nominal"}
[2025-11-15 09:50:41.463 +0530] [INFO] [cadence.virtuoso.ade.simulationMonitor] - Notice from spectre during PNoise analysis `pnoise'.
    Multithreading is disabled due to the size of the design being too small.
    Use full spectrum for normal noise analysis.
    MaxSideband for colored noise sources (e.g. 1/f-noise) is not set, automatically  set it to 3. {"history": "ExplorerRun.0", "point": 1, "testname": "hanus_ring_vco_1", "cornername": "Nominal"}
[2025-11-15 09:50:41.463 +0530] [INFO] [cadence.virtuoso.ade.simulationMonitor] - Total time required for pnoise analysis `pnoise': CPU = 721.723 ms, elapsed = 283.078 ms, util. = 255%. {"history": "ExplorerRun.0", "point": 1, "testname": "hanus_ring_vco_1", "cornername": "Nominal"}
[2025-11-15 09:50:41.463 +0530] [INFO] [cadence.virtuoso.ade.simulationMonitor] - Peak resident memory used = 180 Mbytes. {"history": "ExplorerRun.0", "point": 1, "testname": "hanus_ring_vco_1", "cornername": "Nominal"}
[2025-11-15 09:50:41.463 +0530] [INFO] [cadence.virtuoso.ade.simulationMonitor] - Time used: CPU = 1.37 s, elapsed = 2.64 s, util. = 52%. {"history": "ExplorerRun.0", "point": 1, "testname": "hanus_ring_vco_1", "cornername": "Nominal"}
[2025-11-15 09:50:41.463 +0530] [INFO] [cadence.virtuoso.ade.simulationMonitor] - Time spent in licensing: elapsed = 1.56 s, percentage of total = 59.1%. {"history": "ExplorerRun.0", "point": 1, "testname": "hanus_ring_vco_1", "cornername": "Nominal"}
[2025-11-15 09:50:41.463 +0530] [INFO] [cadence.virtuoso.ade.simulationMonitor] - Peak memory used = 181 Mbytes. {"history": "ExplorerRun.0", "point": 1, "testname": "hanus_ring_vco_1", "cornername": "Nominal"}
[2025-11-15 09:50:41.463 +0530] [PROCESS] [cadence.virtuoso.ade.simulationMonitor] - Simulation started at: 9:50:38 AM, Sat Nov 15, 2025, ended at: 9:50:41 AM, Sat Nov 15, 2025, with elapsed time (wall clock): 2.64 s. {"history": "ExplorerRun.0", "point": 1, "testname": "hanus_ring_vco_1", "cornername": "Nominal"}
[2025-11-15 09:50:41.463 +0530] [PROCESS] [cadence.virtuoso.ade.simulationMonitor] - spectre completes with 0 errors, 0 warnings, and 11 notices. {"history": "ExplorerRun.0", "point": 1, "testname": "hanus_ring_vco_1", "cornername": "Nominal"}
[2025-11-15 09:50:41.964 +0530] [PROCESS] [cadence.virtuoso.ade.simulationMonitor] - Finished simulating for one point {"hostname": "vlsi43.blr.amrita.edu", "processid": 160957, "history": "ExplorerRun.0", "testname": "hanus_ring_vco_1", "cornername": "Nominal", "point": 1, "logfile": "/home/train/hanupro/logs_train/logs0/Job11.log", "simid": "2"}
[2025-11-15 09:50:41.964 +0530] [PROCESS] [cadence.virtuoso.ade.simulationMonitor] - Simulator exited {"hostname": "vlsi43.blr.amrita.edu", "processid": 160957, "history": "ExplorerRun.0", "testname": "hanus_ring_vco_1", "cornername": "Nominal", "point": 1, "logfile": "/home/train/hanupro/logs_train/logs0/Job11.log", "exitStatus": "0"}
[2025-11-15 09:50:41.965 +0530] [PROCESS] [cadence.virtuoso.ade.simulationMonitor] - Finished Simulation {"hostname": "vlsi43.blr.amrita.edu", "processid": 160957, "history": "ExplorerRun.0", "testname": "hanus_ring_vco_1", "cornername": "Nominal", "point": 1, "logfile": "/home/train/hanupro/logs_train/logs0/Job11.log", "simid": "2"}
[2025-11-15 09:50:42.969 +0530] [PROCESS] [cadence.virtuoso.ade.simulationMonitor] - Point Finished {"hostname": "vlsi43.blr.amrita.edu", "processid": 160957, "history": "ExplorerRun.0", "testname": "hanus_ring_vco_1", "cornername": "Nominal", "point": 1, "logfile": "/home/train/hanupro/logs_train/logs0/Job11.log"}
[2025-11-15 09:55:43.340 +0530] [PROCESS] [cadence.virtuoso.ade.simulationMonitor] - Current memory used: 54.2930 MBytes, peak memory used: 54.2930 MBytes {"hostname": "vlsi43.blr.amrita.edu", "processid": 160957, "history": "ExplorerRun.0", "testname": "hanus_ring_vco_1", "cornername": "Nominal", "point": 1, "logfile": "/home/train/hanupro/logs_train/logs0/Job11.log"}
[2025-11-15 09:55:43.341 +0530] [PROCESS] [cadence.virtuoso.ade.simulationMonitor] - Simulation Monitor process exit. {"hostname": "vlsi43.blr.amrita.edu", "processid": 160957, "history": "ExplorerRun.0", "testname": "hanus_ring_vco_1", "cornername": "Nominal", "point": 1, "logfile": "/home/train/hanupro/logs_train/logs0/Job11.log"}
