[Simulation Monitor: 4]
[2026-02-04 12:33:32.766 +0530] [PROCESS] [cadence.virtuoso.ade.simulationMonitor] - Simulation Monitor has successfully started up. Trying to set up communication channels to other components ... {"hostname": "vlsi43.blr.amrita.edu", "processid": 9237, "logfile": "/home/train/hanupro/logs_train/logs0/Job4.log"}
[2026-02-04 12:33:32.768 +0530] [PROCESS] [cadence.virtuoso.ade.simulationMonitor] - Communication channels have been successfully set up. Start processing events ... {"hostname": "vlsi43.blr.amrita.edu", "processid": 9237, "logfile": "/home/train/hanupro/logs_train/logs0/Job4.log"}
[2026-02-04 12:33:32.768 +0530] [PROCESS] [cadence.virtuoso.ade.simulationMonitor] - Considering to start history {"hostname": "vlsi43.blr.amrita.edu", "processid": 9237, "history": "ExplorerRun.0", "logfile": "/home/train/hanupro/logs_train/logs0/Job4.log"}
[2026-02-04 12:33:32.778 +0530] [PROCESS] [cadence.virtuoso.ade.simulationMonitor] - HostInfo:
Host name (type):	vlsi43.blr.amrita.edu (x86_64)
Operating system:	Linux 4.18.0-425.3.1.el8.x86_64 #1 SMP Fri Sep 30 11:45:06 EDT 2022 {"hostname": "vlsi43.blr.amrita.edu", "processid": 9237, "history": "ExplorerRun.0", "logfile": "/home/train/hanupro/logs_train/logs0/Job4.log", "nodename": "vlsi43.blr.amrita.edu", "domainname": "(none)", "machine": "x86_64", "sysname": "Linux", "release": "4.18.0-425.3.1.el8.x86_64", "version": "#1 SMP Fri Sep 30 11:45:06 EDT 2022"}
[2026-02-04 12:33:32.778 +0530] [PROCESS] [cadence.virtuoso.ade.simulationMonitor] - UsageInfo:
pid=9237
totalPhysicalMemory=15.338787GB,Used=4.098007GB,totalVirtualMemory=46.588783GB,Used=4.098007GB
Cpu: Cores=20, Load average:0.480000,0.350000,0.170000 {"hostname": "vlsi43.blr.amrita.edu", "processid": 9237, "history": "ExplorerRun.0", "logfile": "/home/train/hanupro/logs_train/logs0/Job4.log", "pid": "9237", "totalPhysicalMemory": "15.338787", "physicalMemoryUsed": "4.098007", "totalVirtualMemory": "46.588783", "virtualMemoryUsed": "4.098007", "cpuCores": "20", "processes": "884", "loadAverage1": "0.480000", "loadAverage5": "0.350000", "loadAverage15": "0.170000", "loadAverage1Percent": "0.024000"}
[2026-02-04 12:33:32.779 +0530] [EVENT] [cadence.virtuoso.ade.simulationMonitor] - NewPoint {"history": "ExplorerRun.0", "point": 1, "testname": "hanus_vco_tb_1", "cornername": "Nominal", "event": "NewPoint", "EventSource": "Simulation Monitor", "HistoryName": "ExplorerRun.0", "logFile": "/home/train/hanupro/logs_train/logs0/Job4.log", "logFileSize": "2159"}
[2026-02-04 12:33:32.882 +0530] [EVENT] [cadence.virtuoso.ade.simulationMonitor] - NewPoint {"history": "ExplorerRun.0", "point": 1, "testname": "hanus_vco_tb_1", "cornername": "Nominal", "event": "NewPoint", "EventSource": "spectre", "HistoryName": "ExplorerRun.0", "logFile": "/home/train/simulation/hanus/vco_tb/maestro/results/maestro/ExplorerRun.0/1/hanus_vco_tb_1/psf/spectre.out", "logFileSize": "-1"}
[2026-02-04 12:33:32.921 +0530] [PROCESS] [cadence.virtuoso.ade.simulationMonitor] - Simulator launched {"hostname": "vlsi43.blr.amrita.edu", "processid": 9237, "history": "ExplorerRun.0", "testname": "hanus_vco_tb_1", "cornername": "Nominal", "point": 1, "logfile": "/home/train/hanupro/logs_train/logs0/Job4.log", "simid": "1"}
[2026-02-04 12:33:32.923 +0530] [PROCESS] [cadence.virtuoso.ade.simulationMonitor] - Expression evaluator launched {"hostname": "vlsi43.blr.amrita.edu", "processid": 9237, "history": "ExplorerRun.0", "testname": "hanus_vco_tb_1", "cornername": "Nominal", "point": 1, "logfile": "/home/train/hanupro/logs_train/logs0/Job4.log"}
[2026-02-04 12:33:32.926 +0530] [PROCESS] [cadence.virtuoso.ade.simulationMonitor] - Started Simulation {"hostname": "vlsi43.blr.amrita.edu", "processid": 9237, "history": "ExplorerRun.0", "testname": "hanus_vco_tb_1", "cornername": "Nominal", "point": 1, "logfile": "/home/train/hanupro/logs_train/logs0/Job4.log", "event": "started", "task": "simulation"}
[2026-02-04 12:33:37.428 +0530] [PROCESS] [cadence.virtuoso.ade.simulationMonitor] - Simulation cancelled {"hostname": "vlsi43.blr.amrita.edu", "processid": 9237, "history": "ExplorerRun.0", "testname": "hanus_vco_tb_1", "cornername": "Nominal", "point": 1, "logfile": "/home/train/hanupro/logs_train/logs0/Job4.log"}
[2026-02-04 12:33:37.428 +0530] [INFO] [cadence.virtuoso.ade.simulationMonitor] - SimulationMonitor has terminated the spectre process '9513', reason: 'the simulation point gets cancelled by GUI' {"history": "ExplorerRun.0", "point": 1, "testname": "hanus_vco_tb_1", "cornername": "Nominal"}
[2026-02-04 12:33:37.528 +0530] [PROCESS] [cadence.virtuoso.ade.simulationMonitor] - Finished simulating for one point {"hostname": "vlsi43.blr.amrita.edu", "processid": 9237, "history": "ExplorerRun.0", "testname": "hanus_vco_tb_1", "cornername": "Nominal", "point": 1, "logfile": "/home/train/hanupro/logs_train/logs0/Job4.log", "simid": "1"}
[2026-02-04 12:33:37.528 +0530] [PROCESS] [cadence.virtuoso.ade.simulationMonitor] - Simulator exited {"hostname": "vlsi43.blr.amrita.edu", "processid": 9237, "history": "ExplorerRun.0", "testname": "hanus_vco_tb_1", "cornername": "Nominal", "point": 1, "logfile": "/home/train/hanupro/logs_train/logs0/Job4.log", "exitStatus": "0"}
[2026-02-04 12:33:37.529 +0530] [PROCESS] [cadence.virtuoso.ade.simulationMonitor] - Finished Simulation {"hostname": "vlsi43.blr.amrita.edu", "processid": 9237, "history": "ExplorerRun.0", "testname": "hanus_vco_tb_1", "cornername": "Nominal", "point": 1, "logfile": "/home/train/hanupro/logs_train/logs0/Job4.log", "simid": "1"}
[2026-02-04 12:34:01.675 +0530] [INFO] [cadence.virtuoso.ade.simulationMonitor] - SimulationMonitor has terminated the vds process '9514', reason: 'Force to stop the expression evalutor process because of new run' {"history": "ExplorerRun.0", "point": 1, "testname": "hanus_vco_tb_1", "cornername": "Nominal"}
[2026-02-04 12:34:01.675 +0530] [PROCESS] [cadence.virtuoso.ade.simulationMonitor] - HostInfo:
Host name (type):	vlsi43.blr.amrita.edu (x86_64)
Operating system:	Linux 4.18.0-425.3.1.el8.x86_64 #1 SMP Fri Sep 30 11:45:06 EDT 2022 {"hostname": "vlsi43.blr.amrita.edu", "processid": 9237, "history": "ExplorerRun.0", "testname": "hanus_vco_tb_1", "cornername": "Nominal", "point": 1, "logfile": "/home/train/hanupro/logs_train/logs0/Job4.log", "nodename": "vlsi43.blr.amrita.edu", "domainname": "(none)", "machine": "x86_64", "sysname": "Linux", "release": "4.18.0-425.3.1.el8.x86_64", "version": "#1 SMP Fri Sep 30 11:45:06 EDT 2022"}
[2026-02-04 12:34:01.675 +0530] [PROCESS] [cadence.virtuoso.ade.simulationMonitor] - UsageInfo:
pid=9237
totalPhysicalMemory=15.338787GB,Used=4.245277GB,totalVirtualMemory=46.588783GB,Used=4.245277GB
Cpu: Cores=20, Load average:0.640000,0.410000,0.200000 {"hostname": "vlsi43.blr.amrita.edu", "processid": 9237, "history": "ExplorerRun.0", "testname": "hanus_vco_tb_1", "cornername": "Nominal", "point": 1, "logfile": "/home/train/hanupro/logs_train/logs0/Job4.log", "pid": "9237", "totalPhysicalMemory": "15.338787", "physicalMemoryUsed": "4.245277", "totalVirtualMemory": "46.588783", "virtualMemoryUsed": "4.245277", "cpuCores": "20", "processes": "894", "loadAverage1": "0.640000", "loadAverage5": "0.410000", "loadAverage15": "0.200000", "loadAverage1Percent": "0.032000"}
[2026-02-04 12:34:01.675 +0530] [EVENT] [cadence.virtuoso.ade.simulationMonitor] - NewPoint {"history": "ExplorerRun.0", "point": 1, "testname": "hanus_vco_tb_1", "cornername": "Nominal", "event": "NewPoint", "EventSource": "Simulation Monitor", "HistoryName": "ExplorerRun.0", "logFile": "/home/train/hanupro/logs_train/logs0/Job4.log", "logFileSize": "7285"}
[2026-02-04 12:34:01.777 +0530] [EVENT] [cadence.virtuoso.ade.simulationMonitor] - NewPoint {"history": "ExplorerRun.0", "point": 1, "testname": "hanus_vco_tb_1", "cornername": "Nominal", "event": "NewPoint", "EventSource": "spectre", "HistoryName": "ExplorerRun.0", "logFile": "/home/train/simulation/hanus/vco_tb/maestro/results/maestro/ExplorerRun.0/1/hanus_vco_tb_1/psf/spectre.out", "logFileSize": "-1"}
[2026-02-04 12:34:01.780 +0530] [PROCESS] [cadence.virtuoso.ade.simulationMonitor] - Simulator launched {"hostname": "vlsi43.blr.amrita.edu", "processid": 9237, "history": "ExplorerRun.0", "testname": "hanus_vco_tb_1", "cornername": "Nominal", "point": 1, "logfile": "/home/train/hanupro/logs_train/logs0/Job4.log", "simid": "2"}
[2026-02-04 12:34:01.781 +0530] [PROCESS] [cadence.virtuoso.ade.simulationMonitor] - Expression evaluator launched {"hostname": "vlsi43.blr.amrita.edu", "processid": 9237, "history": "ExplorerRun.0", "testname": "hanus_vco_tb_1", "cornername": "Nominal", "point": 1, "logfile": "/home/train/hanupro/logs_train/logs0/Job4.log"}
[2026-02-04 12:34:01.785 +0530] [PROCESS] [cadence.virtuoso.ade.simulationMonitor] - Started Simulation {"hostname": "vlsi43.blr.amrita.edu", "processid": 9237, "history": "ExplorerRun.0", "testname": "hanus_vco_tb_1", "cornername": "Nominal", "point": 1, "logfile": "/home/train/hanupro/logs_train/logs0/Job4.log", "event": "started", "task": "simulation"}
[2026-02-04 12:34:14.348 +0530] [INFO] [cadence.virtuoso.ade.simulationMonitor] - Peak resident memory used = 153 Mbytes. {"history": "ExplorerRun.0", "point": 1, "testname": "hanus_vco_tb_1", "cornername": "Nominal"}
[2026-02-04 12:34:14.848 +0530] [INFO] [cadence.virtuoso.ade.simulationMonitor] - Peak resident memory used = 166 Mbytes. {"history": "ExplorerRun.0", "point": 1, "testname": "hanus_vco_tb_1", "cornername": "Nominal"}
[2026-02-04 12:34:14.849 +0530] [INFO] [cadence.virtuoso.ade.simulationMonitor] - Notice from spectre during hierarchy flattening.
    The value 'psf' specified for the 'checklimitdest' option will no longer be supported in future releases. Use 'spectre -h' to see other recommended values for the 'checklimitdest' option. {"history": "ExplorerRun.0", "point": 1, "testname": "hanus_vco_tb_1", "cornername": "Nominal"}
[2026-02-04 12:34:14.849 +0530] [INFO] [cadence.virtuoso.ade.simulationMonitor] - Peak resident memory used = 167 Mbytes. {"history": "ExplorerRun.0", "point": 1, "testname": "hanus_vco_tb_1", "cornername": "Nominal"}
[2026-02-04 12:34:15.349 +0530] [INFO] [cadence.virtuoso.ade.simulationMonitor] - Notice from spectre during initial setup.
    Multithreading is disabled due to the size of the design being too small. {"history": "ExplorerRun.0", "point": 1, "testname": "hanus_vco_tb_1", "cornername": "Nominal"}
[2026-02-04 12:34:15.349 +0530] [INFO] [cadence.virtuoso.ade.simulationMonitor] -               nodes 70 {"history": "ExplorerRun.0", "point": 1, "testname": "hanus_vco_tb_1", "cornername": "Nominal"}
[2026-02-04 12:34:15.350 +0530] [INFO] [cadence.virtuoso.ade.simulationMonitor] - Notice from spectre during initial setup.
    APS enabled. {"history": "ExplorerRun.0", "point": 1, "testname": "hanus_vco_tb_1", "cornername": "Nominal"}
[2026-02-04 12:34:15.350 +0530] [INFO] [cadence.virtuoso.ade.simulationMonitor] - Peak resident memory used = 170 Mbytes. {"history": "ExplorerRun.0", "point": 1, "testname": "hanus_vco_tb_1", "cornername": "Nominal"}
[2026-02-04 12:34:15.350 +0530] [INFO] [cadence.virtuoso.ade.simulationMonitor] -    -   (APS) Multi-threading. The recommended number of threads is 1, consider adding +mt=1 on command line. {"history": "ExplorerRun.0", "point": 1, "testname": "hanus_vco_tb_1", "cornername": "Nominal"}
[2026-02-04 12:34:15.350 +0530] [INFO] [cadence.virtuoso.ade.simulationMonitor] - Notice from spectre during IC analysis, during transient analysis `tran'.
    There are 2 IC nodes defined. {"history": "ExplorerRun.0", "point": 1, "testname": "hanus_vco_tb_1", "cornername": "Nominal"}
[2026-02-04 12:34:15.350 +0530] [INFO] [cadence.virtuoso.ade.simulationMonitor] - Notice from spectre during IC analysis, during transient analysis `tran'.
    Initial condition computed for node vout4+ is in error by 2.58732 mV (215.61 m%).
    Initial condition computed for node vout4- is in error by 2.26659 mV.
        Decrease `rforce' to reduce error in computed initial conditions.  However, setting rforce too small may result in convergence difficulties or in the matrix becoming singular. {"history": "ExplorerRun.0", "point": 1, "testname": "hanus_vco_tb_1", "cornername": "Nominal"}
[2026-02-04 12:34:15.850 +0530] [INFO] [cadence.virtuoso.ade.simulationMonitor] - Notice from spectre during transient analysis `tran'.
    Multithreading is disabled due to the size of the design being too small. {"history": "ExplorerRun.0", "point": 1, "testname": "hanus_vco_tb_1", "cornername": "Nominal"}
[2026-02-04 12:34:52.103 +0530] [INFO] [cadence.virtuoso.ade.simulationMonitor] - Total time required for tran analysis `tran': CPU = 36.4941 s, elapsed = 36.8156 s, util. = 99.1%. {"history": "ExplorerRun.0", "point": 1, "testname": "hanus_vco_tb_1", "cornername": "Nominal"}
[2026-02-04 12:34:52.103 +0530] [INFO] [cadence.virtuoso.ade.simulationMonitor] - Peak resident memory used = 498 Mbytes. {"history": "ExplorerRun.0", "point": 1, "testname": "hanus_vco_tb_1", "cornername": "Nominal"}
[2026-02-04 12:34:52.604 +0530] [INFO] [cadence.virtuoso.ade.simulationMonitor] - Time used: CPU = 37 s, elapsed = 45.3 s, util. = 81.6%. {"history": "ExplorerRun.0", "point": 1, "testname": "hanus_vco_tb_1", "cornername": "Nominal"}
[2026-02-04 12:34:52.604 +0530] [INFO] [cadence.virtuoso.ade.simulationMonitor] - Time spent in licensing: elapsed = 1.74 s. {"history": "ExplorerRun.0", "point": 1, "testname": "hanus_vco_tb_1", "cornername": "Nominal"}
[2026-02-04 12:34:52.604 +0530] [INFO] [cadence.virtuoso.ade.simulationMonitor] - Peak memory used = 500 Mbytes. {"history": "ExplorerRun.0", "point": 1, "testname": "hanus_vco_tb_1", "cornername": "Nominal"}
[2026-02-04 12:34:52.604 +0530] [PROCESS] [cadence.virtuoso.ade.simulationMonitor] - Simulation started at: 12:34:06 PM, Wed Feb 4, 2026, ended at: 12:34:52 PM, Wed Feb 4, 2026, with elapsed time (wall clock): 45.3 s. {"history": "ExplorerRun.0", "point": 1, "testname": "hanus_vco_tb_1", "cornername": "Nominal"}
[2026-02-04 12:34:52.604 +0530] [PROCESS] [cadence.virtuoso.ade.simulationMonitor] - spectre completes with 0 errors, 0 warnings, and 8 notices. {"history": "ExplorerRun.0", "point": 1, "testname": "hanus_vco_tb_1", "cornername": "Nominal"}
[2026-02-04 12:34:53.105 +0530] [PROCESS] [cadence.virtuoso.ade.simulationMonitor] - Finished simulating for one point {"hostname": "vlsi43.blr.amrita.edu", "processid": 9237, "history": "ExplorerRun.0", "testname": "hanus_vco_tb_1", "cornername": "Nominal", "point": 1, "logfile": "/home/train/hanupro/logs_train/logs0/Job4.log", "simid": "2"}
[2026-02-04 12:34:53.105 +0530] [PROCESS] [cadence.virtuoso.ade.simulationMonitor] - Simulator exited {"hostname": "vlsi43.blr.amrita.edu", "processid": 9237, "history": "ExplorerRun.0", "testname": "hanus_vco_tb_1", "cornername": "Nominal", "point": 1, "logfile": "/home/train/hanupro/logs_train/logs0/Job4.log", "exitStatus": "0"}
[2026-02-04 12:34:53.105 +0530] [PROCESS] [cadence.virtuoso.ade.simulationMonitor] - Finished Simulation {"hostname": "vlsi43.blr.amrita.edu", "processid": 9237, "history": "ExplorerRun.0", "testname": "hanus_vco_tb_1", "cornername": "Nominal", "point": 1, "logfile": "/home/train/hanupro/logs_train/logs0/Job4.log", "simid": "2"}
[2026-02-04 12:34:54.110 +0530] [PROCESS] [cadence.virtuoso.ade.simulationMonitor] - Point Finished {"hostname": "vlsi43.blr.amrita.edu", "processid": 9237, "history": "ExplorerRun.0", "testname": "hanus_vco_tb_1", "cornername": "Nominal", "point": 1, "logfile": "/home/train/hanupro/logs_train/logs0/Job4.log"}
[2026-02-04 12:34:55.155 +0530] [PROCESS] [cadence.virtuoso.ade.simulationMonitor] - Stay with the runId '1', Linger time '300', currentRunSyn '3', currentTestSyn '3' {"hostname": "vlsi43.blr.amrita.edu", "processid": 9237, "history": "ExplorerRun.0", "testname": "hanus_vco_tb_1", "cornername": "Nominal", "point": 1, "logfile": "/home/train/hanupro/logs_train/logs0/Job4.log"}
[2026-02-04 12:36:54.577 +0530] [PROCESS] [cadence.virtuoso.ade.simulationMonitor] - get signal Terminated<15> from user:train, which pid:9235:/home/install/IC618/tools/bin/64bit/cdsServIpc {"hostname": "vlsi43.blr.amrita.edu", "processid": 9237, "history": "ExplorerRun.0", "testname": "hanus_vco_tb_1", "cornername": "Nominal", "point": 1, "logfile": "/home/train/hanupro/logs_train/logs0/Job4.log", "signal": "15", "signalName": "Terminated", "which": "/home/install/IC618/tools/bin/64bit/cdsServIpc", "pid": "9235", "user": "train", "uid": "1001"}
[2026-02-04 12:36:54.577 +0530] [INFO] [cadence.virtuoso.ade.simulationMonitor] - SimulationMonitor has terminated the spectre process '11571', reason: 'simulationMonitor is handling signal 15' {"history": "ExplorerRun.0", "point": 1, "testname": "hanus_vco_tb_1", "cornername": "Nominal"}
[2026-02-04 12:36:55.078 +0530] [PROCESS] [cadence.virtuoso.ade.simulationMonitor] - Current memory used: 54.5234 MBytes, peak memory used: 54.5234 MBytes {"hostname": "vlsi43.blr.amrita.edu", "processid": 9237, "history": "ExplorerRun.0", "testname": "hanus_vco_tb_1", "cornername": "Nominal", "point": 1, "logfile": "/home/train/hanupro/logs_train/logs0/Job4.log"}
[2026-02-04 12:36:55.078 +0530] [PROCESS] [cadence.virtuoso.ade.simulationMonitor] - Simulation Monitor process exit. {"hostname": "vlsi43.blr.amrita.edu", "processid": 9237, "history": "ExplorerRun.0", "testname": "hanus_vco_tb_1", "cornername": "Nominal", "point": 1, "logfile": "/home/train/hanupro/logs_train/logs0/Job4.log"}
