[Simulation Monitor: 5]
[2026-02-03 10:47:12.562 +0530] [PROCESS] [cadence.virtuoso.ade.simulationMonitor] - Simulation Monitor has successfully started up. Trying to set up communication channels to other components ... {"hostname": "vlsi43.blr.amrita.edu", "processid": 21942, "logfile": "/home/train/hanupro/logs_train/logs0/Job5.log"}
[2026-02-03 10:47:12.563 +0530] [PROCESS] [cadence.virtuoso.ade.simulationMonitor] - Communication channels have been successfully set up. Start processing events ... {"hostname": "vlsi43.blr.amrita.edu", "processid": 21942, "logfile": "/home/train/hanupro/logs_train/logs0/Job5.log"}
[2026-02-03 10:47:12.563 +0530] [PROCESS] [cadence.virtuoso.ade.simulationMonitor] - Considering to start history {"hostname": "vlsi43.blr.amrita.edu", "processid": 21942, "history": "ExplorerRun.0", "logfile": "/home/train/hanupro/logs_train/logs0/Job5.log"}
[2026-02-03 10:47:12.565 +0530] [PROCESS] [cadence.virtuoso.ade.simulationMonitor] - HostInfo:
Host name (type):	vlsi43.blr.amrita.edu (x86_64)
Operating system:	Linux 4.18.0-425.3.1.el8.x86_64 #1 SMP Fri Sep 30 11:45:06 EDT 2022 {"hostname": "vlsi43.blr.amrita.edu", "processid": 21942, "history": "ExplorerRun.0", "logfile": "/home/train/hanupro/logs_train/logs0/Job5.log", "nodename": "vlsi43.blr.amrita.edu", "domainname": "(none)", "machine": "x86_64", "sysname": "Linux", "release": "4.18.0-425.3.1.el8.x86_64", "version": "#1 SMP Fri Sep 30 11:45:06 EDT 2022"}
[2026-02-03 10:47:12.565 +0530] [PROCESS] [cadence.virtuoso.ade.simulationMonitor] - UsageInfo:
pid=21942
totalPhysicalMemory=15.338787GB,Used=4.176079GB,totalVirtualMemory=46.588783GB,Used=4.176079GB
Cpu: Cores=20, Load average:0.040000,0.100000,0.080000 {"hostname": "vlsi43.blr.amrita.edu", "processid": 21942, "history": "ExplorerRun.0", "logfile": "/home/train/hanupro/logs_train/logs0/Job5.log", "pid": "21942", "totalPhysicalMemory": "15.338787", "physicalMemoryUsed": "4.176079", "totalVirtualMemory": "46.588783", "virtualMemoryUsed": "4.176079", "cpuCores": "20", "processes": "891", "loadAverage1": "0.040000", "loadAverage5": "0.100000", "loadAverage15": "0.080000", "loadAverage1Percent": "0.002000"}
[2026-02-03 10:47:12.565 +0530] [EVENT] [cadence.virtuoso.ade.simulationMonitor] - NewPoint {"history": "ExplorerRun.0", "point": 1, "testname": "hanus_vco_new_1", "cornername": "Nominal", "event": "NewPoint", "EventSource": "Simulation Monitor", "HistoryName": "ExplorerRun.0", "logFile": "/home/train/hanupro/logs_train/logs0/Job5.log", "logFileSize": "2166"}
[2026-02-03 10:47:12.665 +0530] [EVENT] [cadence.virtuoso.ade.simulationMonitor] - NewPoint {"history": "ExplorerRun.0", "point": 1, "testname": "hanus_vco_new_1", "cornername": "Nominal", "event": "NewPoint", "EventSource": "spectre", "HistoryName": "ExplorerRun.0", "logFile": "/home/train/simulation/hanus/vco_new/maestro/results/maestro/ExplorerRun.0/1/hanus_vco_new_1/psf/spectre.out", "logFileSize": "-1"}
[2026-02-03 10:47:12.680 +0530] [PROCESS] [cadence.virtuoso.ade.simulationMonitor] - Simulator launched {"hostname": "vlsi43.blr.amrita.edu", "processid": 21942, "history": "ExplorerRun.0", "testname": "hanus_vco_new_1", "cornername": "Nominal", "point": 1, "logfile": "/home/train/hanupro/logs_train/logs0/Job5.log", "simid": "1"}
[2026-02-03 10:47:12.681 +0530] [PROCESS] [cadence.virtuoso.ade.simulationMonitor] - Expression evaluator launched {"hostname": "vlsi43.blr.amrita.edu", "processid": 21942, "history": "ExplorerRun.0", "testname": "hanus_vco_new_1", "cornername": "Nominal", "point": 1, "logfile": "/home/train/hanupro/logs_train/logs0/Job5.log"}
[2026-02-03 10:47:12.685 +0530] [PROCESS] [cadence.virtuoso.ade.simulationMonitor] - Started Simulation {"hostname": "vlsi43.blr.amrita.edu", "processid": 21942, "history": "ExplorerRun.0", "testname": "hanus_vco_new_1", "cornername": "Nominal", "point": 1, "logfile": "/home/train/hanupro/logs_train/logs0/Job5.log", "event": "started", "task": "simulation"}
[2026-02-03 10:47:15.187 +0530] [INFO] [cadence.virtuoso.ade.simulationMonitor] - Peak resident memory used = 152 Mbytes. {"history": "ExplorerRun.0", "point": 1, "testname": "hanus_vco_new_1", "cornername": "Nominal"}
[2026-02-03 10:47:15.187 +0530] [INFO] [cadence.virtuoso.ade.simulationMonitor] - Peak resident memory used = 164 Mbytes. {"history": "ExplorerRun.0", "point": 1, "testname": "hanus_vco_new_1", "cornername": "Nominal"}
[2026-02-03 10:47:15.187 +0530] [INFO] [cadence.virtuoso.ade.simulationMonitor] - Notice from spectre during hierarchy flattening.
    The value 'psf' specified for the 'checklimitdest' option will no longer be supported in future releases. Use 'spectre -h' to see other recommended values for the 'checklimitdest' option. {"history": "ExplorerRun.0", "point": 1, "testname": "hanus_vco_new_1", "cornername": "Nominal"}
[2026-02-03 10:47:15.187 +0530] [INFO] [cadence.virtuoso.ade.simulationMonitor] - Peak resident memory used = 166 Mbytes. {"history": "ExplorerRun.0", "point": 1, "testname": "hanus_vco_new_1", "cornername": "Nominal"}
[2026-02-03 10:47:15.187 +0530] [INFO] [cadence.virtuoso.ade.simulationMonitor] - Notice from spectre during initial setup.
    Multithreading is disabled due to the size of the design being too small. {"history": "ExplorerRun.0", "point": 1, "testname": "hanus_vco_new_1", "cornername": "Nominal"}
[2026-02-03 10:47:15.188 +0530] [INFO] [cadence.virtuoso.ade.simulationMonitor] -               nodes 87 {"history": "ExplorerRun.0", "point": 1, "testname": "hanus_vco_new_1", "cornername": "Nominal"}
[2026-02-03 10:47:15.188 +0530] [INFO] [cadence.virtuoso.ade.simulationMonitor] - Notice from spectre during initial setup.
    APS enabled. {"history": "ExplorerRun.0", "point": 1, "testname": "hanus_vco_new_1", "cornername": "Nominal"}
[2026-02-03 10:47:15.188 +0530] [INFO] [cadence.virtuoso.ade.simulationMonitor] - Peak resident memory used = 169 Mbytes. {"history": "ExplorerRun.0", "point": 1, "testname": "hanus_vco_new_1", "cornername": "Nominal"}
[2026-02-03 10:47:15.188 +0530] [INFO] [cadence.virtuoso.ade.simulationMonitor] -    -   (APS) Multi-threading. The recommended number of threads is 1, consider adding +mt=1 on command line. {"history": "ExplorerRun.0", "point": 1, "testname": "hanus_vco_new_1", "cornername": "Nominal"}
[2026-02-03 10:47:15.188 +0530] [ERROR] [cadence.virtuoso.ade.simulationMonitor] -     ERROR (SPCRTRF-15024): The pnoise analysis was skipped because a PSS analysis must be run first. {"history": "ExplorerRun.0", "point": 1, "testname": "hanus_vco_new_1", "cornername": "Nominal"}
[2026-02-03 10:47:15.188 +0530] [ERROR] [cadence.virtuoso.ade.simulationMonitor] - Analysis `pnoise' was terminated prematurely due to an error. {"history": "ExplorerRun.0", "point": 1, "testname": "hanus_vco_new_1", "cornername": "Nominal"}
[2026-02-03 10:47:15.188 +0530] [INFO] [cadence.virtuoso.ade.simulationMonitor] - Time used: CPU = 363 ms, elapsed = 1.97 s, util. = 18.4%. {"history": "ExplorerRun.0", "point": 1, "testname": "hanus_vco_new_1", "cornername": "Nominal"}
[2026-02-03 10:47:15.188 +0530] [INFO] [cadence.virtuoso.ade.simulationMonitor] - Time spent in licensing: elapsed = 1.49 s, percentage of total = 75.4%. {"history": "ExplorerRun.0", "point": 1, "testname": "hanus_vco_new_1", "cornername": "Nominal"}
[2026-02-03 10:47:15.188 +0530] [INFO] [cadence.virtuoso.ade.simulationMonitor] - Peak memory used = 172 Mbytes. {"history": "ExplorerRun.0", "point": 1, "testname": "hanus_vco_new_1", "cornername": "Nominal"}
[2026-02-03 10:47:15.189 +0530] [PROCESS] [cadence.virtuoso.ade.simulationMonitor] - Simulation started at: 10:47:12 AM, Tue Feb 3, 2026, ended at: 10:47:14 AM, Tue Feb 3, 2026, with elapsed time (wall clock): 1.97 s. {"history": "ExplorerRun.0", "point": 1, "testname": "hanus_vco_new_1", "cornername": "Nominal"}
[2026-02-03 10:47:15.189 +0530] [PROCESS] [cadence.virtuoso.ade.simulationMonitor] - spectre completes with 1 error, 0 warnings, and 4 notices. {"history": "ExplorerRun.0", "point": 1, "testname": "hanus_vco_new_1", "cornername": "Nominal"}
[2026-02-03 10:47:15.189 +0530] [PROCESS] [cadence.virtuoso.ade.simulationMonitor] - Finished simulating for one point {"hostname": "vlsi43.blr.amrita.edu", "processid": 21942, "history": "ExplorerRun.0", "testname": "hanus_vco_new_1", "cornername": "Nominal", "point": 1, "logfile": "/home/train/hanupro/logs_train/logs0/Job5.log", "simid": "1"}
[2026-02-03 10:47:15.189 +0530] [ERROR] [cadence.virtuoso.ade.simulationMonitor] - While simulating run ExplorerRun.0, point 1, test hanus_vco_new_1, received error:
Simulation Error:
 The simulator process returned a non-zero exit code, indicating failure.
The simulator could have crashed or intentionally returned to indicate an error.
Check the simulator log file for more information.  Common causes:
1. Simulator may have crashed during exit even after reporting success in log file.
2. Abrupt automatic simulator termination (e.g., SIGKILL) because the simulator process has
   exceeded ... {"history": "ExplorerRun.0", "point": 1, "testname": "hanus_vco_new_1", "cornername": "Nominal"}
[2026-02-03 10:47:15.189 +0530] [PROCESS] [cadence.virtuoso.ade.simulationMonitor] - Finished Simulation {"hostname": "vlsi43.blr.amrita.edu", "processid": 21942, "history": "ExplorerRun.0", "testname": "hanus_vco_new_1", "cornername": "Nominal", "point": 1, "logfile": "/home/train/hanupro/logs_train/logs0/Job5.log", "simid": "1"}
[2026-02-03 10:47:15.693 +0530] [PROCESS] [cadence.virtuoso.ade.simulationMonitor] - Point Finished {"hostname": "vlsi43.blr.amrita.edu", "processid": 21942, "history": "ExplorerRun.0", "testname": "hanus_vco_new_1", "cornername": "Nominal", "point": 1, "logfile": "/home/train/hanupro/logs_train/logs0/Job5.log"}
[2026-02-03 10:47:15.755 +0530] [PROCESS] [cadence.virtuoso.ade.simulationMonitor] - Padding test token found for runId '4', Linger time '300', currentRunSyn '8', currentTestSyn '8' {"hostname": "vlsi43.blr.amrita.edu", "processid": 21942, "history": "ExplorerRun.0", "testname": "hanus_vco_new_1", "cornername": "Nominal", "point": 1, "logfile": "/home/train/hanupro/logs_train/logs0/Job5.log"}
[2026-02-03 10:47:27.954 +0530] [INFO] [cadence.virtuoso.ade.simulationMonitor] - SimulationMonitor has terminated the vds process '22044', reason: 'Force to stop the expression evalutor process because of new run' {"history": "ExplorerRun.0", "point": 1, "testname": "hanus_vco_new_1", "cornername": "Nominal"}
[2026-02-03 10:47:27.954 +0530] [PROCESS] [cadence.virtuoso.ade.simulationMonitor] - HostInfo:
Host name (type):	vlsi43.blr.amrita.edu (x86_64)
Operating system:	Linux 4.18.0-425.3.1.el8.x86_64 #1 SMP Fri Sep 30 11:45:06 EDT 2022 {"hostname": "vlsi43.blr.amrita.edu", "processid": 21942, "history": "ExplorerRun.0", "testname": "hanus_vco_new_1", "cornername": "Nominal", "point": 1, "logfile": "/home/train/hanupro/logs_train/logs0/Job5.log", "nodename": "vlsi43.blr.amrita.edu", "domainname": "(none)", "machine": "x86_64", "sysname": "Linux", "release": "4.18.0-425.3.1.el8.x86_64", "version": "#1 SMP Fri Sep 30 11:45:06 EDT 2022"}
[2026-02-03 10:47:27.954 +0530] [PROCESS] [cadence.virtuoso.ade.simulationMonitor] - UsageInfo:
pid=21942
totalPhysicalMemory=15.338787GB,Used=4.196987GB,totalVirtualMemory=46.588783GB,Used=4.196987GB
Cpu: Cores=20, Load average:0.230000,0.140000,0.100000 {"hostname": "vlsi43.blr.amrita.edu", "processid": 21942, "history": "ExplorerRun.0", "testname": "hanus_vco_new_1", "cornername": "Nominal", "point": 1, "logfile": "/home/train/hanupro/logs_train/logs0/Job5.log", "pid": "21942", "totalPhysicalMemory": "15.338787", "physicalMemoryUsed": "4.196987", "totalVirtualMemory": "46.588783", "virtualMemoryUsed": "4.196987", "cpuCores": "20", "processes": "898", "loadAverage1": "0.230000", "loadAverage5": "0.140000", "loadAverage15": "0.100000", "loadAverage1Percent": "0.011500"}
[2026-02-03 10:47:27.954 +0530] [EVENT] [cadence.virtuoso.ade.simulationMonitor] - NewPoint {"history": "ExplorerRun.0", "point": 1, "testname": "hanus_vco_new_1", "cornername": "Nominal", "event": "NewPoint", "EventSource": "Simulation Monitor", "HistoryName": "ExplorerRun.0", "logFile": "/home/train/hanupro/logs_train/logs0/Job5.log", "logFileSize": "11876"}
[2026-02-03 10:47:28.055 +0530] [EVENT] [cadence.virtuoso.ade.simulationMonitor] - NewPoint {"history": "ExplorerRun.0", "point": 1, "testname": "hanus_vco_new_1", "cornername": "Nominal", "event": "NewPoint", "EventSource": "spectre", "HistoryName": "ExplorerRun.0", "logFile": "/home/train/simulation/hanus/vco_new/maestro/results/maestro/ExplorerRun.0/1/hanus_vco_new_1/psf/spectre.out", "logFileSize": "-1"}
[2026-02-03 10:47:28.058 +0530] [PROCESS] [cadence.virtuoso.ade.simulationMonitor] - Simulator launched {"hostname": "vlsi43.blr.amrita.edu", "processid": 21942, "history": "ExplorerRun.0", "testname": "hanus_vco_new_1", "cornername": "Nominal", "point": 1, "logfile": "/home/train/hanupro/logs_train/logs0/Job5.log", "simid": "2"}
[2026-02-03 10:47:28.058 +0530] [PROCESS] [cadence.virtuoso.ade.simulationMonitor] - Expression evaluator launched {"hostname": "vlsi43.blr.amrita.edu", "processid": 21942, "history": "ExplorerRun.0", "testname": "hanus_vco_new_1", "cornername": "Nominal", "point": 1, "logfile": "/home/train/hanupro/logs_train/logs0/Job5.log"}
[2026-02-03 10:47:28.063 +0530] [PROCESS] [cadence.virtuoso.ade.simulationMonitor] - Started Simulation {"hostname": "vlsi43.blr.amrita.edu", "processid": 21942, "history": "ExplorerRun.0", "testname": "hanus_vco_new_1", "cornername": "Nominal", "point": 1, "logfile": "/home/train/hanupro/logs_train/logs0/Job5.log", "event": "started", "task": "simulation"}
[2026-02-03 10:47:30.564 +0530] [INFO] [cadence.virtuoso.ade.simulationMonitor] - Peak resident memory used = 155 Mbytes. {"history": "ExplorerRun.0", "point": 1, "testname": "hanus_vco_new_1", "cornername": "Nominal"}
[2026-02-03 10:47:30.564 +0530] [INFO] [cadence.virtuoso.ade.simulationMonitor] - Peak resident memory used = 168 Mbytes. {"history": "ExplorerRun.0", "point": 1, "testname": "hanus_vco_new_1", "cornername": "Nominal"}
[2026-02-03 10:47:30.565 +0530] [INFO] [cadence.virtuoso.ade.simulationMonitor] - Notice from spectre during hierarchy flattening.
    The value 'psf' specified for the 'checklimitdest' option will no longer be supported in future releases. Use 'spectre -h' to see other recommended values for the 'checklimitdest' option. {"history": "ExplorerRun.0", "point": 1, "testname": "hanus_vco_new_1", "cornername": "Nominal"}
[2026-02-03 10:47:30.565 +0530] [INFO] [cadence.virtuoso.ade.simulationMonitor] - Peak resident memory used = 170 Mbytes. {"history": "ExplorerRun.0", "point": 1, "testname": "hanus_vco_new_1", "cornername": "Nominal"}
[2026-02-03 10:47:30.565 +0530] [INFO] [cadence.virtuoso.ade.simulationMonitor] - Notice from spectre during initial setup.
    Multithreading is disabled due to the size of the design being too small. {"history": "ExplorerRun.0", "point": 1, "testname": "hanus_vco_new_1", "cornername": "Nominal"}
[2026-02-03 10:47:30.565 +0530] [INFO] [cadence.virtuoso.ade.simulationMonitor] -               nodes 87 {"history": "ExplorerRun.0", "point": 1, "testname": "hanus_vco_new_1", "cornername": "Nominal"}
[2026-02-03 10:47:30.565 +0530] [INFO] [cadence.virtuoso.ade.simulationMonitor] - Notice from spectre during initial setup.
    APS enabled. {"history": "ExplorerRun.0", "point": 1, "testname": "hanus_vco_new_1", "cornername": "Nominal"}
[2026-02-03 10:47:30.566 +0530] [INFO] [cadence.virtuoso.ade.simulationMonitor] - Peak resident memory used = 173 Mbytes. {"history": "ExplorerRun.0", "point": 1, "testname": "hanus_vco_new_1", "cornername": "Nominal"}
[2026-02-03 10:47:30.566 +0530] [INFO] [cadence.virtuoso.ade.simulationMonitor] -    -   (APS) Multi-threading. The recommended number of threads is 1, consider adding +mt=1 on command line. {"history": "ExplorerRun.0", "point": 1, "testname": "hanus_vco_new_1", "cornername": "Nominal"}
[2026-02-03 10:47:30.566 +0530] [INFO] [cadence.virtuoso.ade.simulationMonitor] - Notice from spectre.
    Multithreading is disabled due to the size of the design being too small. {"history": "ExplorerRun.0", "point": 1, "testname": "hanus_vco_new_1", "cornername": "Nominal"}
[2026-02-03 10:47:31.566 +0530] [INFO] [cadence.virtuoso.ade.simulationMonitor] - Notice from spectre during IC analysis, during periodic steady state analysis `pss'.
    There are 2 IC nodes defined. {"history": "ExplorerRun.0", "point": 1, "testname": "hanus_vco_new_1", "cornername": "Nominal"}
[2026-02-03 10:47:31.567 +0530] [INFO] [cadence.virtuoso.ade.simulationMonitor] - Notice from spectre during IC analysis, during periodic steady state analysis `pss'.
    Initial condition computed for node vout5- is in error by 5.49804 mV (305.447 m%).
    Initial condition computed for node vout5+ is in error by 4.98061 mV.
        Decrease `rforce' to reduce error in computed initial conditions.  However, setting rforce too small may result in convergence difficulties or in the matrix becoming singular. {"history": "ExplorerRun.0", "point": 1, "testname": "hanus_vco_new_1", "cornername": "Nominal"}
[2026-02-03 10:47:32.599 +0530] [INFO] [cadence.virtuoso.ade.simulationMonitor] - Total time required for tstab analysis `pss': CPU = 1.1847 s, elapsed = 1.18562 s. {"history": "ExplorerRun.0", "point": 1, "testname": "hanus_vco_new_1", "cornername": "Nominal"}
[2026-02-03 10:47:32.599 +0530] [INFO] [cadence.virtuoso.ade.simulationMonitor] - Peak resident memory used = 177 Mbytes. {"history": "ExplorerRun.0", "point": 1, "testname": "hanus_vco_new_1", "cornername": "Nominal"}
[2026-02-03 10:47:33.099 +0530] [INFO] [cadence.virtuoso.ade.simulationMonitor] - Total time required for pss analysis `pss': CPU = 1.4484 s, elapsed = 2.21021 s, util. = 65.5%. {"history": "ExplorerRun.0", "point": 1, "testname": "hanus_vco_new_1", "cornername": "Nominal"}
[2026-02-03 10:47:33.099 +0530] [INFO] [cadence.virtuoso.ade.simulationMonitor] - Peak resident memory used = 184 Mbytes. {"history": "ExplorerRun.0", "point": 1, "testname": "hanus_vco_new_1", "cornername": "Nominal"}
[2026-02-03 10:47:33.100 +0530] [INFO] [cadence.virtuoso.ade.simulationMonitor] - Notice from spectre during PNoise analysis `pnoise'.
    Multithreading is disabled due to the size of the design being too small.
    Use full spectrum for normal noise analysis.
    MaxSideband for colored noise sources (e.g. 1/f-noise) is not set, automatically  set it to 3. {"history": "ExplorerRun.0", "point": 1, "testname": "hanus_vco_new_1", "cornername": "Nominal"}
[2026-02-03 10:47:34.100 +0530] [INFO] [cadence.virtuoso.ade.simulationMonitor] - Total time required for pnoise analysis `pnoise': CPU = 2.47029 s, elapsed = 1.12934 s, util. = 219%. {"history": "ExplorerRun.0", "point": 1, "testname": "hanus_vco_new_1", "cornername": "Nominal"}
[2026-02-03 10:47:34.100 +0530] [INFO] [cadence.virtuoso.ade.simulationMonitor] - Peak resident memory used = 197 Mbytes. {"history": "ExplorerRun.0", "point": 1, "testname": "hanus_vco_new_1", "cornername": "Nominal"}
[2026-02-03 10:47:34.101 +0530] [INFO] [cadence.virtuoso.ade.simulationMonitor] - Time used: CPU = 4.26 s, elapsed = 5.9 s, util. = 72.2%. {"history": "ExplorerRun.0", "point": 1, "testname": "hanus_vco_new_1", "cornername": "Nominal"}
[2026-02-03 10:47:34.101 +0530] [INFO] [cadence.virtuoso.ade.simulationMonitor] - Time spent in licensing: elapsed = 2.98 s, percentage of total = 50.6%. {"history": "ExplorerRun.0", "point": 1, "testname": "hanus_vco_new_1", "cornername": "Nominal"}
[2026-02-03 10:47:34.101 +0530] [INFO] [cadence.virtuoso.ade.simulationMonitor] - Peak memory used = 198 Mbytes. {"history": "ExplorerRun.0", "point": 1, "testname": "hanus_vco_new_1", "cornername": "Nominal"}
[2026-02-03 10:47:34.101 +0530] [PROCESS] [cadence.virtuoso.ade.simulationMonitor] - Simulation started at: 10:47:28 AM, Tue Feb 3, 2026, ended at: 10:47:34 AM, Tue Feb 3, 2026, with elapsed time (wall clock): 5.9 s. {"history": "ExplorerRun.0", "point": 1, "testname": "hanus_vco_new_1", "cornername": "Nominal"}
[2026-02-03 10:47:34.101 +0530] [PROCESS] [cadence.virtuoso.ade.simulationMonitor] - spectre completes with 0 errors, 0 warnings, and 11 notices. {"history": "ExplorerRun.0", "point": 1, "testname": "hanus_vco_new_1", "cornername": "Nominal"}
[2026-02-03 10:47:34.602 +0530] [PROCESS] [cadence.virtuoso.ade.simulationMonitor] - Finished simulating for one point {"hostname": "vlsi43.blr.amrita.edu", "processid": 21942, "history": "ExplorerRun.0", "testname": "hanus_vco_new_1", "cornername": "Nominal", "point": 1, "logfile": "/home/train/hanupro/logs_train/logs0/Job5.log", "simid": "2"}
[2026-02-03 10:47:34.602 +0530] [PROCESS] [cadence.virtuoso.ade.simulationMonitor] - Simulator exited {"hostname": "vlsi43.blr.amrita.edu", "processid": 21942, "history": "ExplorerRun.0", "testname": "hanus_vco_new_1", "cornername": "Nominal", "point": 1, "logfile": "/home/train/hanupro/logs_train/logs0/Job5.log", "exitStatus": "0"}
[2026-02-03 10:47:34.602 +0530] [PROCESS] [cadence.virtuoso.ade.simulationMonitor] - Finished Simulation {"hostname": "vlsi43.blr.amrita.edu", "processid": 21942, "history": "ExplorerRun.0", "testname": "hanus_vco_new_1", "cornername": "Nominal", "point": 1, "logfile": "/home/train/hanupro/logs_train/logs0/Job5.log", "simid": "2"}
[2026-02-03 10:47:35.107 +0530] [PROCESS] [cadence.virtuoso.ade.simulationMonitor] - Point Finished {"hostname": "vlsi43.blr.amrita.edu", "processid": 21942, "history": "ExplorerRun.0", "testname": "hanus_vco_new_1", "cornername": "Nominal", "point": 1, "logfile": "/home/train/hanupro/logs_train/logs0/Job5.log"}
[2026-02-03 10:47:35.154 +0530] [PROCESS] [cadence.virtuoso.ade.simulationMonitor] - Padding test token found for runId '5', Linger time '300', currentRunSyn '10', currentTestSyn '10' {"hostname": "vlsi43.blr.amrita.edu", "processid": 21942, "history": "ExplorerRun.0", "testname": "hanus_vco_new_1", "cornername": "Nominal", "point": 1, "logfile": "/home/train/hanupro/logs_train/logs0/Job5.log"}
[2026-02-03 10:51:19.613 +0530] [INFO] [cadence.virtuoso.ade.simulationMonitor] - SimulationMonitor has terminated the vds process '22718', reason: 'Force to stop the expression evalutor process because of new run' {"history": "ExplorerRun.0", "point": 1, "testname": "hanus_vco_new_1", "cornername": "Nominal"}
[2026-02-03 10:51:19.613 +0530] [PROCESS] [cadence.virtuoso.ade.simulationMonitor] - HostInfo:
Host name (type):	vlsi43.blr.amrita.edu (x86_64)
Operating system:	Linux 4.18.0-425.3.1.el8.x86_64 #1 SMP Fri Sep 30 11:45:06 EDT 2022 {"hostname": "vlsi43.blr.amrita.edu", "processid": 21942, "history": "ExplorerRun.0", "testname": "hanus_vco_new_1", "cornername": "Nominal", "point": 1, "logfile": "/home/train/hanupro/logs_train/logs0/Job5.log", "nodename": "vlsi43.blr.amrita.edu", "domainname": "(none)", "machine": "x86_64", "sysname": "Linux", "release": "4.18.0-425.3.1.el8.x86_64", "version": "#1 SMP Fri Sep 30 11:45:06 EDT 2022"}
[2026-02-03 10:51:19.613 +0530] [PROCESS] [cadence.virtuoso.ade.simulationMonitor] - UsageInfo:
pid=21942
totalPhysicalMemory=15.338787GB,Used=4.435093GB,totalVirtualMemory=46.588783GB,Used=4.435093GB
Cpu: Cores=20, Load average:0.040000,0.120000,0.090000 {"hostname": "vlsi43.blr.amrita.edu", "processid": 21942, "history": "ExplorerRun.0", "testname": "hanus_vco_new_1", "cornername": "Nominal", "point": 1, "logfile": "/home/train/hanupro/logs_train/logs0/Job5.log", "pid": "21942", "totalPhysicalMemory": "15.338787", "physicalMemoryUsed": "4.435093", "totalVirtualMemory": "46.588783", "virtualMemoryUsed": "4.435093", "cpuCores": "20", "processes": "931", "loadAverage1": "0.040000", "loadAverage5": "0.120000", "loadAverage15": "0.090000", "loadAverage1Percent": "0.002000"}
[2026-02-03 10:51:19.613 +0530] [EVENT] [cadence.virtuoso.ade.simulationMonitor] - NewPoint {"history": "ExplorerRun.0", "point": 1, "testname": "hanus_vco_new_1", "cornername": "Nominal", "event": "NewPoint", "EventSource": "Simulation Monitor", "HistoryName": "ExplorerRun.0", "logFile": "/home/train/hanupro/logs_train/logs0/Job5.log", "logFileSize": "23824"}
[2026-02-03 10:51:19.714 +0530] [EVENT] [cadence.virtuoso.ade.simulationMonitor] - NewPoint {"history": "ExplorerRun.0", "point": 1, "testname": "hanus_vco_new_1", "cornername": "Nominal", "event": "NewPoint", "EventSource": "spectre", "HistoryName": "ExplorerRun.0", "logFile": "/home/train/simulation/hanus/vco_new/maestro/results/maestro/ExplorerRun.0/1/hanus_vco_new_1/psf/spectre.out", "logFileSize": "-1"}
[2026-02-03 10:51:19.716 +0530] [PROCESS] [cadence.virtuoso.ade.simulationMonitor] - Simulator launched {"hostname": "vlsi43.blr.amrita.edu", "processid": 21942, "history": "ExplorerRun.0", "testname": "hanus_vco_new_1", "cornername": "Nominal", "point": 1, "logfile": "/home/train/hanupro/logs_train/logs0/Job5.log", "simid": "3"}
[2026-02-03 10:51:19.719 +0530] [PROCESS] [cadence.virtuoso.ade.simulationMonitor] - Expression evaluator launched {"hostname": "vlsi43.blr.amrita.edu", "processid": 21942, "history": "ExplorerRun.0", "testname": "hanus_vco_new_1", "cornername": "Nominal", "point": 1, "logfile": "/home/train/hanupro/logs_train/logs0/Job5.log"}
[2026-02-03 10:51:19.723 +0530] [PROCESS] [cadence.virtuoso.ade.simulationMonitor] - Started Simulation {"hostname": "vlsi43.blr.amrita.edu", "processid": 21942, "history": "ExplorerRun.0", "testname": "hanus_vco_new_1", "cornername": "Nominal", "point": 1, "logfile": "/home/train/hanupro/logs_train/logs0/Job5.log", "event": "started", "task": "simulation"}
[2026-02-03 10:51:22.724 +0530] [INFO] [cadence.virtuoso.ade.simulationMonitor] - Peak resident memory used = 152 Mbytes. {"history": "ExplorerRun.0", "point": 1, "testname": "hanus_vco_new_1", "cornername": "Nominal"}
[2026-02-03 10:51:22.724 +0530] [INFO] [cadence.virtuoso.ade.simulationMonitor] - Peak resident memory used = 165 Mbytes. {"history": "ExplorerRun.0", "point": 1, "testname": "hanus_vco_new_1", "cornername": "Nominal"}
[2026-02-03 10:51:22.724 +0530] [INFO] [cadence.virtuoso.ade.simulationMonitor] - Notice from spectre during hierarchy flattening.
    The value 'psf' specified for the 'checklimitdest' option will no longer be supported in future releases. Use 'spectre -h' to see other recommended values for the 'checklimitdest' option. {"history": "ExplorerRun.0", "point": 1, "testname": "hanus_vco_new_1", "cornername": "Nominal"}
[2026-02-03 10:51:22.725 +0530] [INFO] [cadence.virtuoso.ade.simulationMonitor] - Peak resident memory used = 167 Mbytes. {"history": "ExplorerRun.0", "point": 1, "testname": "hanus_vco_new_1", "cornername": "Nominal"}
[2026-02-03 10:51:22.725 +0530] [INFO] [cadence.virtuoso.ade.simulationMonitor] - Notice from spectre during initial setup.
    Multithreading is disabled due to the size of the design being too small. {"history": "ExplorerRun.0", "point": 1, "testname": "hanus_vco_new_1", "cornername": "Nominal"}
[2026-02-03 10:51:22.725 +0530] [INFO] [cadence.virtuoso.ade.simulationMonitor] -               nodes 87 {"history": "ExplorerRun.0", "point": 1, "testname": "hanus_vco_new_1", "cornername": "Nominal"}
[2026-02-03 10:51:22.725 +0530] [INFO] [cadence.virtuoso.ade.simulationMonitor] - Notice from spectre during initial setup.
    APS enabled. {"history": "ExplorerRun.0", "point": 1, "testname": "hanus_vco_new_1", "cornername": "Nominal"}
[2026-02-03 10:51:22.725 +0530] [INFO] [cadence.virtuoso.ade.simulationMonitor] - Peak resident memory used = 170 Mbytes. {"history": "ExplorerRun.0", "point": 1, "testname": "hanus_vco_new_1", "cornername": "Nominal"}
[2026-02-03 10:51:22.725 +0530] [INFO] [cadence.virtuoso.ade.simulationMonitor] -    -   (APS) Multi-threading. The recommended number of threads is 1, consider adding +mt=1 on command line. {"history": "ExplorerRun.0", "point": 1, "testname": "hanus_vco_new_1", "cornername": "Nominal"}
[2026-02-03 10:51:22.725 +0530] [INFO] [cadence.virtuoso.ade.simulationMonitor] - Notice from spectre.
    Multithreading is disabled due to the size of the design being too small. {"history": "ExplorerRun.0", "point": 1, "testname": "hanus_vco_new_1", "cornername": "Nominal"}
[2026-02-03 10:51:23.726 +0530] [INFO] [cadence.virtuoso.ade.simulationMonitor] - Notice from spectre during IC analysis, during periodic steady state analysis `pss'.
    There are 2 IC nodes defined. {"history": "ExplorerRun.0", "point": 1, "testname": "hanus_vco_new_1", "cornername": "Nominal"}
[2026-02-03 10:51:23.726 +0530] [INFO] [cadence.virtuoso.ade.simulationMonitor] - Notice from spectre during IC analysis, during periodic steady state analysis `pss'.
    Initial condition computed for node vout5- is in error by 5.49804 mV (305.447 m%).
    Initial condition computed for node vout5+ is in error by 4.98061 mV.
        Decrease `rforce' to reduce error in computed initial conditions.  However, setting rforce too small may result in convergence difficulties or in the matrix becoming singular. {"history": "ExplorerRun.0", "point": 1, "testname": "hanus_vco_new_1", "cornername": "Nominal"}
[2026-02-03 10:51:24.760 +0530] [INFO] [cadence.virtuoso.ade.simulationMonitor] - Total time required for tstab analysis `pss': CPU = 1.17474 s, elapsed = 1.17561 s. {"history": "ExplorerRun.0", "point": 1, "testname": "hanus_vco_new_1", "cornername": "Nominal"}
[2026-02-03 10:51:24.760 +0530] [INFO] [cadence.virtuoso.ade.simulationMonitor] - Peak resident memory used = 174 Mbytes. {"history": "ExplorerRun.0", "point": 1, "testname": "hanus_vco_new_1", "cornername": "Nominal"}
[2026-02-03 10:51:25.260 +0530] [INFO] [cadence.virtuoso.ade.simulationMonitor] - Total time required for pss analysis `pss': CPU = 1.44517 s, elapsed = 2.37671 s, util. = 60.8%. {"history": "ExplorerRun.0", "point": 1, "testname": "hanus_vco_new_1", "cornername": "Nominal"}
[2026-02-03 10:51:25.261 +0530] [INFO] [cadence.virtuoso.ade.simulationMonitor] - Peak resident memory used = 181 Mbytes. {"history": "ExplorerRun.0", "point": 1, "testname": "hanus_vco_new_1", "cornername": "Nominal"}
[2026-02-03 10:51:25.261 +0530] [INFO] [cadence.virtuoso.ade.simulationMonitor] - Notice from spectre during PNoise analysis `pnoise'.
    Multithreading is disabled due to the size of the design being too small.
    Use full spectrum for normal noise analysis.
    MaxSideband for colored noise sources (e.g. 1/f-noise) is not set, automatically  set it to 3. {"history": "ExplorerRun.0", "point": 1, "testname": "hanus_vco_new_1", "cornername": "Nominal"}
[2026-02-03 10:51:26.262 +0530] [INFO] [cadence.virtuoso.ade.simulationMonitor] - Total time required for pnoise analysis `pnoise': CPU = 2.45238 s, elapsed = 1.08425 s, util. = 226%. {"history": "ExplorerRun.0", "point": 1, "testname": "hanus_vco_new_1", "cornername": "Nominal"}
[2026-02-03 10:51:26.262 +0530] [INFO] [cadence.virtuoso.ade.simulationMonitor] - Peak resident memory used = 193 Mbytes. {"history": "ExplorerRun.0", "point": 1, "testname": "hanus_vco_new_1", "cornername": "Nominal"}
[2026-02-03 10:51:26.262 +0530] [INFO] [cadence.virtuoso.ade.simulationMonitor] - Time used: CPU = 4.24 s, elapsed = 6.21 s, util. = 68.3%. {"history": "ExplorerRun.0", "point": 1, "testname": "hanus_vco_new_1", "cornername": "Nominal"}
[2026-02-03 10:51:26.262 +0530] [INFO] [cadence.virtuoso.ade.simulationMonitor] - Time spent in licensing: elapsed = 3.22 s, percentage of total = 51.8%. {"history": "ExplorerRun.0", "point": 1, "testname": "hanus_vco_new_1", "cornername": "Nominal"}
[2026-02-03 10:51:26.262 +0530] [INFO] [cadence.virtuoso.ade.simulationMonitor] - Peak memory used = 195 Mbytes. {"history": "ExplorerRun.0", "point": 1, "testname": "hanus_vco_new_1", "cornername": "Nominal"}
[2026-02-03 10:51:26.262 +0530] [PROCESS] [cadence.virtuoso.ade.simulationMonitor] - Simulation started at: 10:51:19 AM, Tue Feb 3, 2026, ended at: 10:51:26 AM, Tue Feb 3, 2026, with elapsed time (wall clock): 6.21 s. {"history": "ExplorerRun.0", "point": 1, "testname": "hanus_vco_new_1", "cornername": "Nominal"}
[2026-02-03 10:51:26.262 +0530] [PROCESS] [cadence.virtuoso.ade.simulationMonitor] - spectre completes with 0 errors, 0 warnings, and 11 notices. {"history": "ExplorerRun.0", "point": 1, "testname": "hanus_vco_new_1", "cornername": "Nominal"}
[2026-02-03 10:51:26.763 +0530] [PROCESS] [cadence.virtuoso.ade.simulationMonitor] - Finished simulating for one point {"hostname": "vlsi43.blr.amrita.edu", "processid": 21942, "history": "ExplorerRun.0", "testname": "hanus_vco_new_1", "cornername": "Nominal", "point": 1, "logfile": "/home/train/hanupro/logs_train/logs0/Job5.log", "simid": "3"}
[2026-02-03 10:51:26.763 +0530] [PROCESS] [cadence.virtuoso.ade.simulationMonitor] - Simulator exited {"hostname": "vlsi43.blr.amrita.edu", "processid": 21942, "history": "ExplorerRun.0", "testname": "hanus_vco_new_1", "cornername": "Nominal", "point": 1, "logfile": "/home/train/hanupro/logs_train/logs0/Job5.log", "exitStatus": "0"}
[2026-02-03 10:51:26.763 +0530] [PROCESS] [cadence.virtuoso.ade.simulationMonitor] - Finished Simulation {"hostname": "vlsi43.blr.amrita.edu", "processid": 21942, "history": "ExplorerRun.0", "testname": "hanus_vco_new_1", "cornername": "Nominal", "point": 1, "logfile": "/home/train/hanupro/logs_train/logs0/Job5.log", "simid": "3"}
[2026-02-03 10:51:27.768 +0530] [PROCESS] [cadence.virtuoso.ade.simulationMonitor] - Point Finished {"hostname": "vlsi43.blr.amrita.edu", "processid": 21942, "history": "ExplorerRun.0", "testname": "hanus_vco_new_1", "cornername": "Nominal", "point": 1, "logfile": "/home/train/hanupro/logs_train/logs0/Job5.log"}
[2026-02-03 10:52:46.741 +0530] [INFO] [cadence.virtuoso.ade.simulationMonitor] - SimulationMonitor has terminated the vds process '27111', reason: 'Force to stop the expression evalutor process because of new run' {"history": "ExplorerRun.0", "point": 1, "testname": "hanus_vco_new_1", "cornername": "Nominal"}
[2026-02-03 10:52:46.741 +0530] [PROCESS] [cadence.virtuoso.ade.simulationMonitor] - HostInfo:
Host name (type):	vlsi43.blr.amrita.edu (x86_64)
Operating system:	Linux 4.18.0-425.3.1.el8.x86_64 #1 SMP Fri Sep 30 11:45:06 EDT 2022 {"hostname": "vlsi43.blr.amrita.edu", "processid": 21942, "history": "ExplorerRun.0", "testname": "hanus_vco_new_1", "cornername": "Nominal", "point": 1, "logfile": "/home/train/hanupro/logs_train/logs0/Job5.log", "nodename": "vlsi43.blr.amrita.edu", "domainname": "(none)", "machine": "x86_64", "sysname": "Linux", "release": "4.18.0-425.3.1.el8.x86_64", "version": "#1 SMP Fri Sep 30 11:45:06 EDT 2022"}
[2026-02-03 10:52:46.742 +0530] [PROCESS] [cadence.virtuoso.ade.simulationMonitor] - UsageInfo:
pid=21942
totalPhysicalMemory=15.338787GB,Used=4.209339GB,totalVirtualMemory=46.588783GB,Used=4.209339GB
Cpu: Cores=20, Load average:0.240000,0.200000,0.120000 {"hostname": "vlsi43.blr.amrita.edu", "processid": 21942, "history": "ExplorerRun.0", "testname": "hanus_vco_new_1", "cornername": "Nominal", "point": 1, "logfile": "/home/train/hanupro/logs_train/logs0/Job5.log", "pid": "21942", "totalPhysicalMemory": "15.338787", "physicalMemoryUsed": "4.209339", "totalVirtualMemory": "46.588783", "virtualMemoryUsed": "4.209339", "cpuCores": "20", "processes": "911", "loadAverage1": "0.240000", "loadAverage5": "0.200000", "loadAverage15": "0.120000", "loadAverage1Percent": "0.012000"}
[2026-02-03 10:52:46.742 +0530] [EVENT] [cadence.virtuoso.ade.simulationMonitor] - NewPoint {"history": "ExplorerRun.0", "point": 1, "testname": "hanus_vco_new_1", "cornername": "Nominal", "event": "NewPoint", "EventSource": "Simulation Monitor", "HistoryName": "ExplorerRun.0", "logFile": "/home/train/hanupro/logs_train/logs0/Job5.log", "logFileSize": "35378"}
[2026-02-03 10:52:46.842 +0530] [EVENT] [cadence.virtuoso.ade.simulationMonitor] - NewPoint {"history": "ExplorerRun.0", "point": 1, "testname": "hanus_vco_new_1", "cornername": "Nominal", "event": "NewPoint", "EventSource": "spectre", "HistoryName": "ExplorerRun.0", "logFile": "/home/train/simulation/hanus/vco_new/maestro/results/maestro/ExplorerRun.0/1/hanus_vco_new_1/psf/spectre.out", "logFileSize": "-1"}
[2026-02-03 10:52:46.845 +0530] [PROCESS] [cadence.virtuoso.ade.simulationMonitor] - Simulator launched {"hostname": "vlsi43.blr.amrita.edu", "processid": 21942, "history": "ExplorerRun.0", "testname": "hanus_vco_new_1", "cornername": "Nominal", "point": 1, "logfile": "/home/train/hanupro/logs_train/logs0/Job5.log", "simid": "4"}
[2026-02-03 10:52:46.847 +0530] [PROCESS] [cadence.virtuoso.ade.simulationMonitor] - Expression evaluator launched {"hostname": "vlsi43.blr.amrita.edu", "processid": 21942, "history": "ExplorerRun.0", "testname": "hanus_vco_new_1", "cornername": "Nominal", "point": 1, "logfile": "/home/train/hanupro/logs_train/logs0/Job5.log"}
[2026-02-03 10:52:46.851 +0530] [PROCESS] [cadence.virtuoso.ade.simulationMonitor] - Started Simulation {"hostname": "vlsi43.blr.amrita.edu", "processid": 21942, "history": "ExplorerRun.0", "testname": "hanus_vco_new_1", "cornername": "Nominal", "point": 1, "logfile": "/home/train/hanupro/logs_train/logs0/Job5.log", "event": "started", "task": "simulation"}
[2026-02-03 10:52:49.352 +0530] [INFO] [cadence.virtuoso.ade.simulationMonitor] - Peak resident memory used = 154 Mbytes. {"history": "ExplorerRun.0", "point": 1, "testname": "hanus_vco_new_1", "cornername": "Nominal"}
[2026-02-03 10:52:49.352 +0530] [INFO] [cadence.virtuoso.ade.simulationMonitor] - Peak resident memory used = 167 Mbytes. {"history": "ExplorerRun.0", "point": 1, "testname": "hanus_vco_new_1", "cornername": "Nominal"}
[2026-02-03 10:52:49.352 +0530] [INFO] [cadence.virtuoso.ade.simulationMonitor] - Notice from spectre during hierarchy flattening.
    The value 'psf' specified for the 'checklimitdest' option will no longer be supported in future releases. Use 'spectre -h' to see other recommended values for the 'checklimitdest' option. {"history": "ExplorerRun.0", "point": 1, "testname": "hanus_vco_new_1", "cornername": "Nominal"}
[2026-02-03 10:52:49.352 +0530] [INFO] [cadence.virtuoso.ade.simulationMonitor] - Peak resident memory used = 169 Mbytes. {"history": "ExplorerRun.0", "point": 1, "testname": "hanus_vco_new_1", "cornername": "Nominal"}
[2026-02-03 10:52:49.352 +0530] [INFO] [cadence.virtuoso.ade.simulationMonitor] - Notice from spectre during initial setup.
    Multithreading is disabled due to the size of the design being too small. {"history": "ExplorerRun.0", "point": 1, "testname": "hanus_vco_new_1", "cornername": "Nominal"}
[2026-02-03 10:52:49.353 +0530] [INFO] [cadence.virtuoso.ade.simulationMonitor] -               nodes 87 {"history": "ExplorerRun.0", "point": 1, "testname": "hanus_vco_new_1", "cornername": "Nominal"}
[2026-02-03 10:52:49.353 +0530] [INFO] [cadence.virtuoso.ade.simulationMonitor] - Notice from spectre during initial setup.
    APS enabled. {"history": "ExplorerRun.0", "point": 1, "testname": "hanus_vco_new_1", "cornername": "Nominal"}
[2026-02-03 10:52:49.353 +0530] [INFO] [cadence.virtuoso.ade.simulationMonitor] - Peak resident memory used = 172 Mbytes. {"history": "ExplorerRun.0", "point": 1, "testname": "hanus_vco_new_1", "cornername": "Nominal"}
[2026-02-03 10:52:49.353 +0530] [INFO] [cadence.virtuoso.ade.simulationMonitor] -    -   (APS) Multi-threading. The recommended number of threads is 1, consider adding +mt=1 on command line. {"history": "ExplorerRun.0", "point": 1, "testname": "hanus_vco_new_1", "cornername": "Nominal"}
[2026-02-03 10:52:49.353 +0530] [INFO] [cadence.virtuoso.ade.simulationMonitor] - Notice from spectre.
    Multithreading is disabled due to the size of the design being too small. {"history": "ExplorerRun.0", "point": 1, "testname": "hanus_vco_new_1", "cornername": "Nominal"}
[2026-02-03 10:52:50.353 +0530] [INFO] [cadence.virtuoso.ade.simulationMonitor] - Notice from spectre during IC analysis, during periodic steady state analysis `pss'.
    There are 2 IC nodes defined. {"history": "ExplorerRun.0", "point": 1, "testname": "hanus_vco_new_1", "cornername": "Nominal"}
[2026-02-03 10:52:50.354 +0530] [INFO] [cadence.virtuoso.ade.simulationMonitor] - Notice from spectre during IC analysis, during periodic steady state analysis `pss'.
    Initial condition computed for node vout5- is in error by 5.49804 mV (305.447 m%).
    Initial condition computed for node vout5+ is in error by 4.98061 mV.
        Decrease `rforce' to reduce error in computed initial conditions.  However, setting rforce too small may result in convergence difficulties or in the matrix becoming singular. {"history": "ExplorerRun.0", "point": 1, "testname": "hanus_vco_new_1", "cornername": "Nominal"}
[2026-02-03 10:52:51.389 +0530] [INFO] [cadence.virtuoso.ade.simulationMonitor] - Total time required for tstab analysis `pss': CPU = 1.18803 s, elapsed = 1.18905 s. {"history": "ExplorerRun.0", "point": 1, "testname": "hanus_vco_new_1", "cornername": "Nominal"}
[2026-02-03 10:52:51.390 +0530] [INFO] [cadence.virtuoso.ade.simulationMonitor] - Peak resident memory used = 176 Mbytes. {"history": "ExplorerRun.0", "point": 1, "testname": "hanus_vco_new_1", "cornername": "Nominal"}
[2026-02-03 10:52:51.890 +0530] [INFO] [cadence.virtuoso.ade.simulationMonitor] - Total time required for pss analysis `pss': CPU = 1.44306 s, elapsed = 2.12109 s, util. = 68%. {"history": "ExplorerRun.0", "point": 1, "testname": "hanus_vco_new_1", "cornername": "Nominal"}
[2026-02-03 10:52:51.890 +0530] [INFO] [cadence.virtuoso.ade.simulationMonitor] - Peak resident memory used = 184 Mbytes. {"history": "ExplorerRun.0", "point": 1, "testname": "hanus_vco_new_1", "cornername": "Nominal"}
[2026-02-03 10:52:51.890 +0530] [INFO] [cadence.virtuoso.ade.simulationMonitor] - Notice from spectre during PNoise analysis `pnoise'.
    Multithreading is disabled due to the size of the design being too small.
    Use full spectrum for normal noise analysis.
    MaxSideband for colored noise sources (e.g. 1/f-noise) is not set, automatically  set it to 3. {"history": "ExplorerRun.0", "point": 1, "testname": "hanus_vco_new_1", "cornername": "Nominal"}
[2026-02-03 10:52:52.891 +0530] [INFO] [cadence.virtuoso.ade.simulationMonitor] - Total time required for pnoise analysis `pnoise': CPU = 2.4175 s, elapsed = 1.09568 s, util. = 221%. {"history": "ExplorerRun.0", "point": 1, "testname": "hanus_vco_new_1", "cornername": "Nominal"}
[2026-02-03 10:52:52.892 +0530] [INFO] [cadence.virtuoso.ade.simulationMonitor] - Peak resident memory used = 202 Mbytes. {"history": "ExplorerRun.0", "point": 1, "testname": "hanus_vco_new_1", "cornername": "Nominal"}
[2026-02-03 10:52:52.892 +0530] [INFO] [cadence.virtuoso.ade.simulationMonitor] - Time used: CPU = 4.21 s, elapsed = 5.61 s, util. = 75%. {"history": "ExplorerRun.0", "point": 1, "testname": "hanus_vco_new_1", "cornername": "Nominal"}
[2026-02-03 10:52:52.892 +0530] [INFO] [cadence.virtuoso.ade.simulationMonitor] - Time spent in licensing: elapsed = 2.88 s, percentage of total = 51.3%. {"history": "ExplorerRun.0", "point": 1, "testname": "hanus_vco_new_1", "cornername": "Nominal"}
[2026-02-03 10:52:52.892 +0530] [INFO] [cadence.virtuoso.ade.simulationMonitor] - Peak memory used = 208 Mbytes. {"history": "ExplorerRun.0", "point": 1, "testname": "hanus_vco_new_1", "cornername": "Nominal"}
[2026-02-03 10:52:52.892 +0530] [PROCESS] [cadence.virtuoso.ade.simulationMonitor] - Simulation started at: 10:52:46 AM, Tue Feb 3, 2026, ended at: 10:52:52 AM, Tue Feb 3, 2026, with elapsed time (wall clock): 5.61 s. {"history": "ExplorerRun.0", "point": 1, "testname": "hanus_vco_new_1", "cornername": "Nominal"}
[2026-02-03 10:52:52.892 +0530] [PROCESS] [cadence.virtuoso.ade.simulationMonitor] - spectre completes with 0 errors, 0 warnings, and 11 notices. {"history": "ExplorerRun.0", "point": 1, "testname": "hanus_vco_new_1", "cornername": "Nominal"}
[2026-02-03 10:52:52.892 +0530] [PROCESS] [cadence.virtuoso.ade.simulationMonitor] - Finished simulating for one point {"hostname": "vlsi43.blr.amrita.edu", "processid": 21942, "history": "ExplorerRun.0", "testname": "hanus_vco_new_1", "cornername": "Nominal", "point": 1, "logfile": "/home/train/hanupro/logs_train/logs0/Job5.log", "simid": "4"}
[2026-02-03 10:52:52.892 +0530] [PROCESS] [cadence.virtuoso.ade.simulationMonitor] - Simulator exited {"hostname": "vlsi43.blr.amrita.edu", "processid": 21942, "history": "ExplorerRun.0", "testname": "hanus_vco_new_1", "cornername": "Nominal", "point": 1, "logfile": "/home/train/hanupro/logs_train/logs0/Job5.log", "exitStatus": "0"}
[2026-02-03 10:52:52.892 +0530] [PROCESS] [cadence.virtuoso.ade.simulationMonitor] - Finished Simulation {"hostname": "vlsi43.blr.amrita.edu", "processid": 21942, "history": "ExplorerRun.0", "testname": "hanus_vco_new_1", "cornername": "Nominal", "point": 1, "logfile": "/home/train/hanupro/logs_train/logs0/Job5.log", "simid": "4"}
[2026-02-03 10:52:53.897 +0530] [PROCESS] [cadence.virtuoso.ade.simulationMonitor] - Point Finished {"hostname": "vlsi43.blr.amrita.edu", "processid": 21942, "history": "ExplorerRun.0", "testname": "hanus_vco_new_1", "cornername": "Nominal", "point": 1, "logfile": "/home/train/hanupro/logs_train/logs0/Job5.log"}
[2026-02-03 10:52:53.943 +0530] [PROCESS] [cadence.virtuoso.ade.simulationMonitor] - Padding test token found for runId '7', Linger time '300', currentRunSyn '14', currentTestSyn '14' {"hostname": "vlsi43.blr.amrita.edu", "processid": 21942, "history": "ExplorerRun.0", "testname": "hanus_vco_new_1", "cornername": "Nominal", "point": 1, "logfile": "/home/train/hanupro/logs_train/logs0/Job5.log"}
[2026-02-03 10:56:26.370 +0530] [PROCESS] [cadence.virtuoso.ade.simulationMonitor] - get signal Terminated<15> from user:train, which pid:21940:/home/install/IC618/tools/bin/64bit/cdsServIpc {"hostname": "vlsi43.blr.amrita.edu", "processid": 21942, "history": "ExplorerRun.0", "testname": "hanus_vco_new_1", "cornername": "Nominal", "point": 1, "logfile": "/home/train/hanupro/logs_train/logs0/Job5.log", "signal": "15", "signalName": "Terminated", "which": "/home/install/IC618/tools/bin/64bit/cdsServIpc", "pid": "21940", "user": "train", "uid": "1001"}
[2026-02-03 10:56:26.370 +0530] [INFO] [cadence.virtuoso.ade.simulationMonitor] - SimulationMonitor has terminated the spectre process '29171', reason: 'simulationMonitor is handling signal 15' {"history": "ExplorerRun.0", "point": 1, "testname": "hanus_vco_new_1", "cornername": "Nominal"}
[2026-02-03 10:56:26.870 +0530] [PROCESS] [cadence.virtuoso.ade.simulationMonitor] - Current memory used: 55.0938 MBytes, peak memory used: 55.0938 MBytes {"hostname": "vlsi43.blr.amrita.edu", "processid": 21942, "history": "ExplorerRun.0", "testname": "hanus_vco_new_1", "cornername": "Nominal", "point": 1, "logfile": "/home/train/hanupro/logs_train/logs0/Job5.log"}
[2026-02-03 10:56:26.871 +0530] [PROCESS] [cadence.virtuoso.ade.simulationMonitor] - Simulation Monitor process exit. {"hostname": "vlsi43.blr.amrita.edu", "processid": 21942, "history": "ExplorerRun.0", "testname": "hanus_vco_new_1", "cornername": "Nominal", "point": 1, "logfile": "/home/train/hanupro/logs_train/logs0/Job5.log"}
