[Simulation Monitor: 6]
[2026-02-09 12:01:03.690 +0530] [PROCESS] [cadence.virtuoso.ade.simulationMonitor] - Simulation Monitor has successfully started up. Trying to set up communication channels to other components ... {"hostname": "vlsi43.blr.amrita.edu", "processid": 59355, "logfile": "/home/train/hanupro/logs_train/logs0/Job6.log"}
[2026-02-09 12:01:03.691 +0530] [PROCESS] [cadence.virtuoso.ade.simulationMonitor] - Communication channels have been successfully set up. Start processing events ... {"hostname": "vlsi43.blr.amrita.edu", "processid": 59355, "logfile": "/home/train/hanupro/logs_train/logs0/Job6.log"}
[2026-02-09 12:01:03.692 +0530] [PROCESS] [cadence.virtuoso.ade.simulationMonitor] - Considering to start history {"hostname": "vlsi43.blr.amrita.edu", "processid": 59355, "history": "ExplorerRun.0", "logfile": "/home/train/hanupro/logs_train/logs0/Job6.log"}
[2026-02-09 12:01:03.692 +0530] [PROCESS] [cadence.virtuoso.ade.simulationMonitor] - HostInfo:
Host name (type):	vlsi43.blr.amrita.edu (x86_64)
Operating system:	Linux 4.18.0-425.3.1.el8.x86_64 #1 SMP Fri Sep 30 11:45:06 EDT 2022 {"hostname": "vlsi43.blr.amrita.edu", "processid": 59355, "history": "ExplorerRun.0", "logfile": "/home/train/hanupro/logs_train/logs0/Job6.log", "nodename": "vlsi43.blr.amrita.edu", "domainname": "(none)", "machine": "x86_64", "sysname": "Linux", "release": "4.18.0-425.3.1.el8.x86_64", "version": "#1 SMP Fri Sep 30 11:45:06 EDT 2022"}
[2026-02-09 12:01:03.692 +0530] [PROCESS] [cadence.virtuoso.ade.simulationMonitor] - UsageInfo:
pid=59355
totalPhysicalMemory=15.338787GB,Used=15.100048GB,totalVirtualMemory=46.588783GB,Used=15.102245GB
Cpu: Cores=20, Load average:0.180000,0.360000,0.600000 {"hostname": "vlsi43.blr.amrita.edu", "processid": 59355, "history": "ExplorerRun.0", "logfile": "/home/train/hanupro/logs_train/logs0/Job6.log", "pid": "59355", "totalPhysicalMemory": "15.338787", "physicalMemoryUsed": "15.100048", "totalVirtualMemory": "46.588783", "virtualMemoryUsed": "15.102245", "cpuCores": "20", "processes": "1273", "loadAverage1": "0.180000", "loadAverage5": "0.360000", "loadAverage15": "0.600000", "loadAverage1Percent": "0.009000"}
[2026-02-09 12:01:03.693 +0530] [EVENT] [cadence.virtuoso.ade.simulationMonitor] - NewPoint {"history": "ExplorerRun.0", "point": 1, "testname": "hanus_mash111_test_1", "cornername": "Nominal", "event": "NewPoint", "EventSource": "Simulation Monitor", "HistoryName": "ExplorerRun.0", "logFile": "/home/train/hanupro/logs_train/logs0/Job6.log", "logFileSize": "2171"}
[2026-02-09 12:01:03.793 +0530] [EVENT] [cadence.virtuoso.ade.simulationMonitor] - NewPoint {"history": "ExplorerRun.0", "point": 1, "testname": "hanus_mash111_test_1", "cornername": "Nominal", "event": "NewPoint", "EventSource": "spectre", "HistoryName": "ExplorerRun.0", "logFile": "/home/train/simulation/hanus/mash111_test/maestro/results/maestro/ExplorerRun.0/1/hanus_mash111_test_1/psf/spectre.out", "logFileSize": "-1"}
[2026-02-09 12:01:03.796 +0530] [PROCESS] [cadence.virtuoso.ade.simulationMonitor] - Simulator launched {"hostname": "vlsi43.blr.amrita.edu", "processid": 59355, "history": "ExplorerRun.0", "testname": "hanus_mash111_test_1", "cornername": "Nominal", "point": 1, "logfile": "/home/train/hanupro/logs_train/logs0/Job6.log", "simid": "1"}
[2026-02-09 12:01:03.797 +0530] [PROCESS] [cadence.virtuoso.ade.simulationMonitor] - Expression evaluator launched {"hostname": "vlsi43.blr.amrita.edu", "processid": 59355, "history": "ExplorerRun.0", "testname": "hanus_mash111_test_1", "cornername": "Nominal", "point": 1, "logfile": "/home/train/hanupro/logs_train/logs0/Job6.log"}
[2026-02-09 12:01:03.801 +0530] [PROCESS] [cadence.virtuoso.ade.simulationMonitor] - Started Simulation {"hostname": "vlsi43.blr.amrita.edu", "processid": 59355, "history": "ExplorerRun.0", "testname": "hanus_mash111_test_1", "cornername": "Nominal", "point": 1, "logfile": "/home/train/hanupro/logs_train/logs0/Job6.log", "event": "started", "task": "simulation"}
[2026-02-09 12:01:06.302 +0530] [INFO] [cadence.virtuoso.ade.simulationMonitor] - Peak resident memory used = 152 Mbytes. {"history": "ExplorerRun.0", "point": 1, "testname": "hanus_mash111_test_1", "cornername": "Nominal"}
[2026-02-09 12:01:06.802 +0530] [INFO] [cadence.virtuoso.ade.simulationMonitor] - Peak resident memory used = 182 Mbytes. {"history": "ExplorerRun.0", "point": 1, "testname": "hanus_mash111_test_1", "cornername": "Nominal"}
[2026-02-09 12:01:06.803 +0530] [INFO] [cadence.virtuoso.ade.simulationMonitor] - Notice from spectre during hierarchy flattening.
    The value 'psf' specified for the 'checklimitdest' option will no longer be supported in future releases. Use 'spectre -h' to see other recommended values for the 'checklimitdest' option. {"history": "ExplorerRun.0", "point": 1, "testname": "hanus_mash111_test_1", "cornername": "Nominal"}
[2026-02-09 12:01:06.803 +0530] [INFO] [cadence.virtuoso.ade.simulationMonitor] - Peak resident memory used = 196 Mbytes. {"history": "ExplorerRun.0", "point": 1, "testname": "hanus_mash111_test_1", "cornername": "Nominal"}
[2026-02-09 12:01:06.803 +0530] [INFO] [cadence.virtuoso.ade.simulationMonitor] -               nodes 4002 {"history": "ExplorerRun.0", "point": 1, "testname": "hanus_mash111_test_1", "cornername": "Nominal"}
[2026-02-09 12:01:06.803 +0530] [INFO] [cadence.virtuoso.ade.simulationMonitor] - Notice from spectre during initial setup.
    1 vsources are shorted because their absolute value is less than or equal to 'vabsshort'.
    APS enabled. {"history": "ExplorerRun.0", "point": 1, "testname": "hanus_mash111_test_1", "cornername": "Nominal"}
[2026-02-09 12:01:07.303 +0530] [INFO] [cadence.virtuoso.ade.simulationMonitor] - Notice from spectre.
    Multithreading enabled: 8 threads in the system with 20 available processors. {"history": "ExplorerRun.0", "point": 1, "testname": "hanus_mash111_test_1", "cornername": "Nominal"}
[2026-02-09 12:01:07.303 +0530] [INFO] [cadence.virtuoso.ade.simulationMonitor] - Peak resident memory used = 211 Mbytes. {"history": "ExplorerRun.0", "point": 1, "testname": "hanus_mash111_test_1", "cornername": "Nominal"}
[2026-02-09 12:01:07.303 +0530] [INFO] [cadence.virtuoso.ade.simulationMonitor] -    -   (APS) Multi-threading. The recommended number of threads is 8, consider adding +mt=8 on command line. {"history": "ExplorerRun.0", "point": 1, "testname": "hanus_mash111_test_1", "cornername": "Nominal"}
[2026-02-09 12:01:08.364 +0530] [INFO] [cadence.virtuoso.ade.simulationMonitor] - Notice from spectre during IC analysis, during transient analysis `tran'.
    Bad pivoting is found during DC analysis. Option dc_pivot_check=yes is recommended for possible improvement of convergence. {"history": "ExplorerRun.0", "point": 1, "testname": "hanus_mash111_test_1", "cornername": "Nominal"}
[2026-02-09 12:24:26.318 +0530] [INFO] [cadence.virtuoso.ade.simulationMonitor] - Total time required for tran analysis `tran': CPU = 7.7251 ks (2h 8m 45s), elapsed = 1.39839 ks (23m  18.4s), util. = 552%. {"history": "ExplorerRun.0", "point": 1, "testname": "hanus_mash111_test_1", "cornername": "Nominal"}
[2026-02-09 12:24:26.318 +0530] [INFO] [cadence.virtuoso.ade.simulationMonitor] - Peak resident memory used = 504 Mbytes. {"history": "ExplorerRun.0", "point": 1, "testname": "hanus_mash111_test_1", "cornername": "Nominal"}
[2026-02-09 12:24:26.318 +0530] [INFO] [cadence.virtuoso.ade.simulationMonitor] - Time used: CPU = 7.73 ks (2h 8m 46s), elapsed = 1.4 ks (23m  22.0s), util. = 551%. {"history": "ExplorerRun.0", "point": 1, "testname": "hanus_mash111_test_1", "cornername": "Nominal"}
[2026-02-09 12:24:26.318 +0530] [INFO] [cadence.virtuoso.ade.simulationMonitor] - Time spent in licensing: elapsed = 2.39 s. {"history": "ExplorerRun.0", "point": 1, "testname": "hanus_mash111_test_1", "cornername": "Nominal"}
[2026-02-09 12:24:26.326 +0530] [INFO] [cadence.virtuoso.ade.simulationMonitor] - Peak memory used = 507 Mbytes. {"history": "ExplorerRun.0", "point": 1, "testname": "hanus_mash111_test_1", "cornername": "Nominal"}
[2026-02-09 12:24:26.326 +0530] [PROCESS] [cadence.virtuoso.ade.simulationMonitor] - Simulation started at: 12:01:04 PM, Mon Feb 9, 2026, ended at: 12:24:26 PM, Mon Feb 9, 2026, with elapsed time (wall clock): 1.4 ks (23m  22.0s). {"history": "ExplorerRun.0", "point": 1, "testname": "hanus_mash111_test_1", "cornername": "Nominal"}
[2026-02-09 12:24:26.326 +0530] [PROCESS] [cadence.virtuoso.ade.simulationMonitor] - spectre completes with 0 errors, 0 warnings, and 6 notices. {"history": "ExplorerRun.0", "point": 1, "testname": "hanus_mash111_test_1", "cornername": "Nominal"}
[2026-02-09 12:24:26.826 +0530] [PROCESS] [cadence.virtuoso.ade.simulationMonitor] - Finished simulating for one point {"hostname": "vlsi43.blr.amrita.edu", "processid": 59355, "history": "ExplorerRun.0", "testname": "hanus_mash111_test_1", "cornername": "Nominal", "point": 1, "logfile": "/home/train/hanupro/logs_train/logs0/Job6.log", "simid": "1"}
[2026-02-09 12:24:26.826 +0530] [PROCESS] [cadence.virtuoso.ade.simulationMonitor] - Simulator exited {"hostname": "vlsi43.blr.amrita.edu", "processid": 59355, "history": "ExplorerRun.0", "testname": "hanus_mash111_test_1", "cornername": "Nominal", "point": 1, "logfile": "/home/train/hanupro/logs_train/logs0/Job6.log", "exitStatus": "0"}
[2026-02-09 12:24:26.826 +0530] [PROCESS] [cadence.virtuoso.ade.simulationMonitor] - Finished Simulation {"hostname": "vlsi43.blr.amrita.edu", "processid": 59355, "history": "ExplorerRun.0", "testname": "hanus_mash111_test_1", "cornername": "Nominal", "point": 1, "logfile": "/home/train/hanupro/logs_train/logs0/Job6.log", "simid": "1"}
[2026-02-09 12:24:26.830 +0530] [PROCESS] [cadence.virtuoso.ade.simulationMonitor] - Expression evaluator launched {"hostname": "vlsi43.blr.amrita.edu", "processid": 59355, "history": "ExplorerRun.0", "testname": "hanus_mash111_test_1", "cornername": "Nominal", "point": 1, "logfile": "/home/train/hanupro/logs_train/logs0/Job6.log"}
[2026-02-09 12:24:30.343 +0530] [PROCESS] [cadence.virtuoso.ade.simulationMonitor] - Point Finished {"hostname": "vlsi43.blr.amrita.edu", "processid": 59355, "history": "ExplorerRun.0", "testname": "hanus_mash111_test_1", "cornername": "Nominal", "point": 1, "logfile": "/home/train/hanupro/logs_train/logs0/Job6.log"}
[2026-02-09 12:26:12.147 +0530] [INFO] [cadence.virtuoso.ade.simulationMonitor] - SimulationMonitor has terminated the vds process '82275', reason: 'Force to stop the expression evalutor process because of new run' {"history": "ExplorerRun.0", "point": 1, "testname": "hanus_mash111_test_1", "cornername": "Nominal"}
[2026-02-09 12:26:12.148 +0530] [PROCESS] [cadence.virtuoso.ade.simulationMonitor] - HostInfo:
Host name (type):	vlsi43.blr.amrita.edu (x86_64)
Operating system:	Linux 4.18.0-425.3.1.el8.x86_64 #1 SMP Fri Sep 30 11:45:06 EDT 2022 {"hostname": "vlsi43.blr.amrita.edu", "processid": 59355, "history": "ExplorerRun.0", "testname": "hanus_mash111_test_1", "cornername": "Nominal", "point": 1, "logfile": "/home/train/hanupro/logs_train/logs0/Job6.log", "nodename": "vlsi43.blr.amrita.edu", "domainname": "(none)", "machine": "x86_64", "sysname": "Linux", "release": "4.18.0-425.3.1.el8.x86_64", "version": "#1 SMP Fri Sep 30 11:45:06 EDT 2022"}
[2026-02-09 12:26:12.148 +0530] [PROCESS] [cadence.virtuoso.ade.simulationMonitor] - UsageInfo:
pid=59355
totalPhysicalMemory=15.338787GB,Used=13.759380GB,totalVirtualMemory=46.588783GB,Used=13.762310GB
Cpu: Cores=20, Load average:1.100000,4.200000,4.210000 {"hostname": "vlsi43.blr.amrita.edu", "processid": 59355, "history": "ExplorerRun.0", "testname": "hanus_mash111_test_1", "cornername": "Nominal", "point": 1, "logfile": "/home/train/hanupro/logs_train/logs0/Job6.log", "pid": "59355", "totalPhysicalMemory": "15.338787", "physicalMemoryUsed": "13.759380", "totalVirtualMemory": "46.588783", "virtualMemoryUsed": "13.762310", "cpuCores": "20", "processes": "1255", "loadAverage1": "1.100000", "loadAverage5": "4.200000", "loadAverage15": "4.210000", "loadAverage1Percent": "0.055000"}
[2026-02-09 12:26:12.148 +0530] [EVENT] [cadence.virtuoso.ade.simulationMonitor] - NewPoint {"history": "ExplorerRun.0", "point": 1, "testname": "hanus_mash111_test_1", "cornername": "Nominal", "event": "NewPoint", "EventSource": "Simulation Monitor", "HistoryName": "ExplorerRun.0", "logFile": "/home/train/hanupro/logs_train/logs0/Job6.log", "logFileSize": "12088"}
[2026-02-09 12:26:12.248 +0530] [EVENT] [cadence.virtuoso.ade.simulationMonitor] - NewPoint {"history": "ExplorerRun.0", "point": 1, "testname": "hanus_mash111_test_1", "cornername": "Nominal", "event": "NewPoint", "EventSource": "spectre", "HistoryName": "ExplorerRun.0", "logFile": "/home/train/simulation/hanus/mash111_test/maestro/results/maestro/ExplorerRun.0/1/hanus_mash111_test_1/psf/spectre.out", "logFileSize": "-1"}
[2026-02-09 12:26:12.251 +0530] [PROCESS] [cadence.virtuoso.ade.simulationMonitor] - Simulator launched {"hostname": "vlsi43.blr.amrita.edu", "processid": 59355, "history": "ExplorerRun.0", "testname": "hanus_mash111_test_1", "cornername": "Nominal", "point": 1, "logfile": "/home/train/hanupro/logs_train/logs0/Job6.log", "simid": "2"}
[2026-02-09 12:26:12.254 +0530] [PROCESS] [cadence.virtuoso.ade.simulationMonitor] - Expression evaluator launched {"hostname": "vlsi43.blr.amrita.edu", "processid": 59355, "history": "ExplorerRun.0", "testname": "hanus_mash111_test_1", "cornername": "Nominal", "point": 1, "logfile": "/home/train/hanupro/logs_train/logs0/Job6.log"}
[2026-02-09 12:26:12.257 +0530] [PROCESS] [cadence.virtuoso.ade.simulationMonitor] - Started Simulation {"hostname": "vlsi43.blr.amrita.edu", "processid": 59355, "history": "ExplorerRun.0", "testname": "hanus_mash111_test_1", "cornername": "Nominal", "point": 1, "logfile": "/home/train/hanupro/logs_train/logs0/Job6.log", "event": "started", "task": "simulation"}
[2026-02-09 12:26:14.258 +0530] [INFO] [cadence.virtuoso.ade.simulationMonitor] - Peak resident memory used = 153 Mbytes. {"history": "ExplorerRun.0", "point": 1, "testname": "hanus_mash111_test_1", "cornername": "Nominal"}
[2026-02-09 12:26:14.758 +0530] [INFO] [cadence.virtuoso.ade.simulationMonitor] - Peak resident memory used = 183 Mbytes. {"history": "ExplorerRun.0", "point": 1, "testname": "hanus_mash111_test_1", "cornername": "Nominal"}
[2026-02-09 12:26:14.759 +0530] [INFO] [cadence.virtuoso.ade.simulationMonitor] - Notice from spectre during hierarchy flattening.
    The value 'psf' specified for the 'checklimitdest' option will no longer be supported in future releases. Use 'spectre -h' to see other recommended values for the 'checklimitdest' option. {"history": "ExplorerRun.0", "point": 1, "testname": "hanus_mash111_test_1", "cornername": "Nominal"}
[2026-02-09 12:26:14.759 +0530] [INFO] [cadence.virtuoso.ade.simulationMonitor] - Peak resident memory used = 197 Mbytes. {"history": "ExplorerRun.0", "point": 1, "testname": "hanus_mash111_test_1", "cornername": "Nominal"}
[2026-02-09 12:26:14.759 +0530] [INFO] [cadence.virtuoso.ade.simulationMonitor] -               nodes 4002 {"history": "ExplorerRun.0", "point": 1, "testname": "hanus_mash111_test_1", "cornername": "Nominal"}
[2026-02-09 12:26:14.759 +0530] [INFO] [cadence.virtuoso.ade.simulationMonitor] - Notice from spectre during initial setup.
    1 vsources are shorted because their absolute value is less than or equal to 'vabsshort'.
    APS enabled. {"history": "ExplorerRun.0", "point": 1, "testname": "hanus_mash111_test_1", "cornername": "Nominal"}
[2026-02-09 12:26:15.759 +0530] [INFO] [cadence.virtuoso.ade.simulationMonitor] - Notice from spectre.
    Multithreading enabled: 8 threads in the system with 20 available processors. {"history": "ExplorerRun.0", "point": 1, "testname": "hanus_mash111_test_1", "cornername": "Nominal"}
[2026-02-09 12:26:15.760 +0530] [INFO] [cadence.virtuoso.ade.simulationMonitor] - Peak resident memory used = 212 Mbytes. {"history": "ExplorerRun.0", "point": 1, "testname": "hanus_mash111_test_1", "cornername": "Nominal"}
[2026-02-09 12:26:15.760 +0530] [INFO] [cadence.virtuoso.ade.simulationMonitor] -    -   (APS) Multi-threading. The recommended number of threads is 8, consider adding +mt=8 on command line. {"history": "ExplorerRun.0", "point": 1, "testname": "hanus_mash111_test_1", "cornername": "Nominal"}
[2026-02-09 12:26:16.260 +0530] [INFO] [cadence.virtuoso.ade.simulationMonitor] - Notice from spectre during IC analysis, during transient analysis `tran'.
    Bad pivoting is found during DC analysis. Option dc_pivot_check=yes is recommended for possible improvement of convergence. {"history": "ExplorerRun.0", "point": 1, "testname": "hanus_mash111_test_1", "cornername": "Nominal"}
[2026-02-09 13:24:30.647 +0530] [INFO] [cadence.virtuoso.ade.simulationMonitor] - Total time required for tran analysis `tran': CPU = 15.928 ks (4h 25m 28s), elapsed = 3.495 ks (58m  15.0s), util. = 456%. {"history": "ExplorerRun.0", "point": 1, "testname": "hanus_mash111_test_1", "cornername": "Nominal"}
[2026-02-09 13:24:30.648 +0530] [INFO] [cadence.virtuoso.ade.simulationMonitor] - Peak resident memory used = 711 Mbytes. {"history": "ExplorerRun.0", "point": 1, "testname": "hanus_mash111_test_1", "cornername": "Nominal"}
[2026-02-09 13:24:31.148 +0530] [INFO] [cadence.virtuoso.ade.simulationMonitor] - Time used: CPU = 15.9 ks (4h 25m 29s), elapsed = 3.5 ks (58m  18.0s), util. = 455%. {"history": "ExplorerRun.0", "point": 1, "testname": "hanus_mash111_test_1", "cornername": "Nominal"}
[2026-02-09 13:24:31.148 +0530] [INFO] [cadence.virtuoso.ade.simulationMonitor] - Time spent in licensing: elapsed = 1.75 s. {"history": "ExplorerRun.0", "point": 1, "testname": "hanus_mash111_test_1", "cornername": "Nominal"}
[2026-02-09 13:24:31.156 +0530] [INFO] [cadence.virtuoso.ade.simulationMonitor] - Peak memory used = 714 Mbytes. {"history": "ExplorerRun.0", "point": 1, "testname": "hanus_mash111_test_1", "cornername": "Nominal"}
[2026-02-09 13:24:31.157 +0530] [PROCESS] [cadence.virtuoso.ade.simulationMonitor] - Simulation started at: 12:26:12 PM, Mon Feb 9, 2026, ended at: 1:24:30 PM, Mon Feb 9, 2026, with elapsed time (wall clock): 3.5 ks (58m  18.0s). {"history": "ExplorerRun.0", "point": 1, "testname": "hanus_mash111_test_1", "cornername": "Nominal"}
[2026-02-09 13:24:31.157 +0530] [PROCESS] [cadence.virtuoso.ade.simulationMonitor] - spectre completes with 0 errors, 0 warnings, and 6 notices. {"history": "ExplorerRun.0", "point": 1, "testname": "hanus_mash111_test_1", "cornername": "Nominal"}
[2026-02-09 13:24:31.157 +0530] [PROCESS] [cadence.virtuoso.ade.simulationMonitor] - Finished simulating for one point {"hostname": "vlsi43.blr.amrita.edu", "processid": 59355, "history": "ExplorerRun.0", "testname": "hanus_mash111_test_1", "cornername": "Nominal", "point": 1, "logfile": "/home/train/hanupro/logs_train/logs0/Job6.log", "simid": "2"}
[2026-02-09 13:24:31.157 +0530] [PROCESS] [cadence.virtuoso.ade.simulationMonitor] - Simulator exited {"hostname": "vlsi43.blr.amrita.edu", "processid": 59355, "history": "ExplorerRun.0", "testname": "hanus_mash111_test_1", "cornername": "Nominal", "point": 1, "logfile": "/home/train/hanupro/logs_train/logs0/Job6.log", "exitStatus": "0"}
[2026-02-09 13:24:31.157 +0530] [PROCESS] [cadence.virtuoso.ade.simulationMonitor] - Finished Simulation {"hostname": "vlsi43.blr.amrita.edu", "processid": 59355, "history": "ExplorerRun.0", "testname": "hanus_mash111_test_1", "cornername": "Nominal", "point": 1, "logfile": "/home/train/hanupro/logs_train/logs0/Job6.log", "simid": "2"}
[2026-02-09 13:24:31.161 +0530] [PROCESS] [cadence.virtuoso.ade.simulationMonitor] - Expression evaluator launched {"hostname": "vlsi43.blr.amrita.edu", "processid": 59355, "history": "ExplorerRun.0", "testname": "hanus_mash111_test_1", "cornername": "Nominal", "point": 1, "logfile": "/home/train/hanupro/logs_train/logs0/Job6.log"}
[2026-02-09 13:24:35.167 +0530] [PROCESS] [cadence.virtuoso.ade.simulationMonitor] - Point Finished {"hostname": "vlsi43.blr.amrita.edu", "processid": 59355, "history": "ExplorerRun.0", "testname": "hanus_mash111_test_1", "cornername": "Nominal", "point": 1, "logfile": "/home/train/hanupro/logs_train/logs0/Job6.log"}
[2026-02-09 13:25:20.089 +0530] [PROCESS] [cadence.virtuoso.ade.simulationMonitor] - get signal Terminated<15> from user:train, which pid:59353:/home/install/IC618/tools/bin/64bit/cdsServIpc {"hostname": "vlsi43.blr.amrita.edu", "processid": 59355, "history": "ExplorerRun.0", "testname": "hanus_mash111_test_1", "cornername": "Nominal", "point": 1, "logfile": "/home/train/hanupro/logs_train/logs0/Job6.log", "signal": "15", "signalName": "Terminated", "which": "/home/install/IC618/tools/bin/64bit/cdsServIpc", "pid": "59353", "user": "train", "uid": "1001"}
[2026-02-09 13:25:20.089 +0530] [INFO] [cadence.virtuoso.ade.simulationMonitor] - SimulationMonitor has terminated the spectre process '84688', reason: 'simulationMonitor is handling signal 15' {"history": "ExplorerRun.0", "point": 1, "testname": "hanus_mash111_test_1", "cornername": "Nominal"}
[2026-02-09 13:25:20.590 +0530] [PROCESS] [cadence.virtuoso.ade.simulationMonitor] - Current memory used: 54.9531 MBytes, peak memory used: 54.9531 MBytes {"hostname": "vlsi43.blr.amrita.edu", "processid": 59355, "history": "ExplorerRun.0", "testname": "hanus_mash111_test_1", "cornername": "Nominal", "point": 1, "logfile": "/home/train/hanupro/logs_train/logs0/Job6.log"}
[2026-02-09 13:25:20.590 +0530] [PROCESS] [cadence.virtuoso.ade.simulationMonitor] - Simulation Monitor process exit. {"hostname": "vlsi43.blr.amrita.edu", "processid": 59355, "history": "ExplorerRun.0", "testname": "hanus_mash111_test_1", "cornername": "Nominal", "point": 1, "logfile": "/home/train/hanupro/logs_train/logs0/Job6.log"}
