[Simulation Monitor: 7]
[2025-11-15 09:13:58.525 +0530] [PROCESS] [cadence.virtuoso.ade.simulationMonitor] - Simulation Monitor has successfully started up. Trying to set up communication channels to other components ... {"hostname": "vlsi43.blr.amrita.edu", "processid": 52806, "logfile": "/home/train/hanupro/logs_train/logs0/Job7.log"}
[2025-11-15 09:13:58.526 +0530] [PROCESS] [cadence.virtuoso.ade.simulationMonitor] - Communication channels have been successfully set up. Start processing events ... {"hostname": "vlsi43.blr.amrita.edu", "processid": 52806, "logfile": "/home/train/hanupro/logs_train/logs0/Job7.log"}
[2025-11-15 09:13:58.527 +0530] [PROCESS] [cadence.virtuoso.ade.simulationMonitor] - Considering to start history {"hostname": "vlsi43.blr.amrita.edu", "processid": 52806, "history": "ExplorerRun.0", "logfile": "/home/train/hanupro/logs_train/logs0/Job7.log"}
[2025-11-15 09:13:58.527 +0530] [PROCESS] [cadence.virtuoso.ade.simulationMonitor] - HostInfo:
Host name (type):	vlsi43.blr.amrita.edu (x86_64)
Operating system:	Linux 4.18.0-425.3.1.el8.x86_64 #1 SMP Fri Sep 30 11:45:06 EDT 2022 {"hostname": "vlsi43.blr.amrita.edu", "processid": 52806, "history": "ExplorerRun.0", "logfile": "/home/train/hanupro/logs_train/logs0/Job7.log", "nodename": "vlsi43.blr.amrita.edu", "domainname": "(none)", "machine": "x86_64", "sysname": "Linux", "release": "4.18.0-425.3.1.el8.x86_64", "version": "#1 SMP Fri Sep 30 11:45:06 EDT 2022"}
[2025-11-15 09:13:58.527 +0530] [PROCESS] [cadence.virtuoso.ade.simulationMonitor] - UsageInfo:
pid=52806
totalPhysicalMemory=15.338787GB,Used=4.820190GB,totalVirtualMemory=46.588783GB,Used=4.820190GB
Cpu: Cores=20, Load average:0.260000,0.210000,0.200000 {"hostname": "vlsi43.blr.amrita.edu", "processid": 52806, "history": "ExplorerRun.0", "logfile": "/home/train/hanupro/logs_train/logs0/Job7.log", "pid": "52806", "totalPhysicalMemory": "15.338787", "physicalMemoryUsed": "4.820190", "totalVirtualMemory": "46.588783", "virtualMemoryUsed": "4.820190", "cpuCores": "20", "processes": "975", "loadAverage1": "0.260000", "loadAverage5": "0.210000", "loadAverage15": "0.200000", "loadAverage1Percent": "0.013000"}
[2025-11-15 09:13:58.528 +0530] [EVENT] [cadence.virtuoso.ade.simulationMonitor] - NewPoint {"history": "ExplorerRun.0", "point": 1, "testname": "hanus_ring_vco_1", "cornername": "Nominal", "event": "NewPoint", "EventSource": "Simulation Monitor", "HistoryName": "ExplorerRun.0", "logFile": "/home/train/hanupro/logs_train/logs0/Job7.log", "logFileSize": "2166"}
[2025-11-15 09:13:58.628 +0530] [EVENT] [cadence.virtuoso.ade.simulationMonitor] - NewPoint {"history": "ExplorerRun.0", "point": 1, "testname": "hanus_ring_vco_1", "cornername": "Nominal", "event": "NewPoint", "EventSource": "spectre", "HistoryName": "ExplorerRun.0", "logFile": "/home/train/simulation/hanus/ring_vco/maestro/results/maestro/ExplorerRun.0/1/hanus_ring_vco_1/psf/spectre.out", "logFileSize": "-1"}
[2025-11-15 09:13:58.641 +0530] [PROCESS] [cadence.virtuoso.ade.simulationMonitor] - Simulator launched {"hostname": "vlsi43.blr.amrita.edu", "processid": 52806, "history": "ExplorerRun.0", "testname": "hanus_ring_vco_1", "cornername": "Nominal", "point": 1, "logfile": "/home/train/hanupro/logs_train/logs0/Job7.log", "simid": "1"}
[2025-11-15 09:13:58.643 +0530] [PROCESS] [cadence.virtuoso.ade.simulationMonitor] - Expression evaluator launched {"hostname": "vlsi43.blr.amrita.edu", "processid": 52806, "history": "ExplorerRun.0", "testname": "hanus_ring_vco_1", "cornername": "Nominal", "point": 1, "logfile": "/home/train/hanupro/logs_train/logs0/Job7.log"}
[2025-11-15 09:13:58.647 +0530] [PROCESS] [cadence.virtuoso.ade.simulationMonitor] - Started Simulation {"hostname": "vlsi43.blr.amrita.edu", "processid": 52806, "history": "ExplorerRun.0", "testname": "hanus_ring_vco_1", "cornername": "Nominal", "point": 1, "logfile": "/home/train/hanupro/logs_train/logs0/Job7.log", "event": "started", "task": "simulation"}
[2025-11-15 09:14:00.148 +0530] [INFO] [cadence.virtuoso.ade.simulationMonitor] - Peak resident memory used = 155 Mbytes. {"history": "ExplorerRun.0", "point": 1, "testname": "hanus_ring_vco_1", "cornername": "Nominal"}
[2025-11-15 09:14:00.148 +0530] [INFO] [cadence.virtuoso.ade.simulationMonitor] - Peak resident memory used = 171 Mbytes. {"history": "ExplorerRun.0", "point": 1, "testname": "hanus_ring_vco_1", "cornername": "Nominal"}
[2025-11-15 09:14:00.148 +0530] [INFO] [cadence.virtuoso.ade.simulationMonitor] - Notice from spectre during hierarchy flattening.
    The value 'psf' specified for the 'checklimitdest' option will no longer be supported in future releases. Use 'spectre -h' to see other recommended values for the 'checklimitdest' option. {"history": "ExplorerRun.0", "point": 1, "testname": "hanus_ring_vco_1", "cornername": "Nominal"}
[2025-11-15 09:14:00.148 +0530] [INFO] [cadence.virtuoso.ade.simulationMonitor] - Peak resident memory used = 173 Mbytes. {"history": "ExplorerRun.0", "point": 1, "testname": "hanus_ring_vco_1", "cornername": "Nominal"}
[2025-11-15 09:14:00.148 +0530] [INFO] [cadence.virtuoso.ade.simulationMonitor] -               nodes 17 {"history": "ExplorerRun.0", "point": 1, "testname": "hanus_ring_vco_1", "cornername": "Nominal"}
[2025-11-15 09:14:00.148 +0530] [INFO] [cadence.virtuoso.ade.simulationMonitor] - Peak resident memory used = 175 Mbytes. {"history": "ExplorerRun.0", "point": 1, "testname": "hanus_ring_vco_1", "cornername": "Nominal"}
[2025-11-15 09:14:01.649 +0530] [INFO] [cadence.virtuoso.ade.simulationMonitor] - Notice from spectre during IC analysis, during periodic steady state analysis `pss'.
    There are 1 IC nodes defined. {"history": "ExplorerRun.0", "point": 1, "testname": "hanus_ring_vco_1", "cornername": "Nominal"}
[2025-11-15 09:14:01.649 +0530] [INFO] [cadence.virtuoso.ade.simulationMonitor] - Notice from spectre during IC analysis, during periodic steady state analysis `pss'.
    Bad pivoting is found during DC analysis. Option dc_pivot_check=yes is recommended for possible improvement of convergence.
    Initial condition computed for node out is in error by 34.2696 uV.
        Decrease `rforce' to reduce error in computed initial conditions.  However, setting rforce too small may result in convergence difficulties or in the matrix becoming singular. {"history": "ExplorerRun.0", "point": 1, "testname": "hanus_ring_vco_1", "cornername": "Nominal"}
[2025-11-15 09:14:01.649 +0530] [INFO] [cadence.virtuoso.ade.simulationMonitor] - Notice from spectre at time = 54.7132 ps during periodic steady state analysis `pss'.
    Found trapezoidal ringing on node V1:p. {"history": "ExplorerRun.0", "point": 1, "testname": "hanus_ring_vco_1", "cornername": "Nominal"}
[2025-11-15 09:14:01.650 +0530] [INFO] [cadence.virtuoso.ade.simulationMonitor] - Notice from spectre at time = 83.5218 ps during periodic steady state analysis `pss'.
    Found trapezoidal ringing on node V1:p. {"history": "ExplorerRun.0", "point": 1, "testname": "hanus_ring_vco_1", "cornername": "Nominal"}
[2025-11-15 09:14:01.650 +0530] [INFO] [cadence.virtuoso.ade.simulationMonitor] - Notice from spectre at time = 99.4074 ps during periodic steady state analysis `pss'.
    Found trapezoidal ringing on node V1:p. {"history": "ExplorerRun.0", "point": 1, "testname": "hanus_ring_vco_1", "cornername": "Nominal"}
[2025-11-15 09:14:01.650 +0530] [INFO] [cadence.virtuoso.ade.simulationMonitor] - Notice from spectre at time = 178.562 ps during periodic steady state analysis `pss'.
    Found trapezoidal ringing on node V1:p. {"history": "ExplorerRun.0", "point": 1, "testname": "hanus_ring_vco_1", "cornername": "Nominal"}
[2025-11-15 09:14:01.650 +0530] [INFO] [cadence.virtuoso.ade.simulationMonitor] - Notice from spectre at time = 313.428 ps during periodic steady state analysis `pss'.
    Found trapezoidal ringing on node V0:p.
        Further occurrences of this notice will be suppressed. {"history": "ExplorerRun.0", "point": 1, "testname": "hanus_ring_vco_1", "cornername": "Nominal"}
[2025-11-15 09:14:01.650 +0530] [INFO] [cadence.virtuoso.ade.simulationMonitor] - Total time required for tstab analysis `pss': CPU = 94.769 ms, elapsed = 106.244 ms. {"history": "ExplorerRun.0", "point": 1, "testname": "hanus_ring_vco_1", "cornername": "Nominal"}
[2025-11-15 09:14:01.650 +0530] [INFO] [cadence.virtuoso.ade.simulationMonitor] - Peak resident memory used = 179 Mbytes. {"history": "ExplorerRun.0", "point": 1, "testname": "hanus_ring_vco_1", "cornername": "Nominal"}
[2025-11-15 09:14:02.151 +0530] [INFO] [cadence.virtuoso.ade.simulationMonitor] - Notice from spectre during periodic steady state analysis `pss'.
    Trapezoidal ringing is detected during pss analysis.
        Please use method=trap for better results and performance. {"history": "ExplorerRun.0", "point": 1, "testname": "hanus_ring_vco_1", "cornername": "Nominal"}
[2025-11-15 09:14:02.152 +0530] [INFO] [cadence.virtuoso.ade.simulationMonitor] - Total time required for pss analysis `pss': CPU = 166.129 ms, elapsed = 1.73462 s, util. = 9.58%. {"history": "ExplorerRun.0", "point": 1, "testname": "hanus_ring_vco_1", "cornername": "Nominal"}
[2025-11-15 09:14:02.152 +0530] [INFO] [cadence.virtuoso.ade.simulationMonitor] - Peak resident memory used = 183 Mbytes. {"history": "ExplorerRun.0", "point": 1, "testname": "hanus_ring_vco_1", "cornername": "Nominal"}
[2025-11-15 09:14:02.152 +0530] [INFO] [cadence.virtuoso.ade.simulationMonitor] - Notice from spectre.
    151 notices suppressed. {"history": "ExplorerRun.0", "point": 1, "testname": "hanus_ring_vco_1", "cornername": "Nominal"}
[2025-11-15 09:14:02.152 +0530] [INFO] [cadence.virtuoso.ade.simulationMonitor] - Time used: CPU = 497 ms, elapsed = 2.98 s, util. = 16.6%. {"history": "ExplorerRun.0", "point": 1, "testname": "hanus_ring_vco_1", "cornername": "Nominal"}
[2025-11-15 09:14:02.152 +0530] [INFO] [cadence.virtuoso.ade.simulationMonitor] - Time spent in licensing: elapsed = 2.37 s, percentage of total = 79.3%. {"history": "ExplorerRun.0", "point": 1, "testname": "hanus_ring_vco_1", "cornername": "Nominal"}
[2025-11-15 09:14:02.152 +0530] [INFO] [cadence.virtuoso.ade.simulationMonitor] - Peak memory used = 185 Mbytes. {"history": "ExplorerRun.0", "point": 1, "testname": "hanus_ring_vco_1", "cornername": "Nominal"}
[2025-11-15 09:14:02.153 +0530] [PROCESS] [cadence.virtuoso.ade.simulationMonitor] - Simulation started at: 9:13:58 AM, Sat Nov 15, 2025, ended at: 9:14:01 AM, Sat Nov 15, 2025, with elapsed time (wall clock): 2.98 s. {"history": "ExplorerRun.0", "point": 1, "testname": "hanus_ring_vco_1", "cornername": "Nominal"}
[2025-11-15 09:14:02.153 +0530] [PROCESS] [cadence.virtuoso.ade.simulationMonitor] - spectre completes with 0 errors, 0 warnings, and 12 notices. {"history": "ExplorerRun.0", "point": 1, "testname": "hanus_ring_vco_1", "cornername": "Nominal"}
[2025-11-15 09:14:02.153 +0530] [PROCESS] [cadence.virtuoso.ade.simulationMonitor] - Finished simulating for one point {"hostname": "vlsi43.blr.amrita.edu", "processid": 52806, "history": "ExplorerRun.0", "testname": "hanus_ring_vco_1", "cornername": "Nominal", "point": 1, "logfile": "/home/train/hanupro/logs_train/logs0/Job7.log", "simid": "1"}
[2025-11-15 09:14:02.153 +0530] [PROCESS] [cadence.virtuoso.ade.simulationMonitor] - Simulator exited {"hostname": "vlsi43.blr.amrita.edu", "processid": 52806, "history": "ExplorerRun.0", "testname": "hanus_ring_vco_1", "cornername": "Nominal", "point": 1, "logfile": "/home/train/hanupro/logs_train/logs0/Job7.log", "exitStatus": "0"}
[2025-11-15 09:14:02.153 +0530] [PROCESS] [cadence.virtuoso.ade.simulationMonitor] - Finished Simulation {"hostname": "vlsi43.blr.amrita.edu", "processid": 52806, "history": "ExplorerRun.0", "testname": "hanus_ring_vco_1", "cornername": "Nominal", "point": 1, "logfile": "/home/train/hanupro/logs_train/logs0/Job7.log", "simid": "1"}
[2025-11-15 09:14:02.657 +0530] [PROCESS] [cadence.virtuoso.ade.simulationMonitor] - Point Finished {"hostname": "vlsi43.blr.amrita.edu", "processid": 52806, "history": "ExplorerRun.0", "testname": "hanus_ring_vco_1", "cornername": "Nominal", "point": 1, "logfile": "/home/train/hanupro/logs_train/logs0/Job7.log"}
[2025-11-15 09:14:02.723 +0530] [PROCESS] [cadence.virtuoso.ade.simulationMonitor] - HostInfo:
Host name (type):	vlsi43.blr.amrita.edu (x86_64)
Operating system:	Linux 4.18.0-425.3.1.el8.x86_64 #1 SMP Fri Sep 30 11:45:06 EDT 2022 {"hostname": "vlsi43.blr.amrita.edu", "processid": 52806, "history": "ExplorerRun.0", "testname": "hanus_ring_vco_1", "cornername": "Nominal", "point": 1, "logfile": "/home/train/hanupro/logs_train/logs0/Job7.log", "nodename": "vlsi43.blr.amrita.edu", "domainname": "(none)", "machine": "x86_64", "sysname": "Linux", "release": "4.18.0-425.3.1.el8.x86_64", "version": "#1 SMP Fri Sep 30 11:45:06 EDT 2022"}
[2025-11-15 09:14:02.724 +0530] [PROCESS] [cadence.virtuoso.ade.simulationMonitor] - UsageInfo:
pid=52806
totalPhysicalMemory=15.338787GB,Used=5.062935GB,totalVirtualMemory=46.588783GB,Used=5.062935GB
Cpu: Cores=20, Load average:0.240000,0.210000,0.200000 {"hostname": "vlsi43.blr.amrita.edu", "processid": 52806, "history": "ExplorerRun.0", "testname": "hanus_ring_vco_1", "cornername": "Nominal", "point": 1, "logfile": "/home/train/hanupro/logs_train/logs0/Job7.log", "pid": "52806", "totalPhysicalMemory": "15.338787", "physicalMemoryUsed": "5.062935", "totalVirtualMemory": "46.588783", "virtualMemoryUsed": "5.062935", "cpuCores": "20", "processes": "984", "loadAverage1": "0.240000", "loadAverage5": "0.210000", "loadAverage15": "0.200000", "loadAverage1Percent": "0.012000"}
[2025-11-15 09:14:02.724 +0530] [EVENT] [cadence.virtuoso.ade.simulationMonitor] - NewPoint {"history": "ExplorerRun.0", "point": 2, "testname": "hanus_ring_vco_1", "cornername": "Nominal", "event": "NewPoint", "EventSource": "Simulation Monitor", "HistoryName": "ExplorerRun.0", "logFile": "/home/train/hanupro/logs_train/logs0/Job7.log", "logFileSize": "13627"}
[2025-11-15 09:14:02.824 +0530] [EVENT] [cadence.virtuoso.ade.simulationMonitor] - NewPoint {"history": "ExplorerRun.0", "point": 2, "testname": "hanus_ring_vco_1", "cornername": "Nominal", "event": "NewPoint", "EventSource": "spectre", "HistoryName": "ExplorerRun.0", "logFile": "/home/train/simulation/hanus/ring_vco/maestro/results/maestro/ExplorerRun.0/2/hanus_ring_vco_1/psf/spectre.out", "logFileSize": "-1"}
[2025-11-15 09:14:02.827 +0530] [PROCESS] [cadence.virtuoso.ade.simulationMonitor] - Simulator launched {"hostname": "vlsi43.blr.amrita.edu", "processid": 52806, "history": "ExplorerRun.0", "testname": "hanus_ring_vco_1", "cornername": "Nominal", "point": 2, "logfile": "/home/train/hanupro/logs_train/logs0/Job7.log", "simid": "2"}
[2025-11-15 09:14:02.828 +0530] [PROCESS] [cadence.virtuoso.ade.simulationMonitor] - Started Simulation {"hostname": "vlsi43.blr.amrita.edu", "processid": 52806, "history": "ExplorerRun.0", "testname": "hanus_ring_vco_1", "cornername": "Nominal", "point": 2, "logfile": "/home/train/hanupro/logs_train/logs0/Job7.log", "event": "started", "task": "simulation"}
[2025-11-15 09:14:04.329 +0530] [INFO] [cadence.virtuoso.ade.simulationMonitor] - Peak resident memory used = 151 Mbytes. {"history": "ExplorerRun.0", "point": 2, "testname": "hanus_ring_vco_1", "cornername": "Nominal"}
[2025-11-15 09:14:04.329 +0530] [INFO] [cadence.virtuoso.ade.simulationMonitor] - Peak resident memory used = 165 Mbytes. {"history": "ExplorerRun.0", "point": 2, "testname": "hanus_ring_vco_1", "cornername": "Nominal"}
[2025-11-15 09:14:04.329 +0530] [INFO] [cadence.virtuoso.ade.simulationMonitor] - Notice from spectre during hierarchy flattening.
    The value 'psf' specified for the 'checklimitdest' option will no longer be supported in future releases. Use 'spectre -h' to see other recommended values for the 'checklimitdest' option. {"history": "ExplorerRun.0", "point": 2, "testname": "hanus_ring_vco_1", "cornername": "Nominal"}
[2025-11-15 09:14:04.329 +0530] [INFO] [cadence.virtuoso.ade.simulationMonitor] - Peak resident memory used = 165 Mbytes. {"history": "ExplorerRun.0", "point": 2, "testname": "hanus_ring_vco_1", "cornername": "Nominal"}
[2025-11-15 09:14:04.330 +0530] [INFO] [cadence.virtuoso.ade.simulationMonitor] -               nodes 17 {"history": "ExplorerRun.0", "point": 2, "testname": "hanus_ring_vco_1", "cornername": "Nominal"}
[2025-11-15 09:14:04.330 +0530] [INFO] [cadence.virtuoso.ade.simulationMonitor] - Peak resident memory used = 168 Mbytes. {"history": "ExplorerRun.0", "point": 2, "testname": "hanus_ring_vco_1", "cornername": "Nominal"}
[2025-11-15 09:14:06.331 +0530] [INFO] [cadence.virtuoso.ade.simulationMonitor] - Notice from spectre during IC analysis, during periodic steady state analysis `pss'.
    There are 1 IC nodes defined. {"history": "ExplorerRun.0", "point": 2, "testname": "hanus_ring_vco_1", "cornername": "Nominal"}
[2025-11-15 09:14:06.331 +0530] [INFO] [cadence.virtuoso.ade.simulationMonitor] - Notice from spectre during IC analysis, during periodic steady state analysis `pss'.
    Bad pivoting is found during DC analysis. Option dc_pivot_check=yes is recommended for possible improvement of convergence.
    Initial condition computed for node out is in error by 34.2696 uV.
        Decrease `rforce' to reduce error in computed initial conditions.  However, setting rforce too small may result in convergence difficulties or in the matrix becoming singular. {"history": "ExplorerRun.0", "point": 2, "testname": "hanus_ring_vco_1", "cornername": "Nominal"}
[2025-11-15 09:14:06.332 +0530] [INFO] [cadence.virtuoso.ade.simulationMonitor] - Total time required for tstab analysis `pss': CPU = 160.119 ms, elapsed = 171.408 ms. {"history": "ExplorerRun.0", "point": 2, "testname": "hanus_ring_vco_1", "cornername": "Nominal"}
[2025-11-15 09:14:06.332 +0530] [INFO] [cadence.virtuoso.ade.simulationMonitor] - Peak resident memory used = 172 Mbytes. {"history": "ExplorerRun.0", "point": 2, "testname": "hanus_ring_vco_1", "cornername": "Nominal"}
[2025-11-15 09:14:06.332 +0530] [INFO] [cadence.virtuoso.ade.simulationMonitor] - Total time required for pss analysis `pss': CPU = 228.839 ms, elapsed = 1.80672 s, util. = 12.7%. {"history": "ExplorerRun.0", "point": 2, "testname": "hanus_ring_vco_1", "cornername": "Nominal"}
[2025-11-15 09:14:06.332 +0530] [INFO] [cadence.virtuoso.ade.simulationMonitor] - Peak resident memory used = 176 Mbytes. {"history": "ExplorerRun.0", "point": 2, "testname": "hanus_ring_vco_1", "cornername": "Nominal"}
[2025-11-15 09:14:06.332 +0530] [INFO] [cadence.virtuoso.ade.simulationMonitor] - Time used: CPU = 547 ms, elapsed = 3.21 s, util. = 17%. {"history": "ExplorerRun.0", "point": 2, "testname": "hanus_ring_vco_1", "cornername": "Nominal"}
[2025-11-15 09:14:06.332 +0530] [INFO] [cadence.virtuoso.ade.simulationMonitor] - Time spent in licensing: elapsed = 2.87 s, percentage of total = 89.3%. {"history": "ExplorerRun.0", "point": 2, "testname": "hanus_ring_vco_1", "cornername": "Nominal"}
[2025-11-15 09:14:06.332 +0530] [INFO] [cadence.virtuoso.ade.simulationMonitor] - Peak memory used = 178 Mbytes. {"history": "ExplorerRun.0", "point": 2, "testname": "hanus_ring_vco_1", "cornername": "Nominal"}
[2025-11-15 09:14:06.332 +0530] [PROCESS] [cadence.virtuoso.ade.simulationMonitor] - Simulation started at: 9:14:02 AM, Sat Nov 15, 2025, ended at: 9:14:06 AM, Sat Nov 15, 2025, with elapsed time (wall clock): 3.21 s. {"history": "ExplorerRun.0", "point": 2, "testname": "hanus_ring_vco_1", "cornername": "Nominal"}
[2025-11-15 09:14:06.332 +0530] [PROCESS] [cadence.virtuoso.ade.simulationMonitor] - spectre completes with 0 errors, 0 warnings, and 5 notices. {"history": "ExplorerRun.0", "point": 2, "testname": "hanus_ring_vco_1", "cornername": "Nominal"}
[2025-11-15 09:14:06.333 +0530] [PROCESS] [cadence.virtuoso.ade.simulationMonitor] - Finished simulating for one point {"hostname": "vlsi43.blr.amrita.edu", "processid": 52806, "history": "ExplorerRun.0", "testname": "hanus_ring_vco_1", "cornername": "Nominal", "point": 2, "logfile": "/home/train/hanupro/logs_train/logs0/Job7.log", "simid": "2"}
[2025-11-15 09:14:06.333 +0530] [PROCESS] [cadence.virtuoso.ade.simulationMonitor] - Simulator exited {"hostname": "vlsi43.blr.amrita.edu", "processid": 52806, "history": "ExplorerRun.0", "testname": "hanus_ring_vco_1", "cornername": "Nominal", "point": 2, "logfile": "/home/train/hanupro/logs_train/logs0/Job7.log", "exitStatus": "0"}
[2025-11-15 09:14:06.333 +0530] [PROCESS] [cadence.virtuoso.ade.simulationMonitor] - Finished Simulation {"hostname": "vlsi43.blr.amrita.edu", "processid": 52806, "history": "ExplorerRun.0", "testname": "hanus_ring_vco_1", "cornername": "Nominal", "point": 2, "logfile": "/home/train/hanupro/logs_train/logs0/Job7.log", "simid": "2"}
[2025-11-15 09:14:06.837 +0530] [PROCESS] [cadence.virtuoso.ade.simulationMonitor] - Point Finished {"hostname": "vlsi43.blr.amrita.edu", "processid": 52806, "history": "ExplorerRun.0", "testname": "hanus_ring_vco_1", "cornername": "Nominal", "point": 2, "logfile": "/home/train/hanupro/logs_train/logs0/Job7.log"}
[2025-11-15 09:14:06.889 +0530] [PROCESS] [cadence.virtuoso.ade.simulationMonitor] - HostInfo:
Host name (type):	vlsi43.blr.amrita.edu (x86_64)
Operating system:	Linux 4.18.0-425.3.1.el8.x86_64 #1 SMP Fri Sep 30 11:45:06 EDT 2022 {"hostname": "vlsi43.blr.amrita.edu", "processid": 52806, "history": "ExplorerRun.0", "testname": "hanus_ring_vco_1", "cornername": "Nominal", "point": 2, "logfile": "/home/train/hanupro/logs_train/logs0/Job7.log", "nodename": "vlsi43.blr.amrita.edu", "domainname": "(none)", "machine": "x86_64", "sysname": "Linux", "release": "4.18.0-425.3.1.el8.x86_64", "version": "#1 SMP Fri Sep 30 11:45:06 EDT 2022"}
[2025-11-15 09:14:06.890 +0530] [PROCESS] [cadence.virtuoso.ade.simulationMonitor] - UsageInfo:
pid=52806
totalPhysicalMemory=15.338787GB,Used=5.065731GB,totalVirtualMemory=46.588783GB,Used=5.065731GB
Cpu: Cores=20, Load average:0.240000,0.210000,0.200000 {"hostname": "vlsi43.blr.amrita.edu", "processid": 52806, "history": "ExplorerRun.0", "testname": "hanus_ring_vco_1", "cornername": "Nominal", "point": 2, "logfile": "/home/train/hanupro/logs_train/logs0/Job7.log", "pid": "52806", "totalPhysicalMemory": "15.338787", "physicalMemoryUsed": "5.065731", "totalVirtualMemory": "46.588783", "virtualMemoryUsed": "5.065731", "cpuCores": "20", "processes": "986", "loadAverage1": "0.240000", "loadAverage5": "0.210000", "loadAverage15": "0.200000", "loadAverage1Percent": "0.012000"}
[2025-11-15 09:14:06.890 +0530] [EVENT] [cadence.virtuoso.ade.simulationMonitor] - NewPoint {"history": "ExplorerRun.0", "point": 3, "testname": "hanus_ring_vco_1", "cornername": "Nominal", "event": "NewPoint", "EventSource": "Simulation Monitor", "HistoryName": "ExplorerRun.0", "logFile": "/home/train/hanupro/logs_train/logs0/Job7.log", "logFileSize": "22546"}
[2025-11-15 09:14:06.990 +0530] [EVENT] [cadence.virtuoso.ade.simulationMonitor] - NewPoint {"history": "ExplorerRun.0", "point": 3, "testname": "hanus_ring_vco_1", "cornername": "Nominal", "event": "NewPoint", "EventSource": "spectre", "HistoryName": "ExplorerRun.0", "logFile": "/home/train/simulation/hanus/ring_vco/maestro/results/maestro/ExplorerRun.0/3/hanus_ring_vco_1/psf/spectre.out", "logFileSize": "-1"}
[2025-11-15 09:14:06.994 +0530] [PROCESS] [cadence.virtuoso.ade.simulationMonitor] - Simulator launched {"hostname": "vlsi43.blr.amrita.edu", "processid": 52806, "history": "ExplorerRun.0", "testname": "hanus_ring_vco_1", "cornername": "Nominal", "point": 3, "logfile": "/home/train/hanupro/logs_train/logs0/Job7.log", "simid": "3"}
[2025-11-15 09:14:06.994 +0530] [PROCESS] [cadence.virtuoso.ade.simulationMonitor] - Started Simulation {"hostname": "vlsi43.blr.amrita.edu", "processid": 52806, "history": "ExplorerRun.0", "testname": "hanus_ring_vco_1", "cornername": "Nominal", "point": 3, "logfile": "/home/train/hanupro/logs_train/logs0/Job7.log", "event": "started", "task": "simulation"}
[2025-11-15 09:14:08.495 +0530] [INFO] [cadence.virtuoso.ade.simulationMonitor] - Peak resident memory used = 156 Mbytes. {"history": "ExplorerRun.0", "point": 3, "testname": "hanus_ring_vco_1", "cornername": "Nominal"}
[2025-11-15 09:14:08.495 +0530] [INFO] [cadence.virtuoso.ade.simulationMonitor] - Peak resident memory used = 170 Mbytes. {"history": "ExplorerRun.0", "point": 3, "testname": "hanus_ring_vco_1", "cornername": "Nominal"}
[2025-11-15 09:14:08.495 +0530] [INFO] [cadence.virtuoso.ade.simulationMonitor] - Notice from spectre during hierarchy flattening.
    The value 'psf' specified for the 'checklimitdest' option will no longer be supported in future releases. Use 'spectre -h' to see other recommended values for the 'checklimitdest' option. {"history": "ExplorerRun.0", "point": 3, "testname": "hanus_ring_vco_1", "cornername": "Nominal"}
[2025-11-15 09:14:08.496 +0530] [INFO] [cadence.virtuoso.ade.simulationMonitor] - Peak resident memory used = 170 Mbytes. {"history": "ExplorerRun.0", "point": 3, "testname": "hanus_ring_vco_1", "cornername": "Nominal"}
[2025-11-15 09:14:08.496 +0530] [INFO] [cadence.virtuoso.ade.simulationMonitor] -               nodes 17 {"history": "ExplorerRun.0", "point": 3, "testname": "hanus_ring_vco_1", "cornername": "Nominal"}
[2025-11-15 09:14:08.496 +0530] [INFO] [cadence.virtuoso.ade.simulationMonitor] - Peak resident memory used = 173 Mbytes. {"history": "ExplorerRun.0", "point": 3, "testname": "hanus_ring_vco_1", "cornername": "Nominal"}
[2025-11-15 09:14:09.997 +0530] [INFO] [cadence.virtuoso.ade.simulationMonitor] - Notice from spectre during IC analysis, during periodic steady state analysis `pss'.
    There are 1 IC nodes defined. {"history": "ExplorerRun.0", "point": 3, "testname": "hanus_ring_vco_1", "cornername": "Nominal"}
[2025-11-15 09:14:09.997 +0530] [INFO] [cadence.virtuoso.ade.simulationMonitor] - Notice from spectre during IC analysis, during periodic steady state analysis `pss'.
    Bad pivoting is found during DC analysis. Option dc_pivot_check=yes is recommended for possible improvement of convergence.
    Initial condition computed for node out is in error by 34.2696 uV.
        Decrease `rforce' to reduce error in computed initial conditions.  However, setting rforce too small may result in convergence difficulties or in the matrix becoming singular. {"history": "ExplorerRun.0", "point": 3, "testname": "hanus_ring_vco_1", "cornername": "Nominal"}
[2025-11-15 09:14:10.497 +0530] [INFO] [cadence.virtuoso.ade.simulationMonitor] - Total time required for tstab analysis `pss': CPU = 209.384 ms, elapsed = 220.373 ms. {"history": "ExplorerRun.0", "point": 3, "testname": "hanus_ring_vco_1", "cornername": "Nominal"}
[2025-11-15 09:14:10.498 +0530] [INFO] [cadence.virtuoso.ade.simulationMonitor] - Peak resident memory used = 177 Mbytes. {"history": "ExplorerRun.0", "point": 3, "testname": "hanus_ring_vco_1", "cornername": "Nominal"}
[2025-11-15 09:14:10.498 +0530] [INFO] [cadence.virtuoso.ade.simulationMonitor] - Total time required for pss analysis `pss': CPU = 283.556 ms, elapsed = 1.8358 s, util. = 15.4%. {"history": "ExplorerRun.0", "point": 3, "testname": "hanus_ring_vco_1", "cornername": "Nominal"}
[2025-11-15 09:14:10.498 +0530] [INFO] [cadence.virtuoso.ade.simulationMonitor] - Peak resident memory used = 181 Mbytes. {"history": "ExplorerRun.0", "point": 3, "testname": "hanus_ring_vco_1", "cornername": "Nominal"}
[2025-11-15 09:14:10.498 +0530] [INFO] [cadence.virtuoso.ade.simulationMonitor] - Time used: CPU = 614 ms, elapsed = 3.12 s, util. = 19.7%. {"history": "ExplorerRun.0", "point": 3, "testname": "hanus_ring_vco_1", "cornername": "Nominal"}
[2025-11-15 09:14:10.498 +0530] [INFO] [cadence.virtuoso.ade.simulationMonitor] - Time spent in licensing: elapsed = 2.62 s, percentage of total = 84%. {"history": "ExplorerRun.0", "point": 3, "testname": "hanus_ring_vco_1", "cornername": "Nominal"}
[2025-11-15 09:14:10.498 +0530] [INFO] [cadence.virtuoso.ade.simulationMonitor] - Peak memory used = 183 Mbytes. {"history": "ExplorerRun.0", "point": 3, "testname": "hanus_ring_vco_1", "cornername": "Nominal"}
[2025-11-15 09:14:10.498 +0530] [PROCESS] [cadence.virtuoso.ade.simulationMonitor] - Simulation started at: 9:14:07 AM, Sat Nov 15, 2025, ended at: 9:14:10 AM, Sat Nov 15, 2025, with elapsed time (wall clock): 3.12 s. {"history": "ExplorerRun.0", "point": 3, "testname": "hanus_ring_vco_1", "cornername": "Nominal"}
[2025-11-15 09:14:10.498 +0530] [PROCESS] [cadence.virtuoso.ade.simulationMonitor] - spectre completes with 0 errors, 0 warnings, and 5 notices. {"history": "ExplorerRun.0", "point": 3, "testname": "hanus_ring_vco_1", "cornername": "Nominal"}
[2025-11-15 09:14:10.498 +0530] [PROCESS] [cadence.virtuoso.ade.simulationMonitor] - Finished simulating for one point {"hostname": "vlsi43.blr.amrita.edu", "processid": 52806, "history": "ExplorerRun.0", "testname": "hanus_ring_vco_1", "cornername": "Nominal", "point": 3, "logfile": "/home/train/hanupro/logs_train/logs0/Job7.log", "simid": "3"}
[2025-11-15 09:14:10.498 +0530] [PROCESS] [cadence.virtuoso.ade.simulationMonitor] - Simulator exited {"hostname": "vlsi43.blr.amrita.edu", "processid": 52806, "history": "ExplorerRun.0", "testname": "hanus_ring_vco_1", "cornername": "Nominal", "point": 3, "logfile": "/home/train/hanupro/logs_train/logs0/Job7.log", "exitStatus": "0"}
[2025-11-15 09:14:10.498 +0530] [PROCESS] [cadence.virtuoso.ade.simulationMonitor] - Finished Simulation {"hostname": "vlsi43.blr.amrita.edu", "processid": 52806, "history": "ExplorerRun.0", "testname": "hanus_ring_vco_1", "cornername": "Nominal", "point": 3, "logfile": "/home/train/hanupro/logs_train/logs0/Job7.log", "simid": "3"}
[2025-11-15 09:14:11.003 +0530] [PROCESS] [cadence.virtuoso.ade.simulationMonitor] - Point Finished {"hostname": "vlsi43.blr.amrita.edu", "processid": 52806, "history": "ExplorerRun.0", "testname": "hanus_ring_vco_1", "cornername": "Nominal", "point": 3, "logfile": "/home/train/hanupro/logs_train/logs0/Job7.log"}
[2025-11-15 09:14:11.055 +0530] [PROCESS] [cadence.virtuoso.ade.simulationMonitor] - HostInfo:
Host name (type):	vlsi43.blr.amrita.edu (x86_64)
Operating system:	Linux 4.18.0-425.3.1.el8.x86_64 #1 SMP Fri Sep 30 11:45:06 EDT 2022 {"hostname": "vlsi43.blr.amrita.edu", "processid": 52806, "history": "ExplorerRun.0", "testname": "hanus_ring_vco_1", "cornername": "Nominal", "point": 3, "logfile": "/home/train/hanupro/logs_train/logs0/Job7.log", "nodename": "vlsi43.blr.amrita.edu", "domainname": "(none)", "machine": "x86_64", "sysname": "Linux", "release": "4.18.0-425.3.1.el8.x86_64", "version": "#1 SMP Fri Sep 30 11:45:06 EDT 2022"}
[2025-11-15 09:14:11.055 +0530] [PROCESS] [cadence.virtuoso.ade.simulationMonitor] - UsageInfo:
pid=52806
totalPhysicalMemory=15.338787GB,Used=5.073696GB,totalVirtualMemory=46.588783GB,Used=5.073696GB
Cpu: Cores=20, Load average:0.220000,0.210000,0.190000 {"hostname": "vlsi43.blr.amrita.edu", "processid": 52806, "history": "ExplorerRun.0", "testname": "hanus_ring_vco_1", "cornername": "Nominal", "point": 3, "logfile": "/home/train/hanupro/logs_train/logs0/Job7.log", "pid": "52806", "totalPhysicalMemory": "15.338787", "physicalMemoryUsed": "5.073696", "totalVirtualMemory": "46.588783", "virtualMemoryUsed": "5.073696", "cpuCores": "20", "processes": "988", "loadAverage1": "0.220000", "loadAverage5": "0.210000", "loadAverage15": "0.190000", "loadAverage1Percent": "0.011000"}
[2025-11-15 09:14:11.055 +0530] [EVENT] [cadence.virtuoso.ade.simulationMonitor] - NewPoint {"history": "ExplorerRun.0", "point": 4, "testname": "hanus_ring_vco_1", "cornername": "Nominal", "event": "NewPoint", "EventSource": "Simulation Monitor", "HistoryName": "ExplorerRun.0", "logFile": "/home/train/hanupro/logs_train/logs0/Job7.log", "logFileSize": "30681"}
[2025-11-15 09:14:11.156 +0530] [EVENT] [cadence.virtuoso.ade.simulationMonitor] - NewPoint {"history": "ExplorerRun.0", "point": 4, "testname": "hanus_ring_vco_1", "cornername": "Nominal", "event": "NewPoint", "EventSource": "spectre", "HistoryName": "ExplorerRun.0", "logFile": "/home/train/simulation/hanus/ring_vco/maestro/results/maestro/ExplorerRun.0/4/hanus_ring_vco_1/psf/spectre.out", "logFileSize": "-1"}
[2025-11-15 09:14:11.159 +0530] [PROCESS] [cadence.virtuoso.ade.simulationMonitor] - Simulator launched {"hostname": "vlsi43.blr.amrita.edu", "processid": 52806, "history": "ExplorerRun.0", "testname": "hanus_ring_vco_1", "cornername": "Nominal", "point": 4, "logfile": "/home/train/hanupro/logs_train/logs0/Job7.log", "simid": "4"}
[2025-11-15 09:14:11.159 +0530] [PROCESS] [cadence.virtuoso.ade.simulationMonitor] - Started Simulation {"hostname": "vlsi43.blr.amrita.edu", "processid": 52806, "history": "ExplorerRun.0", "testname": "hanus_ring_vco_1", "cornername": "Nominal", "point": 4, "logfile": "/home/train/hanupro/logs_train/logs0/Job7.log", "event": "started", "task": "simulation"}
[2025-11-15 09:14:12.660 +0530] [INFO] [cadence.virtuoso.ade.simulationMonitor] - Peak resident memory used = 155 Mbytes. {"history": "ExplorerRun.0", "point": 4, "testname": "hanus_ring_vco_1", "cornername": "Nominal"}
[2025-11-15 09:14:12.660 +0530] [INFO] [cadence.virtuoso.ade.simulationMonitor] - Peak resident memory used = 169 Mbytes. {"history": "ExplorerRun.0", "point": 4, "testname": "hanus_ring_vco_1", "cornername": "Nominal"}
[2025-11-15 09:14:12.660 +0530] [INFO] [cadence.virtuoso.ade.simulationMonitor] - Notice from spectre during hierarchy flattening.
    The value 'psf' specified for the 'checklimitdest' option will no longer be supported in future releases. Use 'spectre -h' to see other recommended values for the 'checklimitdest' option. {"history": "ExplorerRun.0", "point": 4, "testname": "hanus_ring_vco_1", "cornername": "Nominal"}
[2025-11-15 09:14:12.661 +0530] [INFO] [cadence.virtuoso.ade.simulationMonitor] - Peak resident memory used = 170 Mbytes. {"history": "ExplorerRun.0", "point": 4, "testname": "hanus_ring_vco_1", "cornername": "Nominal"}
[2025-11-15 09:14:12.661 +0530] [INFO] [cadence.virtuoso.ade.simulationMonitor] -               nodes 17 {"history": "ExplorerRun.0", "point": 4, "testname": "hanus_ring_vco_1", "cornername": "Nominal"}
[2025-11-15 09:14:12.661 +0530] [INFO] [cadence.virtuoso.ade.simulationMonitor] - Peak resident memory used = 173 Mbytes. {"history": "ExplorerRun.0", "point": 4, "testname": "hanus_ring_vco_1", "cornername": "Nominal"}
[2025-11-15 09:14:14.161 +0530] [INFO] [cadence.virtuoso.ade.simulationMonitor] - Notice from spectre during IC analysis, during periodic steady state analysis `pss'.
    There are 1 IC nodes defined. {"history": "ExplorerRun.0", "point": 4, "testname": "hanus_ring_vco_1", "cornername": "Nominal"}
[2025-11-15 09:14:14.162 +0530] [INFO] [cadence.virtuoso.ade.simulationMonitor] - Notice from spectre during IC analysis, during periodic steady state analysis `pss'.
    Bad pivoting is found during DC analysis. Option dc_pivot_check=yes is recommended for possible improvement of convergence.
    Initial condition computed for node out is in error by 34.2696 uV.
        Decrease `rforce' to reduce error in computed initial conditions.  However, setting rforce too small may result in convergence difficulties or in the matrix becoming singular. {"history": "ExplorerRun.0", "point": 4, "testname": "hanus_ring_vco_1", "cornername": "Nominal"}
[2025-11-15 09:14:14.162 +0530] [INFO] [cadence.virtuoso.ade.simulationMonitor] - Total time required for tstab analysis `pss': CPU = 203.369 ms, elapsed = 214.921 ms. {"history": "ExplorerRun.0", "point": 4, "testname": "hanus_ring_vco_1", "cornername": "Nominal"}
[2025-11-15 09:14:14.162 +0530] [INFO] [cadence.virtuoso.ade.simulationMonitor] - Peak resident memory used = 176 Mbytes. {"history": "ExplorerRun.0", "point": 4, "testname": "hanus_ring_vco_1", "cornername": "Nominal"}
[2025-11-15 09:14:14.663 +0530] [INFO] [cadence.virtuoso.ade.simulationMonitor] - Total time required for pss analysis `pss': CPU = 292.702 ms, elapsed = 1.89574 s, util. = 15.4%. {"history": "ExplorerRun.0", "point": 4, "testname": "hanus_ring_vco_1", "cornername": "Nominal"}
[2025-11-15 09:14:14.663 +0530] [INFO] [cadence.virtuoso.ade.simulationMonitor] - Peak resident memory used = 180 Mbytes. {"history": "ExplorerRun.0", "point": 4, "testname": "hanus_ring_vco_1", "cornername": "Nominal"}
[2025-11-15 09:14:14.663 +0530] [INFO] [cadence.virtuoso.ade.simulationMonitor] - Time used: CPU = 617 ms, elapsed = 2.91 s, util. = 21.2%. {"history": "ExplorerRun.0", "point": 4, "testname": "hanus_ring_vco_1", "cornername": "Nominal"}
[2025-11-15 09:14:14.663 +0530] [INFO] [cadence.virtuoso.ade.simulationMonitor] - Time spent in licensing: elapsed = 2.2 s, percentage of total = 75.7%. {"history": "ExplorerRun.0", "point": 4, "testname": "hanus_ring_vco_1", "cornername": "Nominal"}
[2025-11-15 09:14:14.664 +0530] [INFO] [cadence.virtuoso.ade.simulationMonitor] - Peak memory used = 183 Mbytes. {"history": "ExplorerRun.0", "point": 4, "testname": "hanus_ring_vco_1", "cornername": "Nominal"}
[2025-11-15 09:14:14.664 +0530] [PROCESS] [cadence.virtuoso.ade.simulationMonitor] - Simulation started at: 9:14:11 AM, Sat Nov 15, 2025, ended at: 9:14:14 AM, Sat Nov 15, 2025, with elapsed time (wall clock): 2.91 s. {"history": "ExplorerRun.0", "point": 4, "testname": "hanus_ring_vco_1", "cornername": "Nominal"}
[2025-11-15 09:14:14.664 +0530] [PROCESS] [cadence.virtuoso.ade.simulationMonitor] - spectre completes with 0 errors, 0 warnings, and 5 notices. {"history": "ExplorerRun.0", "point": 4, "testname": "hanus_ring_vco_1", "cornername": "Nominal"}
[2025-11-15 09:14:14.664 +0530] [PROCESS] [cadence.virtuoso.ade.simulationMonitor] - Finished simulating for one point {"hostname": "vlsi43.blr.amrita.edu", "processid": 52806, "history": "ExplorerRun.0", "testname": "hanus_ring_vco_1", "cornername": "Nominal", "point": 4, "logfile": "/home/train/hanupro/logs_train/logs0/Job7.log", "simid": "4"}
[2025-11-15 09:14:14.664 +0530] [PROCESS] [cadence.virtuoso.ade.simulationMonitor] - Simulator exited {"hostname": "vlsi43.blr.amrita.edu", "processid": 52806, "history": "ExplorerRun.0", "testname": "hanus_ring_vco_1", "cornername": "Nominal", "point": 4, "logfile": "/home/train/hanupro/logs_train/logs0/Job7.log", "exitStatus": "0"}
[2025-11-15 09:14:14.664 +0530] [PROCESS] [cadence.virtuoso.ade.simulationMonitor] - Finished Simulation {"hostname": "vlsi43.blr.amrita.edu", "processid": 52806, "history": "ExplorerRun.0", "testname": "hanus_ring_vco_1", "cornername": "Nominal", "point": 4, "logfile": "/home/train/hanupro/logs_train/logs0/Job7.log", "simid": "4"}
[2025-11-15 09:14:15.168 +0530] [PROCESS] [cadence.virtuoso.ade.simulationMonitor] - Point Finished {"hostname": "vlsi43.blr.amrita.edu", "processid": 52806, "history": "ExplorerRun.0", "testname": "hanus_ring_vco_1", "cornername": "Nominal", "point": 4, "logfile": "/home/train/hanupro/logs_train/logs0/Job7.log"}
[2025-11-15 09:14:15.220 +0530] [PROCESS] [cadence.virtuoso.ade.simulationMonitor] - HostInfo:
Host name (type):	vlsi43.blr.amrita.edu (x86_64)
Operating system:	Linux 4.18.0-425.3.1.el8.x86_64 #1 SMP Fri Sep 30 11:45:06 EDT 2022 {"hostname": "vlsi43.blr.amrita.edu", "processid": 52806, "history": "ExplorerRun.0", "testname": "hanus_ring_vco_1", "cornername": "Nominal", "point": 4, "logfile": "/home/train/hanupro/logs_train/logs0/Job7.log", "nodename": "vlsi43.blr.amrita.edu", "domainname": "(none)", "machine": "x86_64", "sysname": "Linux", "release": "4.18.0-425.3.1.el8.x86_64", "version": "#1 SMP Fri Sep 30 11:45:06 EDT 2022"}
[2025-11-15 09:14:15.220 +0530] [PROCESS] [cadence.virtuoso.ade.simulationMonitor] - UsageInfo:
pid=52806
totalPhysicalMemory=15.338787GB,Used=5.076359GB,totalVirtualMemory=46.588783GB,Used=5.076359GB
Cpu: Cores=20, Load average:0.280000,0.220000,0.200000 {"hostname": "vlsi43.blr.amrita.edu", "processid": 52806, "history": "ExplorerRun.0", "testname": "hanus_ring_vco_1", "cornername": "Nominal", "point": 4, "logfile": "/home/train/hanupro/logs_train/logs0/Job7.log", "pid": "52806", "totalPhysicalMemory": "15.338787", "physicalMemoryUsed": "5.076359", "totalVirtualMemory": "46.588783", "virtualMemoryUsed": "5.076359", "cpuCores": "20", "processes": "989", "loadAverage1": "0.280000", "loadAverage5": "0.220000", "loadAverage15": "0.200000", "loadAverage1Percent": "0.014000"}
[2025-11-15 09:14:15.220 +0530] [EVENT] [cadence.virtuoso.ade.simulationMonitor] - NewPoint {"history": "ExplorerRun.0", "point": 5, "testname": "hanus_ring_vco_1", "cornername": "Nominal", "event": "NewPoint", "EventSource": "Simulation Monitor", "HistoryName": "ExplorerRun.0", "logFile": "/home/train/hanupro/logs_train/logs0/Job7.log", "logFileSize": "40384"}
[2025-11-15 09:14:15.321 +0530] [EVENT] [cadence.virtuoso.ade.simulationMonitor] - NewPoint {"history": "ExplorerRun.0", "point": 5, "testname": "hanus_ring_vco_1", "cornername": "Nominal", "event": "NewPoint", "EventSource": "spectre", "HistoryName": "ExplorerRun.0", "logFile": "/home/train/simulation/hanus/ring_vco/maestro/results/maestro/ExplorerRun.0/5/hanus_ring_vco_1/psf/spectre.out", "logFileSize": "-1"}
[2025-11-15 09:14:15.324 +0530] [PROCESS] [cadence.virtuoso.ade.simulationMonitor] - Simulator launched {"hostname": "vlsi43.blr.amrita.edu", "processid": 52806, "history": "ExplorerRun.0", "testname": "hanus_ring_vco_1", "cornername": "Nominal", "point": 5, "logfile": "/home/train/hanupro/logs_train/logs0/Job7.log", "simid": "5"}
[2025-11-15 09:14:15.325 +0530] [PROCESS] [cadence.virtuoso.ade.simulationMonitor] - Started Simulation {"hostname": "vlsi43.blr.amrita.edu", "processid": 52806, "history": "ExplorerRun.0", "testname": "hanus_ring_vco_1", "cornername": "Nominal", "point": 5, "logfile": "/home/train/hanupro/logs_train/logs0/Job7.log", "event": "started", "task": "simulation"}
[2025-11-15 09:14:16.825 +0530] [INFO] [cadence.virtuoso.ade.simulationMonitor] - Peak resident memory used = 158 Mbytes. {"history": "ExplorerRun.0", "point": 5, "testname": "hanus_ring_vco_1", "cornername": "Nominal"}
[2025-11-15 09:14:16.825 +0530] [INFO] [cadence.virtuoso.ade.simulationMonitor] - Peak resident memory used = 172 Mbytes. {"history": "ExplorerRun.0", "point": 5, "testname": "hanus_ring_vco_1", "cornername": "Nominal"}
[2025-11-15 09:14:16.826 +0530] [INFO] [cadence.virtuoso.ade.simulationMonitor] - Notice from spectre during hierarchy flattening.
    The value 'psf' specified for the 'checklimitdest' option will no longer be supported in future releases. Use 'spectre -h' to see other recommended values for the 'checklimitdest' option. {"history": "ExplorerRun.0", "point": 5, "testname": "hanus_ring_vco_1", "cornername": "Nominal"}
[2025-11-15 09:14:16.826 +0530] [INFO] [cadence.virtuoso.ade.simulationMonitor] - Peak resident memory used = 173 Mbytes. {"history": "ExplorerRun.0", "point": 5, "testname": "hanus_ring_vco_1", "cornername": "Nominal"}
[2025-11-15 09:14:16.826 +0530] [INFO] [cadence.virtuoso.ade.simulationMonitor] -               nodes 17 {"history": "ExplorerRun.0", "point": 5, "testname": "hanus_ring_vco_1", "cornername": "Nominal"}
[2025-11-15 09:14:16.826 +0530] [INFO] [cadence.virtuoso.ade.simulationMonitor] - Peak resident memory used = 176 Mbytes. {"history": "ExplorerRun.0", "point": 5, "testname": "hanus_ring_vco_1", "cornername": "Nominal"}
[2025-11-15 09:14:18.327 +0530] [INFO] [cadence.virtuoso.ade.simulationMonitor] - Notice from spectre during IC analysis, during periodic steady state analysis `pss'.
    There are 1 IC nodes defined. {"history": "ExplorerRun.0", "point": 5, "testname": "hanus_ring_vco_1", "cornername": "Nominal"}
[2025-11-15 09:14:18.327 +0530] [INFO] [cadence.virtuoso.ade.simulationMonitor] - Notice from spectre during IC analysis, during periodic steady state analysis `pss'.
    Bad pivoting is found during DC analysis. Option dc_pivot_check=yes is recommended for possible improvement of convergence.
    Initial condition computed for node out is in error by 34.2696 uV.
        Decrease `rforce' to reduce error in computed initial conditions.  However, setting rforce too small may result in convergence difficulties or in the matrix becoming singular. {"history": "ExplorerRun.0", "point": 5, "testname": "hanus_ring_vco_1", "cornername": "Nominal"}
[2025-11-15 09:14:18.327 +0530] [INFO] [cadence.virtuoso.ade.simulationMonitor] - Total time required for tstab analysis `pss': CPU = 198.686 ms, elapsed = 210.185 ms. {"history": "ExplorerRun.0", "point": 5, "testname": "hanus_ring_vco_1", "cornername": "Nominal"}
[2025-11-15 09:14:18.327 +0530] [INFO] [cadence.virtuoso.ade.simulationMonitor] - Peak resident memory used = 179 Mbytes. {"history": "ExplorerRun.0", "point": 5, "testname": "hanus_ring_vco_1", "cornername": "Nominal"}
[2025-11-15 09:14:18.828 +0530] [INFO] [cadence.virtuoso.ade.simulationMonitor] - Total time required for pss analysis `pss': CPU = 291.441 ms, elapsed = 1.89854 s, util. = 15.4%. {"history": "ExplorerRun.0", "point": 5, "testname": "hanus_ring_vco_1", "cornername": "Nominal"}
[2025-11-15 09:14:18.828 +0530] [INFO] [cadence.virtuoso.ade.simulationMonitor] - Peak resident memory used = 183 Mbytes. {"history": "ExplorerRun.0", "point": 5, "testname": "hanus_ring_vco_1", "cornername": "Nominal"}
[2025-11-15 09:14:18.829 +0530] [INFO] [cadence.virtuoso.ade.simulationMonitor] - Time used: CPU = 626 ms, elapsed = 2.96 s, util. = 21.2%. {"history": "ExplorerRun.0", "point": 5, "testname": "hanus_ring_vco_1", "cornername": "Nominal"}
[2025-11-15 09:14:18.829 +0530] [INFO] [cadence.virtuoso.ade.simulationMonitor] - Time spent in licensing: elapsed = 2.24 s, percentage of total = 75.6%. {"history": "ExplorerRun.0", "point": 5, "testname": "hanus_ring_vco_1", "cornername": "Nominal"}
[2025-11-15 09:14:18.829 +0530] [INFO] [cadence.virtuoso.ade.simulationMonitor] - Peak memory used = 186 Mbytes. {"history": "ExplorerRun.0", "point": 5, "testname": "hanus_ring_vco_1", "cornername": "Nominal"}
[2025-11-15 09:14:18.829 +0530] [PROCESS] [cadence.virtuoso.ade.simulationMonitor] - Simulation started at: 9:14:15 AM, Sat Nov 15, 2025, ended at: 9:14:18 AM, Sat Nov 15, 2025, with elapsed time (wall clock): 2.96 s. {"history": "ExplorerRun.0", "point": 5, "testname": "hanus_ring_vco_1", "cornername": "Nominal"}
[2025-11-15 09:14:18.829 +0530] [PROCESS] [cadence.virtuoso.ade.simulationMonitor] - spectre completes with 0 errors, 0 warnings, and 5 notices. {"history": "ExplorerRun.0", "point": 5, "testname": "hanus_ring_vco_1", "cornername": "Nominal"}
[2025-11-15 09:14:18.829 +0530] [PROCESS] [cadence.virtuoso.ade.simulationMonitor] - Finished simulating for one point {"hostname": "vlsi43.blr.amrita.edu", "processid": 52806, "history": "ExplorerRun.0", "testname": "hanus_ring_vco_1", "cornername": "Nominal", "point": 5, "logfile": "/home/train/hanupro/logs_train/logs0/Job7.log", "simid": "5"}
[2025-11-15 09:14:18.829 +0530] [PROCESS] [cadence.virtuoso.ade.simulationMonitor] - Simulator exited {"hostname": "vlsi43.blr.amrita.edu", "processid": 52806, "history": "ExplorerRun.0", "testname": "hanus_ring_vco_1", "cornername": "Nominal", "point": 5, "logfile": "/home/train/hanupro/logs_train/logs0/Job7.log", "exitStatus": "0"}
[2025-11-15 09:14:18.829 +0530] [PROCESS] [cadence.virtuoso.ade.simulationMonitor] - Finished Simulation {"hostname": "vlsi43.blr.amrita.edu", "processid": 52806, "history": "ExplorerRun.0", "testname": "hanus_ring_vco_1", "cornername": "Nominal", "point": 5, "logfile": "/home/train/hanupro/logs_train/logs0/Job7.log", "simid": "5"}
[2025-11-15 09:14:19.334 +0530] [PROCESS] [cadence.virtuoso.ade.simulationMonitor] - Point Finished {"hostname": "vlsi43.blr.amrita.edu", "processid": 52806, "history": "ExplorerRun.0", "testname": "hanus_ring_vco_1", "cornername": "Nominal", "point": 5, "logfile": "/home/train/hanupro/logs_train/logs0/Job7.log"}
[2025-11-15 09:14:19.388 +0530] [PROCESS] [cadence.virtuoso.ade.simulationMonitor] - HostInfo:
Host name (type):	vlsi43.blr.amrita.edu (x86_64)
Operating system:	Linux 4.18.0-425.3.1.el8.x86_64 #1 SMP Fri Sep 30 11:45:06 EDT 2022 {"hostname": "vlsi43.blr.amrita.edu", "processid": 52806, "history": "ExplorerRun.0", "testname": "hanus_ring_vco_1", "cornername": "Nominal", "point": 5, "logfile": "/home/train/hanupro/logs_train/logs0/Job7.log", "nodename": "vlsi43.blr.amrita.edu", "domainname": "(none)", "machine": "x86_64", "sysname": "Linux", "release": "4.18.0-425.3.1.el8.x86_64", "version": "#1 SMP Fri Sep 30 11:45:06 EDT 2022"}
[2025-11-15 09:14:19.388 +0530] [PROCESS] [cadence.virtuoso.ade.simulationMonitor] - UsageInfo:
pid=52806
totalPhysicalMemory=15.338787GB,Used=5.082123GB,totalVirtualMemory=46.588783GB,Used=5.082123GB
Cpu: Cores=20, Load average:0.260000,0.220000,0.200000 {"hostname": "vlsi43.blr.amrita.edu", "processid": 52806, "history": "ExplorerRun.0", "testname": "hanus_ring_vco_1", "cornername": "Nominal", "point": 5, "logfile": "/home/train/hanupro/logs_train/logs0/Job7.log", "pid": "52806", "totalPhysicalMemory": "15.338787", "physicalMemoryUsed": "5.082123", "totalVirtualMemory": "46.588783", "virtualMemoryUsed": "5.082123", "cpuCores": "20", "processes": "991", "loadAverage1": "0.260000", "loadAverage5": "0.220000", "loadAverage15": "0.200000", "loadAverage1Percent": "0.013000"}
[2025-11-15 09:14:19.388 +0530] [EVENT] [cadence.virtuoso.ade.simulationMonitor] - NewPoint {"history": "ExplorerRun.0", "point": 6, "testname": "hanus_ring_vco_1", "cornername": "Nominal", "event": "NewPoint", "EventSource": "Simulation Monitor", "HistoryName": "ExplorerRun.0", "logFile": "/home/train/hanupro/logs_train/logs0/Job7.log", "logFileSize": "49305"}
[2025-11-15 09:14:19.489 +0530] [EVENT] [cadence.virtuoso.ade.simulationMonitor] - NewPoint {"history": "ExplorerRun.0", "point": 6, "testname": "hanus_ring_vco_1", "cornername": "Nominal", "event": "NewPoint", "EventSource": "spectre", "HistoryName": "ExplorerRun.0", "logFile": "/home/train/simulation/hanus/ring_vco/maestro/results/maestro/ExplorerRun.0/6/hanus_ring_vco_1/psf/spectre.out", "logFileSize": "-1"}
[2025-11-15 09:14:19.492 +0530] [PROCESS] [cadence.virtuoso.ade.simulationMonitor] - Simulator launched {"hostname": "vlsi43.blr.amrita.edu", "processid": 52806, "history": "ExplorerRun.0", "testname": "hanus_ring_vco_1", "cornername": "Nominal", "point": 6, "logfile": "/home/train/hanupro/logs_train/logs0/Job7.log", "simid": "6"}
[2025-11-15 09:14:19.492 +0530] [PROCESS] [cadence.virtuoso.ade.simulationMonitor] - Started Simulation {"hostname": "vlsi43.blr.amrita.edu", "processid": 52806, "history": "ExplorerRun.0", "testname": "hanus_ring_vco_1", "cornername": "Nominal", "point": 6, "logfile": "/home/train/hanupro/logs_train/logs0/Job7.log", "event": "started", "task": "simulation"}
[2025-11-15 09:14:20.993 +0530] [INFO] [cadence.virtuoso.ade.simulationMonitor] - Peak resident memory used = 156 Mbytes. {"history": "ExplorerRun.0", "point": 6, "testname": "hanus_ring_vco_1", "cornername": "Nominal"}
[2025-11-15 09:14:20.993 +0530] [INFO] [cadence.virtuoso.ade.simulationMonitor] - Peak resident memory used = 170 Mbytes. {"history": "ExplorerRun.0", "point": 6, "testname": "hanus_ring_vco_1", "cornername": "Nominal"}
[2025-11-15 09:14:20.993 +0530] [INFO] [cadence.virtuoso.ade.simulationMonitor] - Notice from spectre during hierarchy flattening.
    The value 'psf' specified for the 'checklimitdest' option will no longer be supported in future releases. Use 'spectre -h' to see other recommended values for the 'checklimitdest' option. {"history": "ExplorerRun.0", "point": 6, "testname": "hanus_ring_vco_1", "cornername": "Nominal"}
[2025-11-15 09:14:20.993 +0530] [INFO] [cadence.virtuoso.ade.simulationMonitor] - Peak resident memory used = 172 Mbytes. {"history": "ExplorerRun.0", "point": 6, "testname": "hanus_ring_vco_1", "cornername": "Nominal"}
[2025-11-15 09:14:20.994 +0530] [INFO] [cadence.virtuoso.ade.simulationMonitor] -               nodes 17 {"history": "ExplorerRun.0", "point": 6, "testname": "hanus_ring_vco_1", "cornername": "Nominal"}
[2025-11-15 09:14:20.994 +0530] [INFO] [cadence.virtuoso.ade.simulationMonitor] - Peak resident memory used = 174 Mbytes. {"history": "ExplorerRun.0", "point": 6, "testname": "hanus_ring_vco_1", "cornername": "Nominal"}
[2025-11-15 09:14:22.495 +0530] [INFO] [cadence.virtuoso.ade.simulationMonitor] - Notice from spectre during IC analysis, during periodic steady state analysis `pss'.
    There are 1 IC nodes defined. {"history": "ExplorerRun.0", "point": 6, "testname": "hanus_ring_vco_1", "cornername": "Nominal"}
[2025-11-15 09:14:22.495 +0530] [INFO] [cadence.virtuoso.ade.simulationMonitor] - Notice from spectre during IC analysis, during periodic steady state analysis `pss'.
    Bad pivoting is found during DC analysis. Option dc_pivot_check=yes is recommended for possible improvement of convergence.
    Initial condition computed for node out is in error by 34.2697 uV.
        Decrease `rforce' to reduce error in computed initial conditions.  However, setting rforce too small may result in convergence difficulties or in the matrix becoming singular. {"history": "ExplorerRun.0", "point": 6, "testname": "hanus_ring_vco_1", "cornername": "Nominal"}
[2025-11-15 09:14:22.495 +0530] [INFO] [cadence.virtuoso.ade.simulationMonitor] - Total time required for tstab analysis `pss': CPU = 200.096 ms, elapsed = 218.101 ms. {"history": "ExplorerRun.0", "point": 6, "testname": "hanus_ring_vco_1", "cornername": "Nominal"}
[2025-11-15 09:14:22.495 +0530] [INFO] [cadence.virtuoso.ade.simulationMonitor] - Peak resident memory used = 178 Mbytes. {"history": "ExplorerRun.0", "point": 6, "testname": "hanus_ring_vco_1", "cornername": "Nominal"}
[2025-11-15 09:14:22.996 +0530] [INFO] [cadence.virtuoso.ade.simulationMonitor] - Total time required for pss analysis `pss': CPU = 291.424 ms, elapsed = 1.90909 s, util. = 15.3%. {"history": "ExplorerRun.0", "point": 6, "testname": "hanus_ring_vco_1", "cornername": "Nominal"}
[2025-11-15 09:14:22.996 +0530] [INFO] [cadence.virtuoso.ade.simulationMonitor] - Peak resident memory used = 182 Mbytes. {"history": "ExplorerRun.0", "point": 6, "testname": "hanus_ring_vco_1", "cornername": "Nominal"}
[2025-11-15 09:14:22.996 +0530] [INFO] [cadence.virtuoso.ade.simulationMonitor] - Time used: CPU = 627 ms, elapsed = 2.89 s, util. = 21.7%. {"history": "ExplorerRun.0", "point": 6, "testname": "hanus_ring_vco_1", "cornername": "Nominal"}
[2025-11-15 09:14:22.996 +0530] [INFO] [cadence.virtuoso.ade.simulationMonitor] - Time spent in licensing: elapsed = 2.18 s, percentage of total = 75.5%. {"history": "ExplorerRun.0", "point": 6, "testname": "hanus_ring_vco_1", "cornername": "Nominal"}
[2025-11-15 09:14:22.996 +0530] [INFO] [cadence.virtuoso.ade.simulationMonitor] - Peak memory used = 184 Mbytes. {"history": "ExplorerRun.0", "point": 6, "testname": "hanus_ring_vco_1", "cornername": "Nominal"}
[2025-11-15 09:14:22.996 +0530] [PROCESS] [cadence.virtuoso.ade.simulationMonitor] - Simulation started at: 9:14:19 AM, Sat Nov 15, 2025, ended at: 9:14:22 AM, Sat Nov 15, 2025, with elapsed time (wall clock): 2.89 s. {"history": "ExplorerRun.0", "point": 6, "testname": "hanus_ring_vco_1", "cornername": "Nominal"}
[2025-11-15 09:14:22.996 +0530] [PROCESS] [cadence.virtuoso.ade.simulationMonitor] - spectre completes with 0 errors, 0 warnings, and 5 notices. {"history": "ExplorerRun.0", "point": 6, "testname": "hanus_ring_vco_1", "cornername": "Nominal"}
[2025-11-15 09:14:22.996 +0530] [PROCESS] [cadence.virtuoso.ade.simulationMonitor] - Finished simulating for one point {"hostname": "vlsi43.blr.amrita.edu", "processid": 52806, "history": "ExplorerRun.0", "testname": "hanus_ring_vco_1", "cornername": "Nominal", "point": 6, "logfile": "/home/train/hanupro/logs_train/logs0/Job7.log", "simid": "6"}
[2025-11-15 09:14:22.996 +0530] [PROCESS] [cadence.virtuoso.ade.simulationMonitor] - Simulator exited {"hostname": "vlsi43.blr.amrita.edu", "processid": 52806, "history": "ExplorerRun.0", "testname": "hanus_ring_vco_1", "cornername": "Nominal", "point": 6, "logfile": "/home/train/hanupro/logs_train/logs0/Job7.log", "exitStatus": "0"}
[2025-11-15 09:14:22.996 +0530] [PROCESS] [cadence.virtuoso.ade.simulationMonitor] - Finished Simulation {"hostname": "vlsi43.blr.amrita.edu", "processid": 52806, "history": "ExplorerRun.0", "testname": "hanus_ring_vco_1", "cornername": "Nominal", "point": 6, "logfile": "/home/train/hanupro/logs_train/logs0/Job7.log", "simid": "6"}
[2025-11-15 09:14:23.500 +0530] [PROCESS] [cadence.virtuoso.ade.simulationMonitor] - Point Finished {"hostname": "vlsi43.blr.amrita.edu", "processid": 52806, "history": "ExplorerRun.0", "testname": "hanus_ring_vco_1", "cornername": "Nominal", "point": 6, "logfile": "/home/train/hanupro/logs_train/logs0/Job7.log"}
[2025-11-15 09:19:24.321 +0530] [PROCESS] [cadence.virtuoso.ade.simulationMonitor] - Current memory used: 55.9375 MBytes, peak memory used: 55.9375 MBytes {"hostname": "vlsi43.blr.amrita.edu", "processid": 52806, "history": "ExplorerRun.0", "testname": "hanus_ring_vco_1", "cornername": "Nominal", "point": 6, "logfile": "/home/train/hanupro/logs_train/logs0/Job7.log"}
[2025-11-15 09:19:24.321 +0530] [PROCESS] [cadence.virtuoso.ade.simulationMonitor] - Simulation Monitor process exit. {"hostname": "vlsi43.blr.amrita.edu", "processid": 52806, "history": "ExplorerRun.0", "testname": "hanus_ring_vco_1", "cornername": "Nominal", "point": 6, "logfile": "/home/train/hanupro/logs_train/logs0/Job7.log"}
