[Simulation Monitor: 8]
[2026-02-03 11:23:12.515 +0530] [PROCESS] [cadence.virtuoso.ade.simulationMonitor] - Simulation Monitor has successfully started up. Trying to set up communication channels to other components ... {"hostname": "vlsi43.blr.amrita.edu", "processid": 65768, "logfile": "/home/train/hanupro/logs_train/logs0/Job8.log"}
[2026-02-03 11:23:12.517 +0530] [PROCESS] [cadence.virtuoso.ade.simulationMonitor] - Communication channels have been successfully set up. Start processing events ... {"hostname": "vlsi43.blr.amrita.edu", "processid": 65768, "logfile": "/home/train/hanupro/logs_train/logs0/Job8.log"}
[2026-02-03 11:23:12.517 +0530] [PROCESS] [cadence.virtuoso.ade.simulationMonitor] - Considering to start history {"hostname": "vlsi43.blr.amrita.edu", "processid": 65768, "history": "ExplorerRun.0", "logfile": "/home/train/hanupro/logs_train/logs0/Job8.log"}
[2026-02-03 11:23:12.518 +0530] [PROCESS] [cadence.virtuoso.ade.simulationMonitor] - HostInfo:
Host name (type):	vlsi43.blr.amrita.edu (x86_64)
Operating system:	Linux 4.18.0-425.3.1.el8.x86_64 #1 SMP Fri Sep 30 11:45:06 EDT 2022 {"hostname": "vlsi43.blr.amrita.edu", "processid": 65768, "history": "ExplorerRun.0", "logfile": "/home/train/hanupro/logs_train/logs0/Job8.log", "nodename": "vlsi43.blr.amrita.edu", "domainname": "(none)", "machine": "x86_64", "sysname": "Linux", "release": "4.18.0-425.3.1.el8.x86_64", "version": "#1 SMP Fri Sep 30 11:45:06 EDT 2022"}
[2026-02-03 11:23:12.518 +0530] [PROCESS] [cadence.virtuoso.ade.simulationMonitor] - UsageInfo:
pid=65768
totalPhysicalMemory=15.338787GB,Used=6.872986GB,totalVirtualMemory=46.588783GB,Used=6.872986GB
Cpu: Cores=20, Load average:1.090000,0.540000,0.300000 {"hostname": "vlsi43.blr.amrita.edu", "processid": 65768, "history": "ExplorerRun.0", "logfile": "/home/train/hanupro/logs_train/logs0/Job8.log", "pid": "65768", "totalPhysicalMemory": "15.338787", "physicalMemoryUsed": "6.872986", "totalVirtualMemory": "46.588783", "virtualMemoryUsed": "6.872986", "cpuCores": "20", "processes": "937", "loadAverage1": "1.090000", "loadAverage5": "0.540000", "loadAverage15": "0.300000", "loadAverage1Percent": "0.054500"}
[2026-02-03 11:23:12.518 +0530] [EVENT] [cadence.virtuoso.ade.simulationMonitor] - NewPoint {"history": "ExplorerRun.0", "point": 1, "testname": "hanus_vco_new_1", "cornername": "Nominal", "event": "NewPoint", "EventSource": "Simulation Monitor", "HistoryName": "ExplorerRun.0", "logFile": "/home/train/hanupro/logs_train/logs0/Job8.log", "logFileSize": "2166"}
[2026-02-03 11:23:12.619 +0530] [EVENT] [cadence.virtuoso.ade.simulationMonitor] - NewPoint {"history": "ExplorerRun.0", "point": 1, "testname": "hanus_vco_new_1", "cornername": "Nominal", "event": "NewPoint", "EventSource": "spectre", "HistoryName": "ExplorerRun.0", "logFile": "/home/train/simulation/hanus/vco_new/maestro/results/maestro/ExplorerRun.0/1/hanus_vco_new_1/psf/spectre.out", "logFileSize": "-1"}
[2026-02-03 11:23:12.633 +0530] [PROCESS] [cadence.virtuoso.ade.simulationMonitor] - Simulator launched {"hostname": "vlsi43.blr.amrita.edu", "processid": 65768, "history": "ExplorerRun.0", "testname": "hanus_vco_new_1", "cornername": "Nominal", "point": 1, "logfile": "/home/train/hanupro/logs_train/logs0/Job8.log", "simid": "1"}
[2026-02-03 11:23:12.635 +0530] [PROCESS] [cadence.virtuoso.ade.simulationMonitor] - Expression evaluator launched {"hostname": "vlsi43.blr.amrita.edu", "processid": 65768, "history": "ExplorerRun.0", "testname": "hanus_vco_new_1", "cornername": "Nominal", "point": 1, "logfile": "/home/train/hanupro/logs_train/logs0/Job8.log"}
[2026-02-03 11:23:12.639 +0530] [PROCESS] [cadence.virtuoso.ade.simulationMonitor] - Started Simulation {"hostname": "vlsi43.blr.amrita.edu", "processid": 65768, "history": "ExplorerRun.0", "testname": "hanus_vco_new_1", "cornername": "Nominal", "point": 1, "logfile": "/home/train/hanupro/logs_train/logs0/Job8.log", "event": "started", "task": "simulation"}
[2026-02-03 11:23:15.140 +0530] [INFO] [cadence.virtuoso.ade.simulationMonitor] - Peak resident memory used = 151 Mbytes. {"history": "ExplorerRun.0", "point": 1, "testname": "hanus_vco_new_1", "cornername": "Nominal"}
[2026-02-03 11:23:15.140 +0530] [INFO] [cadence.virtuoso.ade.simulationMonitor] - Peak resident memory used = 164 Mbytes. {"history": "ExplorerRun.0", "point": 1, "testname": "hanus_vco_new_1", "cornername": "Nominal"}
[2026-02-03 11:23:15.140 +0530] [INFO] [cadence.virtuoso.ade.simulationMonitor] - Notice from spectre during hierarchy flattening.
    The value 'psf' specified for the 'checklimitdest' option will no longer be supported in future releases. Use 'spectre -h' to see other recommended values for the 'checklimitdest' option. {"history": "ExplorerRun.0", "point": 1, "testname": "hanus_vco_new_1", "cornername": "Nominal"}
[2026-02-03 11:23:15.140 +0530] [INFO] [cadence.virtuoso.ade.simulationMonitor] - Peak resident memory used = 166 Mbytes. {"history": "ExplorerRun.0", "point": 1, "testname": "hanus_vco_new_1", "cornername": "Nominal"}
[2026-02-03 11:23:15.140 +0530] [INFO] [cadence.virtuoso.ade.simulationMonitor] - Notice from spectre during initial setup.
    Multithreading is disabled due to the size of the design being too small. {"history": "ExplorerRun.0", "point": 1, "testname": "hanus_vco_new_1", "cornername": "Nominal"}
[2026-02-03 11:23:15.141 +0530] [INFO] [cadence.virtuoso.ade.simulationMonitor] -               nodes 87 {"history": "ExplorerRun.0", "point": 1, "testname": "hanus_vco_new_1", "cornername": "Nominal"}
[2026-02-03 11:23:15.141 +0530] [INFO] [cadence.virtuoso.ade.simulationMonitor] - Notice from spectre during initial setup.
    APS enabled. {"history": "ExplorerRun.0", "point": 1, "testname": "hanus_vco_new_1", "cornername": "Nominal"}
[2026-02-03 11:23:15.141 +0530] [INFO] [cadence.virtuoso.ade.simulationMonitor] - Peak resident memory used = 170 Mbytes. {"history": "ExplorerRun.0", "point": 1, "testname": "hanus_vco_new_1", "cornername": "Nominal"}
[2026-02-03 11:23:15.141 +0530] [INFO] [cadence.virtuoso.ade.simulationMonitor] -    -   (APS) Multi-threading. The recommended number of threads is 1, consider adding +mt=1 on command line. {"history": "ExplorerRun.0", "point": 1, "testname": "hanus_vco_new_1", "cornername": "Nominal"}
[2026-02-03 11:23:15.141 +0530] [INFO] [cadence.virtuoso.ade.simulationMonitor] - Notice from spectre.
    Multithreading is disabled due to the size of the design being too small. {"history": "ExplorerRun.0", "point": 1, "testname": "hanus_vco_new_1", "cornername": "Nominal"}
[2026-02-03 11:23:15.641 +0530] [INFO] [cadence.virtuoso.ade.simulationMonitor] - Notice from spectre during IC analysis, during periodic steady state analysis `pss'.
    There are 2 IC nodes defined. {"history": "ExplorerRun.0", "point": 1, "testname": "hanus_vco_new_1", "cornername": "Nominal"}
[2026-02-03 11:23:15.641 +0530] [INFO] [cadence.virtuoso.ade.simulationMonitor] - Notice from spectre during IC analysis, during periodic steady state analysis `pss'.
    Initial condition computed for node vout5- is in error by 5.34968 mV (297.205 m%).
    Initial condition computed for node vout5+ is in error by 2.26606 mV.
        Decrease `rforce' to reduce error in computed initial conditions.  However, setting rforce too small may result in convergence difficulties or in the matrix becoming singular. {"history": "ExplorerRun.0", "point": 1, "testname": "hanus_vco_new_1", "cornername": "Nominal"}
[2026-02-03 11:23:16.642 +0530] [INFO] [cadence.virtuoso.ade.simulationMonitor] - Total time required for tstab analysis `pss': CPU = 1.01828 s, elapsed = 1.01897 s. {"history": "ExplorerRun.0", "point": 1, "testname": "hanus_vco_new_1", "cornername": "Nominal"}
[2026-02-03 11:23:16.642 +0530] [INFO] [cadence.virtuoso.ade.simulationMonitor] - Peak resident memory used = 173 Mbytes. {"history": "ExplorerRun.0", "point": 1, "testname": "hanus_vco_new_1", "cornername": "Nominal"}
[2026-02-03 11:23:17.179 +0530] [INFO] [cadence.virtuoso.ade.simulationMonitor] - Total time required for pss analysis `pss': CPU = 1.30456 s, elapsed = 2.03549 s, util. = 64.1%. {"history": "ExplorerRun.0", "point": 1, "testname": "hanus_vco_new_1", "cornername": "Nominal"}
[2026-02-03 11:23:17.179 +0530] [INFO] [cadence.virtuoso.ade.simulationMonitor] - Peak resident memory used = 181 Mbytes. {"history": "ExplorerRun.0", "point": 1, "testname": "hanus_vco_new_1", "cornername": "Nominal"}
[2026-02-03 11:23:17.179 +0530] [INFO] [cadence.virtuoso.ade.simulationMonitor] - Notice from spectre during PNoise analysis `pnoise'.
    Multithreading is disabled due to the size of the design being too small.
    Use full spectrum for normal noise analysis.
    MaxSideband for colored noise sources (e.g. 1/f-noise) is not set, automatically  set it to 3. {"history": "ExplorerRun.0", "point": 1, "testname": "hanus_vco_new_1", "cornername": "Nominal"}
[2026-02-03 11:23:18.179 +0530] [INFO] [cadence.virtuoso.ade.simulationMonitor] - Total time required for pnoise analysis `pnoise': CPU = 2.98568 s, elapsed = 1.23126 s, util. = 242%. {"history": "ExplorerRun.0", "point": 1, "testname": "hanus_vco_new_1", "cornername": "Nominal"}
[2026-02-03 11:23:18.180 +0530] [INFO] [cadence.virtuoso.ade.simulationMonitor] - Peak resident memory used = 193 Mbytes. {"history": "ExplorerRun.0", "point": 1, "testname": "hanus_vco_new_1", "cornername": "Nominal"}
[2026-02-03 11:23:18.680 +0530] [INFO] [cadence.virtuoso.ade.simulationMonitor] - Time used: CPU = 4.66 s, elapsed = 5.35 s, util. = 87.2%. {"history": "ExplorerRun.0", "point": 1, "testname": "hanus_vco_new_1", "cornername": "Nominal"}
[2026-02-03 11:23:18.680 +0530] [INFO] [cadence.virtuoso.ade.simulationMonitor] - Time spent in licensing: elapsed = 2.29 s, percentage of total = 42.9%. {"history": "ExplorerRun.0", "point": 1, "testname": "hanus_vco_new_1", "cornername": "Nominal"}
[2026-02-03 11:23:18.680 +0530] [INFO] [cadence.virtuoso.ade.simulationMonitor] - Peak memory used = 194 Mbytes. {"history": "ExplorerRun.0", "point": 1, "testname": "hanus_vco_new_1", "cornername": "Nominal"}
[2026-02-03 11:23:18.681 +0530] [PROCESS] [cadence.virtuoso.ade.simulationMonitor] - Simulation started at: 11:23:12 AM, Tue Feb 3, 2026, ended at: 11:23:18 AM, Tue Feb 3, 2026, with elapsed time (wall clock): 5.35 s. {"history": "ExplorerRun.0", "point": 1, "testname": "hanus_vco_new_1", "cornername": "Nominal"}
[2026-02-03 11:23:18.681 +0530] [PROCESS] [cadence.virtuoso.ade.simulationMonitor] - spectre completes with 0 errors, 0 warnings, and 11 notices. {"history": "ExplorerRun.0", "point": 1, "testname": "hanus_vco_new_1", "cornername": "Nominal"}
[2026-02-03 11:23:18.681 +0530] [PROCESS] [cadence.virtuoso.ade.simulationMonitor] - Finished simulating for one point {"hostname": "vlsi43.blr.amrita.edu", "processid": 65768, "history": "ExplorerRun.0", "testname": "hanus_vco_new_1", "cornername": "Nominal", "point": 1, "logfile": "/home/train/hanupro/logs_train/logs0/Job8.log", "simid": "1"}
[2026-02-03 11:23:18.681 +0530] [PROCESS] [cadence.virtuoso.ade.simulationMonitor] - Simulator exited {"hostname": "vlsi43.blr.amrita.edu", "processid": 65768, "history": "ExplorerRun.0", "testname": "hanus_vco_new_1", "cornername": "Nominal", "point": 1, "logfile": "/home/train/hanupro/logs_train/logs0/Job8.log", "exitStatus": "0"}
[2026-02-03 11:23:18.681 +0530] [PROCESS] [cadence.virtuoso.ade.simulationMonitor] - Finished Simulation {"hostname": "vlsi43.blr.amrita.edu", "processid": 65768, "history": "ExplorerRun.0", "testname": "hanus_vco_new_1", "cornername": "Nominal", "point": 1, "logfile": "/home/train/hanupro/logs_train/logs0/Job8.log", "simid": "1"}
[2026-02-03 11:23:19.685 +0530] [PROCESS] [cadence.virtuoso.ade.simulationMonitor] - Point Finished {"hostname": "vlsi43.blr.amrita.edu", "processid": 65768, "history": "ExplorerRun.0", "testname": "hanus_vco_new_1", "cornername": "Nominal", "point": 1, "logfile": "/home/train/hanupro/logs_train/logs0/Job8.log"}
[2026-02-03 11:28:19.992 +0530] [PROCESS] [cadence.virtuoso.ade.simulationMonitor] - Current memory used: 54.1719 MBytes, peak memory used: 54.1719 MBytes {"hostname": "vlsi43.blr.amrita.edu", "processid": 65768, "history": "ExplorerRun.0", "testname": "hanus_vco_new_1", "cornername": "Nominal", "point": 1, "logfile": "/home/train/hanupro/logs_train/logs0/Job8.log"}
[2026-02-03 11:28:19.992 +0530] [PROCESS] [cadence.virtuoso.ade.simulationMonitor] - Simulation Monitor process exit. {"hostname": "vlsi43.blr.amrita.edu", "processid": 65768, "history": "ExplorerRun.0", "testname": "hanus_vco_new_1", "cornername": "Nominal", "point": 1, "logfile": "/home/train/hanupro/logs_train/logs0/Job8.log"}
