[Simulation Monitor: 9]
[2025-11-15 09:20:02.521 +0530] [PROCESS] [cadence.virtuoso.ade.simulationMonitor] - Simulation Monitor has successfully started up. Trying to set up communication channels to other components ... {"hostname": "vlsi43.blr.amrita.edu", "processid": 69147, "logfile": "/home/train/hanupro/logs_train/logs0/Job9.log"}
[2025-11-15 09:20:02.524 +0530] [PROCESS] [cadence.virtuoso.ade.simulationMonitor] - Communication channels have been successfully set up. Start processing events ... {"hostname": "vlsi43.blr.amrita.edu", "processid": 69147, "logfile": "/home/train/hanupro/logs_train/logs0/Job9.log"}
[2025-11-15 09:20:02.524 +0530] [PROCESS] [cadence.virtuoso.ade.simulationMonitor] - Considering to start history {"hostname": "vlsi43.blr.amrita.edu", "processid": 69147, "history": "ExplorerRun.0", "logfile": "/home/train/hanupro/logs_train/logs0/Job9.log"}
[2025-11-15 09:20:02.525 +0530] [PROCESS] [cadence.virtuoso.ade.simulationMonitor] - HostInfo:
Host name (type):	vlsi43.blr.amrita.edu (x86_64)
Operating system:	Linux 4.18.0-425.3.1.el8.x86_64 #1 SMP Fri Sep 30 11:45:06 EDT 2022 {"hostname": "vlsi43.blr.amrita.edu", "processid": 69147, "history": "ExplorerRun.0", "logfile": "/home/train/hanupro/logs_train/logs0/Job9.log", "nodename": "vlsi43.blr.amrita.edu", "domainname": "(none)", "machine": "x86_64", "sysname": "Linux", "release": "4.18.0-425.3.1.el8.x86_64", "version": "#1 SMP Fri Sep 30 11:45:06 EDT 2022"}
[2025-11-15 09:20:02.525 +0530] [PROCESS] [cadence.virtuoso.ade.simulationMonitor] - UsageInfo:
pid=69147
totalPhysicalMemory=15.338787GB,Used=4.835022GB,totalVirtualMemory=46.588783GB,Used=4.835022GB
Cpu: Cores=20, Load average:0.310000,0.160000,0.170000 {"hostname": "vlsi43.blr.amrita.edu", "processid": 69147, "history": "ExplorerRun.0", "logfile": "/home/train/hanupro/logs_train/logs0/Job9.log", "pid": "69147", "totalPhysicalMemory": "15.338787", "physicalMemoryUsed": "4.835022", "totalVirtualMemory": "46.588783", "virtualMemoryUsed": "4.835022", "cpuCores": "20", "processes": "994", "loadAverage1": "0.310000", "loadAverage5": "0.160000", "loadAverage15": "0.170000", "loadAverage1Percent": "0.015500"}
[2025-11-15 09:20:02.525 +0530] [EVENT] [cadence.virtuoso.ade.simulationMonitor] - NewPoint {"history": "ExplorerRun.0", "point": 1, "testname": "hanus_ring_vco_1", "cornername": "Nominal", "event": "NewPoint", "EventSource": "Simulation Monitor", "HistoryName": "ExplorerRun.0", "logFile": "/home/train/hanupro/logs_train/logs0/Job9.log", "logFileSize": "2166"}
[2025-11-15 09:20:02.626 +0530] [EVENT] [cadence.virtuoso.ade.simulationMonitor] - NewPoint {"history": "ExplorerRun.0", "point": 1, "testname": "hanus_ring_vco_1", "cornername": "Nominal", "event": "NewPoint", "EventSource": "spectre", "HistoryName": "ExplorerRun.0", "logFile": "/home/train/simulation/hanus/ring_vco/maestro/results/maestro/ExplorerRun.0/1/hanus_ring_vco_1/psf/spectre.out", "logFileSize": "-1"}
[2025-11-15 09:20:02.639 +0530] [PROCESS] [cadence.virtuoso.ade.simulationMonitor] - Simulator launched {"hostname": "vlsi43.blr.amrita.edu", "processid": 69147, "history": "ExplorerRun.0", "testname": "hanus_ring_vco_1", "cornername": "Nominal", "point": 1, "logfile": "/home/train/hanupro/logs_train/logs0/Job9.log", "simid": "1"}
[2025-11-15 09:20:02.641 +0530] [PROCESS] [cadence.virtuoso.ade.simulationMonitor] - Expression evaluator launched {"hostname": "vlsi43.blr.amrita.edu", "processid": 69147, "history": "ExplorerRun.0", "testname": "hanus_ring_vco_1", "cornername": "Nominal", "point": 1, "logfile": "/home/train/hanupro/logs_train/logs0/Job9.log"}
[2025-11-15 09:20:02.645 +0530] [PROCESS] [cadence.virtuoso.ade.simulationMonitor] - Started Simulation {"hostname": "vlsi43.blr.amrita.edu", "processid": 69147, "history": "ExplorerRun.0", "testname": "hanus_ring_vco_1", "cornername": "Nominal", "point": 1, "logfile": "/home/train/hanupro/logs_train/logs0/Job9.log", "event": "started", "task": "simulation"}
[2025-11-15 09:20:04.646 +0530] [INFO] [cadence.virtuoso.ade.simulationMonitor] - Peak resident memory used = 154 Mbytes. {"history": "ExplorerRun.0", "point": 1, "testname": "hanus_ring_vco_1", "cornername": "Nominal"}
[2025-11-15 09:20:04.646 +0530] [INFO] [cadence.virtuoso.ade.simulationMonitor] - Peak resident memory used = 168 Mbytes. {"history": "ExplorerRun.0", "point": 1, "testname": "hanus_ring_vco_1", "cornername": "Nominal"}
[2025-11-15 09:20:04.646 +0530] [INFO] [cadence.virtuoso.ade.simulationMonitor] - Notice from spectre during hierarchy flattening.
    The value 'psf' specified for the 'checklimitdest' option will no longer be supported in future releases. Use 'spectre -h' to see other recommended values for the 'checklimitdest' option. {"history": "ExplorerRun.0", "point": 1, "testname": "hanus_ring_vco_1", "cornername": "Nominal"}
[2025-11-15 09:20:04.646 +0530] [INFO] [cadence.virtuoso.ade.simulationMonitor] - Peak resident memory used = 170 Mbytes. {"history": "ExplorerRun.0", "point": 1, "testname": "hanus_ring_vco_1", "cornername": "Nominal"}
[2025-11-15 09:20:04.647 +0530] [INFO] [cadence.virtuoso.ade.simulationMonitor] - Notice from spectre during initial setup.
    Multithreading is disabled due to the size of the design being too small. {"history": "ExplorerRun.0", "point": 1, "testname": "hanus_ring_vco_1", "cornername": "Nominal"}
[2025-11-15 09:20:04.647 +0530] [INFO] [cadence.virtuoso.ade.simulationMonitor] -               nodes 17 {"history": "ExplorerRun.0", "point": 1, "testname": "hanus_ring_vco_1", "cornername": "Nominal"}
[2025-11-15 09:20:04.647 +0530] [INFO] [cadence.virtuoso.ade.simulationMonitor] - Notice from spectre during initial setup.
    APS enabled. {"history": "ExplorerRun.0", "point": 1, "testname": "hanus_ring_vco_1", "cornername": "Nominal"}
[2025-11-15 09:20:04.647 +0530] [INFO] [cadence.virtuoso.ade.simulationMonitor] - Peak resident memory used = 173 Mbytes. {"history": "ExplorerRun.0", "point": 1, "testname": "hanus_ring_vco_1", "cornername": "Nominal"}
[2025-11-15 09:20:04.647 +0530] [INFO] [cadence.virtuoso.ade.simulationMonitor] -    -   (APS) Multi-threading. The recommended number of threads is 1, consider adding +mt=1 on command line. {"history": "ExplorerRun.0", "point": 1, "testname": "hanus_ring_vco_1", "cornername": "Nominal"}
[2025-11-15 09:20:04.647 +0530] [INFO] [cadence.virtuoso.ade.simulationMonitor] - Notice from spectre.
    Multithreading is disabled due to the size of the design being too small. {"history": "ExplorerRun.0", "point": 1, "testname": "hanus_ring_vco_1", "cornername": "Nominal"}
[2025-11-15 09:20:05.147 +0530] [INFO] [cadence.virtuoso.ade.simulationMonitor] - Notice from spectre during IC analysis, during periodic steady state analysis `pss'.
    There are 1 IC nodes defined. {"history": "ExplorerRun.0", "point": 1, "testname": "hanus_ring_vco_1", "cornername": "Nominal"}
[2025-11-15 09:20:05.147 +0530] [INFO] [cadence.virtuoso.ade.simulationMonitor] - Notice from spectre during IC analysis, during periodic steady state analysis `pss'.
    Bad pivoting is found during DC analysis. Option dc_pivot_check=yes is recommended for possible improvement of convergence.
    Initial condition computed for node out is in error by 34.2696 uV.
        Decrease `rforce' to reduce error in computed initial conditions.  However, setting rforce too small may result in convergence difficulties or in the matrix becoming singular. {"history": "ExplorerRun.0", "point": 1, "testname": "hanus_ring_vco_1", "cornername": "Nominal"}
[2025-11-15 09:20:05.147 +0530] [INFO] [cadence.virtuoso.ade.simulationMonitor] - Notice from spectre at time = 54.9172 ps during periodic steady state analysis `pss'.
    Found trapezoidal ringing on node V1:p. {"history": "ExplorerRun.0", "point": 1, "testname": "hanus_ring_vco_1", "cornername": "Nominal"}
[2025-11-15 09:20:05.148 +0530] [INFO] [cadence.virtuoso.ade.simulationMonitor] - Notice from spectre at time = 68.8391 ps during periodic steady state analysis `pss'.
    Found trapezoidal ringing on node V1:p. {"history": "ExplorerRun.0", "point": 1, "testname": "hanus_ring_vco_1", "cornername": "Nominal"}
[2025-11-15 09:20:05.148 +0530] [INFO] [cadence.virtuoso.ade.simulationMonitor] - Notice from spectre at time = 84.7247 ps during periodic steady state analysis `pss'.
    Found trapezoidal ringing on node V1:p. {"history": "ExplorerRun.0", "point": 1, "testname": "hanus_ring_vco_1", "cornername": "Nominal"}
[2025-11-15 09:20:05.148 +0530] [INFO] [cadence.virtuoso.ade.simulationMonitor] - Notice from spectre at time = 100.61 ps during periodic steady state analysis `pss'.
    Found trapezoidal ringing on node V1:p. {"history": "ExplorerRun.0", "point": 1, "testname": "hanus_ring_vco_1", "cornername": "Nominal"}
[2025-11-15 09:20:05.148 +0530] [INFO] [cadence.virtuoso.ade.simulationMonitor] - Notice from spectre at time = 164.153 ps during periodic steady state analysis `pss'.
    Found trapezoidal ringing on node V1:p.
        Further occurrences of this notice will be suppressed. {"history": "ExplorerRun.0", "point": 1, "testname": "hanus_ring_vco_1", "cornername": "Nominal"}
[2025-11-15 09:20:05.148 +0530] [INFO] [cadence.virtuoso.ade.simulationMonitor] - Total time required for tstab analysis `pss': CPU = 102.147 ms, elapsed = 114.413 ms. {"history": "ExplorerRun.0", "point": 1, "testname": "hanus_ring_vco_1", "cornername": "Nominal"}
[2025-11-15 09:20:05.148 +0530] [INFO] [cadence.virtuoso.ade.simulationMonitor] - Peak resident memory used = 177 Mbytes. {"history": "ExplorerRun.0", "point": 1, "testname": "hanus_ring_vco_1", "cornername": "Nominal"}
[2025-11-15 09:20:05.148 +0530] [INFO] [cadence.virtuoso.ade.simulationMonitor] - Notice from spectre during periodic steady state analysis `pss'.
    Trapezoidal ringing is detected during pss analysis.
        Please use method=trap for better results and performance. {"history": "ExplorerRun.0", "point": 1, "testname": "hanus_ring_vco_1", "cornername": "Nominal"}
[2025-11-15 09:20:05.148 +0530] [INFO] [cadence.virtuoso.ade.simulationMonitor] - Total time required for pss analysis `pss': CPU = 159.837 ms, elapsed = 697.368 ms, util. = 22.9%. {"history": "ExplorerRun.0", "point": 1, "testname": "hanus_ring_vco_1", "cornername": "Nominal"}
[2025-11-15 09:20:05.148 +0530] [INFO] [cadence.virtuoso.ade.simulationMonitor] - Peak resident memory used = 179 Mbytes. {"history": "ExplorerRun.0", "point": 1, "testname": "hanus_ring_vco_1", "cornername": "Nominal"}
[2025-11-15 09:20:05.148 +0530] [INFO] [cadence.virtuoso.ade.simulationMonitor] - Notice from spectre.
    606 notices suppressed. {"history": "ExplorerRun.0", "point": 1, "testname": "hanus_ring_vco_1", "cornername": "Nominal"}
[2025-11-15 09:20:05.148 +0530] [INFO] [cadence.virtuoso.ade.simulationMonitor] - Notice from spectre during PNoise analysis `pnoise'.
    Multithreading is disabled due to the size of the design being too small.
    Use full spectrum for normal noise analysis.
    MaxSideband for colored noise sources (e.g. 1/f-noise) is not set, automatically  set it to 3. {"history": "ExplorerRun.0", "point": 1, "testname": "hanus_ring_vco_1", "cornername": "Nominal"}
[2025-11-15 09:20:05.648 +0530] [INFO] [cadence.virtuoso.ade.simulationMonitor] - Total time required for pnoise analysis `pnoise': CPU = 630.69 ms, elapsed = 363.281 ms, util. = 174%. {"history": "ExplorerRun.0", "point": 1, "testname": "hanus_ring_vco_1", "cornername": "Nominal"}
[2025-11-15 09:20:05.648 +0530] [INFO] [cadence.virtuoso.ade.simulationMonitor] - Peak resident memory used = 184 Mbytes. {"history": "ExplorerRun.0", "point": 1, "testname": "hanus_ring_vco_1", "cornername": "Nominal"}
[2025-11-15 09:20:05.649 +0530] [INFO] [cadence.virtuoso.ade.simulationMonitor] - Time used: CPU = 1.15 s, elapsed = 2.63 s, util. = 43.8%. {"history": "ExplorerRun.0", "point": 1, "testname": "hanus_ring_vco_1", "cornername": "Nominal"}
[2025-11-15 09:20:05.649 +0530] [INFO] [cadence.virtuoso.ade.simulationMonitor] - Time spent in licensing: elapsed = 1.57 s, percentage of total = 59.8%. {"history": "ExplorerRun.0", "point": 1, "testname": "hanus_ring_vco_1", "cornername": "Nominal"}
[2025-11-15 09:20:05.649 +0530] [INFO] [cadence.virtuoso.ade.simulationMonitor] - Peak memory used = 185 Mbytes. {"history": "ExplorerRun.0", "point": 1, "testname": "hanus_ring_vco_1", "cornername": "Nominal"}
[2025-11-15 09:20:05.649 +0530] [PROCESS] [cadence.virtuoso.ade.simulationMonitor] - Simulation started at: 9:20:02 AM, Sat Nov 15, 2025, ended at: 9:20:05 AM, Sat Nov 15, 2025, with elapsed time (wall clock): 2.63 s. {"history": "ExplorerRun.0", "point": 1, "testname": "hanus_ring_vco_1", "cornername": "Nominal"}
[2025-11-15 09:20:05.649 +0530] [PROCESS] [cadence.virtuoso.ade.simulationMonitor] - spectre completes with 0 errors, 0 warnings, and 18 notices. {"history": "ExplorerRun.0", "point": 1, "testname": "hanus_ring_vco_1", "cornername": "Nominal"}
[2025-11-15 09:20:06.150 +0530] [PROCESS] [cadence.virtuoso.ade.simulationMonitor] - Finished simulating for one point {"hostname": "vlsi43.blr.amrita.edu", "processid": 69147, "history": "ExplorerRun.0", "testname": "hanus_ring_vco_1", "cornername": "Nominal", "point": 1, "logfile": "/home/train/hanupro/logs_train/logs0/Job9.log", "simid": "1"}
[2025-11-15 09:20:06.150 +0530] [PROCESS] [cadence.virtuoso.ade.simulationMonitor] - Simulator exited {"hostname": "vlsi43.blr.amrita.edu", "processid": 69147, "history": "ExplorerRun.0", "testname": "hanus_ring_vco_1", "cornername": "Nominal", "point": 1, "logfile": "/home/train/hanupro/logs_train/logs0/Job9.log", "exitStatus": "0"}
[2025-11-15 09:20:06.150 +0530] [PROCESS] [cadence.virtuoso.ade.simulationMonitor] - Finished Simulation {"hostname": "vlsi43.blr.amrita.edu", "processid": 69147, "history": "ExplorerRun.0", "testname": "hanus_ring_vco_1", "cornername": "Nominal", "point": 1, "logfile": "/home/train/hanupro/logs_train/logs0/Job9.log", "simid": "1"}
[2025-11-15 09:20:06.654 +0530] [PROCESS] [cadence.virtuoso.ade.simulationMonitor] - Point Finished {"hostname": "vlsi43.blr.amrita.edu", "processid": 69147, "history": "ExplorerRun.0", "testname": "hanus_ring_vco_1", "cornername": "Nominal", "point": 1, "logfile": "/home/train/hanupro/logs_train/logs0/Job9.log"}
[2025-11-15 09:20:06.720 +0530] [PROCESS] [cadence.virtuoso.ade.simulationMonitor] - HostInfo:
Host name (type):	vlsi43.blr.amrita.edu (x86_64)
Operating system:	Linux 4.18.0-425.3.1.el8.x86_64 #1 SMP Fri Sep 30 11:45:06 EDT 2022 {"hostname": "vlsi43.blr.amrita.edu", "processid": 69147, "history": "ExplorerRun.0", "testname": "hanus_ring_vco_1", "cornername": "Nominal", "point": 1, "logfile": "/home/train/hanupro/logs_train/logs0/Job9.log", "nodename": "vlsi43.blr.amrita.edu", "domainname": "(none)", "machine": "x86_64", "sysname": "Linux", "release": "4.18.0-425.3.1.el8.x86_64", "version": "#1 SMP Fri Sep 30 11:45:06 EDT 2022"}
[2025-11-15 09:20:06.720 +0530] [PROCESS] [cadence.virtuoso.ade.simulationMonitor] - UsageInfo:
pid=69147
totalPhysicalMemory=15.338787GB,Used=5.072613GB,totalVirtualMemory=46.588783GB,Used=5.072613GB
Cpu: Cores=20, Load average:0.310000,0.160000,0.170000 {"hostname": "vlsi43.blr.amrita.edu", "processid": 69147, "history": "ExplorerRun.0", "testname": "hanus_ring_vco_1", "cornername": "Nominal", "point": 1, "logfile": "/home/train/hanupro/logs_train/logs0/Job9.log", "pid": "69147", "totalPhysicalMemory": "15.338787", "physicalMemoryUsed": "5.072613", "totalVirtualMemory": "46.588783", "virtualMemoryUsed": "5.072613", "cpuCores": "20", "processes": "1001", "loadAverage1": "0.310000", "loadAverage5": "0.160000", "loadAverage15": "0.170000", "loadAverage1Percent": "0.015500"}
[2025-11-15 09:20:06.720 +0530] [EVENT] [cadence.virtuoso.ade.simulationMonitor] - NewPoint {"history": "ExplorerRun.0", "point": 2, "testname": "hanus_ring_vco_1", "cornername": "Nominal", "event": "NewPoint", "EventSource": "Simulation Monitor", "HistoryName": "ExplorerRun.0", "logFile": "/home/train/hanupro/logs_train/logs0/Job9.log", "logFileSize": "15698"}
[2025-11-15 09:20:06.821 +0530] [EVENT] [cadence.virtuoso.ade.simulationMonitor] - NewPoint {"history": "ExplorerRun.0", "point": 2, "testname": "hanus_ring_vco_1", "cornername": "Nominal", "event": "NewPoint", "EventSource": "spectre", "HistoryName": "ExplorerRun.0", "logFile": "/home/train/simulation/hanus/ring_vco/maestro/results/maestro/ExplorerRun.0/2/hanus_ring_vco_1/psf/spectre.out", "logFileSize": "-1"}
[2025-11-15 09:20:06.824 +0530] [PROCESS] [cadence.virtuoso.ade.simulationMonitor] - Simulator launched {"hostname": "vlsi43.blr.amrita.edu", "processid": 69147, "history": "ExplorerRun.0", "testname": "hanus_ring_vco_1", "cornername": "Nominal", "point": 2, "logfile": "/home/train/hanupro/logs_train/logs0/Job9.log", "simid": "2"}
[2025-11-15 09:20:06.824 +0530] [PROCESS] [cadence.virtuoso.ade.simulationMonitor] - Started Simulation {"hostname": "vlsi43.blr.amrita.edu", "processid": 69147, "history": "ExplorerRun.0", "testname": "hanus_ring_vco_1", "cornername": "Nominal", "point": 2, "logfile": "/home/train/hanupro/logs_train/logs0/Job9.log", "event": "started", "task": "simulation"}
[2025-11-15 09:20:08.825 +0530] [INFO] [cadence.virtuoso.ade.simulationMonitor] - Peak resident memory used = 156 Mbytes. {"history": "ExplorerRun.0", "point": 2, "testname": "hanus_ring_vco_1", "cornername": "Nominal"}
[2025-11-15 09:20:08.825 +0530] [INFO] [cadence.virtuoso.ade.simulationMonitor] - Peak resident memory used = 170 Mbytes. {"history": "ExplorerRun.0", "point": 2, "testname": "hanus_ring_vco_1", "cornername": "Nominal"}
[2025-11-15 09:20:08.825 +0530] [INFO] [cadence.virtuoso.ade.simulationMonitor] - Notice from spectre during hierarchy flattening.
    The value 'psf' specified for the 'checklimitdest' option will no longer be supported in future releases. Use 'spectre -h' to see other recommended values for the 'checklimitdest' option. {"history": "ExplorerRun.0", "point": 2, "testname": "hanus_ring_vco_1", "cornername": "Nominal"}
[2025-11-15 09:20:08.825 +0530] [INFO] [cadence.virtuoso.ade.simulationMonitor] - Peak resident memory used = 172 Mbytes. {"history": "ExplorerRun.0", "point": 2, "testname": "hanus_ring_vco_1", "cornername": "Nominal"}
[2025-11-15 09:20:08.826 +0530] [INFO] [cadence.virtuoso.ade.simulationMonitor] - Notice from spectre during initial setup.
    Multithreading is disabled due to the size of the design being too small. {"history": "ExplorerRun.0", "point": 2, "testname": "hanus_ring_vco_1", "cornername": "Nominal"}
[2025-11-15 09:20:08.826 +0530] [INFO] [cadence.virtuoso.ade.simulationMonitor] -               nodes 17 {"history": "ExplorerRun.0", "point": 2, "testname": "hanus_ring_vco_1", "cornername": "Nominal"}
[2025-11-15 09:20:08.826 +0530] [INFO] [cadence.virtuoso.ade.simulationMonitor] - Notice from spectre during initial setup.
    APS enabled. {"history": "ExplorerRun.0", "point": 2, "testname": "hanus_ring_vco_1", "cornername": "Nominal"}
[2025-11-15 09:20:08.826 +0530] [INFO] [cadence.virtuoso.ade.simulationMonitor] - Peak resident memory used = 175 Mbytes. {"history": "ExplorerRun.0", "point": 2, "testname": "hanus_ring_vco_1", "cornername": "Nominal"}
[2025-11-15 09:20:08.826 +0530] [INFO] [cadence.virtuoso.ade.simulationMonitor] -    -   (APS) Multi-threading. The recommended number of threads is 1, consider adding +mt=1 on command line. {"history": "ExplorerRun.0", "point": 2, "testname": "hanus_ring_vco_1", "cornername": "Nominal"}
[2025-11-15 09:20:08.826 +0530] [INFO] [cadence.virtuoso.ade.simulationMonitor] - Notice from spectre.
    Multithreading is disabled due to the size of the design being too small. {"history": "ExplorerRun.0", "point": 2, "testname": "hanus_ring_vco_1", "cornername": "Nominal"}
[2025-11-15 09:20:09.326 +0530] [INFO] [cadence.virtuoso.ade.simulationMonitor] - Notice from spectre during IC analysis, during periodic steady state analysis `pss'.
    There are 1 IC nodes defined. {"history": "ExplorerRun.0", "point": 2, "testname": "hanus_ring_vco_1", "cornername": "Nominal"}
[2025-11-15 09:20:09.327 +0530] [INFO] [cadence.virtuoso.ade.simulationMonitor] - Notice from spectre during IC analysis, during periodic steady state analysis `pss'.
    Bad pivoting is found during DC analysis. Option dc_pivot_check=yes is recommended for possible improvement of convergence.
    Initial condition computed for node out is in error by 34.2696 uV.
        Decrease `rforce' to reduce error in computed initial conditions.  However, setting rforce too small may result in convergence difficulties or in the matrix becoming singular. {"history": "ExplorerRun.0", "point": 2, "testname": "hanus_ring_vco_1", "cornername": "Nominal"}
[2025-11-15 09:20:09.327 +0530] [INFO] [cadence.virtuoso.ade.simulationMonitor] - Total time required for tstab analysis `pss': CPU = 142.282 ms, elapsed = 163.126 ms. {"history": "ExplorerRun.0", "point": 2, "testname": "hanus_ring_vco_1", "cornername": "Nominal"}
[2025-11-15 09:20:09.327 +0530] [INFO] [cadence.virtuoso.ade.simulationMonitor] - Peak resident memory used = 179 Mbytes. {"history": "ExplorerRun.0", "point": 2, "testname": "hanus_ring_vco_1", "cornername": "Nominal"}
[2025-11-15 09:20:09.327 +0530] [INFO] [cadence.virtuoso.ade.simulationMonitor] - Total time required for pss analysis `pss': CPU = 215.934 ms, elapsed = 737.398 ms, util. = 29.3%. {"history": "ExplorerRun.0", "point": 2, "testname": "hanus_ring_vco_1", "cornername": "Nominal"}
[2025-11-15 09:20:09.327 +0530] [INFO] [cadence.virtuoso.ade.simulationMonitor] - Peak resident memory used = 181 Mbytes. {"history": "ExplorerRun.0", "point": 2, "testname": "hanus_ring_vco_1", "cornername": "Nominal"}
[2025-11-15 09:20:09.327 +0530] [INFO] [cadence.virtuoso.ade.simulationMonitor] - Notice from spectre during PNoise analysis `pnoise'.
    Multithreading is disabled due to the size of the design being too small.
    Use full spectrum for normal noise analysis.
    MaxSideband for colored noise sources (e.g. 1/f-noise) is not set, automatically  set it to 3. {"history": "ExplorerRun.0", "point": 2, "testname": "hanus_ring_vco_1", "cornername": "Nominal"}
[2025-11-15 09:20:09.827 +0530] [INFO] [cadence.virtuoso.ade.simulationMonitor] - Total time required for pnoise analysis `pnoise': CPU = 637.665 ms, elapsed = 269.598 ms, util. = 237%. {"history": "ExplorerRun.0", "point": 2, "testname": "hanus_ring_vco_1", "cornername": "Nominal"}
[2025-11-15 09:20:09.828 +0530] [INFO] [cadence.virtuoso.ade.simulationMonitor] - Peak resident memory used = 186 Mbytes. {"history": "ExplorerRun.0", "point": 2, "testname": "hanus_ring_vco_1", "cornername": "Nominal"}
[2025-11-15 09:20:09.828 +0530] [INFO] [cadence.virtuoso.ade.simulationMonitor] - Time used: CPU = 1.18 s, elapsed = 2.51 s, util. = 47.1%. {"history": "ExplorerRun.0", "point": 2, "testname": "hanus_ring_vco_1", "cornername": "Nominal"}
[2025-11-15 09:20:09.828 +0530] [INFO] [cadence.virtuoso.ade.simulationMonitor] - Time spent in licensing: elapsed = 1.57 s, percentage of total = 62.7%. {"history": "ExplorerRun.0", "point": 2, "testname": "hanus_ring_vco_1", "cornername": "Nominal"}
[2025-11-15 09:20:09.828 +0530] [INFO] [cadence.virtuoso.ade.simulationMonitor] - Peak memory used = 187 Mbytes. {"history": "ExplorerRun.0", "point": 2, "testname": "hanus_ring_vco_1", "cornername": "Nominal"}
[2025-11-15 09:20:09.828 +0530] [PROCESS] [cadence.virtuoso.ade.simulationMonitor] - Simulation started at: 9:20:06 AM, Sat Nov 15, 2025, ended at: 9:20:09 AM, Sat Nov 15, 2025, with elapsed time (wall clock): 2.51 s. {"history": "ExplorerRun.0", "point": 2, "testname": "hanus_ring_vco_1", "cornername": "Nominal"}
[2025-11-15 09:20:09.828 +0530] [PROCESS] [cadence.virtuoso.ade.simulationMonitor] - spectre completes with 0 errors, 0 warnings, and 11 notices. {"history": "ExplorerRun.0", "point": 2, "testname": "hanus_ring_vco_1", "cornername": "Nominal"}
[2025-11-15 09:20:09.828 +0530] [PROCESS] [cadence.virtuoso.ade.simulationMonitor] - Finished simulating for one point {"hostname": "vlsi43.blr.amrita.edu", "processid": 69147, "history": "ExplorerRun.0", "testname": "hanus_ring_vco_1", "cornername": "Nominal", "point": 2, "logfile": "/home/train/hanupro/logs_train/logs0/Job9.log", "simid": "2"}
[2025-11-15 09:20:09.829 +0530] [PROCESS] [cadence.virtuoso.ade.simulationMonitor] - Simulator exited {"hostname": "vlsi43.blr.amrita.edu", "processid": 69147, "history": "ExplorerRun.0", "testname": "hanus_ring_vco_1", "cornername": "Nominal", "point": 2, "logfile": "/home/train/hanupro/logs_train/logs0/Job9.log", "exitStatus": "0"}
[2025-11-15 09:20:09.829 +0530] [PROCESS] [cadence.virtuoso.ade.simulationMonitor] - Finished Simulation {"hostname": "vlsi43.blr.amrita.edu", "processid": 69147, "history": "ExplorerRun.0", "testname": "hanus_ring_vco_1", "cornername": "Nominal", "point": 2, "logfile": "/home/train/hanupro/logs_train/logs0/Job9.log", "simid": "2"}
[2025-11-15 09:20:10.333 +0530] [PROCESS] [cadence.virtuoso.ade.simulationMonitor] - Point Finished {"hostname": "vlsi43.blr.amrita.edu", "processid": 69147, "history": "ExplorerRun.0", "testname": "hanus_ring_vco_1", "cornername": "Nominal", "point": 2, "logfile": "/home/train/hanupro/logs_train/logs0/Job9.log"}
[2025-11-15 09:20:10.386 +0530] [PROCESS] [cadence.virtuoso.ade.simulationMonitor] - HostInfo:
Host name (type):	vlsi43.blr.amrita.edu (x86_64)
Operating system:	Linux 4.18.0-425.3.1.el8.x86_64 #1 SMP Fri Sep 30 11:45:06 EDT 2022 {"hostname": "vlsi43.blr.amrita.edu", "processid": 69147, "history": "ExplorerRun.0", "testname": "hanus_ring_vco_1", "cornername": "Nominal", "point": 2, "logfile": "/home/train/hanupro/logs_train/logs0/Job9.log", "nodename": "vlsi43.blr.amrita.edu", "domainname": "(none)", "machine": "x86_64", "sysname": "Linux", "release": "4.18.0-425.3.1.el8.x86_64", "version": "#1 SMP Fri Sep 30 11:45:06 EDT 2022"}
[2025-11-15 09:20:10.386 +0530] [PROCESS] [cadence.virtuoso.ade.simulationMonitor] - UsageInfo:
pid=69147
totalPhysicalMemory=15.338787GB,Used=5.083527GB,totalVirtualMemory=46.588783GB,Used=5.083527GB
Cpu: Cores=20, Load average:0.360000,0.180000,0.180000 {"hostname": "vlsi43.blr.amrita.edu", "processid": 69147, "history": "ExplorerRun.0", "testname": "hanus_ring_vco_1", "cornername": "Nominal", "point": 2, "logfile": "/home/train/hanupro/logs_train/logs0/Job9.log", "pid": "69147", "totalPhysicalMemory": "15.338787", "physicalMemoryUsed": "5.083527", "totalVirtualMemory": "46.588783", "virtualMemoryUsed": "5.083527", "cpuCores": "20", "processes": "1004", "loadAverage1": "0.360000", "loadAverage5": "0.180000", "loadAverage15": "0.180000", "loadAverage1Percent": "0.018000"}
[2025-11-15 09:20:10.387 +0530] [EVENT] [cadence.virtuoso.ade.simulationMonitor] - NewPoint {"history": "ExplorerRun.0", "point": 3, "testname": "hanus_ring_vco_1", "cornername": "Nominal", "event": "NewPoint", "EventSource": "Simulation Monitor", "HistoryName": "ExplorerRun.0", "logFile": "/home/train/hanupro/logs_train/logs0/Job9.log", "logFileSize": "26692"}
[2025-11-15 09:20:10.487 +0530] [EVENT] [cadence.virtuoso.ade.simulationMonitor] - NewPoint {"history": "ExplorerRun.0", "point": 3, "testname": "hanus_ring_vco_1", "cornername": "Nominal", "event": "NewPoint", "EventSource": "spectre", "HistoryName": "ExplorerRun.0", "logFile": "/home/train/simulation/hanus/ring_vco/maestro/results/maestro/ExplorerRun.0/3/hanus_ring_vco_1/psf/spectre.out", "logFileSize": "-1"}
[2025-11-15 09:20:10.490 +0530] [PROCESS] [cadence.virtuoso.ade.simulationMonitor] - Simulator launched {"hostname": "vlsi43.blr.amrita.edu", "processid": 69147, "history": "ExplorerRun.0", "testname": "hanus_ring_vco_1", "cornername": "Nominal", "point": 3, "logfile": "/home/train/hanupro/logs_train/logs0/Job9.log", "simid": "3"}
[2025-11-15 09:20:10.490 +0530] [PROCESS] [cadence.virtuoso.ade.simulationMonitor] - Started Simulation {"hostname": "vlsi43.blr.amrita.edu", "processid": 69147, "history": "ExplorerRun.0", "testname": "hanus_ring_vco_1", "cornername": "Nominal", "point": 3, "logfile": "/home/train/hanupro/logs_train/logs0/Job9.log", "event": "started", "task": "simulation"}
[2025-11-15 09:20:12.492 +0530] [INFO] [cadence.virtuoso.ade.simulationMonitor] - Peak resident memory used = 156 Mbytes. {"history": "ExplorerRun.0", "point": 3, "testname": "hanus_ring_vco_1", "cornername": "Nominal"}
[2025-11-15 09:20:12.492 +0530] [INFO] [cadence.virtuoso.ade.simulationMonitor] - Peak resident memory used = 170 Mbytes. {"history": "ExplorerRun.0", "point": 3, "testname": "hanus_ring_vco_1", "cornername": "Nominal"}
[2025-11-15 09:20:12.492 +0530] [INFO] [cadence.virtuoso.ade.simulationMonitor] - Notice from spectre during hierarchy flattening.
    The value 'psf' specified for the 'checklimitdest' option will no longer be supported in future releases. Use 'spectre -h' to see other recommended values for the 'checklimitdest' option. {"history": "ExplorerRun.0", "point": 3, "testname": "hanus_ring_vco_1", "cornername": "Nominal"}
[2025-11-15 09:20:12.492 +0530] [INFO] [cadence.virtuoso.ade.simulationMonitor] - Peak resident memory used = 172 Mbytes. {"history": "ExplorerRun.0", "point": 3, "testname": "hanus_ring_vco_1", "cornername": "Nominal"}
[2025-11-15 09:20:12.492 +0530] [INFO] [cadence.virtuoso.ade.simulationMonitor] - Notice from spectre during initial setup.
    Multithreading is disabled due to the size of the design being too small. {"history": "ExplorerRun.0", "point": 3, "testname": "hanus_ring_vco_1", "cornername": "Nominal"}
[2025-11-15 09:20:12.493 +0530] [INFO] [cadence.virtuoso.ade.simulationMonitor] -               nodes 17 {"history": "ExplorerRun.0", "point": 3, "testname": "hanus_ring_vco_1", "cornername": "Nominal"}
[2025-11-15 09:20:12.493 +0530] [INFO] [cadence.virtuoso.ade.simulationMonitor] - Notice from spectre during initial setup.
    APS enabled. {"history": "ExplorerRun.0", "point": 3, "testname": "hanus_ring_vco_1", "cornername": "Nominal"}
[2025-11-15 09:20:12.493 +0530] [INFO] [cadence.virtuoso.ade.simulationMonitor] - Peak resident memory used = 174 Mbytes. {"history": "ExplorerRun.0", "point": 3, "testname": "hanus_ring_vco_1", "cornername": "Nominal"}
[2025-11-15 09:20:12.493 +0530] [INFO] [cadence.virtuoso.ade.simulationMonitor] -    -   (APS) Multi-threading. The recommended number of threads is 1, consider adding +mt=1 on command line. {"history": "ExplorerRun.0", "point": 3, "testname": "hanus_ring_vco_1", "cornername": "Nominal"}
[2025-11-15 09:20:12.493 +0530] [INFO] [cadence.virtuoso.ade.simulationMonitor] - Notice from spectre.
    Multithreading is disabled due to the size of the design being too small. {"history": "ExplorerRun.0", "point": 3, "testname": "hanus_ring_vco_1", "cornername": "Nominal"}
[2025-11-15 09:20:12.993 +0530] [INFO] [cadence.virtuoso.ade.simulationMonitor] - Notice from spectre during IC analysis, during periodic steady state analysis `pss'.
    There are 1 IC nodes defined. {"history": "ExplorerRun.0", "point": 3, "testname": "hanus_ring_vco_1", "cornername": "Nominal"}
[2025-11-15 09:20:12.993 +0530] [INFO] [cadence.virtuoso.ade.simulationMonitor] - Notice from spectre during IC analysis, during periodic steady state analysis `pss'.
    Bad pivoting is found during DC analysis. Option dc_pivot_check=yes is recommended for possible improvement of convergence.
    Initial condition computed for node out is in error by 34.2696 uV.
        Decrease `rforce' to reduce error in computed initial conditions.  However, setting rforce too small may result in convergence difficulties or in the matrix becoming singular. {"history": "ExplorerRun.0", "point": 3, "testname": "hanus_ring_vco_1", "cornername": "Nominal"}
[2025-11-15 09:20:12.993 +0530] [INFO] [cadence.virtuoso.ade.simulationMonitor] - Total time required for tstab analysis `pss': CPU = 169.768 ms, elapsed = 180.818 ms. {"history": "ExplorerRun.0", "point": 3, "testname": "hanus_ring_vco_1", "cornername": "Nominal"}
[2025-11-15 09:20:12.993 +0530] [INFO] [cadence.virtuoso.ade.simulationMonitor] - Peak resident memory used = 178 Mbytes. {"history": "ExplorerRun.0", "point": 3, "testname": "hanus_ring_vco_1", "cornername": "Nominal"}
[2025-11-15 09:20:12.994 +0530] [INFO] [cadence.virtuoso.ade.simulationMonitor] - Total time required for pss analysis `pss': CPU = 223.738 ms, elapsed = 753.132 ms, util. = 29.7%. {"history": "ExplorerRun.0", "point": 3, "testname": "hanus_ring_vco_1", "cornername": "Nominal"}
[2025-11-15 09:20:12.994 +0530] [INFO] [cadence.virtuoso.ade.simulationMonitor] - Peak resident memory used = 180 Mbytes. {"history": "ExplorerRun.0", "point": 3, "testname": "hanus_ring_vco_1", "cornername": "Nominal"}
[2025-11-15 09:20:12.994 +0530] [INFO] [cadence.virtuoso.ade.simulationMonitor] - Notice from spectre during PNoise analysis `pnoise'.
    Multithreading is disabled due to the size of the design being too small.
    Use full spectrum for normal noise analysis.
    MaxSideband for colored noise sources (e.g. 1/f-noise) is not set, automatically  set it to 3. {"history": "ExplorerRun.0", "point": 3, "testname": "hanus_ring_vco_1", "cornername": "Nominal"}
[2025-11-15 09:20:13.494 +0530] [INFO] [cadence.virtuoso.ade.simulationMonitor] - Total time required for pnoise analysis `pnoise': CPU = 556.12 ms, elapsed = 266.745 ms, util. = 208%. {"history": "ExplorerRun.0", "point": 3, "testname": "hanus_ring_vco_1", "cornername": "Nominal"}
[2025-11-15 09:20:13.495 +0530] [INFO] [cadence.virtuoso.ade.simulationMonitor] - Peak resident memory used = 185 Mbytes. {"history": "ExplorerRun.0", "point": 3, "testname": "hanus_ring_vco_1", "cornername": "Nominal"}
[2025-11-15 09:20:13.495 +0530] [INFO] [cadence.virtuoso.ade.simulationMonitor] - Time used: CPU = 1.11 s, elapsed = 2.54 s, util. = 43.8%. {"history": "ExplorerRun.0", "point": 3, "testname": "hanus_ring_vco_1", "cornername": "Nominal"}
[2025-11-15 09:20:13.495 +0530] [INFO] [cadence.virtuoso.ade.simulationMonitor] - Time spent in licensing: elapsed = 1.59 s, percentage of total = 62.5%. {"history": "ExplorerRun.0", "point": 3, "testname": "hanus_ring_vco_1", "cornername": "Nominal"}
[2025-11-15 09:20:13.495 +0530] [INFO] [cadence.virtuoso.ade.simulationMonitor] - Peak memory used = 186 Mbytes. {"history": "ExplorerRun.0", "point": 3, "testname": "hanus_ring_vco_1", "cornername": "Nominal"}
[2025-11-15 09:20:13.495 +0530] [PROCESS] [cadence.virtuoso.ade.simulationMonitor] - Simulation started at: 9:20:10 AM, Sat Nov 15, 2025, ended at: 9:20:13 AM, Sat Nov 15, 2025, with elapsed time (wall clock): 2.54 s. {"history": "ExplorerRun.0", "point": 3, "testname": "hanus_ring_vco_1", "cornername": "Nominal"}
[2025-11-15 09:20:13.495 +0530] [PROCESS] [cadence.virtuoso.ade.simulationMonitor] - spectre completes with 0 errors, 0 warnings, and 11 notices. {"history": "ExplorerRun.0", "point": 3, "testname": "hanus_ring_vco_1", "cornername": "Nominal"}
[2025-11-15 09:20:13.495 +0530] [PROCESS] [cadence.virtuoso.ade.simulationMonitor] - Finished simulating for one point {"hostname": "vlsi43.blr.amrita.edu", "processid": 69147, "history": "ExplorerRun.0", "testname": "hanus_ring_vco_1", "cornername": "Nominal", "point": 3, "logfile": "/home/train/hanupro/logs_train/logs0/Job9.log", "simid": "3"}
[2025-11-15 09:20:13.495 +0530] [PROCESS] [cadence.virtuoso.ade.simulationMonitor] - Simulator exited {"hostname": "vlsi43.blr.amrita.edu", "processid": 69147, "history": "ExplorerRun.0", "testname": "hanus_ring_vco_1", "cornername": "Nominal", "point": 3, "logfile": "/home/train/hanupro/logs_train/logs0/Job9.log", "exitStatus": "0"}
[2025-11-15 09:20:13.495 +0530] [PROCESS] [cadence.virtuoso.ade.simulationMonitor] - Finished Simulation {"hostname": "vlsi43.blr.amrita.edu", "processid": 69147, "history": "ExplorerRun.0", "testname": "hanus_ring_vco_1", "cornername": "Nominal", "point": 3, "logfile": "/home/train/hanupro/logs_train/logs0/Job9.log", "simid": "3"}
[2025-11-15 09:20:13.999 +0530] [PROCESS] [cadence.virtuoso.ade.simulationMonitor] - Point Finished {"hostname": "vlsi43.blr.amrita.edu", "processid": 69147, "history": "ExplorerRun.0", "testname": "hanus_ring_vco_1", "cornername": "Nominal", "point": 3, "logfile": "/home/train/hanupro/logs_train/logs0/Job9.log"}
[2025-11-15 09:20:14.055 +0530] [PROCESS] [cadence.virtuoso.ade.simulationMonitor] - HostInfo:
Host name (type):	vlsi43.blr.amrita.edu (x86_64)
Operating system:	Linux 4.18.0-425.3.1.el8.x86_64 #1 SMP Fri Sep 30 11:45:06 EDT 2022 {"hostname": "vlsi43.blr.amrita.edu", "processid": 69147, "history": "ExplorerRun.0", "testname": "hanus_ring_vco_1", "cornername": "Nominal", "point": 3, "logfile": "/home/train/hanupro/logs_train/logs0/Job9.log", "nodename": "vlsi43.blr.amrita.edu", "domainname": "(none)", "machine": "x86_64", "sysname": "Linux", "release": "4.18.0-425.3.1.el8.x86_64", "version": "#1 SMP Fri Sep 30 11:45:06 EDT 2022"}
[2025-11-15 09:20:14.055 +0530] [PROCESS] [cadence.virtuoso.ade.simulationMonitor] - UsageInfo:
pid=69147
totalPhysicalMemory=15.338787GB,Used=5.085407GB,totalVirtualMemory=46.588783GB,Used=5.085407GB
Cpu: Cores=20, Load average:0.330000,0.170000,0.180000 {"hostname": "vlsi43.blr.amrita.edu", "processid": 69147, "history": "ExplorerRun.0", "testname": "hanus_ring_vco_1", "cornername": "Nominal", "point": 3, "logfile": "/home/train/hanupro/logs_train/logs0/Job9.log", "pid": "69147", "totalPhysicalMemory": "15.338787", "physicalMemoryUsed": "5.085407", "totalVirtualMemory": "46.588783", "virtualMemoryUsed": "5.085407", "cpuCores": "20", "processes": "1006", "loadAverage1": "0.330000", "loadAverage5": "0.170000", "loadAverage15": "0.180000", "loadAverage1Percent": "0.016500"}
[2025-11-15 09:20:14.055 +0530] [EVENT] [cadence.virtuoso.ade.simulationMonitor] - NewPoint {"history": "ExplorerRun.0", "point": 4, "testname": "hanus_ring_vco_1", "cornername": "Nominal", "event": "NewPoint", "EventSource": "Simulation Monitor", "HistoryName": "ExplorerRun.0", "logFile": "/home/train/hanupro/logs_train/logs0/Job9.log", "logFileSize": "37685"}
[2025-11-15 09:20:14.156 +0530] [EVENT] [cadence.virtuoso.ade.simulationMonitor] - NewPoint {"history": "ExplorerRun.0", "point": 4, "testname": "hanus_ring_vco_1", "cornername": "Nominal", "event": "NewPoint", "EventSource": "spectre", "HistoryName": "ExplorerRun.0", "logFile": "/home/train/simulation/hanus/ring_vco/maestro/results/maestro/ExplorerRun.0/4/hanus_ring_vco_1/psf/spectre.out", "logFileSize": "-1"}
[2025-11-15 09:20:14.159 +0530] [PROCESS] [cadence.virtuoso.ade.simulationMonitor] - Simulator launched {"hostname": "vlsi43.blr.amrita.edu", "processid": 69147, "history": "ExplorerRun.0", "testname": "hanus_ring_vco_1", "cornername": "Nominal", "point": 4, "logfile": "/home/train/hanupro/logs_train/logs0/Job9.log", "simid": "4"}
[2025-11-15 09:20:14.159 +0530] [PROCESS] [cadence.virtuoso.ade.simulationMonitor] - Started Simulation {"hostname": "vlsi43.blr.amrita.edu", "processid": 69147, "history": "ExplorerRun.0", "testname": "hanus_ring_vco_1", "cornername": "Nominal", "point": 4, "logfile": "/home/train/hanupro/logs_train/logs0/Job9.log", "event": "started", "task": "simulation"}
[2025-11-15 09:20:16.160 +0530] [INFO] [cadence.virtuoso.ade.simulationMonitor] - Peak resident memory used = 151 Mbytes. {"history": "ExplorerRun.0", "point": 4, "testname": "hanus_ring_vco_1", "cornername": "Nominal"}
[2025-11-15 09:20:16.161 +0530] [INFO] [cadence.virtuoso.ade.simulationMonitor] - Peak resident memory used = 164 Mbytes. {"history": "ExplorerRun.0", "point": 4, "testname": "hanus_ring_vco_1", "cornername": "Nominal"}
[2025-11-15 09:20:16.161 +0530] [INFO] [cadence.virtuoso.ade.simulationMonitor] - Notice from spectre during hierarchy flattening.
    The value 'psf' specified for the 'checklimitdest' option will no longer be supported in future releases. Use 'spectre -h' to see other recommended values for the 'checklimitdest' option. {"history": "ExplorerRun.0", "point": 4, "testname": "hanus_ring_vco_1", "cornername": "Nominal"}
[2025-11-15 09:20:16.161 +0530] [INFO] [cadence.virtuoso.ade.simulationMonitor] - Peak resident memory used = 166 Mbytes. {"history": "ExplorerRun.0", "point": 4, "testname": "hanus_ring_vco_1", "cornername": "Nominal"}
[2025-11-15 09:20:16.161 +0530] [INFO] [cadence.virtuoso.ade.simulationMonitor] - Notice from spectre during initial setup.
    Multithreading is disabled due to the size of the design being too small. {"history": "ExplorerRun.0", "point": 4, "testname": "hanus_ring_vco_1", "cornername": "Nominal"}
[2025-11-15 09:20:16.161 +0530] [INFO] [cadence.virtuoso.ade.simulationMonitor] -               nodes 17 {"history": "ExplorerRun.0", "point": 4, "testname": "hanus_ring_vco_1", "cornername": "Nominal"}
[2025-11-15 09:20:16.161 +0530] [INFO] [cadence.virtuoso.ade.simulationMonitor] - Notice from spectre during initial setup.
    APS enabled. {"history": "ExplorerRun.0", "point": 4, "testname": "hanus_ring_vco_1", "cornername": "Nominal"}
[2025-11-15 09:20:16.161 +0530] [INFO] [cadence.virtuoso.ade.simulationMonitor] - Peak resident memory used = 169 Mbytes. {"history": "ExplorerRun.0", "point": 4, "testname": "hanus_ring_vco_1", "cornername": "Nominal"}
[2025-11-15 09:20:16.162 +0530] [INFO] [cadence.virtuoso.ade.simulationMonitor] -    -   (APS) Multi-threading. The recommended number of threads is 1, consider adding +mt=1 on command line. {"history": "ExplorerRun.0", "point": 4, "testname": "hanus_ring_vco_1", "cornername": "Nominal"}
[2025-11-15 09:20:16.162 +0530] [INFO] [cadence.virtuoso.ade.simulationMonitor] - Notice from spectre.
    Multithreading is disabled due to the size of the design being too small. {"history": "ExplorerRun.0", "point": 4, "testname": "hanus_ring_vco_1", "cornername": "Nominal"}
[2025-11-15 09:20:16.662 +0530] [INFO] [cadence.virtuoso.ade.simulationMonitor] - Notice from spectre during IC analysis, during periodic steady state analysis `pss'.
    There are 1 IC nodes defined. {"history": "ExplorerRun.0", "point": 4, "testname": "hanus_ring_vco_1", "cornername": "Nominal"}
[2025-11-15 09:20:16.662 +0530] [INFO] [cadence.virtuoso.ade.simulationMonitor] - Notice from spectre during IC analysis, during periodic steady state analysis `pss'.
    Bad pivoting is found during DC analysis. Option dc_pivot_check=yes is recommended for possible improvement of convergence.
    Initial condition computed for node out is in error by 34.2696 uV.
        Decrease `rforce' to reduce error in computed initial conditions.  However, setting rforce too small may result in convergence difficulties or in the matrix becoming singular. {"history": "ExplorerRun.0", "point": 4, "testname": "hanus_ring_vco_1", "cornername": "Nominal"}
[2025-11-15 09:20:16.662 +0530] [INFO] [cadence.virtuoso.ade.simulationMonitor] - Total time required for tstab analysis `pss': CPU = 195.477 ms, elapsed = 214.291 ms. {"history": "ExplorerRun.0", "point": 4, "testname": "hanus_ring_vco_1", "cornername": "Nominal"}
[2025-11-15 09:20:16.662 +0530] [INFO] [cadence.virtuoso.ade.simulationMonitor] - Peak resident memory used = 173 Mbytes. {"history": "ExplorerRun.0", "point": 4, "testname": "hanus_ring_vco_1", "cornername": "Nominal"}
[2025-11-15 09:20:16.662 +0530] [INFO] [cadence.virtuoso.ade.simulationMonitor] - Total time required for pss analysis `pss': CPU = 273.09 ms, elapsed = 818.739 ms, util. = 33.4%. {"history": "ExplorerRun.0", "point": 4, "testname": "hanus_ring_vco_1", "cornername": "Nominal"}
[2025-11-15 09:20:16.662 +0530] [INFO] [cadence.virtuoso.ade.simulationMonitor] - Peak resident memory used = 175 Mbytes. {"history": "ExplorerRun.0", "point": 4, "testname": "hanus_ring_vco_1", "cornername": "Nominal"}
[2025-11-15 09:20:16.662 +0530] [INFO] [cadence.virtuoso.ade.simulationMonitor] - Notice from spectre during PNoise analysis `pnoise'.
    Multithreading is disabled due to the size of the design being too small.
    Use full spectrum for normal noise analysis.
    MaxSideband for colored noise sources (e.g. 1/f-noise) is not set, automatically  set it to 3. {"history": "ExplorerRun.0", "point": 4, "testname": "hanus_ring_vco_1", "cornername": "Nominal"}
[2025-11-15 09:20:17.163 +0530] [INFO] [cadence.virtuoso.ade.simulationMonitor] - Total time required for pnoise analysis `pnoise': CPU = 612.311 ms, elapsed = 271.16 ms, util. = 226%. {"history": "ExplorerRun.0", "point": 4, "testname": "hanus_ring_vco_1", "cornername": "Nominal"}
[2025-11-15 09:20:17.163 +0530] [INFO] [cadence.virtuoso.ade.simulationMonitor] - Peak resident memory used = 180 Mbytes. {"history": "ExplorerRun.0", "point": 4, "testname": "hanus_ring_vco_1", "cornername": "Nominal"}
[2025-11-15 09:20:17.163 +0530] [INFO] [cadence.virtuoso.ade.simulationMonitor] - Time used: CPU = 1.21 s, elapsed = 2.62 s, util. = 46.4%. {"history": "ExplorerRun.0", "point": 4, "testname": "hanus_ring_vco_1", "cornername": "Nominal"}
[2025-11-15 09:20:17.164 +0530] [INFO] [cadence.virtuoso.ade.simulationMonitor] - Time spent in licensing: elapsed = 1.6 s, percentage of total = 61.1%. {"history": "ExplorerRun.0", "point": 4, "testname": "hanus_ring_vco_1", "cornername": "Nominal"}
[2025-11-15 09:20:17.164 +0530] [INFO] [cadence.virtuoso.ade.simulationMonitor] - Peak memory used = 181 Mbytes. {"history": "ExplorerRun.0", "point": 4, "testname": "hanus_ring_vco_1", "cornername": "Nominal"}
[2025-11-15 09:20:17.164 +0530] [PROCESS] [cadence.virtuoso.ade.simulationMonitor] - Simulation started at: 9:20:14 AM, Sat Nov 15, 2025, ended at: 9:20:16 AM, Sat Nov 15, 2025, with elapsed time (wall clock): 2.62 s. {"history": "ExplorerRun.0", "point": 4, "testname": "hanus_ring_vco_1", "cornername": "Nominal"}
[2025-11-15 09:20:17.164 +0530] [PROCESS] [cadence.virtuoso.ade.simulationMonitor] - spectre completes with 0 errors, 0 warnings, and 11 notices. {"history": "ExplorerRun.0", "point": 4, "testname": "hanus_ring_vco_1", "cornername": "Nominal"}
[2025-11-15 09:20:17.164 +0530] [PROCESS] [cadence.virtuoso.ade.simulationMonitor] - Finished simulating for one point {"hostname": "vlsi43.blr.amrita.edu", "processid": 69147, "history": "ExplorerRun.0", "testname": "hanus_ring_vco_1", "cornername": "Nominal", "point": 4, "logfile": "/home/train/hanupro/logs_train/logs0/Job9.log", "simid": "4"}
[2025-11-15 09:20:17.164 +0530] [PROCESS] [cadence.virtuoso.ade.simulationMonitor] - Simulator exited {"hostname": "vlsi43.blr.amrita.edu", "processid": 69147, "history": "ExplorerRun.0", "testname": "hanus_ring_vco_1", "cornername": "Nominal", "point": 4, "logfile": "/home/train/hanupro/logs_train/logs0/Job9.log", "exitStatus": "0"}
[2025-11-15 09:20:17.164 +0530] [PROCESS] [cadence.virtuoso.ade.simulationMonitor] - Finished Simulation {"hostname": "vlsi43.blr.amrita.edu", "processid": 69147, "history": "ExplorerRun.0", "testname": "hanus_ring_vco_1", "cornername": "Nominal", "point": 4, "logfile": "/home/train/hanupro/logs_train/logs0/Job9.log", "simid": "4"}
[2025-11-15 09:20:17.668 +0530] [PROCESS] [cadence.virtuoso.ade.simulationMonitor] - Point Finished {"hostname": "vlsi43.blr.amrita.edu", "processid": 69147, "history": "ExplorerRun.0", "testname": "hanus_ring_vco_1", "cornername": "Nominal", "point": 4, "logfile": "/home/train/hanupro/logs_train/logs0/Job9.log"}
[2025-11-15 09:20:17.721 +0530] [PROCESS] [cadence.virtuoso.ade.simulationMonitor] - HostInfo:
Host name (type):	vlsi43.blr.amrita.edu (x86_64)
Operating system:	Linux 4.18.0-425.3.1.el8.x86_64 #1 SMP Fri Sep 30 11:45:06 EDT 2022 {"hostname": "vlsi43.blr.amrita.edu", "processid": 69147, "history": "ExplorerRun.0", "testname": "hanus_ring_vco_1", "cornername": "Nominal", "point": 4, "logfile": "/home/train/hanupro/logs_train/logs0/Job9.log", "nodename": "vlsi43.blr.amrita.edu", "domainname": "(none)", "machine": "x86_64", "sysname": "Linux", "release": "4.18.0-425.3.1.el8.x86_64", "version": "#1 SMP Fri Sep 30 11:45:06 EDT 2022"}
[2025-11-15 09:20:17.721 +0530] [PROCESS] [cadence.virtuoso.ade.simulationMonitor] - UsageInfo:
pid=69147
totalPhysicalMemory=15.338787GB,Used=5.093147GB,totalVirtualMemory=46.588783GB,Used=5.093147GB
Cpu: Cores=20, Load average:0.310000,0.170000,0.170000 {"hostname": "vlsi43.blr.amrita.edu", "processid": 69147, "history": "ExplorerRun.0", "testname": "hanus_ring_vco_1", "cornername": "Nominal", "point": 4, "logfile": "/home/train/hanupro/logs_train/logs0/Job9.log", "pid": "69147", "totalPhysicalMemory": "15.338787", "physicalMemoryUsed": "5.093147", "totalVirtualMemory": "46.588783", "virtualMemoryUsed": "5.093147", "cpuCores": "20", "processes": "1006", "loadAverage1": "0.310000", "loadAverage5": "0.170000", "loadAverage15": "0.170000", "loadAverage1Percent": "0.015500"}
[2025-11-15 09:20:17.721 +0530] [EVENT] [cadence.virtuoso.ade.simulationMonitor] - NewPoint {"history": "ExplorerRun.0", "point": 5, "testname": "hanus_ring_vco_1", "cornername": "Nominal", "event": "NewPoint", "EventSource": "Simulation Monitor", "HistoryName": "ExplorerRun.0", "logFile": "/home/train/hanupro/logs_train/logs0/Job9.log", "logFileSize": "48676"}
[2025-11-15 09:20:17.822 +0530] [EVENT] [cadence.virtuoso.ade.simulationMonitor] - NewPoint {"history": "ExplorerRun.0", "point": 5, "testname": "hanus_ring_vco_1", "cornername": "Nominal", "event": "NewPoint", "EventSource": "spectre", "HistoryName": "ExplorerRun.0", "logFile": "/home/train/simulation/hanus/ring_vco/maestro/results/maestro/ExplorerRun.0/5/hanus_ring_vco_1/psf/spectre.out", "logFileSize": "-1"}
[2025-11-15 09:20:17.825 +0530] [PROCESS] [cadence.virtuoso.ade.simulationMonitor] - Simulator launched {"hostname": "vlsi43.blr.amrita.edu", "processid": 69147, "history": "ExplorerRun.0", "testname": "hanus_ring_vco_1", "cornername": "Nominal", "point": 5, "logfile": "/home/train/hanupro/logs_train/logs0/Job9.log", "simid": "5"}
[2025-11-15 09:20:17.825 +0530] [PROCESS] [cadence.virtuoso.ade.simulationMonitor] - Started Simulation {"hostname": "vlsi43.blr.amrita.edu", "processid": 69147, "history": "ExplorerRun.0", "testname": "hanus_ring_vco_1", "cornername": "Nominal", "point": 5, "logfile": "/home/train/hanupro/logs_train/logs0/Job9.log", "event": "started", "task": "simulation"}
[2025-11-15 09:20:19.826 +0530] [INFO] [cadence.virtuoso.ade.simulationMonitor] - Peak resident memory used = 155 Mbytes. {"history": "ExplorerRun.0", "point": 5, "testname": "hanus_ring_vco_1", "cornername": "Nominal"}
[2025-11-15 09:20:19.826 +0530] [INFO] [cadence.virtuoso.ade.simulationMonitor] - Peak resident memory used = 169 Mbytes. {"history": "ExplorerRun.0", "point": 5, "testname": "hanus_ring_vco_1", "cornername": "Nominal"}
[2025-11-15 09:20:19.826 +0530] [INFO] [cadence.virtuoso.ade.simulationMonitor] - Notice from spectre during hierarchy flattening.
    The value 'psf' specified for the 'checklimitdest' option will no longer be supported in future releases. Use 'spectre -h' to see other recommended values for the 'checklimitdest' option. {"history": "ExplorerRun.0", "point": 5, "testname": "hanus_ring_vco_1", "cornername": "Nominal"}
[2025-11-15 09:20:19.826 +0530] [INFO] [cadence.virtuoso.ade.simulationMonitor] - Peak resident memory used = 171 Mbytes. {"history": "ExplorerRun.0", "point": 5, "testname": "hanus_ring_vco_1", "cornername": "Nominal"}
[2025-11-15 09:20:19.827 +0530] [INFO] [cadence.virtuoso.ade.simulationMonitor] - Notice from spectre during initial setup.
    Multithreading is disabled due to the size of the design being too small. {"history": "ExplorerRun.0", "point": 5, "testname": "hanus_ring_vco_1", "cornername": "Nominal"}
[2025-11-15 09:20:19.827 +0530] [INFO] [cadence.virtuoso.ade.simulationMonitor] -               nodes 17 {"history": "ExplorerRun.0", "point": 5, "testname": "hanus_ring_vco_1", "cornername": "Nominal"}
[2025-11-15 09:20:19.827 +0530] [INFO] [cadence.virtuoso.ade.simulationMonitor] - Notice from spectre during initial setup.
    APS enabled. {"history": "ExplorerRun.0", "point": 5, "testname": "hanus_ring_vco_1", "cornername": "Nominal"}
[2025-11-15 09:20:19.827 +0530] [INFO] [cadence.virtuoso.ade.simulationMonitor] - Peak resident memory used = 174 Mbytes. {"history": "ExplorerRun.0", "point": 5, "testname": "hanus_ring_vco_1", "cornername": "Nominal"}
[2025-11-15 09:20:19.827 +0530] [INFO] [cadence.virtuoso.ade.simulationMonitor] -    -   (APS) Multi-threading. The recommended number of threads is 1, consider adding +mt=1 on command line. {"history": "ExplorerRun.0", "point": 5, "testname": "hanus_ring_vco_1", "cornername": "Nominal"}
[2025-11-15 09:20:19.827 +0530] [INFO] [cadence.virtuoso.ade.simulationMonitor] - Notice from spectre.
    Multithreading is disabled due to the size of the design being too small. {"history": "ExplorerRun.0", "point": 5, "testname": "hanus_ring_vco_1", "cornername": "Nominal"}
[2025-11-15 09:20:20.327 +0530] [INFO] [cadence.virtuoso.ade.simulationMonitor] - Notice from spectre during IC analysis, during periodic steady state analysis `pss'.
    There are 1 IC nodes defined. {"history": "ExplorerRun.0", "point": 5, "testname": "hanus_ring_vco_1", "cornername": "Nominal"}
[2025-11-15 09:20:20.328 +0530] [INFO] [cadence.virtuoso.ade.simulationMonitor] - Notice from spectre during IC analysis, during periodic steady state analysis `pss'.
    Bad pivoting is found during DC analysis. Option dc_pivot_check=yes is recommended for possible improvement of convergence.
    Initial condition computed for node out is in error by 34.2696 uV.
        Decrease `rforce' to reduce error in computed initial conditions.  However, setting rforce too small may result in convergence difficulties or in the matrix becoming singular. {"history": "ExplorerRun.0", "point": 5, "testname": "hanus_ring_vco_1", "cornername": "Nominal"}
[2025-11-15 09:20:20.828 +0530] [INFO] [cadence.virtuoso.ade.simulationMonitor] - Total time required for tstab analysis `pss': CPU = 168.71 ms, elapsed = 188.714 ms. {"history": "ExplorerRun.0", "point": 5, "testname": "hanus_ring_vco_1", "cornername": "Nominal"}
[2025-11-15 09:20:20.829 +0530] [INFO] [cadence.virtuoso.ade.simulationMonitor] - Peak resident memory used = 177 Mbytes. {"history": "ExplorerRun.0", "point": 5, "testname": "hanus_ring_vco_1", "cornername": "Nominal"}
[2025-11-15 09:20:20.829 +0530] [INFO] [cadence.virtuoso.ade.simulationMonitor] - Total time required for pss analysis `pss': CPU = 243 ms, elapsed = 807.251 ms, util. = 30.1%. {"history": "ExplorerRun.0", "point": 5, "testname": "hanus_ring_vco_1", "cornername": "Nominal"}
[2025-11-15 09:20:20.829 +0530] [INFO] [cadence.virtuoso.ade.simulationMonitor] - Peak resident memory used = 179 Mbytes. {"history": "ExplorerRun.0", "point": 5, "testname": "hanus_ring_vco_1", "cornername": "Nominal"}
[2025-11-15 09:20:20.829 +0530] [INFO] [cadence.virtuoso.ade.simulationMonitor] - Notice from spectre during PNoise analysis `pnoise'.
    Multithreading is disabled due to the size of the design being too small.
    Use full spectrum for normal noise analysis.
    MaxSideband for colored noise sources (e.g. 1/f-noise) is not set, automatically  set it to 3. {"history": "ExplorerRun.0", "point": 5, "testname": "hanus_ring_vco_1", "cornername": "Nominal"}
[2025-11-15 09:20:21.330 +0530] [INFO] [cadence.virtuoso.ade.simulationMonitor] - Total time required for pnoise analysis `pnoise': CPU = 676.34 ms, elapsed = 275.373 ms, util. = 246%. {"history": "ExplorerRun.0", "point": 5, "testname": "hanus_ring_vco_1", "cornername": "Nominal"}
[2025-11-15 09:20:21.330 +0530] [INFO] [cadence.virtuoso.ade.simulationMonitor] - Peak resident memory used = 184 Mbytes. {"history": "ExplorerRun.0", "point": 5, "testname": "hanus_ring_vco_1", "cornername": "Nominal"}
[2025-11-15 09:20:21.330 +0530] [INFO] [cadence.virtuoso.ade.simulationMonitor] - Time used: CPU = 1.25 s, elapsed = 2.89 s, util. = 43.3%. {"history": "ExplorerRun.0", "point": 5, "testname": "hanus_ring_vco_1", "cornername": "Nominal"}
[2025-11-15 09:20:21.330 +0530] [INFO] [cadence.virtuoso.ade.simulationMonitor] - Time spent in licensing: elapsed = 2.19 s, percentage of total = 75.6%. {"history": "ExplorerRun.0", "point": 5, "testname": "hanus_ring_vco_1", "cornername": "Nominal"}
[2025-11-15 09:20:21.330 +0530] [INFO] [cadence.virtuoso.ade.simulationMonitor] - Peak memory used = 186 Mbytes. {"history": "ExplorerRun.0", "point": 5, "testname": "hanus_ring_vco_1", "cornername": "Nominal"}
[2025-11-15 09:20:21.330 +0530] [PROCESS] [cadence.virtuoso.ade.simulationMonitor] - Simulation started at: 9:20:17 AM, Sat Nov 15, 2025, ended at: 9:20:20 AM, Sat Nov 15, 2025, with elapsed time (wall clock): 2.89 s. {"history": "ExplorerRun.0", "point": 5, "testname": "hanus_ring_vco_1", "cornername": "Nominal"}
[2025-11-15 09:20:21.330 +0530] [PROCESS] [cadence.virtuoso.ade.simulationMonitor] - spectre completes with 0 errors, 0 warnings, and 11 notices. {"history": "ExplorerRun.0", "point": 5, "testname": "hanus_ring_vco_1", "cornername": "Nominal"}
[2025-11-15 09:20:21.330 +0530] [PROCESS] [cadence.virtuoso.ade.simulationMonitor] - Finished simulating for one point {"hostname": "vlsi43.blr.amrita.edu", "processid": 69147, "history": "ExplorerRun.0", "testname": "hanus_ring_vco_1", "cornername": "Nominal", "point": 5, "logfile": "/home/train/hanupro/logs_train/logs0/Job9.log", "simid": "5"}
[2025-11-15 09:20:21.330 +0530] [PROCESS] [cadence.virtuoso.ade.simulationMonitor] - Simulator exited {"hostname": "vlsi43.blr.amrita.edu", "processid": 69147, "history": "ExplorerRun.0", "testname": "hanus_ring_vco_1", "cornername": "Nominal", "point": 5, "logfile": "/home/train/hanupro/logs_train/logs0/Job9.log", "exitStatus": "0"}
[2025-11-15 09:20:21.330 +0530] [PROCESS] [cadence.virtuoso.ade.simulationMonitor] - Finished Simulation {"hostname": "vlsi43.blr.amrita.edu", "processid": 69147, "history": "ExplorerRun.0", "testname": "hanus_ring_vco_1", "cornername": "Nominal", "point": 5, "logfile": "/home/train/hanupro/logs_train/logs0/Job9.log", "simid": "5"}
[2025-11-15 09:20:21.834 +0530] [PROCESS] [cadence.virtuoso.ade.simulationMonitor] - Point Finished {"hostname": "vlsi43.blr.amrita.edu", "processid": 69147, "history": "ExplorerRun.0", "testname": "hanus_ring_vco_1", "cornername": "Nominal", "point": 5, "logfile": "/home/train/hanupro/logs_train/logs0/Job9.log"}
[2025-11-15 09:20:21.892 +0530] [PROCESS] [cadence.virtuoso.ade.simulationMonitor] - HostInfo:
Host name (type):	vlsi43.blr.amrita.edu (x86_64)
Operating system:	Linux 4.18.0-425.3.1.el8.x86_64 #1 SMP Fri Sep 30 11:45:06 EDT 2022 {"hostname": "vlsi43.blr.amrita.edu", "processid": 69147, "history": "ExplorerRun.0", "testname": "hanus_ring_vco_1", "cornername": "Nominal", "point": 5, "logfile": "/home/train/hanupro/logs_train/logs0/Job9.log", "nodename": "vlsi43.blr.amrita.edu", "domainname": "(none)", "machine": "x86_64", "sysname": "Linux", "release": "4.18.0-425.3.1.el8.x86_64", "version": "#1 SMP Fri Sep 30 11:45:06 EDT 2022"}
[2025-11-15 09:20:21.893 +0530] [PROCESS] [cadence.virtuoso.ade.simulationMonitor] - UsageInfo:
pid=69147
totalPhysicalMemory=15.338787GB,Used=5.115643GB,totalVirtualMemory=46.588783GB,Used=5.115643GB
Cpu: Cores=20, Load average:0.310000,0.170000,0.170000 {"hostname": "vlsi43.blr.amrita.edu", "processid": 69147, "history": "ExplorerRun.0", "testname": "hanus_ring_vco_1", "cornername": "Nominal", "point": 5, "logfile": "/home/train/hanupro/logs_train/logs0/Job9.log", "pid": "69147", "totalPhysicalMemory": "15.338787", "physicalMemoryUsed": "5.115643", "totalVirtualMemory": "46.588783", "virtualMemoryUsed": "5.115643", "cpuCores": "20", "processes": "1026", "loadAverage1": "0.310000", "loadAverage5": "0.170000", "loadAverage15": "0.170000", "loadAverage1Percent": "0.015500"}
[2025-11-15 09:20:21.893 +0530] [EVENT] [cadence.virtuoso.ade.simulationMonitor] - NewPoint {"history": "ExplorerRun.0", "point": 6, "testname": "hanus_ring_vco_1", "cornername": "Nominal", "event": "NewPoint", "EventSource": "Simulation Monitor", "HistoryName": "ExplorerRun.0", "logFile": "/home/train/hanupro/logs_train/logs0/Job9.log", "logFileSize": "59664"}
[2025-11-15 09:20:21.993 +0530] [EVENT] [cadence.virtuoso.ade.simulationMonitor] - NewPoint {"history": "ExplorerRun.0", "point": 6, "testname": "hanus_ring_vco_1", "cornername": "Nominal", "event": "NewPoint", "EventSource": "spectre", "HistoryName": "ExplorerRun.0", "logFile": "/home/train/simulation/hanus/ring_vco/maestro/results/maestro/ExplorerRun.0/6/hanus_ring_vco_1/psf/spectre.out", "logFileSize": "-1"}
[2025-11-15 09:20:21.996 +0530] [PROCESS] [cadence.virtuoso.ade.simulationMonitor] - Simulator launched {"hostname": "vlsi43.blr.amrita.edu", "processid": 69147, "history": "ExplorerRun.0", "testname": "hanus_ring_vco_1", "cornername": "Nominal", "point": 6, "logfile": "/home/train/hanupro/logs_train/logs0/Job9.log", "simid": "6"}
[2025-11-15 09:20:21.997 +0530] [PROCESS] [cadence.virtuoso.ade.simulationMonitor] - Started Simulation {"hostname": "vlsi43.blr.amrita.edu", "processid": 69147, "history": "ExplorerRun.0", "testname": "hanus_ring_vco_1", "cornername": "Nominal", "point": 6, "logfile": "/home/train/hanupro/logs_train/logs0/Job9.log", "event": "started", "task": "simulation"}
[2025-11-15 09:20:23.998 +0530] [INFO] [cadence.virtuoso.ade.simulationMonitor] - Peak resident memory used = 154 Mbytes. {"history": "ExplorerRun.0", "point": 6, "testname": "hanus_ring_vco_1", "cornername": "Nominal"}
[2025-11-15 09:20:23.998 +0530] [INFO] [cadence.virtuoso.ade.simulationMonitor] - Peak resident memory used = 168 Mbytes. {"history": "ExplorerRun.0", "point": 6, "testname": "hanus_ring_vco_1", "cornername": "Nominal"}
[2025-11-15 09:20:23.998 +0530] [INFO] [cadence.virtuoso.ade.simulationMonitor] - Notice from spectre during hierarchy flattening.
    The value 'psf' specified for the 'checklimitdest' option will no longer be supported in future releases. Use 'spectre -h' to see other recommended values for the 'checklimitdest' option. {"history": "ExplorerRun.0", "point": 6, "testname": "hanus_ring_vco_1", "cornername": "Nominal"}
[2025-11-15 09:20:23.998 +0530] [INFO] [cadence.virtuoso.ade.simulationMonitor] - Peak resident memory used = 170 Mbytes. {"history": "ExplorerRun.0", "point": 6, "testname": "hanus_ring_vco_1", "cornername": "Nominal"}
[2025-11-15 09:20:23.999 +0530] [INFO] [cadence.virtuoso.ade.simulationMonitor] - Notice from spectre during initial setup.
    Multithreading is disabled due to the size of the design being too small. {"history": "ExplorerRun.0", "point": 6, "testname": "hanus_ring_vco_1", "cornername": "Nominal"}
[2025-11-15 09:20:23.999 +0530] [INFO] [cadence.virtuoso.ade.simulationMonitor] -               nodes 17 {"history": "ExplorerRun.0", "point": 6, "testname": "hanus_ring_vco_1", "cornername": "Nominal"}
[2025-11-15 09:20:23.999 +0530] [INFO] [cadence.virtuoso.ade.simulationMonitor] - Notice from spectre during initial setup.
    APS enabled. {"history": "ExplorerRun.0", "point": 6, "testname": "hanus_ring_vco_1", "cornername": "Nominal"}
[2025-11-15 09:20:23.999 +0530] [INFO] [cadence.virtuoso.ade.simulationMonitor] - Peak resident memory used = 173 Mbytes. {"history": "ExplorerRun.0", "point": 6, "testname": "hanus_ring_vco_1", "cornername": "Nominal"}
[2025-11-15 09:20:23.999 +0530] [INFO] [cadence.virtuoso.ade.simulationMonitor] -    -   (APS) Multi-threading. The recommended number of threads is 1, consider adding +mt=1 on command line. {"history": "ExplorerRun.0", "point": 6, "testname": "hanus_ring_vco_1", "cornername": "Nominal"}
[2025-11-15 09:20:23.999 +0530] [INFO] [cadence.virtuoso.ade.simulationMonitor] - Notice from spectre.
    Multithreading is disabled due to the size of the design being too small. {"history": "ExplorerRun.0", "point": 6, "testname": "hanus_ring_vco_1", "cornername": "Nominal"}
[2025-11-15 09:20:24.499 +0530] [INFO] [cadence.virtuoso.ade.simulationMonitor] - Notice from spectre during IC analysis, during periodic steady state analysis `pss'.
    There are 1 IC nodes defined. {"history": "ExplorerRun.0", "point": 6, "testname": "hanus_ring_vco_1", "cornername": "Nominal"}
[2025-11-15 09:20:24.499 +0530] [INFO] [cadence.virtuoso.ade.simulationMonitor] - Notice from spectre during IC analysis, during periodic steady state analysis `pss'.
    Bad pivoting is found during DC analysis. Option dc_pivot_check=yes is recommended for possible improvement of convergence.
    Initial condition computed for node out is in error by 34.2697 uV.
        Decrease `rforce' to reduce error in computed initial conditions.  However, setting rforce too small may result in convergence difficulties or in the matrix becoming singular. {"history": "ExplorerRun.0", "point": 6, "testname": "hanus_ring_vco_1", "cornername": "Nominal"}
[2025-11-15 09:20:24.500 +0530] [INFO] [cadence.virtuoso.ade.simulationMonitor] - Total time required for tstab analysis `pss': CPU = 171.987 ms, elapsed = 176.035 ms. {"history": "ExplorerRun.0", "point": 6, "testname": "hanus_ring_vco_1", "cornername": "Nominal"}
[2025-11-15 09:20:24.500 +0530] [INFO] [cadence.virtuoso.ade.simulationMonitor] - Peak resident memory used = 177 Mbytes. {"history": "ExplorerRun.0", "point": 6, "testname": "hanus_ring_vco_1", "cornername": "Nominal"}
[2025-11-15 09:20:25.000 +0530] [INFO] [cadence.virtuoso.ade.simulationMonitor] - Total time required for pss analysis `pss': CPU = 251.565 ms, elapsed = 771.763 ms, util. = 32.6%. {"history": "ExplorerRun.0", "point": 6, "testname": "hanus_ring_vco_1", "cornername": "Nominal"}
[2025-11-15 09:20:25.000 +0530] [INFO] [cadence.virtuoso.ade.simulationMonitor] - Peak resident memory used = 179 Mbytes. {"history": "ExplorerRun.0", "point": 6, "testname": "hanus_ring_vco_1", "cornername": "Nominal"}
[2025-11-15 09:20:25.000 +0530] [INFO] [cadence.virtuoso.ade.simulationMonitor] - Notice from spectre during PNoise analysis `pnoise'.
    Multithreading is disabled due to the size of the design being too small.
    Use full spectrum for normal noise analysis.
    MaxSideband for colored noise sources (e.g. 1/f-noise) is not set, automatically  set it to 3. {"history": "ExplorerRun.0", "point": 6, "testname": "hanus_ring_vco_1", "cornername": "Nominal"}
[2025-11-15 09:20:25.001 +0530] [INFO] [cadence.virtuoso.ade.simulationMonitor] - Total time required for pnoise analysis `pnoise': CPU = 558.344 ms, elapsed = 259.719 ms, util. = 215%. {"history": "ExplorerRun.0", "point": 6, "testname": "hanus_ring_vco_1", "cornername": "Nominal"}
[2025-11-15 09:20:25.001 +0530] [INFO] [cadence.virtuoso.ade.simulationMonitor] - Peak resident memory used = 184 Mbytes. {"history": "ExplorerRun.0", "point": 6, "testname": "hanus_ring_vco_1", "cornername": "Nominal"}
[2025-11-15 09:20:25.001 +0530] [INFO] [cadence.virtuoso.ade.simulationMonitor] - Time used: CPU = 1.16 s, elapsed = 2.69 s, util. = 43.2%. {"history": "ExplorerRun.0", "point": 6, "testname": "hanus_ring_vco_1", "cornername": "Nominal"}
[2025-11-15 09:20:25.001 +0530] [INFO] [cadence.virtuoso.ade.simulationMonitor] - Time spent in licensing: elapsed = 1.76 s, percentage of total = 65.4%. {"history": "ExplorerRun.0", "point": 6, "testname": "hanus_ring_vco_1", "cornername": "Nominal"}
[2025-11-15 09:20:25.001 +0530] [INFO] [cadence.virtuoso.ade.simulationMonitor] - Peak memory used = 184 Mbytes. {"history": "ExplorerRun.0", "point": 6, "testname": "hanus_ring_vco_1", "cornername": "Nominal"}
[2025-11-15 09:20:25.001 +0530] [PROCESS] [cadence.virtuoso.ade.simulationMonitor] - Simulation started at: 9:20:22 AM, Sat Nov 15, 2025, ended at: 9:20:24 AM, Sat Nov 15, 2025, with elapsed time (wall clock): 2.69 s. {"history": "ExplorerRun.0", "point": 6, "testname": "hanus_ring_vco_1", "cornername": "Nominal"}
[2025-11-15 09:20:25.001 +0530] [PROCESS] [cadence.virtuoso.ade.simulationMonitor] - spectre completes with 0 errors, 0 warnings, and 11 notices. {"history": "ExplorerRun.0", "point": 6, "testname": "hanus_ring_vco_1", "cornername": "Nominal"}
[2025-11-15 09:20:25.502 +0530] [PROCESS] [cadence.virtuoso.ade.simulationMonitor] - Finished simulating for one point {"hostname": "vlsi43.blr.amrita.edu", "processid": 69147, "history": "ExplorerRun.0", "testname": "hanus_ring_vco_1", "cornername": "Nominal", "point": 6, "logfile": "/home/train/hanupro/logs_train/logs0/Job9.log", "simid": "6"}
[2025-11-15 09:20:25.503 +0530] [PROCESS] [cadence.virtuoso.ade.simulationMonitor] - Simulator exited {"hostname": "vlsi43.blr.amrita.edu", "processid": 69147, "history": "ExplorerRun.0", "testname": "hanus_ring_vco_1", "cornername": "Nominal", "point": 6, "logfile": "/home/train/hanupro/logs_train/logs0/Job9.log", "exitStatus": "0"}
[2025-11-15 09:20:25.503 +0530] [PROCESS] [cadence.virtuoso.ade.simulationMonitor] - Finished Simulation {"hostname": "vlsi43.blr.amrita.edu", "processid": 69147, "history": "ExplorerRun.0", "testname": "hanus_ring_vco_1", "cornername": "Nominal", "point": 6, "logfile": "/home/train/hanupro/logs_train/logs0/Job9.log", "simid": "6"}
[2025-11-15 09:20:26.507 +0530] [PROCESS] [cadence.virtuoso.ade.simulationMonitor] - Point Finished {"hostname": "vlsi43.blr.amrita.edu", "processid": 69147, "history": "ExplorerRun.0", "testname": "hanus_ring_vco_1", "cornername": "Nominal", "point": 6, "logfile": "/home/train/hanupro/logs_train/logs0/Job9.log"}
[2025-11-15 09:20:37.731 +0530] [INFO] [cadence.virtuoso.ade.simulationMonitor] - SimulationMonitor has terminated the vds process '69344', reason: 'Force to stop the expression evalutor process because of new run' {"history": "ExplorerRun.0", "point": 6, "testname": "hanus_ring_vco_1", "cornername": "Nominal"}
[2025-11-15 09:20:37.731 +0530] [PROCESS] [cadence.virtuoso.ade.simulationMonitor] - HostInfo:
Host name (type):	vlsi43.blr.amrita.edu (x86_64)
Operating system:	Linux 4.18.0-425.3.1.el8.x86_64 #1 SMP Fri Sep 30 11:45:06 EDT 2022 {"hostname": "vlsi43.blr.amrita.edu", "processid": 69147, "history": "ExplorerRun.0", "testname": "hanus_ring_vco_1", "cornername": "Nominal", "point": 6, "logfile": "/home/train/hanupro/logs_train/logs0/Job9.log", "nodename": "vlsi43.blr.amrita.edu", "domainname": "(none)", "machine": "x86_64", "sysname": "Linux", "release": "4.18.0-425.3.1.el8.x86_64", "version": "#1 SMP Fri Sep 30 11:45:06 EDT 2022"}
[2025-11-15 09:20:37.731 +0530] [PROCESS] [cadence.virtuoso.ade.simulationMonitor] - UsageInfo:
pid=69147
totalPhysicalMemory=15.338787GB,Used=4.894424GB,totalVirtualMemory=46.588783GB,Used=4.894424GB
Cpu: Cores=20, Load average:0.360000,0.190000,0.180000 {"hostname": "vlsi43.blr.amrita.edu", "processid": 69147, "history": "ExplorerRun.0", "testname": "hanus_ring_vco_1", "cornername": "Nominal", "point": 6, "logfile": "/home/train/hanupro/logs_train/logs0/Job9.log", "pid": "69147", "totalPhysicalMemory": "15.338787", "physicalMemoryUsed": "4.894424", "totalVirtualMemory": "46.588783", "virtualMemoryUsed": "4.894424", "cpuCores": "20", "processes": "1026", "loadAverage1": "0.360000", "loadAverage5": "0.190000", "loadAverage15": "0.180000", "loadAverage1Percent": "0.018000"}
[2025-11-15 09:20:37.731 +0530] [EVENT] [cadence.virtuoso.ade.simulationMonitor] - NewPoint {"history": "ExplorerRun.0", "point": 1, "testname": "hanus_ring_vco_1", "cornername": "Nominal", "event": "NewPoint", "EventSource": "Simulation Monitor", "HistoryName": "ExplorerRun.0", "logFile": "/home/train/hanupro/logs_train/logs0/Job9.log", "logFileSize": "70971"}
[2025-11-15 09:20:37.831 +0530] [EVENT] [cadence.virtuoso.ade.simulationMonitor] - NewPoint {"history": "ExplorerRun.0", "point": 1, "testname": "hanus_ring_vco_1", "cornername": "Nominal", "event": "NewPoint", "EventSource": "spectre", "HistoryName": "ExplorerRun.0", "logFile": "/home/train/simulation/hanus/ring_vco/maestro/results/maestro/ExplorerRun.0/1/hanus_ring_vco_1/psf/spectre.out", "logFileSize": "-1"}
[2025-11-15 09:20:37.835 +0530] [PROCESS] [cadence.virtuoso.ade.simulationMonitor] - Simulator launched {"hostname": "vlsi43.blr.amrita.edu", "processid": 69147, "history": "ExplorerRun.0", "testname": "hanus_ring_vco_1", "cornername": "Nominal", "point": 1, "logfile": "/home/train/hanupro/logs_train/logs0/Job9.log", "simid": "7"}
[2025-11-15 09:20:37.835 +0530] [PROCESS] [cadence.virtuoso.ade.simulationMonitor] - Expression evaluator launched {"hostname": "vlsi43.blr.amrita.edu", "processid": 69147, "history": "ExplorerRun.0", "testname": "hanus_ring_vco_1", "cornername": "Nominal", "point": 1, "logfile": "/home/train/hanupro/logs_train/logs0/Job9.log"}
[2025-11-15 09:20:37.839 +0530] [PROCESS] [cadence.virtuoso.ade.simulationMonitor] - Started Simulation {"hostname": "vlsi43.blr.amrita.edu", "processid": 69147, "history": "ExplorerRun.0", "testname": "hanus_ring_vco_1", "cornername": "Nominal", "point": 1, "logfile": "/home/train/hanupro/logs_train/logs0/Job9.log", "event": "started", "task": "simulation"}
[2025-11-15 09:20:39.840 +0530] [INFO] [cadence.virtuoso.ade.simulationMonitor] - Peak resident memory used = 157 Mbytes. {"history": "ExplorerRun.0", "point": 1, "testname": "hanus_ring_vco_1", "cornername": "Nominal"}
[2025-11-15 09:20:39.840 +0530] [INFO] [cadence.virtuoso.ade.simulationMonitor] - Peak resident memory used = 169 Mbytes. {"history": "ExplorerRun.0", "point": 1, "testname": "hanus_ring_vco_1", "cornername": "Nominal"}
[2025-11-15 09:20:39.840 +0530] [INFO] [cadence.virtuoso.ade.simulationMonitor] - Notice from spectre during hierarchy flattening.
    The value 'psf' specified for the 'checklimitdest' option will no longer be supported in future releases. Use 'spectre -h' to see other recommended values for the 'checklimitdest' option. {"history": "ExplorerRun.0", "point": 1, "testname": "hanus_ring_vco_1", "cornername": "Nominal"}
[2025-11-15 09:20:39.840 +0530] [INFO] [cadence.virtuoso.ade.simulationMonitor] - Peak resident memory used = 171 Mbytes. {"history": "ExplorerRun.0", "point": 1, "testname": "hanus_ring_vco_1", "cornername": "Nominal"}
[2025-11-15 09:20:40.340 +0530] [INFO] [cadence.virtuoso.ade.simulationMonitor] - Notice from spectre during initial setup.
    Multithreading is disabled due to the size of the design being too small. {"history": "ExplorerRun.0", "point": 1, "testname": "hanus_ring_vco_1", "cornername": "Nominal"}
[2025-11-15 09:20:40.341 +0530] [INFO] [cadence.virtuoso.ade.simulationMonitor] -               nodes 17 {"history": "ExplorerRun.0", "point": 1, "testname": "hanus_ring_vco_1", "cornername": "Nominal"}
[2025-11-15 09:20:40.341 +0530] [INFO] [cadence.virtuoso.ade.simulationMonitor] - Notice from spectre during initial setup.
    APS enabled. {"history": "ExplorerRun.0", "point": 1, "testname": "hanus_ring_vco_1", "cornername": "Nominal"}
[2025-11-15 09:20:40.341 +0530] [INFO] [cadence.virtuoso.ade.simulationMonitor] - Peak resident memory used = 174 Mbytes. {"history": "ExplorerRun.0", "point": 1, "testname": "hanus_ring_vco_1", "cornername": "Nominal"}
[2025-11-15 09:20:40.341 +0530] [INFO] [cadence.virtuoso.ade.simulationMonitor] -    -   (APS) Multi-threading. The recommended number of threads is 1, consider adding +mt=1 on command line. {"history": "ExplorerRun.0", "point": 1, "testname": "hanus_ring_vco_1", "cornername": "Nominal"}
[2025-11-15 09:20:40.341 +0530] [INFO] [cadence.virtuoso.ade.simulationMonitor] - Notice from spectre.
    Multithreading is disabled due to the size of the design being too small. {"history": "ExplorerRun.0", "point": 1, "testname": "hanus_ring_vco_1", "cornername": "Nominal"}
[2025-11-15 09:20:40.341 +0530] [INFO] [cadence.virtuoso.ade.simulationMonitor] - Notice from spectre during IC analysis, during periodic steady state analysis `pss'.
    There are 1 IC nodes defined. {"history": "ExplorerRun.0", "point": 1, "testname": "hanus_ring_vco_1", "cornername": "Nominal"}
[2025-11-15 09:20:40.341 +0530] [INFO] [cadence.virtuoso.ade.simulationMonitor] - Notice from spectre during IC analysis, during periodic steady state analysis `pss'.
    Bad pivoting is found during DC analysis. Option dc_pivot_check=yes is recommended for possible improvement of convergence.
    Initial condition computed for node out is in error by 34.2696 uV.
        Decrease `rforce' to reduce error in computed initial conditions.  However, setting rforce too small may result in convergence difficulties or in the matrix becoming singular. {"history": "ExplorerRun.0", "point": 1, "testname": "hanus_ring_vco_1", "cornername": "Nominal"}
[2025-11-15 09:20:40.341 +0530] [INFO] [cadence.virtuoso.ade.simulationMonitor] - Notice from spectre at time = 54.9172 ps during periodic steady state analysis `pss'.
    Found trapezoidal ringing on node V1:p. {"history": "ExplorerRun.0", "point": 1, "testname": "hanus_ring_vco_1", "cornername": "Nominal"}
[2025-11-15 09:20:40.342 +0530] [INFO] [cadence.virtuoso.ade.simulationMonitor] - Notice from spectre at time = 68.8391 ps during periodic steady state analysis `pss'.
    Found trapezoidal ringing on node V1:p. {"history": "ExplorerRun.0", "point": 1, "testname": "hanus_ring_vco_1", "cornername": "Nominal"}
[2025-11-15 09:20:40.342 +0530] [INFO] [cadence.virtuoso.ade.simulationMonitor] - Notice from spectre at time = 84.7247 ps during periodic steady state analysis `pss'.
    Found trapezoidal ringing on node V1:p. {"history": "ExplorerRun.0", "point": 1, "testname": "hanus_ring_vco_1", "cornername": "Nominal"}
[2025-11-15 09:20:40.342 +0530] [INFO] [cadence.virtuoso.ade.simulationMonitor] - Notice from spectre at time = 100.61 ps during periodic steady state analysis `pss'.
    Found trapezoidal ringing on node V1:p. {"history": "ExplorerRun.0", "point": 1, "testname": "hanus_ring_vco_1", "cornername": "Nominal"}
[2025-11-15 09:20:40.842 +0530] [INFO] [cadence.virtuoso.ade.simulationMonitor] - Notice from spectre at time = 164.153 ps during periodic steady state analysis `pss'.
    Found trapezoidal ringing on node V1:p.
        Further occurrences of this notice will be suppressed. {"history": "ExplorerRun.0", "point": 1, "testname": "hanus_ring_vco_1", "cornername": "Nominal"}
[2025-11-15 09:20:40.842 +0530] [INFO] [cadence.virtuoso.ade.simulationMonitor] - Total time required for tstab analysis `pss': CPU = 99.725 ms, elapsed = 111.538 ms. {"history": "ExplorerRun.0", "point": 1, "testname": "hanus_ring_vco_1", "cornername": "Nominal"}
[2025-11-15 09:20:40.842 +0530] [INFO] [cadence.virtuoso.ade.simulationMonitor] - Peak resident memory used = 178 Mbytes. {"history": "ExplorerRun.0", "point": 1, "testname": "hanus_ring_vco_1", "cornername": "Nominal"}
[2025-11-15 09:20:40.842 +0530] [INFO] [cadence.virtuoso.ade.simulationMonitor] - Notice from spectre during periodic steady state analysis `pss'.
    Trapezoidal ringing is detected during pss analysis.
        Please use method=trap for better results and performance. {"history": "ExplorerRun.0", "point": 1, "testname": "hanus_ring_vco_1", "cornername": "Nominal"}
[2025-11-15 09:20:40.842 +0530] [INFO] [cadence.virtuoso.ade.simulationMonitor] - Total time required for pss analysis `pss': CPU = 154.645 ms, elapsed = 737.642 ms, util. = 21%. {"history": "ExplorerRun.0", "point": 1, "testname": "hanus_ring_vco_1", "cornername": "Nominal"}
[2025-11-15 09:20:40.842 +0530] [INFO] [cadence.virtuoso.ade.simulationMonitor] - Peak resident memory used = 180 Mbytes. {"history": "ExplorerRun.0", "point": 1, "testname": "hanus_ring_vco_1", "cornername": "Nominal"}
[2025-11-15 09:20:40.842 +0530] [INFO] [cadence.virtuoso.ade.simulationMonitor] - Notice from spectre.
    606 notices suppressed. {"history": "ExplorerRun.0", "point": 1, "testname": "hanus_ring_vco_1", "cornername": "Nominal"}
[2025-11-15 09:20:40.842 +0530] [INFO] [cadence.virtuoso.ade.simulationMonitor] - Notice from spectre during PNoise analysis `pnoise'.
    Multithreading is disabled due to the size of the design being too small.
    Use full spectrum for normal noise analysis.
    MaxSideband for colored noise sources (e.g. 1/f-noise) is not set, automatically  set it to 3. {"history": "ExplorerRun.0", "point": 1, "testname": "hanus_ring_vco_1", "cornername": "Nominal"}
[2025-11-15 09:20:41.343 +0530] [INFO] [cadence.virtuoso.ade.simulationMonitor] - Total time required for pnoise analysis `pnoise': CPU = 667.726 ms, elapsed = 280.56 ms, util. = 238%. {"history": "ExplorerRun.0", "point": 1, "testname": "hanus_ring_vco_1", "cornername": "Nominal"}
[2025-11-15 09:20:41.343 +0530] [INFO] [cadence.virtuoso.ade.simulationMonitor] - Peak resident memory used = 185 Mbytes. {"history": "ExplorerRun.0", "point": 1, "testname": "hanus_ring_vco_1", "cornername": "Nominal"}
[2025-11-15 09:20:41.343 +0530] [INFO] [cadence.virtuoso.ade.simulationMonitor] - Time used: CPU = 1.18 s, elapsed = 2.86 s, util. = 41.3%. {"history": "ExplorerRun.0", "point": 1, "testname": "hanus_ring_vco_1", "cornername": "Nominal"}
[2025-11-15 09:20:41.343 +0530] [INFO] [cadence.virtuoso.ade.simulationMonitor] - Time spent in licensing: elapsed = 2.23 s, percentage of total = 78.2%. {"history": "ExplorerRun.0", "point": 1, "testname": "hanus_ring_vco_1", "cornername": "Nominal"}
[2025-11-15 09:20:41.343 +0530] [INFO] [cadence.virtuoso.ade.simulationMonitor] - Peak memory used = 186 Mbytes. {"history": "ExplorerRun.0", "point": 1, "testname": "hanus_ring_vco_1", "cornername": "Nominal"}
[2025-11-15 09:20:41.343 +0530] [PROCESS] [cadence.virtuoso.ade.simulationMonitor] - Simulation started at: 9:20:37 AM, Sat Nov 15, 2025, ended at: 9:20:40 AM, Sat Nov 15, 2025, with elapsed time (wall clock): 2.86 s. {"history": "ExplorerRun.0", "point": 1, "testname": "hanus_ring_vco_1", "cornername": "Nominal"}
[2025-11-15 09:20:41.343 +0530] [PROCESS] [cadence.virtuoso.ade.simulationMonitor] - spectre completes with 0 errors, 0 warnings, and 18 notices. {"history": "ExplorerRun.0", "point": 1, "testname": "hanus_ring_vco_1", "cornername": "Nominal"}
[2025-11-15 09:20:41.343 +0530] [PROCESS] [cadence.virtuoso.ade.simulationMonitor] - Finished simulating for one point {"hostname": "vlsi43.blr.amrita.edu", "processid": 69147, "history": "ExplorerRun.0", "testname": "hanus_ring_vco_1", "cornername": "Nominal", "point": 1, "logfile": "/home/train/hanupro/logs_train/logs0/Job9.log", "simid": "7"}
[2025-11-15 09:20:41.343 +0530] [PROCESS] [cadence.virtuoso.ade.simulationMonitor] - Simulator exited {"hostname": "vlsi43.blr.amrita.edu", "processid": 69147, "history": "ExplorerRun.0", "testname": "hanus_ring_vco_1", "cornername": "Nominal", "point": 1, "logfile": "/home/train/hanupro/logs_train/logs0/Job9.log", "exitStatus": "0"}
[2025-11-15 09:20:41.343 +0530] [PROCESS] [cadence.virtuoso.ade.simulationMonitor] - Finished Simulation {"hostname": "vlsi43.blr.amrita.edu", "processid": 69147, "history": "ExplorerRun.0", "testname": "hanus_ring_vco_1", "cornername": "Nominal", "point": 1, "logfile": "/home/train/hanupro/logs_train/logs0/Job9.log", "simid": "7"}
[2025-11-15 09:20:42.348 +0530] [PROCESS] [cadence.virtuoso.ade.simulationMonitor] - Point Finished {"hostname": "vlsi43.blr.amrita.edu", "processid": 69147, "history": "ExplorerRun.0", "testname": "hanus_ring_vco_1", "cornername": "Nominal", "point": 1, "logfile": "/home/train/hanupro/logs_train/logs0/Job9.log"}
[2025-11-15 09:25:43.165 +0530] [PROCESS] [cadence.virtuoso.ade.simulationMonitor] - Current memory used: 54.0625 MBytes, peak memory used: 54.0625 MBytes {"hostname": "vlsi43.blr.amrita.edu", "processid": 69147, "history": "ExplorerRun.0", "testname": "hanus_ring_vco_1", "cornername": "Nominal", "point": 1, "logfile": "/home/train/hanupro/logs_train/logs0/Job9.log"}
[2025-11-15 09:25:43.165 +0530] [PROCESS] [cadence.virtuoso.ade.simulationMonitor] - Simulation Monitor process exit. {"hostname": "vlsi43.blr.amrita.edu", "processid": 69147, "history": "ExplorerRun.0", "testname": "hanus_ring_vco_1", "cornername": "Nominal", "point": 1, "logfile": "/home/train/hanupro/logs_train/logs0/Job9.log"}
