\# Program start time:     UTC 2026.02.03 06:45:04.665
\# Local time: IST (UTC+05:30) 2026.02.03 12:15:04.665
\o Program:		@(#)$CDS: virtuoso version 6.1.8-64b 11/15/2022 19:45 (cpgbld01) $
\o Hierarchy:		/home/install/IC618/tools.lnx86/dfII/
\o Sub version:		sub-version  IC6.1.8-64b.500.29  (64-bit addresses)
\# Command line:	/home/install/IC618/tools.lnx86/dfII/bin/64bit/virtuoso -beanhost vlsi43.blr.amrita.edu -beanport 11300 -beanbinlog  -beanLogFile /home/train/hanupro/logs_train/logs0/amps_Service16.log -mpssession virtuoso5805 -mpshost vlsi43.blr.amrita.edu -davinciService DaVinciService_5805_1770094676 -axlSession fnxSession3 -axlServiceIdFlag 16 -uuid e98c0ea9-0e00-48b0-b2d0-b72340f5cf9a -heartbeat /dev/shm/swift-heartbeat.5TQHb0ecOn -log /home/train/hanupro/logs_train/logs0/Service16.log -noautostart -nographE -lscs 000175E1894CBE06FF0966E38F1FFC06BC4D698AFB6DFC06D24D21B9D711D264887E72B3E36DFC06867C66E38F1FFC06BC4D66E38F1FFC06BC4D0F6216706569D5CC00001E36 -interactive -offlineExprEval -fenixMode explorer -heartbeatTimeout  -lingerTimeout 300 -pointlifetime -1
\# Host name (type):	vlsi43.blr.amrita.edu (x86_64)
\# Operating system:	Linux 4.18.0-425.3.1.el8.x86_64 #1 SMP Fri Sep 30 11:45:06 EDT 2022
\# Linux /etc/issue:	\S
\# Linux /etc/issue:	Kernel \r on an \m
\# X display name (WxH):	:3149 (1024x868)
\# Available geometry:			TL(0:0) BR(1023:867)
\# X server:			The X.Org Foundation
\# Depth of Visual (Root):	24 (24)
\# Number of Planes Used:	24
\# X version:		11.0 (vendor release 12011000)
\# X resource pool:	base 0x400000, mask 0x1fffff (2097151), shift 0
\# 			current id 0x0, current max 0x1ffffa (2097146)
\# Max data seg size:	     unlimited
\# Max process size:	     unlimited
\# Initial sbrk value:	        621 MB
\# Available memory:	     44,847 MB
\# System memory:	     47,707 MB
\# Maximum memory size:	     47,207 MB
\# Max mem available:	     44,968 MB
\# Initial memory used:	        121 MB
\#        process size:	      1,838 MB
\# Thread usage limits (effective/default):	maxthreads 62576/62576 maxload 20.00/20.00
\# Qt version:		5.9.1
\# Window Manager:	other
\# User Name:		train
\o Working Directory:	vlsi43.blr.amrita.edu:/home/train/hanupro
\# Process Id:		182879
\o 
\o COPYRIGHT (C) 1992-2022  CADENCE DESIGN SYSTEMS INC.  ALL RIGHTS RESERVED.
\o           (C) 1992-2022  UNIX SYSTEMS Laboratories INC.,
\o                          Reproduced with permission.
\o 
\o This Cadence Design Systems program and online documentation are
\o proprietary/confidential information and may be disclosed/used only
\o as authorized in a license agreement controlling such use and disclosure.
\o 
\o           RESTRICTED RIGHTS NOTICE (SHORT FORM)
\o Use/reproduction/disclosure is subject to restriction
\o set forth at FAR 1252.227-19 or its equivalent.
\o Loading geView.cxt 
\o Loading menuBuilder.cxt 
\o Loading schView.cxt 
\o Loading selectSv.cxt 
\o Loading pvsui.cxt
\o Loading wireEdit.cxt 
\o Loading pte2.cxt 
\o Loading xlUI.cxt 
\o Loading auCore.cxt 
\o Loading vhdl.cxt 
\o Loading seismic.cxt 
\o Loading ci.cxt 
\o Loading ams.cxt 
\o Loading oasis.cxt 
\o Loading analog.cxt 
\o Loading asimenv.cxt 
\o Loading dal.cxt 
\o Loading awv.cxt 
\o Loading socket.cxt 
\o Loading par.cxt 
\o Loading alvs.cxt 
\o Loading caa.cxt 
\o Loading amps.cxt 
\o Loading adexlCore.cxt 
\# Memory report: using         249 MB, process size 2,111 MB at UTC 2026.02.03 06:45:06.206
\o Loading adexl.cxt 
\o *Info*    Exporting services from client ... 
\o 
\o Loading adexlDM.cxt 
\o Loading cpf.cxt 
\o Loading cli.cxt 
\o Loading lp.cxt 
\o INFO (ELI-00302) Connecting to parent process (session=virtuoso5805, host=vlsi43.blr.amrita.edu). Connection mode is LSCS. Total timeout is 180 seconds. Connection timeout is 90 seconds.
\o INFO (ELI-00303) Step 1: Connecting to parent. Time spent is 0 seconds.
\o INFO (ELI-00304) The registration of the child 182879 within 90 seconds is being processed...
\o INFO (ELI-00305) The result of registration is true. Time spent is 0 seconds.
\o INFO (ELI-00308) The connection has ended. Result is true. Total time spent is 0 seconds.
\# [12:15:04.175465] Configured Lic search path (22.01-s002): 5280@14.139.1.126
\p > 
\# Loading perfDiag...
\# (PerfDiag): Set GDB path to environment variable 'gdbPath' (gdb).
\# Performance Diagnostic tool is installed. You can access PerfDiag from CIW Tools or use the shell command 'cdsPerfDiag -p 182879' to open it when Virtuoso freezes.
\# (PerfDiag): Use backtrace from GLIBC.
\i _axlRunServices()
\# [12:15:07.496697] Periodic Lic check successful
\# [12:15:07.496698] Feature usage summary:
\o Loading simui.cxt 
\o [2026-02-03 12:15:07.510 +0530] [PROCESS] [cadence.virtuoso.ade.services] - Netlist Service has successfully started. Waiting for incoming messages ... {"hostname": "vlsi43.blr.amrita.edu", "processid": 182879, "logfile": "/home/train/hanupro/logs_train/logs0/Service16.log"}
\o [2026-02-03 12:15:07.551 +0530] [EVENT] [cadence.virtuoso.ade.services.netlister] - NewPoint {"point": 0, "testname": "hanus_vco_new_1", "event": "NewPoint", "EventSource": "Netlist Service", "HistoryName": "ExplorerRun.0", "logFile": "/home/train/hanupro/logs_train/logs0/Service16.log", "logFileSize": "4510"}
\o [2026-02-03 12:15:07.551 +0530] [INFO] [cadence.virtuoso.ade.services.netlister] - Started preparing netlist {"point": 0, "testname": "hanus_vco_new_1", "testnameKey": "hanus_vco_new_1"}
\o Loading vdsil.cxt 
\o *Warning* AXL Context Manager : job 16 is already registered. 
\o 
\o Loading vqp.cxt 
\o Loading hdlPkg.cxt 
\o 
\o 
\o *Info*    Configuring the session ...
\o 
\o 	Library      = hanus
\o 	Cell         = vco_new
\o 	View         = schematic
\o 	Simulator    = spectre
\o 	State Path   = $AXL_SETUPDB_DIR/test_states
\o 	State Name   = ExplorerRun.0
\o 	Results DB   = /home/train/hanupro/hanus/vco_new_1/maestro/results/maestro/ExplorerRun.0.rdb
\o 	Results Dir  = /home/train/simulation/hanus/vco_new_1/maestro/results/maestro/ExplorerRun.0/1/hanus_vco_new_1
\o 	Results Loc  = /home/train/simulation/hanus/vco_new_1/maestro/results/maestro
\o 	Project Dir  = /home/train/simulation
\o 	Setup DB loc = /home/train/hanupro/hanus/vco_new_1/maestro
\o 	File Encoding = 0
\o 
\o 
\o Loading viva.cxt 
\o Loading gpdk045/libInit.il ...
\o 	Loading gpdk045/loadCxt.ile ... done!
\o 	Loading context 'gpdk045' from library 'gpdk045' ... done!
\o 	Loading context 'pdkUtils' from library 'gpdk045' ... done!
\e 	Loading gpdk045/gpdk045_customFilter.il ... *Error* eval: unbound variable - axlRegisterCustomDeviceFilter
\o failed!
\o 	Loading gpdk045/libInitCustomExit.il ... 
\o 	Loading Environment Settings ...
\o 	Loading Model Management File ...
\o Loading spectrei.cxt 
\o Loading devCheck.cxt 
\o Loading relXpert.cxt 
\o Loading hspiceD.cxt 
\o Loading spectreinl.cxt 
\o Loading UltraSim.cxt 
\o Loading msgHandler.cxt 
\o Loading AMSOSS.cxt 
\o Loading AMS.cxt 
\# Memory report: using         411 MB, process size 2,346 MB at UTC 2026.02.03 06:45:09.290
\o 	Loading gpdk045/gpdk045_PDKRegistrations.il ... done!
\o 
\o   *************************************************************           
\o   *              Cadence Design Systems, Inc.                 *           
\o   *                                                           *           
\o   *                    Generic 45nm PDK                       *           
\o   *                        (gpdk045)                          *           
\o   *                                                           *           
\o   *************************************************************           
\o 	
\o 
\o 	VERSION: 4.0 (17-June-2014)
\o 
\o done!
\o Failed to load gpdk045/libInit.il successfully!
\o *Info*    The auto suspension is disabled.
\o 
\o Loading elec.cxt 
\o Resetting statistical vars
\o 
\o *Info*    Setting parameter values ...
\o 
\o Setting var vc = "0"
\o Setting var vdd = "1.2"
\o Loading monte.cxt 
\o Reusing AHDL Data dir
\o 
\o *Info*    Data Directory    =
\o           /home/train/simulation/hanus/vco_new_1/maestro/results/maestro/ExplorerRun.0/psf/hanus_vco_new_1
\o 
\o generate netlist...
\o Loading hnlInit.cxt 
\o Loading seCore.cxt 
\o Initializing the control file using cp:
\o     cp /home/install/IC618/tools.lnx86/dfII/etc/si/control.spectre /home/train/simulation/hanus/vco_new_1/maestro/results/maestro/ExplorerRun.0/psf/hanus_vco_new_1/netlist/control
\o Copying Spectre source file 'spectre.inp'
\o Copying Spectre command file 'spectre.sim'
\o Begin Incremental Netlisting Feb  3 12:15:09 2026
\o Loading json.cxt 
\o End netlisting Feb  3 12:15:10 2026
\o 
\o Netlisting Statistics:
\o 	Number of components:   19
\o 
\o 	Elapsed time:          1.0s (19.00/s)
\o Errors: 0	Warnings: 0
\o       ...successful.
\o compose simulator input file...
\o       ...successful.
\o [2026-02-03 12:15:10.104 +0530] [INFO] [cadence.virtuoso.ade.services.netlister] - Finished preparing netlist {"point": 0, "testname": "hanus_vco_new_1", "testnameKey": "hanus_vco_new_1"}
\o [2026-02-03 12:15:11.107 +0530] [EVENT] [cadence.virtuoso.ade.services.netlister] - NewPoint {"point": 1, "testname": "hanus_vco_new_1", "event": "NewPoint", "EventSource": "Netlist Service", "HistoryName": "ExplorerRun.0", "logFile": "/home/train/hanupro/logs_train/logs0/Service16.log", "logFileSize": "7018"}
\o [2026-02-03 12:15:11.107 +0530] [INFO] [cadence.virtuoso.ade.services.netlister] - Started netlisting {"point": 1, "testname": "hanus_vco_new_1"}
\o Resetting statistical vars
\o 
\o *Info*    Setting parameter values ...
\o 
\o Setting temp(T) = 27
\o Setting var vc = "0"
\o Setting var vdd = "1.2"
\o 
\o *Info*    Netlist Directory =
\o           /home/train/simulation/hanus/vco_new_1/maestro/results/maestro/ExplorerRun.0/1/hanus_vco_new_1/netlist
\o 
\o 
\o *Info*    Data Directory    =
\o           /home/train/simulation/hanus/vco_new_1/maestro/results/maestro/ExplorerRun.0/1/hanus_vco_new_1
\o 
\o Reusing AHDL Data dir
\o generate netlist...
\o Ignoring netlist creation since ignoreDesignChangesDuringRun is set to true
\o       ...successful.
\o compose simulator input file...
\o       ...successful.
\o [2026-02-03 12:15:11.490 +0530] [PROCESS] [cadence.virtuoso.ade.services.netlister] - Current memory used: 752.7773 MBytes, peak memory used: 752.7773 MBytes {"hostname": "vlsi43.blr.amrita.edu", "processid": 182879, "testname": "hanus_vco_new_1", "point": 1, "logfile": "/home/train/hanupro/logs_train/logs0/Service16.log"}
\o [2026-02-03 12:15:11.490 +0530] [INFO] [cadence.virtuoso.ade.services.netlister] - Finished netlisting {"point": 1, "testname": "hanus_vco_new_1"}
\o [2026-02-03 12:15:11.491 +0530] [EVENT] [cadence.virtuoso.ade.services.netlister] - NewPoint {"point": 2, "testname": "hanus_vco_new_1", "event": "NewPoint", "EventSource": "Netlist Service", "HistoryName": "ExplorerRun.0", "logFile": "/home/train/hanupro/logs_train/logs0/Service16.log", "logFileSize": "10650"}
\o [2026-02-03 12:15:11.491 +0530] [INFO] [cadence.virtuoso.ade.services.netlister] - Started netlisting {"point": 2, "testname": "hanus_vco_new_1"}
\o Resetting statistical vars
\o 
\o *Info*    Setting parameter values ...
\o 
\o Setting var vc = "0.0526315789473684"
\o 
\o *Info*    Netlist Directory =
\o           /home/train/simulation/hanus/vco_new_1/maestro/results/maestro/ExplorerRun.0/2/hanus_vco_new_1/netlist
\o 
\o 
\o *Info*    Data Directory    =
\o           /home/train/simulation/hanus/vco_new_1/maestro/results/maestro/ExplorerRun.0/2/hanus_vco_new_1
\o 
\o Reusing AHDL Data dir
\o generate netlist...
\o Ignoring netlist creation since ignoreDesignChangesDuringRun is set to true
\o       ...successful.
\o compose simulator input file...
\o       ...successful.
\o [2026-02-03 12:15:11.702 +0530] [PROCESS] [cadence.virtuoso.ade.services.netlister] - Current memory used: 753.2031 MBytes, peak memory used: 753.2031 MBytes {"hostname": "vlsi43.blr.amrita.edu", "processid": 182879, "testname": "hanus_vco_new_1", "point": 2, "logfile": "/home/train/hanupro/logs_train/logs0/Service16.log"}
\o [2026-02-03 12:15:11.702 +0530] [INFO] [cadence.virtuoso.ade.services.netlister] - Finished netlisting {"point": 2, "testname": "hanus_vco_new_1"}
\o [2026-02-03 12:15:11.703 +0530] [EVENT] [cadence.virtuoso.ade.services.netlister] - NewPoint {"point": 3, "testname": "hanus_vco_new_1", "event": "NewPoint", "EventSource": "Netlist Service", "HistoryName": "ExplorerRun.0", "logFile": "/home/train/hanupro/logs_train/logs0/Service16.log", "logFileSize": "12230"}
\o [2026-02-03 12:15:11.703 +0530] [INFO] [cadence.virtuoso.ade.services.netlister] - Started netlisting {"point": 3, "testname": "hanus_vco_new_1"}
\o Resetting statistical vars
\o 
\o *Info*    Setting parameter values ...
\o 
\o Setting var vc = "0.105263157894737"
\o 
\o *Info*    Netlist Directory =
\o           /home/train/simulation/hanus/vco_new_1/maestro/results/maestro/ExplorerRun.0/3/hanus_vco_new_1/netlist
\o 
\o 
\o *Info*    Data Directory    =
\o           /home/train/simulation/hanus/vco_new_1/maestro/results/maestro/ExplorerRun.0/3/hanus_vco_new_1
\o 
\o Reusing AHDL Data dir
\o generate netlist...
\o Ignoring netlist creation since ignoreDesignChangesDuringRun is set to true
\o       ...successful.
\o compose simulator input file...
\o       ...successful.
\o [2026-02-03 12:15:11.914 +0530] [PROCESS] [cadence.virtuoso.ade.services.netlister] - Current memory used: 753.7188 MBytes, peak memory used: 753.7188 MBytes {"hostname": "vlsi43.blr.amrita.edu", "processid": 182879, "testname": "hanus_vco_new_1", "point": 3, "logfile": "/home/train/hanupro/logs_train/logs0/Service16.log"}
\o [2026-02-03 12:15:11.914 +0530] [INFO] [cadence.virtuoso.ade.services.netlister] - Finished netlisting {"point": 3, "testname": "hanus_vco_new_1"}
\o [2026-02-03 12:15:11.914 +0530] [EVENT] [cadence.virtuoso.ade.services.netlister] - NewPoint {"point": 4, "testname": "hanus_vco_new_1", "event": "NewPoint", "EventSource": "Netlist Service", "HistoryName": "ExplorerRun.0", "logFile": "/home/train/hanupro/logs_train/logs0/Service16.log", "logFileSize": "13809"}
\o [2026-02-03 12:15:11.914 +0530] [INFO] [cadence.virtuoso.ade.services.netlister] - Started netlisting {"point": 4, "testname": "hanus_vco_new_1"}
\o Resetting statistical vars
\o 
\o *Info*    Setting parameter values ...
\o 
\o Setting var vc = "0.157894736842105"
\o 
\o *Info*    Netlist Directory =
\o           /home/train/simulation/hanus/vco_new_1/maestro/results/maestro/ExplorerRun.0/4/hanus_vco_new_1/netlist
\o 
\o 
\o *Info*    Data Directory    =
\o           /home/train/simulation/hanus/vco_new_1/maestro/results/maestro/ExplorerRun.0/4/hanus_vco_new_1
\o 
\o Reusing AHDL Data dir
\o generate netlist...
\o Ignoring netlist creation since ignoreDesignChangesDuringRun is set to true
\o       ...successful.
\o compose simulator input file...
\o       ...successful.
\o [2026-02-03 12:15:12.118 +0530] [PROCESS] [cadence.virtuoso.ade.services.netlister] - Current memory used: 753.9766 MBytes, peak memory used: 753.9766 MBytes {"hostname": "vlsi43.blr.amrita.edu", "processid": 182879, "testname": "hanus_vco_new_1", "point": 4, "logfile": "/home/train/hanupro/logs_train/logs0/Service16.log"}
\o [2026-02-03 12:15:12.118 +0530] [INFO] [cadence.virtuoso.ade.services.netlister] - Finished netlisting {"point": 4, "testname": "hanus_vco_new_1"}
\o [2026-02-03 12:15:12.118 +0530] [EVENT] [cadence.virtuoso.ade.services.netlister] - NewPoint {"point": 5, "testname": "hanus_vco_new_1", "event": "NewPoint", "EventSource": "Netlist Service", "HistoryName": "ExplorerRun.0", "logFile": "/home/train/hanupro/logs_train/logs0/Service16.log", "logFileSize": "15388"}
\o [2026-02-03 12:15:12.118 +0530] [INFO] [cadence.virtuoso.ade.services.netlister] - Started netlisting {"point": 5, "testname": "hanus_vco_new_1"}
\o Resetting statistical vars
\o 
\o *Info*    Setting parameter values ...
\o 
\o Setting var vc = "0.210526315789474"
\o 
\o *Info*    Netlist Directory =
\o           /home/train/simulation/hanus/vco_new_1/maestro/results/maestro/ExplorerRun.0/5/hanus_vco_new_1/netlist
\o 
\o 
\o *Info*    Data Directory    =
\o           /home/train/simulation/hanus/vco_new_1/maestro/results/maestro/ExplorerRun.0/5/hanus_vco_new_1
\o 
\o Reusing AHDL Data dir
\o generate netlist...
\o Ignoring netlist creation since ignoreDesignChangesDuringRun is set to true
\o       ...successful.
\o compose simulator input file...
\o       ...successful.
\o [2026-02-03 12:15:12.327 +0530] [PROCESS] [cadence.virtuoso.ade.services.netlister] - Current memory used: 754.4922 MBytes, peak memory used: 754.4922 MBytes {"hostname": "vlsi43.blr.amrita.edu", "processid": 182879, "testname": "hanus_vco_new_1", "point": 5, "logfile": "/home/train/hanupro/logs_train/logs0/Service16.log"}
\o [2026-02-03 12:15:12.327 +0530] [INFO] [cadence.virtuoso.ade.services.netlister] - Finished netlisting {"point": 5, "testname": "hanus_vco_new_1"}
\o [2026-02-03 12:15:12.328 +0530] [EVENT] [cadence.virtuoso.ade.services.netlister] - NewPoint {"point": 6, "testname": "hanus_vco_new_1", "event": "NewPoint", "EventSource": "Netlist Service", "HistoryName": "ExplorerRun.0", "logFile": "/home/train/hanupro/logs_train/logs0/Service16.log", "logFileSize": "16967"}
\o [2026-02-03 12:15:12.328 +0530] [INFO] [cadence.virtuoso.ade.services.netlister] - Started netlisting {"point": 6, "testname": "hanus_vco_new_1"}
\o Resetting statistical vars
\o 
\o *Info*    Setting parameter values ...
\o 
\o Setting var vc = "0.263157894736842"
\o 
\o *Info*    Netlist Directory =
\o           /home/train/simulation/hanus/vco_new_1/maestro/results/maestro/ExplorerRun.0/6/hanus_vco_new_1/netlist
\o 
\o 
\o *Info*    Data Directory    =
\o           /home/train/simulation/hanus/vco_new_1/maestro/results/maestro/ExplorerRun.0/6/hanus_vco_new_1
\o 
\o Reusing AHDL Data dir
\o generate netlist...
\o Ignoring netlist creation since ignoreDesignChangesDuringRun is set to true
\o       ...successful.
\o compose simulator input file...
\o       ...successful.
\o [2026-02-03 12:15:12.543 +0530] [PROCESS] [cadence.virtuoso.ade.services.netlister] - Current memory used: 756.4922 MBytes, peak memory used: 756.4922 MBytes {"hostname": "vlsi43.blr.amrita.edu", "processid": 182879, "testname": "hanus_vco_new_1", "point": 6, "logfile": "/home/train/hanupro/logs_train/logs0/Service16.log"}
\o [2026-02-03 12:15:12.543 +0530] [INFO] [cadence.virtuoso.ade.services.netlister] - Finished netlisting {"point": 6, "testname": "hanus_vco_new_1"}
\o [2026-02-03 12:15:12.543 +0530] [EVENT] [cadence.virtuoso.ade.services.netlister] - NewPoint {"point": 7, "testname": "hanus_vco_new_1", "event": "NewPoint", "EventSource": "Netlist Service", "HistoryName": "ExplorerRun.0", "logFile": "/home/train/hanupro/logs_train/logs0/Service16.log", "logFileSize": "18546"}
\o [2026-02-03 12:15:12.544 +0530] [INFO] [cadence.virtuoso.ade.services.netlister] - Started netlisting {"point": 7, "testname": "hanus_vco_new_1"}
\o Resetting statistical vars
\o 
\o *Info*    Setting parameter values ...
\o 
\o Setting var vc = "0.315789473684211"
\o 
\o *Info*    Netlist Directory =
\o           /home/train/simulation/hanus/vco_new_1/maestro/results/maestro/ExplorerRun.0/7/hanus_vco_new_1/netlist
\o 
\o 
\o *Info*    Data Directory    =
\o           /home/train/simulation/hanus/vco_new_1/maestro/results/maestro/ExplorerRun.0/7/hanus_vco_new_1
\o 
\o Reusing AHDL Data dir
\o generate netlist...
\o Ignoring netlist creation since ignoreDesignChangesDuringRun is set to true
\o       ...successful.
\o compose simulator input file...
\o       ...successful.
\o [2026-02-03 12:15:12.764 +0530] [PROCESS] [cadence.virtuoso.ade.services.netlister] - Current memory used: 756.4922 MBytes, peak memory used: 756.4922 MBytes {"hostname": "vlsi43.blr.amrita.edu", "processid": 182879, "testname": "hanus_vco_new_1", "point": 7, "logfile": "/home/train/hanupro/logs_train/logs0/Service16.log"}
\o [2026-02-03 12:15:12.765 +0530] [INFO] [cadence.virtuoso.ade.services.netlister] - Finished netlisting {"point": 7, "testname": "hanus_vco_new_1"}
\o [2026-02-03 12:15:12.765 +0530] [EVENT] [cadence.virtuoso.ade.services.netlister] - NewPoint {"point": 8, "testname": "hanus_vco_new_1", "event": "NewPoint", "EventSource": "Netlist Service", "HistoryName": "ExplorerRun.0", "logFile": "/home/train/hanupro/logs_train/logs0/Service16.log", "logFileSize": "20125"}
\o [2026-02-03 12:15:12.765 +0530] [INFO] [cadence.virtuoso.ade.services.netlister] - Started netlisting {"point": 8, "testname": "hanus_vco_new_1"}
\o Resetting statistical vars
\o 
\o *Info*    Setting parameter values ...
\o 
\o Setting var vc = "0.368421052631579"
\o 
\o *Info*    Netlist Directory =
\o           /home/train/simulation/hanus/vco_new_1/maestro/results/maestro/ExplorerRun.0/8/hanus_vco_new_1/netlist
\o 
\o 
\o *Info*    Data Directory    =
\o           /home/train/simulation/hanus/vco_new_1/maestro/results/maestro/ExplorerRun.0/8/hanus_vco_new_1
\o 
\o Reusing AHDL Data dir
\o generate netlist...
\o Ignoring netlist creation since ignoreDesignChangesDuringRun is set to true
\o       ...successful.
\o compose simulator input file...
\o       ...successful.
\o [2026-02-03 12:15:12.974 +0530] [PROCESS] [cadence.virtuoso.ade.services.netlister] - Current memory used: 756.4922 MBytes, peak memory used: 756.4922 MBytes {"hostname": "vlsi43.blr.amrita.edu", "processid": 182879, "testname": "hanus_vco_new_1", "point": 8, "logfile": "/home/train/hanupro/logs_train/logs0/Service16.log"}
\o [2026-02-03 12:15:12.974 +0530] [INFO] [cadence.virtuoso.ade.services.netlister] - Finished netlisting {"point": 8, "testname": "hanus_vco_new_1"}
\o [2026-02-03 12:15:12.974 +0530] [EVENT] [cadence.virtuoso.ade.services.netlister] - NewPoint {"point": 9, "testname": "hanus_vco_new_1", "event": "NewPoint", "EventSource": "Netlist Service", "HistoryName": "ExplorerRun.0", "logFile": "/home/train/hanupro/logs_train/logs0/Service16.log", "logFileSize": "21704"}
\o [2026-02-03 12:15:12.975 +0530] [INFO] [cadence.virtuoso.ade.services.netlister] - Started netlisting {"point": 9, "testname": "hanus_vco_new_1"}
\o Resetting statistical vars
\o 
\o *Info*    Setting parameter values ...
\o 
\o Setting var vc = "0.421052631578947"
\o 
\o *Info*    Netlist Directory =
\o           /home/train/simulation/hanus/vco_new_1/maestro/results/maestro/ExplorerRun.0/9/hanus_vco_new_1/netlist
\o 
\o 
\o *Info*    Data Directory    =
\o           /home/train/simulation/hanus/vco_new_1/maestro/results/maestro/ExplorerRun.0/9/hanus_vco_new_1
\o 
\o Reusing AHDL Data dir
\o generate netlist...
\o Ignoring netlist creation since ignoreDesignChangesDuringRun is set to true
\o       ...successful.
\o compose simulator input file...
\o       ...successful.
\o [2026-02-03 12:15:13.187 +0530] [PROCESS] [cadence.virtuoso.ade.services.netlister] - Current memory used: 756.4922 MBytes, peak memory used: 756.4922 MBytes {"hostname": "vlsi43.blr.amrita.edu", "processid": 182879, "testname": "hanus_vco_new_1", "point": 9, "logfile": "/home/train/hanupro/logs_train/logs0/Service16.log"}
\o [2026-02-03 12:15:13.188 +0530] [INFO] [cadence.virtuoso.ade.services.netlister] - Finished netlisting {"point": 9, "testname": "hanus_vco_new_1"}
\o [2026-02-03 12:15:13.188 +0530] [EVENT] [cadence.virtuoso.ade.services.netlister] - NewPoint {"point": 10, "testname": "hanus_vco_new_1", "event": "NewPoint", "EventSource": "Netlist Service", "HistoryName": "ExplorerRun.0", "logFile": "/home/train/hanupro/logs_train/logs0/Service16.log", "logFileSize": "23283"}
\o [2026-02-03 12:15:13.188 +0530] [INFO] [cadence.virtuoso.ade.services.netlister] - Started netlisting {"point": 10, "testname": "hanus_vco_new_1"}
\o Resetting statistical vars
\o 
\o *Info*    Setting parameter values ...
\o 
\o Setting var vc = "0.473684210526316"
\o 
\o *Info*    Netlist Directory =
\o           /home/train/simulation/hanus/vco_new_1/maestro/results/maestro/ExplorerRun.0/10/hanus_vco_new_1/netlist
\o 
\o 
\o *Info*    Data Directory    =
\o           /home/train/simulation/hanus/vco_new_1/maestro/results/maestro/ExplorerRun.0/10/hanus_vco_new_1
\o 
\o Reusing AHDL Data dir
\o generate netlist...
\o Ignoring netlist creation since ignoreDesignChangesDuringRun is set to true
\o       ...successful.
\o compose simulator input file...
\o       ...successful.
\o [2026-02-03 12:15:13.425 +0530] [PROCESS] [cadence.virtuoso.ade.services.netlister] - Current memory used: 756.4922 MBytes, peak memory used: 756.4922 MBytes {"hostname": "vlsi43.blr.amrita.edu", "processid": 182879, "testname": "hanus_vco_new_1", "point": 10, "logfile": "/home/train/hanupro/logs_train/logs0/Service16.log"}
\o [2026-02-03 12:15:13.425 +0530] [INFO] [cadence.virtuoso.ade.services.netlister] - Finished netlisting {"point": 10, "testname": "hanus_vco_new_1"}
\o [2026-02-03 12:15:13.426 +0530] [EVENT] [cadence.virtuoso.ade.services.netlister] - NewPoint {"point": 11, "testname": "hanus_vco_new_1", "event": "NewPoint", "EventSource": "Netlist Service", "HistoryName": "ExplorerRun.0", "logFile": "/home/train/hanupro/logs_train/logs0/Service16.log", "logFileSize": "24868"}
\o [2026-02-03 12:15:13.426 +0530] [INFO] [cadence.virtuoso.ade.services.netlister] - Started netlisting {"point": 11, "testname": "hanus_vco_new_1"}
\o Resetting statistical vars
\o 
\o *Info*    Setting parameter values ...
\o 
\o Setting var vc = "0.526315789473684"
\o 
\o *Info*    Netlist Directory =
\o           /home/train/simulation/hanus/vco_new_1/maestro/results/maestro/ExplorerRun.0/11/hanus_vco_new_1/netlist
\o 
\o 
\o *Info*    Data Directory    =
\o           /home/train/simulation/hanus/vco_new_1/maestro/results/maestro/ExplorerRun.0/11/hanus_vco_new_1
\o 
\o Reusing AHDL Data dir
\o generate netlist...
\o Ignoring netlist creation since ignoreDesignChangesDuringRun is set to true
\o       ...successful.
\o compose simulator input file...
\o       ...successful.
\o [2026-02-03 12:15:13.636 +0530] [PROCESS] [cadence.virtuoso.ade.services.netlister] - Current memory used: 758.4922 MBytes, peak memory used: 758.4922 MBytes {"hostname": "vlsi43.blr.amrita.edu", "processid": 182879, "testname": "hanus_vco_new_1", "point": 11, "logfile": "/home/train/hanupro/logs_train/logs0/Service16.log"}
\o [2026-02-03 12:15:13.636 +0530] [INFO] [cadence.virtuoso.ade.services.netlister] - Finished netlisting {"point": 11, "testname": "hanus_vco_new_1"}
\o [2026-02-03 12:15:13.637 +0530] [EVENT] [cadence.virtuoso.ade.services.netlister] - NewPoint {"point": 12, "testname": "hanus_vco_new_1", "event": "NewPoint", "EventSource": "Netlist Service", "HistoryName": "ExplorerRun.0", "logFile": "/home/train/hanupro/logs_train/logs0/Service16.log", "logFileSize": "26453"}
\o [2026-02-03 12:15:13.637 +0530] [INFO] [cadence.virtuoso.ade.services.netlister] - Started netlisting {"point": 12, "testname": "hanus_vco_new_1"}
\o Resetting statistical vars
\o 
\o *Info*    Setting parameter values ...
\o 
\o Setting var vc = "0.578947368421053"
\o 
\o *Info*    Netlist Directory =
\o           /home/train/simulation/hanus/vco_new_1/maestro/results/maestro/ExplorerRun.0/12/hanus_vco_new_1/netlist
\o 
\o 
\o *Info*    Data Directory    =
\o           /home/train/simulation/hanus/vco_new_1/maestro/results/maestro/ExplorerRun.0/12/hanus_vco_new_1
\o 
\o Reusing AHDL Data dir
\o generate netlist...
\o Ignoring netlist creation since ignoreDesignChangesDuringRun is set to true
\o       ...successful.
\o compose simulator input file...
\o       ...successful.
\o [2026-02-03 12:15:13.876 +0530] [PROCESS] [cadence.virtuoso.ade.services.netlister] - Current memory used: 760.4922 MBytes, peak memory used: 760.4922 MBytes {"hostname": "vlsi43.blr.amrita.edu", "processid": 182879, "testname": "hanus_vco_new_1", "point": 12, "logfile": "/home/train/hanupro/logs_train/logs0/Service16.log"}
\o [2026-02-03 12:15:13.876 +0530] [INFO] [cadence.virtuoso.ade.services.netlister] - Finished netlisting {"point": 12, "testname": "hanus_vco_new_1"}
\o [2026-02-03 12:15:13.877 +0530] [EVENT] [cadence.virtuoso.ade.services.netlister] - NewPoint {"point": 13, "testname": "hanus_vco_new_1", "event": "NewPoint", "EventSource": "Netlist Service", "HistoryName": "ExplorerRun.0", "logFile": "/home/train/hanupro/logs_train/logs0/Service16.log", "logFileSize": "28038"}
\o [2026-02-03 12:15:13.877 +0530] [INFO] [cadence.virtuoso.ade.services.netlister] - Started netlisting {"point": 13, "testname": "hanus_vco_new_1"}
\o Resetting statistical vars
\o 
\o *Info*    Setting parameter values ...
\o 
\o Setting var vc = "0.631578947368421"
\o 
\o *Info*    Netlist Directory =
\o           /home/train/simulation/hanus/vco_new_1/maestro/results/maestro/ExplorerRun.0/13/hanus_vco_new_1/netlist
\o 
\o 
\o *Info*    Data Directory    =
\o           /home/train/simulation/hanus/vco_new_1/maestro/results/maestro/ExplorerRun.0/13/hanus_vco_new_1
\o 
\o Reusing AHDL Data dir
\o generate netlist...
\o Ignoring netlist creation since ignoreDesignChangesDuringRun is set to true
\o       ...successful.
\o compose simulator input file...
\o       ...successful.
\o [2026-02-03 12:15:14.088 +0530] [PROCESS] [cadence.virtuoso.ade.services.netlister] - Current memory used: 760.4922 MBytes, peak memory used: 760.4922 MBytes {"hostname": "vlsi43.blr.amrita.edu", "processid": 182879, "testname": "hanus_vco_new_1", "point": 13, "logfile": "/home/train/hanupro/logs_train/logs0/Service16.log"}
\o [2026-02-03 12:15:14.089 +0530] [INFO] [cadence.virtuoso.ade.services.netlister] - Finished netlisting {"point": 13, "testname": "hanus_vco_new_1"}
\o [2026-02-03 12:15:14.089 +0530] [EVENT] [cadence.virtuoso.ade.services.netlister] - NewPoint {"point": 14, "testname": "hanus_vco_new_1", "event": "NewPoint", "EventSource": "Netlist Service", "HistoryName": "ExplorerRun.0", "logFile": "/home/train/hanupro/logs_train/logs0/Service16.log", "logFileSize": "29623"}
\o [2026-02-03 12:15:14.089 +0530] [INFO] [cadence.virtuoso.ade.services.netlister] - Started netlisting {"point": 14, "testname": "hanus_vco_new_1"}
\# Available memory:         44,847 MB at UTC 2026.02.03 06:45:14.100
\# Memory report: Maximum memory size now 45,300 MB at UTC 2026.02.03 06:45:14.100
\# Thread usage report: 26 active threads, active load 1.40 at UTC 2026.02.03 06:45:14.100
\o Resetting statistical vars
\o 
\o *Info*    Setting parameter values ...
\o 
\o Setting var vc = "0.684210526315789"
\o 
\o *Info*    Netlist Directory =
\o           /home/train/simulation/hanus/vco_new_1/maestro/results/maestro/ExplorerRun.0/14/hanus_vco_new_1/netlist
\o 
\o 
\o *Info*    Data Directory    =
\o           /home/train/simulation/hanus/vco_new_1/maestro/results/maestro/ExplorerRun.0/14/hanus_vco_new_1
\o 
\o Reusing AHDL Data dir
\o generate netlist...
\o Ignoring netlist creation since ignoreDesignChangesDuringRun is set to true
\o       ...successful.
\o compose simulator input file...
\o       ...successful.
\o [2026-02-03 12:15:14.305 +0530] [PROCESS] [cadence.virtuoso.ade.services.netlister] - Current memory used: 760.4922 MBytes, peak memory used: 760.4922 MBytes {"hostname": "vlsi43.blr.amrita.edu", "processid": 182879, "testname": "hanus_vco_new_1", "point": 14, "logfile": "/home/train/hanupro/logs_train/logs0/Service16.log"}
\o [2026-02-03 12:15:14.305 +0530] [INFO] [cadence.virtuoso.ade.services.netlister] - Finished netlisting {"point": 14, "testname": "hanus_vco_new_1"}
\o [2026-02-03 12:15:14.306 +0530] [EVENT] [cadence.virtuoso.ade.services.netlister] - NewPoint {"point": 15, "testname": "hanus_vco_new_1", "event": "NewPoint", "EventSource": "Netlist Service", "HistoryName": "ExplorerRun.0", "logFile": "/home/train/hanupro/logs_train/logs0/Service16.log", "logFileSize": "31452"}
\o [2026-02-03 12:15:14.306 +0530] [INFO] [cadence.virtuoso.ade.services.netlister] - Started netlisting {"point": 15, "testname": "hanus_vco_new_1"}
\o Resetting statistical vars
\o 
\o *Info*    Setting parameter values ...
\o 
\o Setting var vc = "0.736842105263158"
\o 
\o *Info*    Netlist Directory =
\o           /home/train/simulation/hanus/vco_new_1/maestro/results/maestro/ExplorerRun.0/15/hanus_vco_new_1/netlist
\o 
\o 
\o *Info*    Data Directory    =
\o           /home/train/simulation/hanus/vco_new_1/maestro/results/maestro/ExplorerRun.0/15/hanus_vco_new_1
\o 
\o Reusing AHDL Data dir
\o generate netlist...
\o Ignoring netlist creation since ignoreDesignChangesDuringRun is set to true
\o       ...successful.
\o compose simulator input file...
\o       ...successful.
\o [2026-02-03 12:15:14.514 +0530] [PROCESS] [cadence.virtuoso.ade.services.netlister] - Current memory used: 760.4922 MBytes, peak memory used: 760.4922 MBytes {"hostname": "vlsi43.blr.amrita.edu", "processid": 182879, "testname": "hanus_vco_new_1", "point": 15, "logfile": "/home/train/hanupro/logs_train/logs0/Service16.log"}
\o [2026-02-03 12:15:14.514 +0530] [INFO] [cadence.virtuoso.ade.services.netlister] - Finished netlisting {"point": 15, "testname": "hanus_vco_new_1"}
\o [2026-02-03 12:15:14.515 +0530] [EVENT] [cadence.virtuoso.ade.services.netlister] - NewPoint {"point": 16, "testname": "hanus_vco_new_1", "event": "NewPoint", "EventSource": "Netlist Service", "HistoryName": "ExplorerRun.0", "logFile": "/home/train/hanupro/logs_train/logs0/Service16.log", "logFileSize": "33037"}
\o [2026-02-03 12:15:14.515 +0530] [INFO] [cadence.virtuoso.ade.services.netlister] - Started netlisting {"point": 16, "testname": "hanus_vco_new_1"}
\o Resetting statistical vars
\o 
\o *Info*    Setting parameter values ...
\o 
\o Setting var vc = "0.789473684210526"
\o 
\o *Info*    Netlist Directory =
\o           /home/train/simulation/hanus/vco_new_1/maestro/results/maestro/ExplorerRun.0/16/hanus_vco_new_1/netlist
\o 
\o 
\o *Info*    Data Directory    =
\o           /home/train/simulation/hanus/vco_new_1/maestro/results/maestro/ExplorerRun.0/16/hanus_vco_new_1
\o 
\o Reusing AHDL Data dir
\o generate netlist...
\o Ignoring netlist creation since ignoreDesignChangesDuringRun is set to true
\o       ...successful.
\o compose simulator input file...
\o       ...successful.
\o [2026-02-03 12:15:14.731 +0530] [PROCESS] [cadence.virtuoso.ade.services.netlister] - Current memory used: 760.4922 MBytes, peak memory used: 760.4922 MBytes {"hostname": "vlsi43.blr.amrita.edu", "processid": 182879, "testname": "hanus_vco_new_1", "point": 16, "logfile": "/home/train/hanupro/logs_train/logs0/Service16.log"}
\o [2026-02-03 12:15:14.731 +0530] [INFO] [cadence.virtuoso.ade.services.netlister] - Finished netlisting {"point": 16, "testname": "hanus_vco_new_1"}
\o [2026-02-03 12:15:14.732 +0530] [EVENT] [cadence.virtuoso.ade.services.netlister] - NewPoint {"point": 17, "testname": "hanus_vco_new_1", "event": "NewPoint", "EventSource": "Netlist Service", "HistoryName": "ExplorerRun.0", "logFile": "/home/train/hanupro/logs_train/logs0/Service16.log", "logFileSize": "34622"}
\o [2026-02-03 12:15:14.732 +0530] [INFO] [cadence.virtuoso.ade.services.netlister] - Started netlisting {"point": 17, "testname": "hanus_vco_new_1"}
\o Resetting statistical vars
\o 
\o *Info*    Setting parameter values ...
\o 
\o Setting var vc = "0.842105263157894"
\o 
\o *Info*    Netlist Directory =
\o           /home/train/simulation/hanus/vco_new_1/maestro/results/maestro/ExplorerRun.0/17/hanus_vco_new_1/netlist
\o 
\o 
\o *Info*    Data Directory    =
\o           /home/train/simulation/hanus/vco_new_1/maestro/results/maestro/ExplorerRun.0/17/hanus_vco_new_1
\o 
\o Reusing AHDL Data dir
\o generate netlist...
\o Ignoring netlist creation since ignoreDesignChangesDuringRun is set to true
\o       ...successful.
\o compose simulator input file...
\o       ...successful.
\o [2026-02-03 12:15:14.951 +0530] [PROCESS] [cadence.virtuoso.ade.services.netlister] - Current memory used: 760.4922 MBytes, peak memory used: 760.4922 MBytes {"hostname": "vlsi43.blr.amrita.edu", "processid": 182879, "testname": "hanus_vco_new_1", "point": 17, "logfile": "/home/train/hanupro/logs_train/logs0/Service16.log"}
\o [2026-02-03 12:15:14.951 +0530] [INFO] [cadence.virtuoso.ade.services.netlister] - Finished netlisting {"point": 17, "testname": "hanus_vco_new_1"}
\o [2026-02-03 12:15:14.952 +0530] [EVENT] [cadence.virtuoso.ade.services.netlister] - NewPoint {"point": 18, "testname": "hanus_vco_new_1", "event": "NewPoint", "EventSource": "Netlist Service", "HistoryName": "ExplorerRun.0", "logFile": "/home/train/hanupro/logs_train/logs0/Service16.log", "logFileSize": "36207"}
\o [2026-02-03 12:15:14.952 +0530] [INFO] [cadence.virtuoso.ade.services.netlister] - Started netlisting {"point": 18, "testname": "hanus_vco_new_1"}
\o Resetting statistical vars
\o 
\o *Info*    Setting parameter values ...
\o 
\o Setting var vc = "0.894736842105263"
\o 
\o *Info*    Netlist Directory =
\o           /home/train/simulation/hanus/vco_new_1/maestro/results/maestro/ExplorerRun.0/18/hanus_vco_new_1/netlist
\o 
\o 
\o *Info*    Data Directory    =
\o           /home/train/simulation/hanus/vco_new_1/maestro/results/maestro/ExplorerRun.0/18/hanus_vco_new_1
\o 
\o Reusing AHDL Data dir
\o generate netlist...
\o Ignoring netlist creation since ignoreDesignChangesDuringRun is set to true
\o       ...successful.
\o compose simulator input file...
\o       ...successful.
\o [2026-02-03 12:15:15.160 +0530] [PROCESS] [cadence.virtuoso.ade.services.netlister] - Current memory used: 760.4922 MBytes, peak memory used: 760.4922 MBytes {"hostname": "vlsi43.blr.amrita.edu", "processid": 182879, "testname": "hanus_vco_new_1", "point": 18, "logfile": "/home/train/hanupro/logs_train/logs0/Service16.log"}
\o [2026-02-03 12:15:15.161 +0530] [INFO] [cadence.virtuoso.ade.services.netlister] - Finished netlisting {"point": 18, "testname": "hanus_vco_new_1"}
\o [2026-02-03 12:15:15.161 +0530] [EVENT] [cadence.virtuoso.ade.services.netlister] - NewPoint {"point": 19, "testname": "hanus_vco_new_1", "event": "NewPoint", "EventSource": "Netlist Service", "HistoryName": "ExplorerRun.0", "logFile": "/home/train/hanupro/logs_train/logs0/Service16.log", "logFileSize": "37792"}
\o [2026-02-03 12:15:15.161 +0530] [INFO] [cadence.virtuoso.ade.services.netlister] - Started netlisting {"point": 19, "testname": "hanus_vco_new_1"}
\o Resetting statistical vars
\o 
\o *Info*    Setting parameter values ...
\o 
\o Setting var vc = "0.947368421052631"
\o 
\o *Info*    Netlist Directory =
\o           /home/train/simulation/hanus/vco_new_1/maestro/results/maestro/ExplorerRun.0/19/hanus_vco_new_1/netlist
\o 
\o 
\o *Info*    Data Directory    =
\o           /home/train/simulation/hanus/vco_new_1/maestro/results/maestro/ExplorerRun.0/19/hanus_vco_new_1
\o 
\o Reusing AHDL Data dir
\o generate netlist...
\o Ignoring netlist creation since ignoreDesignChangesDuringRun is set to true
\o       ...successful.
\o compose simulator input file...
\o       ...successful.
\o [2026-02-03 12:15:15.369 +0530] [PROCESS] [cadence.virtuoso.ade.services.netlister] - Current memory used: 760.4922 MBytes, peak memory used: 760.4922 MBytes {"hostname": "vlsi43.blr.amrita.edu", "processid": 182879, "testname": "hanus_vco_new_1", "point": 19, "logfile": "/home/train/hanupro/logs_train/logs0/Service16.log"}
\o [2026-02-03 12:15:15.370 +0530] [INFO] [cadence.virtuoso.ade.services.netlister] - Finished netlisting {"point": 19, "testname": "hanus_vco_new_1"}
\o [2026-02-03 12:15:15.370 +0530] [EVENT] [cadence.virtuoso.ade.services.netlister] - NewPoint {"point": 20, "testname": "hanus_vco_new_1", "event": "NewPoint", "EventSource": "Netlist Service", "HistoryName": "ExplorerRun.0", "logFile": "/home/train/hanupro/logs_train/logs0/Service16.log", "logFileSize": "39377"}
\o [2026-02-03 12:15:15.370 +0530] [INFO] [cadence.virtuoso.ade.services.netlister] - Started netlisting {"point": 20, "testname": "hanus_vco_new_1"}
\o Resetting statistical vars
\o 
\o *Info*    Setting parameter values ...
\o 
\o Setting var vc = "1"
\o 
\o *Info*    Netlist Directory =
\o           /home/train/simulation/hanus/vco_new_1/maestro/results/maestro/ExplorerRun.0/20/hanus_vco_new_1/netlist
\o 
\o 
\o *Info*    Data Directory    =
\o           /home/train/simulation/hanus/vco_new_1/maestro/results/maestro/ExplorerRun.0/20/hanus_vco_new_1
\o 
\o Reusing AHDL Data dir
\o generate netlist...
\o Ignoring netlist creation since ignoreDesignChangesDuringRun is set to true
\o       ...successful.
\o compose simulator input file...
\o       ...successful.
\o [2026-02-03 12:15:15.586 +0530] [PROCESS] [cadence.virtuoso.ade.services.netlister] - Current memory used: 760.4922 MBytes, peak memory used: 760.4922 MBytes {"hostname": "vlsi43.blr.amrita.edu", "processid": 182879, "testname": "hanus_vco_new_1", "point": 20, "logfile": "/home/train/hanupro/logs_train/logs0/Service16.log"}
\o [2026-02-03 12:15:15.586 +0530] [INFO] [cadence.virtuoso.ade.services.netlister] - Finished netlisting {"point": 20, "testname": "hanus_vco_new_1"}
\o Simulation design variables differ from those on the cellView,
\o they have been saved in the file "/tmp/saved-design-variables".
\o To save future changes, copy variables to cellView before exiting.
\# Lic Summary:
\# [12:20:18.339754] Cdslmd servers:5280@14.139.1.126
\# [12:20:18.339761] Feature usage summary:
\# Memory report: on exit            453 MB, process size 2,393 MB at UTC 2026.02.03 06:50:18.864
\# Memory report: peak usage         453 MB, process size 2,393 MB
