\# Program start time:     UTC 2025.11.20 05:00:38.747
\# Local time: IST (UTC+05:30) 2025.11.20 10:30:38.747
\o Program:		@(#)$CDS: virtuoso version 6.1.8-64b 11/15/2022 19:45 (cpgbld01) $
\o Hierarchy:		/home/install/IC618/tools.lnx86/dfII/
\o Sub version:		sub-version  IC6.1.8-64b.500.29  (64-bit addresses)
\# Command line:	/home/install/IC618/tools.lnx86/dfII/bin/64bit/virtuoso -beanhost vlsi43.blr.amrita.edu -beanport 11300 -beanbinlog  -beanLogFile /home/train/hanupro/logs_train/logs0/amps_Service8.log -mpssession virtuoso5201 -mpshost vlsi43.blr.amrita.edu -davinciService DaVinciService_5201_1763609854 -axlSession fnxSession1 -axlServiceIdFlag 8 -uuid 51da2459-6341-4f05-8e46-694c17ae1ac2 -heartbeat /dev/shm/swift-heartbeat.fkxeLtEPoT -log /home/train/hanupro/logs_train/logs0/Service8.log -noautostart -nographE -lscs 000175E1894CBE06FF0966E38F1FFC06BC4D698AFB6DFC06D24D21B9D711D264887E72B2E36DFC06867D66E38F1FFC06BC4D66E38F1FFC06BC4D0FFD2F6A5C73D55300001E63 -interactive -offlineExprEval -fenixMode explorer -heartbeatTimeout  -lingerTimeout 300 -pointlifetime -1
\# Host name (type):	vlsi43.blr.amrita.edu (x86_64)
\# Operating system:	Linux 4.18.0-425.3.1.el8.x86_64 #1 SMP Fri Sep 30 11:45:06 EDT 2022
\# Linux /etc/issue:	\S
\# Linux /etc/issue:	Kernel \r on an \m
\# X display name (WxH):	:1707 (1024x868)
\# Available geometry:			TL(0:0) BR(1023:867)
\# X server:			The X.Org Foundation
\# Depth of Visual (Root):	24 (24)
\# Number of Planes Used:	24
\# X version:		11.0 (vendor release 12011000)
\# X resource pool:	base 0x400000, mask 0x1fffff (2097151), shift 0
\# 			current id 0x0, current max 0x1ffffa (2097146)
\# Max data seg size:	     unlimited
\# Max process size:	     unlimited
\# Initial sbrk value:	        632 MB
\# Available memory:	     45,124 MB
\# System memory:	     47,707 MB
\# Maximum memory size:	     47,196 MB
\# Max mem available:	     45,245 MB
\# Initial memory used:	        121 MB
\#        process size:	      1,838 MB
\# Thread usage limits (effective/default):	maxthreads 62576/62576 maxload 20.00/20.00
\# Qt version:		5.9.1
\# Window Manager:	other
\# User Name:		train
\o Working Directory:	vlsi43.blr.amrita.edu:/home/train/hanupro
\# Process Id:		76351
\o 
\o COPYRIGHT (C) 1992-2022  CADENCE DESIGN SYSTEMS INC.  ALL RIGHTS RESERVED.
\o           (C) 1992-2022  UNIX SYSTEMS Laboratories INC.,
\o                          Reproduced with permission.
\o 
\o This Cadence Design Systems program and online documentation are
\o proprietary/confidential information and may be disclosed/used only
\o as authorized in a license agreement controlling such use and disclosure.
\o 
\o           RESTRICTED RIGHTS NOTICE (SHORT FORM)
\o Use/reproduction/disclosure is subject to restriction
\o set forth at FAR 1252.227-19 or its equivalent.
\o Loading geView.cxt 
\o Loading menuBuilder.cxt 
\o Loading schView.cxt 
\o Loading selectSv.cxt 
\o Loading pvsui.cxt
\o Loading wireEdit.cxt 
\o Loading pte2.cxt 
\o Loading xlUI.cxt 
\o Loading auCore.cxt 
\o Loading vhdl.cxt 
\o Loading seismic.cxt 
\o Loading ci.cxt 
\o Loading ams.cxt 
\o Loading oasis.cxt 
\o Loading analog.cxt 
\o Loading asimenv.cxt 
\o Loading dal.cxt 
\o Loading awv.cxt 
\o Loading socket.cxt 
\o Loading par.cxt 
\o Loading alvs.cxt 
\o Loading caa.cxt 
\o Loading amps.cxt 
\o Loading adexlCore.cxt 
\# Memory report: using         249 MB, process size 2,111 MB at UTC 2025.11.20 05:00:40.177
\o Loading adexl.cxt 
\o *Info*    Exporting services from client ... 
\o 
\o Loading adexlDM.cxt 
\o Loading cpf.cxt 
\o Loading cli.cxt 
\o Loading lp.cxt 
\o INFO (ELI-00302) Connecting to parent process (session=virtuoso5201, host=vlsi43.blr.amrita.edu). Connection mode is LSCS. Total timeout is 180 seconds. Connection timeout is 90 seconds.
\o INFO (ELI-00303) Step 1: Connecting to parent. Time spent is 0 seconds.
\o INFO (ELI-00304) The registration of the child 76351 within 90 seconds is being processed...
\o INFO (ELI-00305) The result of registration is true. Time spent is 0 seconds.
\o INFO (ELI-00308) The connection has ended. Result is true. Total time spent is 0 seconds.
\# [10:30:38.175481] Configured Lic search path (22.01-s002): 5280@14.139.1.126
\p > 
\# Loading perfDiag...
\# (PerfDiag): Set GDB path to environment variable 'gdbPath' (gdb).
\# Performance Diagnostic tool is installed. You can access PerfDiag from CIW Tools or use the shell command 'cdsPerfDiag -p 76351' to open it when Virtuoso freezes.
\# (PerfDiag): Use backtrace from GLIBC.
\i _axlRunServices()
\# [10:30:41.316801] Periodic Lic check successful
\# [10:30:41.316802] Feature usage summary:
\o Loading simui.cxt 
\o [2025-11-20 10:30:41.328 +0530] [PROCESS] [cadence.virtuoso.ade.services] - Netlist Service has successfully started. Waiting for incoming messages ... {"hostname": "vlsi43.blr.amrita.edu", "processid": 76351, "logfile": "/home/train/hanupro/logs_train/logs0/Service8.log"}
\o [2025-11-20 10:30:41.369 +0530] [EVENT] [cadence.virtuoso.ade.services.netlister] - NewPoint {"point": 0, "testname": "hanus_cs_vco_1", "event": "NewPoint", "EventSource": "Netlist Service", "HistoryName": "ExplorerRun.0", "logFile": "/home/train/hanupro/logs_train/logs0/Service8.log", "logFileSize": "4504"}
\o [2025-11-20 10:30:41.369 +0530] [INFO] [cadence.virtuoso.ade.services.netlister] - Started preparing netlist {"point": 0, "testname": "hanus_cs_vco_1", "testnameKey": "hanus_cs_vco_1"}
\o Loading vdsil.cxt 
\o *Warning* AXL Context Manager : job 8 is already registered. 
\o 
\o Loading vqp.cxt 
\o Loading hdlPkg.cxt 
\o 
\o 
\o *Info*    Configuring the session ...
\o 
\o 	Library      = hanus
\o 	Cell         = cs_vco
\o 	View         = schematic
\o 	Simulator    = spectre
\o 	State Path   = $AXL_SETUPDB_DIR/test_states
\o 	State Name   = ExplorerRun.0
\o 	Results DB   = /home/train/hanupro/hanus/cs_vco/maestro/results/maestro/ExplorerRun.0.rdb
\o 	Results Dir  = /home/train/simulation/hanus/cs_vco/maestro/results/maestro/ExplorerRun.0/1/hanus_cs_vco_1
\o 	Results Loc  = /home/train/simulation/hanus/cs_vco/maestro/results/maestro
\o 	Project Dir  = /home/train/simulation
\o 	Setup DB loc = /home/train/hanupro/hanus/cs_vco/maestro
\o 	File Encoding = 0
\o 
\o 
\o Loading viva.cxt 
\o Loading gpdk045/libInit.il ...
\o 	Loading gpdk045/loadCxt.ile ... done!
\o 	Loading context 'gpdk045' from library 'gpdk045' ... done!
\o 	Loading context 'pdkUtils' from library 'gpdk045' ... done!
\e 	Loading gpdk045/gpdk045_customFilter.il ... *Error* eval: unbound variable - axlRegisterCustomDeviceFilter
\o failed!
\o 	Loading gpdk045/libInitCustomExit.il ... 
\o 	Loading Environment Settings ...
\o 	Loading Model Management File ...
\o Loading spectrei.cxt 
\o Loading devCheck.cxt 
\o Loading relXpert.cxt 
\o Loading hspiceD.cxt 
\o Loading spectreinl.cxt 
\o Loading UltraSim.cxt 
\o Loading msgHandler.cxt 
\o Loading AMSOSS.cxt 
\o Loading AMS.cxt 
\# Memory report: using         411 MB, process size 2,346 MB at UTC 2025.11.20 05:00:43.126
\o 	Loading gpdk045/gpdk045_PDKRegistrations.il ... done!
\o 
\o   *************************************************************           
\o   *              Cadence Design Systems, Inc.                 *           
\o   *                                                           *           
\o   *                    Generic 45nm PDK                       *           
\o   *                        (gpdk045)                          *           
\o   *                                                           *           
\o   *************************************************************           
\o 	
\o 
\o 	VERSION: 4.0 (17-June-2014)
\o 
\o done!
\o Failed to load gpdk045/libInit.il successfully!
\o *Info*    The auto suspension is disabled.
\o 
\o Loading elec.cxt 
\o Resetting statistical vars
\o 
\o *Info*    Setting parameter values ...
\o 
\o Setting var vctrl = "1"
\o Setting var vdd = "1"
\o Loading monte.cxt 
\o Reusing AHDL Data dir
\o 
\o *Info*    Data Directory    =
\o           /home/train/simulation/hanus/cs_vco/maestro/results/maestro/ExplorerRun.0/psf/hanus_cs_vco_1
\o 
\o generate netlist...
\o Loading hnlInit.cxt 
\o Loading seCore.cxt 
\o Initializing the control file using cp:
\o     cp /home/install/IC618/tools.lnx86/dfII/etc/si/control.spectre /home/train/simulation/hanus/cs_vco/maestro/results/maestro/ExplorerRun.0/psf/hanus_cs_vco_1/netlist/control
\o Copying Spectre source file 'spectre.inp'
\o Copying Spectre command file 'spectre.sim'
\o Begin Incremental Netlisting Nov 20 10:30:43 2025
\o Loading json.cxt 
\o End netlisting Nov 20 10:30:43 2025
\o 
\o Netlisting Statistics:
\o 	Number of components:   16
\o 
\o 	Elapsed time:          0.0s
\o Errors: 0	Warnings: 0
\o       ...successful.
\o compose simulator input file...
\o       ...successful.
\o [2025-11-20 10:30:44.010 +0530] [INFO] [cadence.virtuoso.ade.services.netlister] - Finished preparing netlist {"point": 0, "testname": "hanus_cs_vco_1", "testnameKey": "hanus_cs_vco_1"}
\o [2025-11-20 10:30:45.011 +0530] [EVENT] [cadence.virtuoso.ade.services.netlister] - NewPoint {"point": 1, "testname": "hanus_cs_vco_1", "event": "NewPoint", "EventSource": "Netlist Service", "HistoryName": "ExplorerRun.0", "logFile": "/home/train/hanupro/logs_train/logs0/Service8.log", "logFileSize": "6991"}
\o [2025-11-20 10:30:45.012 +0530] [INFO] [cadence.virtuoso.ade.services.netlister] - Started netlisting {"point": 1, "testname": "hanus_cs_vco_1"}
\o Resetting statistical vars
\o 
\o *Info*    Setting parameter values ...
\o 
\o Setting temp(T) = 27
\o Setting var vctrl = "1"
\o Setting var vdd = "1"
\o 
\o *Info*    Netlist Directory =
\o           /home/train/simulation/hanus/cs_vco/maestro/results/maestro/ExplorerRun.0/1/hanus_cs_vco_1/netlist
\o 
\o 
\o *Info*    Data Directory    =
\o           /home/train/simulation/hanus/cs_vco/maestro/results/maestro/ExplorerRun.0/1/hanus_cs_vco_1
\o 
\o Reusing AHDL Data dir
\o generate netlist...
\o Ignoring netlist creation since ignoreDesignChangesDuringRun is set to true
\o       ...successful.
\o compose simulator input file...
\o       ...successful.
\o [2025-11-20 10:30:45.429 +0530] [PROCESS] [cadence.virtuoso.ade.services.netlister] - Current memory used: 756.2500 MBytes, peak memory used: 756.2500 MBytes {"hostname": "vlsi43.blr.amrita.edu", "processid": 76351, "testname": "hanus_cs_vco_1", "point": 1, "logfile": "/home/train/hanupro/logs_train/logs0/Service8.log"}
\o [2025-11-20 10:30:45.429 +0530] [INFO] [cadence.virtuoso.ade.services.netlister] - Finished netlisting {"point": 1, "testname": "hanus_cs_vco_1"}
\o [2025-11-20 10:30:45.429 +0530] [EVENT] [cadence.virtuoso.ade.services.netlister] - NewPoint {"point": 2, "testname": "hanus_cs_vco_1", "event": "NewPoint", "EventSource": "Netlist Service", "HistoryName": "ExplorerRun.0", "logFile": "/home/train/hanupro/logs_train/logs0/Service8.log", "logFileSize": "10590"}
\o [2025-11-20 10:30:45.430 +0530] [INFO] [cadence.virtuoso.ade.services.netlister] - Started netlisting {"point": 2, "testname": "hanus_cs_vco_1"}
\o Resetting statistical vars
\o 
\o *Info*    Setting parameter values ...
\o 
\o Setting var vctrl = "1.11111111111111"
\o 
\o *Info*    Netlist Directory =
\o           /home/train/simulation/hanus/cs_vco/maestro/results/maestro/ExplorerRun.0/2/hanus_cs_vco_1/netlist
\o 
\o 
\o *Info*    Data Directory    =
\o           /home/train/simulation/hanus/cs_vco/maestro/results/maestro/ExplorerRun.0/2/hanus_cs_vco_1
\o 
\o Reusing AHDL Data dir
\o generate netlist...
\o Ignoring netlist creation since ignoreDesignChangesDuringRun is set to true
\o       ...successful.
\o compose simulator input file...
\o       ...successful.
\o [2025-11-20 10:30:45.734 +0530] [PROCESS] [cadence.virtuoso.ade.services.netlister] - Current memory used: 758.2500 MBytes, peak memory used: 758.2500 MBytes {"hostname": "vlsi43.blr.amrita.edu", "processid": 76351, "testname": "hanus_cs_vco_1", "point": 2, "logfile": "/home/train/hanupro/logs_train/logs0/Service8.log"}
\o [2025-11-20 10:30:45.734 +0530] [INFO] [cadence.virtuoso.ade.services.netlister] - Finished netlisting {"point": 2, "testname": "hanus_cs_vco_1"}
\o [2025-11-20 10:30:45.735 +0530] [EVENT] [cadence.virtuoso.ade.services.netlister] - NewPoint {"point": 3, "testname": "hanus_cs_vco_1", "event": "NewPoint", "EventSource": "Netlist Service", "HistoryName": "ExplorerRun.0", "logFile": "/home/train/hanupro/logs_train/logs0/Service8.log", "logFileSize": "12156"}
\o [2025-11-20 10:30:45.735 +0530] [INFO] [cadence.virtuoso.ade.services.netlister] - Started netlisting {"point": 3, "testname": "hanus_cs_vco_1"}
\o Resetting statistical vars
\o 
\o *Info*    Setting parameter values ...
\o 
\o Setting var vctrl = "1.22222222222222"
\o 
\o *Info*    Netlist Directory =
\o           /home/train/simulation/hanus/cs_vco/maestro/results/maestro/ExplorerRun.0/3/hanus_cs_vco_1/netlist
\o 
\o 
\o *Info*    Data Directory    =
\o           /home/train/simulation/hanus/cs_vco/maestro/results/maestro/ExplorerRun.0/3/hanus_cs_vco_1
\o 
\o Reusing AHDL Data dir
\o generate netlist...
\o Ignoring netlist creation since ignoreDesignChangesDuringRun is set to true
\o       ...successful.
\o compose simulator input file...
\o       ...successful.
\o [2025-11-20 10:30:45.981 +0530] [PROCESS] [cadence.virtuoso.ade.services.netlister] - Current memory used: 758.2500 MBytes, peak memory used: 758.2500 MBytes {"hostname": "vlsi43.blr.amrita.edu", "processid": 76351, "testname": "hanus_cs_vco_1", "point": 3, "logfile": "/home/train/hanupro/logs_train/logs0/Service8.log"}
\o [2025-11-20 10:30:45.981 +0530] [INFO] [cadence.virtuoso.ade.services.netlister] - Finished netlisting {"point": 3, "testname": "hanus_cs_vco_1"}
\o [2025-11-20 10:30:45.982 +0530] [EVENT] [cadence.virtuoso.ade.services.netlister] - NewPoint {"point": 4, "testname": "hanus_cs_vco_1", "event": "NewPoint", "EventSource": "Netlist Service", "HistoryName": "ExplorerRun.0", "logFile": "/home/train/hanupro/logs_train/logs0/Service8.log", "logFileSize": "13722"}
\o [2025-11-20 10:30:45.982 +0530] [INFO] [cadence.virtuoso.ade.services.netlister] - Started netlisting {"point": 4, "testname": "hanus_cs_vco_1"}
\o Resetting statistical vars
\o 
\o *Info*    Setting parameter values ...
\o 
\o Setting var vctrl = "1.33333333333333"
\o 
\o *Info*    Netlist Directory =
\o           /home/train/simulation/hanus/cs_vco/maestro/results/maestro/ExplorerRun.0/4/hanus_cs_vco_1/netlist
\o 
\o 
\o *Info*    Data Directory    =
\o           /home/train/simulation/hanus/cs_vco/maestro/results/maestro/ExplorerRun.0/4/hanus_cs_vco_1
\o 
\o Reusing AHDL Data dir
\o generate netlist...
\o Ignoring netlist creation since ignoreDesignChangesDuringRun is set to true
\o       ...successful.
\o compose simulator input file...
\o       ...successful.
\o [2025-11-20 10:30:46.227 +0530] [PROCESS] [cadence.virtuoso.ade.services.netlister] - Current memory used: 758.2500 MBytes, peak memory used: 758.2500 MBytes {"hostname": "vlsi43.blr.amrita.edu", "processid": 76351, "testname": "hanus_cs_vco_1", "point": 4, "logfile": "/home/train/hanupro/logs_train/logs0/Service8.log"}
\o [2025-11-20 10:30:46.227 +0530] [INFO] [cadence.virtuoso.ade.services.netlister] - Finished netlisting {"point": 4, "testname": "hanus_cs_vco_1"}
\o [2025-11-20 10:30:46.228 +0530] [EVENT] [cadence.virtuoso.ade.services.netlister] - NewPoint {"point": 5, "testname": "hanus_cs_vco_1", "event": "NewPoint", "EventSource": "Netlist Service", "HistoryName": "ExplorerRun.0", "logFile": "/home/train/hanupro/logs_train/logs0/Service8.log", "logFileSize": "15288"}
\o [2025-11-20 10:30:46.228 +0530] [INFO] [cadence.virtuoso.ade.services.netlister] - Started netlisting {"point": 5, "testname": "hanus_cs_vco_1"}
\o Resetting statistical vars
\o 
\o *Info*    Setting parameter values ...
\o 
\o Setting var vctrl = "1.44444444444445"
\o 
\o *Info*    Netlist Directory =
\o           /home/train/simulation/hanus/cs_vco/maestro/results/maestro/ExplorerRun.0/5/hanus_cs_vco_1/netlist
\o 
\o 
\o *Info*    Data Directory    =
\o           /home/train/simulation/hanus/cs_vco/maestro/results/maestro/ExplorerRun.0/5/hanus_cs_vco_1
\o 
\o Reusing AHDL Data dir
\o generate netlist...
\o Ignoring netlist creation since ignoreDesignChangesDuringRun is set to true
\o       ...successful.
\o compose simulator input file...
\o       ...successful.
\o [2025-11-20 10:30:46.487 +0530] [PROCESS] [cadence.virtuoso.ade.services.netlister] - Current memory used: 758.2500 MBytes, peak memory used: 758.2500 MBytes {"hostname": "vlsi43.blr.amrita.edu", "processid": 76351, "testname": "hanus_cs_vco_1", "point": 5, "logfile": "/home/train/hanupro/logs_train/logs0/Service8.log"}
\o [2025-11-20 10:30:46.487 +0530] [INFO] [cadence.virtuoso.ade.services.netlister] - Finished netlisting {"point": 5, "testname": "hanus_cs_vco_1"}
\o [2025-11-20 10:30:46.488 +0530] [EVENT] [cadence.virtuoso.ade.services.netlister] - NewPoint {"point": 6, "testname": "hanus_cs_vco_1", "event": "NewPoint", "EventSource": "Netlist Service", "HistoryName": "ExplorerRun.0", "logFile": "/home/train/hanupro/logs_train/logs0/Service8.log", "logFileSize": "16854"}
\o [2025-11-20 10:30:46.488 +0530] [INFO] [cadence.virtuoso.ade.services.netlister] - Started netlisting {"point": 6, "testname": "hanus_cs_vco_1"}
\o Resetting statistical vars
\o 
\o *Info*    Setting parameter values ...
\o 
\o Setting var vctrl = "1.55555555555556"
\o 
\o *Info*    Netlist Directory =
\o           /home/train/simulation/hanus/cs_vco/maestro/results/maestro/ExplorerRun.0/6/hanus_cs_vco_1/netlist
\o 
\o 
\o *Info*    Data Directory    =
\o           /home/train/simulation/hanus/cs_vco/maestro/results/maestro/ExplorerRun.0/6/hanus_cs_vco_1
\o 
\o Reusing AHDL Data dir
\o generate netlist...
\o Ignoring netlist creation since ignoreDesignChangesDuringRun is set to true
\o       ...successful.
\o compose simulator input file...
\o       ...successful.
\o [2025-11-20 10:30:46.734 +0530] [PROCESS] [cadence.virtuoso.ade.services.netlister] - Current memory used: 758.2500 MBytes, peak memory used: 758.2500 MBytes {"hostname": "vlsi43.blr.amrita.edu", "processid": 76351, "testname": "hanus_cs_vco_1", "point": 6, "logfile": "/home/train/hanupro/logs_train/logs0/Service8.log"}
\o [2025-11-20 10:30:46.734 +0530] [INFO] [cadence.virtuoso.ade.services.netlister] - Finished netlisting {"point": 6, "testname": "hanus_cs_vco_1"}
\o [2025-11-20 10:30:46.735 +0530] [EVENT] [cadence.virtuoso.ade.services.netlister] - NewPoint {"point": 7, "testname": "hanus_cs_vco_1", "event": "NewPoint", "EventSource": "Netlist Service", "HistoryName": "ExplorerRun.0", "logFile": "/home/train/hanupro/logs_train/logs0/Service8.log", "logFileSize": "18420"}
\o [2025-11-20 10:30:46.735 +0530] [INFO] [cadence.virtuoso.ade.services.netlister] - Started netlisting {"point": 7, "testname": "hanus_cs_vco_1"}
\o Resetting statistical vars
\o 
\o *Info*    Setting parameter values ...
\o 
\o Setting var vctrl = "1.66666666666667"
\o 
\o *Info*    Netlist Directory =
\o           /home/train/simulation/hanus/cs_vco/maestro/results/maestro/ExplorerRun.0/7/hanus_cs_vco_1/netlist
\o 
\o 
\o *Info*    Data Directory    =
\o           /home/train/simulation/hanus/cs_vco/maestro/results/maestro/ExplorerRun.0/7/hanus_cs_vco_1
\o 
\o Reusing AHDL Data dir
\o generate netlist...
\o Ignoring netlist creation since ignoreDesignChangesDuringRun is set to true
\o       ...successful.
\o compose simulator input file...
\o       ...successful.
\o [2025-11-20 10:30:47.020 +0530] [PROCESS] [cadence.virtuoso.ade.services.netlister] - Current memory used: 758.2500 MBytes, peak memory used: 758.2500 MBytes {"hostname": "vlsi43.blr.amrita.edu", "processid": 76351, "testname": "hanus_cs_vco_1", "point": 7, "logfile": "/home/train/hanupro/logs_train/logs0/Service8.log"}
\o [2025-11-20 10:30:47.021 +0530] [INFO] [cadence.virtuoso.ade.services.netlister] - Finished netlisting {"point": 7, "testname": "hanus_cs_vco_1"}
\o [2025-11-20 10:30:47.021 +0530] [EVENT] [cadence.virtuoso.ade.services.netlister] - NewPoint {"point": 8, "testname": "hanus_cs_vco_1", "event": "NewPoint", "EventSource": "Netlist Service", "HistoryName": "ExplorerRun.0", "logFile": "/home/train/hanupro/logs_train/logs0/Service8.log", "logFileSize": "19986"}
\o [2025-11-20 10:30:47.021 +0530] [INFO] [cadence.virtuoso.ade.services.netlister] - Started netlisting {"point": 8, "testname": "hanus_cs_vco_1"}
\o Resetting statistical vars
\o 
\o *Info*    Setting parameter values ...
\o 
\o Setting var vctrl = "1.77777777777778"
\o 
\o *Info*    Netlist Directory =
\o           /home/train/simulation/hanus/cs_vco/maestro/results/maestro/ExplorerRun.0/8/hanus_cs_vco_1/netlist
\o 
\o 
\o *Info*    Data Directory    =
\o           /home/train/simulation/hanus/cs_vco/maestro/results/maestro/ExplorerRun.0/8/hanus_cs_vco_1
\o 
\o Reusing AHDL Data dir
\o generate netlist...
\o Ignoring netlist creation since ignoreDesignChangesDuringRun is set to true
\o       ...successful.
\o compose simulator input file...
\o       ...successful.
\o [2025-11-20 10:30:47.284 +0530] [PROCESS] [cadence.virtuoso.ade.services.netlister] - Current memory used: 758.2500 MBytes, peak memory used: 758.2500 MBytes {"hostname": "vlsi43.blr.amrita.edu", "processid": 76351, "testname": "hanus_cs_vco_1", "point": 8, "logfile": "/home/train/hanupro/logs_train/logs0/Service8.log"}
\o [2025-11-20 10:30:47.284 +0530] [INFO] [cadence.virtuoso.ade.services.netlister] - Finished netlisting {"point": 8, "testname": "hanus_cs_vco_1"}
\o [2025-11-20 10:30:47.285 +0530] [EVENT] [cadence.virtuoso.ade.services.netlister] - NewPoint {"point": 9, "testname": "hanus_cs_vco_1", "event": "NewPoint", "EventSource": "Netlist Service", "HistoryName": "ExplorerRun.0", "logFile": "/home/train/hanupro/logs_train/logs0/Service8.log", "logFileSize": "21552"}
\o [2025-11-20 10:30:47.285 +0530] [INFO] [cadence.virtuoso.ade.services.netlister] - Started netlisting {"point": 9, "testname": "hanus_cs_vco_1"}
\o Resetting statistical vars
\o 
\o *Info*    Setting parameter values ...
\o 
\o Setting var vctrl = "1.88888888888889"
\o 
\o *Info*    Netlist Directory =
\o           /home/train/simulation/hanus/cs_vco/maestro/results/maestro/ExplorerRun.0/9/hanus_cs_vco_1/netlist
\o 
\o 
\o *Info*    Data Directory    =
\o           /home/train/simulation/hanus/cs_vco/maestro/results/maestro/ExplorerRun.0/9/hanus_cs_vco_1
\o 
\o Reusing AHDL Data dir
\o generate netlist...
\o Ignoring netlist creation since ignoreDesignChangesDuringRun is set to true
\o       ...successful.
\o compose simulator input file...
\o       ...successful.
\o [2025-11-20 10:30:47.530 +0530] [PROCESS] [cadence.virtuoso.ade.services.netlister] - Current memory used: 758.2500 MBytes, peak memory used: 758.2500 MBytes {"hostname": "vlsi43.blr.amrita.edu", "processid": 76351, "testname": "hanus_cs_vco_1", "point": 9, "logfile": "/home/train/hanupro/logs_train/logs0/Service8.log"}
\o [2025-11-20 10:30:47.530 +0530] [INFO] [cadence.virtuoso.ade.services.netlister] - Finished netlisting {"point": 9, "testname": "hanus_cs_vco_1"}
\o [2025-11-20 10:30:47.531 +0530] [EVENT] [cadence.virtuoso.ade.services.netlister] - NewPoint {"point": 10, "testname": "hanus_cs_vco_1", "event": "NewPoint", "EventSource": "Netlist Service", "HistoryName": "ExplorerRun.0", "logFile": "/home/train/hanupro/logs_train/logs0/Service8.log", "logFileSize": "23118"}
\o [2025-11-20 10:30:47.531 +0530] [INFO] [cadence.virtuoso.ade.services.netlister] - Started netlisting {"point": 10, "testname": "hanus_cs_vco_1"}
\o Resetting statistical vars
\o 
\o *Info*    Setting parameter values ...
\o 
\o Setting var vctrl = "2"
\o 
\o *Info*    Netlist Directory =
\o           /home/train/simulation/hanus/cs_vco/maestro/results/maestro/ExplorerRun.0/10/hanus_cs_vco_1/netlist
\o 
\o 
\o *Info*    Data Directory    =
\o           /home/train/simulation/hanus/cs_vco/maestro/results/maestro/ExplorerRun.0/10/hanus_cs_vco_1
\o 
\o Reusing AHDL Data dir
\o generate netlist...
\o Ignoring netlist creation since ignoreDesignChangesDuringRun is set to true
\o       ...successful.
\o compose simulator input file...
\o       ...successful.
\o [2025-11-20 10:30:47.770 +0530] [PROCESS] [cadence.virtuoso.ade.services.netlister] - Current memory used: 758.2500 MBytes, peak memory used: 758.2500 MBytes {"hostname": "vlsi43.blr.amrita.edu", "processid": 76351, "testname": "hanus_cs_vco_1", "point": 10, "logfile": "/home/train/hanupro/logs_train/logs0/Service8.log"}
\o [2025-11-20 10:30:47.770 +0530] [INFO] [cadence.virtuoso.ade.services.netlister] - Finished netlisting {"point": 10, "testname": "hanus_cs_vco_1"}
\# Available memory:         45,112 MB at UTC 2025.11.20 05:00:49.772
\# Memory report: Maximum memory size now 45,563 MB at UTC 2025.11.20 05:00:49.772
\# Thread usage report: 26 active threads, active load 1.40 at UTC 2025.11.20 05:00:49.772
\o **** stopping dspf2oa stdobj@0x35b22980 2 8
\o [2025-11-20 10:30:54.755 +0530] [EVENT] [cadence.virtuoso.ade.services.netlister] - NewPoint {"point": 0, "testname": "hanus_cs_vco_1", "event": "NewPoint", "EventSource": "Netlist Service", "HistoryName": "ExplorerRun.0", "logFile": "/home/train/hanupro/logs_train/logs0/Service8.log", "logFileSize": "24966"}
\o [2025-11-20 10:30:54.756 +0530] [INFO] [cadence.virtuoso.ade.services.netlister] - Started preparing netlist {"point": 0, "testname": "hanus_cs_vco_1", "testnameKey": "hanus_cs_vco_1"}
\o Simulation design variables differ from those on the cellView,
\o they have been saved in the file "/tmp/saved-design-variables".
\o To save future changes, copy variables to cellView before exiting.
\o *Warning* AXL Context Manager : job 8 is already registered. 
\o 
\o 
\o 
\o *Info*    Configuring the session ...
\o 
\o 	Library      = hanus
\o 	Cell         = cs_vco
\o 	View         = schematic
\o 	Simulator    = spectre
\o 	State Path   = $AXL_SETUPDB_DIR/test_states
\o 	State Name   = ExplorerRun.0
\o 	Results DB   = /home/train/hanupro/hanus/cs_vco/maestro/results/maestro/ExplorerRun.0.rdb
\o 	Results Dir  = /home/train/simulation/hanus/cs_vco/maestro/results/maestro/ExplorerRun.0/1/hanus_cs_vco_1
\o 	Results Loc  = /home/train/simulation/hanus/cs_vco/maestro/results/maestro
\o 	Project Dir  = /home/train/simulation
\o 	Setup DB loc = /home/train/hanupro/hanus/cs_vco/maestro
\o 	File Encoding = 0
\o 
\o 
\o 
\o *Info*    The auto suspension is disabled.
\o 
\o Resetting statistical vars
\o 
\o *Info*    Setting parameter values ...
\o 
\o Setting var vctrl = "1"
\o Setting var vdd = "1"
\o Reusing AHDL Data dir
\o 
\o *Info*    Data Directory    =
\o           /home/train/simulation/hanus/cs_vco/maestro/results/maestro/ExplorerRun.0/psf/hanus_cs_vco_1
\o 
\o generate netlist...
\o Initializing the control file using cp:
\o     cp /home/install/IC618/tools.lnx86/dfII/etc/si/control.spectre /home/train/simulation/hanus/cs_vco/maestro/results/maestro/ExplorerRun.0/psf/hanus_cs_vco_1/netlist/control
\o Copying Spectre source file 'spectre.inp'
\o Copying Spectre command file 'spectre.sim'
\o Begin Incremental Netlisting Nov 20 10:30:56 2025
\o End netlisting Nov 20 10:30:56 2025
\o 
\o Netlisting Statistics:
\o 	Number of components:   16
\o 
\o 	Elapsed time:          0.0s
\o Errors: 0	Warnings: 0
\o       ...successful.
\o compose simulator input file...
\o       ...successful.
\o [2025-11-20 10:30:56.332 +0530] [INFO] [cadence.virtuoso.ade.services.netlister] - Finished preparing netlist {"point": 0, "testname": "hanus_cs_vco_1", "testnameKey": "hanus_cs_vco_1"}
\o [2025-11-20 10:30:57.334 +0530] [EVENT] [cadence.virtuoso.ade.services.netlister] - NewPoint {"point": 1, "testname": "hanus_cs_vco_1", "event": "NewPoint", "EventSource": "Netlist Service", "HistoryName": "ExplorerRun.0", "logFile": "/home/train/hanupro/logs_train/logs0/Service8.log", "logFileSize": "25534"}
\o [2025-11-20 10:30:57.334 +0530] [INFO] [cadence.virtuoso.ade.services.netlister] - Started netlisting {"point": 1, "testname": "hanus_cs_vco_1"}
\o Resetting statistical vars
\o 
\o *Info*    Setting parameter values ...
\o 
\o Setting temp(T) = 27
\o Setting var vctrl = "1"
\o Setting var vdd = "1"
\o 
\o *Info*    Netlist Directory =
\o           /home/train/simulation/hanus/cs_vco/maestro/results/maestro/ExplorerRun.0/1/hanus_cs_vco_1/netlist
\o 
\o 
\o *Info*    Data Directory    =
\o           /home/train/simulation/hanus/cs_vco/maestro/results/maestro/ExplorerRun.0/1/hanus_cs_vco_1
\o 
\o Reusing AHDL Data dir
\o generate netlist...
\o Ignoring netlist creation since ignoreDesignChangesDuringRun is set to true
\o       ...successful.
\o compose simulator input file...
\o       ...successful.
\o [2025-11-20 10:30:57.751 +0530] [PROCESS] [cadence.virtuoso.ade.services.netlister] - Current memory used: 760.7266 MBytes, peak memory used: 760.7266 MBytes {"hostname": "vlsi43.blr.amrita.edu", "processid": 76351, "testname": "hanus_cs_vco_1", "point": 1, "logfile": "/home/train/hanupro/logs_train/logs0/Service8.log"}
\o [2025-11-20 10:30:57.751 +0530] [INFO] [cadence.virtuoso.ade.services.netlister] - Finished netlisting {"point": 1, "testname": "hanus_cs_vco_1"}
\o [2025-11-20 10:30:57.752 +0530] [EVENT] [cadence.virtuoso.ade.services.netlister] - NewPoint {"point": 2, "testname": "hanus_cs_vco_1", "event": "NewPoint", "EventSource": "Netlist Service", "HistoryName": "ExplorerRun.0", "logFile": "/home/train/hanupro/logs_train/logs0/Service8.log", "logFileSize": "29176"}
\o [2025-11-20 10:30:57.752 +0530] [INFO] [cadence.virtuoso.ade.services.netlister] - Started netlisting {"point": 2, "testname": "hanus_cs_vco_1"}
\o Resetting statistical vars
\o 
\o *Info*    Setting parameter values ...
\o 
\o Setting var vctrl = "1.11111111111111"
\o 
\o *Info*    Netlist Directory =
\o           /home/train/simulation/hanus/cs_vco/maestro/results/maestro/ExplorerRun.0/2/hanus_cs_vco_1/netlist
\o 
\o 
\o *Info*    Data Directory    =
\o           /home/train/simulation/hanus/cs_vco/maestro/results/maestro/ExplorerRun.0/2/hanus_cs_vco_1
\o 
\o Reusing AHDL Data dir
\o generate netlist...
\o Ignoring netlist creation since ignoreDesignChangesDuringRun is set to true
\o       ...successful.
\o compose simulator input file...
\o       ...successful.
\o [2025-11-20 10:30:58.000 +0530] [PROCESS] [cadence.virtuoso.ade.services.netlister] - Current memory used: 760.7266 MBytes, peak memory used: 760.7266 MBytes {"hostname": "vlsi43.blr.amrita.edu", "processid": 76351, "testname": "hanus_cs_vco_1", "point": 2, "logfile": "/home/train/hanupro/logs_train/logs0/Service8.log"}
\o [2025-11-20 10:30:58.000 +0530] [INFO] [cadence.virtuoso.ade.services.netlister] - Finished netlisting {"point": 2, "testname": "hanus_cs_vco_1"}
\o [2025-11-20 10:30:58.001 +0530] [EVENT] [cadence.virtuoso.ade.services.netlister] - NewPoint {"point": 3, "testname": "hanus_cs_vco_1", "event": "NewPoint", "EventSource": "Netlist Service", "HistoryName": "ExplorerRun.0", "logFile": "/home/train/hanupro/logs_train/logs0/Service8.log", "logFileSize": "30742"}
\o [2025-11-20 10:30:58.001 +0530] [INFO] [cadence.virtuoso.ade.services.netlister] - Started netlisting {"point": 3, "testname": "hanus_cs_vco_1"}
\o Resetting statistical vars
\o 
\o *Info*    Setting parameter values ...
\o 
\o Setting var vctrl = "1.22222222222222"
\o 
\o *Info*    Netlist Directory =
\o           /home/train/simulation/hanus/cs_vco/maestro/results/maestro/ExplorerRun.0/3/hanus_cs_vco_1/netlist
\o 
\o 
\o *Info*    Data Directory    =
\o           /home/train/simulation/hanus/cs_vco/maestro/results/maestro/ExplorerRun.0/3/hanus_cs_vco_1
\o 
\o Reusing AHDL Data dir
\o generate netlist...
\o Ignoring netlist creation since ignoreDesignChangesDuringRun is set to true
\o       ...successful.
\o compose simulator input file...
\o       ...successful.
\o [2025-11-20 10:30:58.284 +0530] [PROCESS] [cadence.virtuoso.ade.services.netlister] - Current memory used: 760.7266 MBytes, peak memory used: 760.7266 MBytes {"hostname": "vlsi43.blr.amrita.edu", "processid": 76351, "testname": "hanus_cs_vco_1", "point": 3, "logfile": "/home/train/hanupro/logs_train/logs0/Service8.log"}
\o [2025-11-20 10:30:58.284 +0530] [INFO] [cadence.virtuoso.ade.services.netlister] - Finished netlisting {"point": 3, "testname": "hanus_cs_vco_1"}
\o [2025-11-20 10:30:58.285 +0530] [EVENT] [cadence.virtuoso.ade.services.netlister] - NewPoint {"point": 4, "testname": "hanus_cs_vco_1", "event": "NewPoint", "EventSource": "Netlist Service", "HistoryName": "ExplorerRun.0", "logFile": "/home/train/hanupro/logs_train/logs0/Service8.log", "logFileSize": "32308"}
\o [2025-11-20 10:30:58.285 +0530] [INFO] [cadence.virtuoso.ade.services.netlister] - Started netlisting {"point": 4, "testname": "hanus_cs_vco_1"}
\o Resetting statistical vars
\o 
\o *Info*    Setting parameter values ...
\o 
\o Setting var vctrl = "1.33333333333333"
\o 
\o *Info*    Netlist Directory =
\o           /home/train/simulation/hanus/cs_vco/maestro/results/maestro/ExplorerRun.0/4/hanus_cs_vco_1/netlist
\o 
\o 
\o *Info*    Data Directory    =
\o           /home/train/simulation/hanus/cs_vco/maestro/results/maestro/ExplorerRun.0/4/hanus_cs_vco_1
\o 
\o Reusing AHDL Data dir
\o generate netlist...
\o Ignoring netlist creation since ignoreDesignChangesDuringRun is set to true
\o       ...successful.
\o compose simulator input file...
\o       ...successful.
\o [2025-11-20 10:30:58.533 +0530] [PROCESS] [cadence.virtuoso.ade.services.netlister] - Current memory used: 760.7266 MBytes, peak memory used: 760.7266 MBytes {"hostname": "vlsi43.blr.amrita.edu", "processid": 76351, "testname": "hanus_cs_vco_1", "point": 4, "logfile": "/home/train/hanupro/logs_train/logs0/Service8.log"}
\o [2025-11-20 10:30:58.534 +0530] [INFO] [cadence.virtuoso.ade.services.netlister] - Finished netlisting {"point": 4, "testname": "hanus_cs_vco_1"}
\o [2025-11-20 10:30:58.534 +0530] [EVENT] [cadence.virtuoso.ade.services.netlister] - NewPoint {"point": 5, "testname": "hanus_cs_vco_1", "event": "NewPoint", "EventSource": "Netlist Service", "HistoryName": "ExplorerRun.0", "logFile": "/home/train/hanupro/logs_train/logs0/Service8.log", "logFileSize": "33874"}
\o [2025-11-20 10:30:58.534 +0530] [INFO] [cadence.virtuoso.ade.services.netlister] - Started netlisting {"point": 5, "testname": "hanus_cs_vco_1"}
\o Resetting statistical vars
\o 
\o *Info*    Setting parameter values ...
\o 
\o Setting var vctrl = "1.44444444444445"
\o 
\o *Info*    Netlist Directory =
\o           /home/train/simulation/hanus/cs_vco/maestro/results/maestro/ExplorerRun.0/5/hanus_cs_vco_1/netlist
\o 
\o 
\o *Info*    Data Directory    =
\o           /home/train/simulation/hanus/cs_vco/maestro/results/maestro/ExplorerRun.0/5/hanus_cs_vco_1
\o 
\o Reusing AHDL Data dir
\o generate netlist...
\o Ignoring netlist creation since ignoreDesignChangesDuringRun is set to true
\o       ...successful.
\o compose simulator input file...
\o       ...successful.
\o [2025-11-20 10:30:58.783 +0530] [PROCESS] [cadence.virtuoso.ade.services.netlister] - Current memory used: 760.7266 MBytes, peak memory used: 760.7266 MBytes {"hostname": "vlsi43.blr.amrita.edu", "processid": 76351, "testname": "hanus_cs_vco_1", "point": 5, "logfile": "/home/train/hanupro/logs_train/logs0/Service8.log"}
\o [2025-11-20 10:30:58.783 +0530] [INFO] [cadence.virtuoso.ade.services.netlister] - Finished netlisting {"point": 5, "testname": "hanus_cs_vco_1"}
\o **** stopping dspf2oa stdobj@0x35889068 2 8
\o Simulation design variables differ from those on the cellView,
\o they have been saved in the file "/tmp/saved-design-variables".
\o To save future changes, copy variables to cellView before exiting.
\# Lic Summary:
\# [10:34:59.115296] Cdslmd servers:5280@14.139.1.126
\# [10:34:59.115297] Feature usage summary:
\# Memory report: on exit            452 MB, process size 2,392 MB at UTC 2025.11.20 05:04:59.115
\# Memory report: peak usage         452 MB, process size 2,392 MB
